2024-11-27 10:13:26,245 [INFO] Activator:176 - 


2024-11-27 10:13:26,265 [INFO] Activator:177 - !SESSION log4j initialized
2024-11-27 10:13:32,707 [INFO] LogOutputStream:77 - [STDOUT_REDIRECT] 
2024-11-27 10:13:36,267 [INFO] ApplicationProperties:184 - Using Application install path: C:\ST\STM32CubeIDE_1.14.0\STM32CubeIDE\plugins\com.st.stm32cube.common.mx_6.10.0.202311202037
2024-11-27 10:13:36,285 [INFO] DbMcusXml:78 - Set database path to: C:\ST\STM32CubeIDE_1.14.0\STM32CubeIDE\plugins\com.st.stm32cube.common.mx_6.10.0.202311202037\\db\/mcu/
2024-11-27 10:13:36,285 [INFO] ApiDb:274 - Set plugin database path to: C:\ST\STM32CubeIDE_1.14.0\STM32CubeIDE\plugins\com.st.stm32cube.common.mx_6.10.0.202311202037\\db\/plugins/boardmanager/
2024-11-27 10:13:36,286 [WARN] ApiDb:259 - Overriding images path with different value:  => C:\ST\STM32CubeIDE_1.14.0\STM32CubeIDE\plugins\com.st.stm32cube.common.mx_6.10.0.202311202037\\db\/plugins/mcufinder/images/
2024-11-27 10:13:36,292 [INFO] ApiDb:250 - Set database path to: C:\Users\georg\.stmcufinder\plugins\mcufinder//mcu/
2024-11-27 10:13:36,294 [INFO] DbMcusAds:125 - Set database path to: C:\Users\georg\.stmcufinder\plugins\mcufinder//mcu/
2024-11-27 10:13:36,295 [INFO] CrossReferenceDbSqlite:203 - Set database path to: C:\Users\georg\.stmcufinder\plugins\mcufinder//mcu/cs/
2024-11-27 10:13:36,409 [INFO] RulesReader:64 - Compatibility file has been processed (297 Rules)
2024-11-27 10:13:36,513 [INFO] DbMcusXml:78 - Set database path to: C:\ST\STM32CubeIDE_1.14.0\STM32CubeIDE\plugins\com.st.stm32cube.common.mx_6.10.0.202311202037\\db\/mcu/
2024-11-27 10:13:36,513 [INFO] ApiDb:274 - Set plugin database path to: C:\ST\STM32CubeIDE_1.14.0\STM32CubeIDE\plugins\com.st.stm32cube.common.mx_6.10.0.202311202037\\db\/plugins/boardmanager/
2024-11-27 10:13:36,513 [INFO] ApiDb:261 - Set plugin images path to: C:\ST\STM32CubeIDE_1.14.0\STM32CubeIDE\plugins\com.st.stm32cube.common.mx_6.10.0.202311202037\\db\/plugins/mcufinder/images/
2024-11-27 10:13:36,513 [WARN] DbFile:41 - Overriding database path with different value: C:\Users\georg\.stmcufinder\plugins\mcufinder/ => C:\Users\georg\.stmcufinder\plugins\mcufinder
2024-11-27 10:13:36,513 [INFO] ApiDb:250 - Set database path to: C:\Users\georg\.stmcufinder\plugins\mcufinder//mcu/
2024-11-27 10:13:36,513 [WARN] DbFile:41 - Overriding database path with different value: C:\Users\georg\.stmcufinder\plugins\mcufinder/ => C:\Users\georg\.stmcufinder\plugins\mcufinder
2024-11-27 10:13:36,513 [INFO] DbMcusAds:125 - Set database path to: C:\Users\georg\.stmcufinder\plugins\mcufinder//mcu/
2024-11-27 10:13:36,513 [WARN] DbFile:41 - Overriding database path with different value: C:\Users\georg\.stmcufinder\plugins\mcufinder/ => C:\Users\georg\.stmcufinder\plugins\mcufinder
2024-11-27 10:13:36,513 [WARN] DbFile:41 - Overriding database path with different value: C:\Users\georg\.stmcufinder\plugins\mcufinder/ => C:\Users\georg\.stmcufinder\plugins\mcufinder
2024-11-27 10:13:36,513 [INFO] CrossReferenceDbSqlite:203 - Set database path to: C:\Users\georg\.stmcufinder\plugins\mcufinder//mcu/cs/
2024-11-27 10:13:36,597 [INFO] MainPanel:264 - HeapMemory: 268435456
2024-11-27 10:13:36,697 [INFO] DbMcusXml:78 - Set database path to: C:\ST\STM32CubeIDE_1.14.0\STM32CubeIDE\plugins\com.st.stm32cube.common.mx_6.10.0.202311202037\\db\/mcu/
2024-11-27 10:13:36,697 [INFO] ApiDb:274 - Set plugin database path to: C:\ST\STM32CubeIDE_1.14.0\STM32CubeIDE\plugins\com.st.stm32cube.common.mx_6.10.0.202311202037\\db\/plugins/boardmanager/
2024-11-27 10:13:36,698 [INFO] ApiDb:261 - Set plugin images path to: C:\ST\STM32CubeIDE_1.14.0\STM32CubeIDE\plugins\com.st.stm32cube.common.mx_6.10.0.202311202037\\db\/plugins/mcufinder/images/
2024-11-27 10:13:36,698 [WARN] DbFile:41 - Overriding database path with different value: C:\Users\georg\.stmcufinder\plugins\mcufinder/ => C:\Users\georg\.stmcufinder\plugins\mcufinder
2024-11-27 10:13:36,698 [INFO] ApiDb:250 - Set database path to: C:\Users\georg\.stmcufinder\plugins\mcufinder//mcu/
2024-11-27 10:13:36,698 [WARN] DbFile:41 - Overriding database path with different value: C:\Users\georg\.stmcufinder\plugins\mcufinder/ => C:\Users\georg\.stmcufinder\plugins\mcufinder
2024-11-27 10:13:36,698 [INFO] DbMcusAds:125 - Set database path to: C:\Users\georg\.stmcufinder\plugins\mcufinder//mcu/
2024-11-27 10:13:36,698 [WARN] DbFile:41 - Overriding database path with different value: C:\Users\georg\.stmcufinder\plugins\mcufinder/ => C:\Users\georg\.stmcufinder\plugins\mcufinder
2024-11-27 10:13:36,698 [WARN] DbFile:41 - Overriding database path with different value: C:\Users\georg\.stmcufinder\plugins\mcufinder/ => C:\Users\georg\.stmcufinder\plugins\mcufinder
2024-11-27 10:13:36,698 [INFO] CrossReferenceDbSqlite:203 - Set database path to: C:\Users\georg\.stmcufinder\plugins\mcufinder//mcu/cs/
2024-11-27 10:13:36,717 [INFO] ApplicationProperties:184 - Using Application install path: C:\ST\STM32CubeIDE_1.14.0\STM32CubeIDE\plugins\com.st.stm32cube.common.mx_6.10.0.202311202037
2024-11-27 10:13:36,719 [INFO] PluginManage:196 - Search for loadable plugins [exclusion list=, ]
2024-11-27 10:13:36,725 [INFO] PluginManage:310 - Check plugin analytics
2024-11-27 10:13:36,885 [INFO] AnalyticsPlugin:253 - Accepted Software Licenses: STM32CubeMX.6.12.0
2024-11-27 10:13:36,885 [INFO] AnalyticsPlugin:255 - Accepted CMSIS Pack Licenses: 
2024-11-27 10:13:36,885 [INFO] AnalyticsPlugin:257 - Accepted Firmware Licenses: FW.F4.1.28.0,FW.H7.1.11.0,FW.F4.1.27.0
2024-11-27 10:13:36,887 [INFO] PluginManage:359 - Loaded plugin analytics (category:tool,tabindex:-1)
2024-11-27 10:13:36,887 [INFO] PluginManage:310 - Check plugin cadmodel
2024-11-27 10:13:36,906 [INFO] CADModel:105 - Init CAD model plugin
2024-11-27 10:13:36,906 [INFO] PluginManage:359 - Loaded plugin cadmodel (category:power,tabindex:5)
2024-11-27 10:13:36,906 [INFO] PluginManage:310 - Check plugin clock
2024-11-27 10:13:36,931 [INFO] PluginManage:359 - Loaded plugin clock (category:base,tabindex:2)
2024-11-27 10:13:36,931 [INFO] PluginManage:310 - Check plugin ddr
2024-11-27 10:13:36,934 [INFO] PluginManage:359 - Loaded plugin ddr (category:tool,tabindex:6)
2024-11-27 10:13:36,934 [INFO] PluginManage:310 - Check plugin filemanager
2024-11-27 10:13:37,113 [INFO] PluginManage:359 - Loaded plugin filemanager (category:base,tabindex:10)
2024-11-27 10:13:37,113 [INFO] PluginManage:310 - Check plugin ipmanager
2024-11-27 10:13:37,119 [INFO] PluginManage:359 - Loaded plugin ipmanager (category:base,tabindex:5)
2024-11-27 10:13:37,119 [INFO] PluginManage:310 - Check plugin lpbam
2024-11-27 10:13:37,137 [INFO] PluginManage:359 - Loaded plugin lpbam (category:base,tabindex:0)
2024-11-27 10:13:37,137 [INFO] PluginManage:310 - Check plugin memorymap
2024-11-27 10:13:37,161 [INFO] PluginManage:359 - Loaded plugin memorymap (category:base,tabindex:4)
2024-11-27 10:13:37,161 [INFO] PluginManage:310 - Check plugin pinoutandconfiguration
2024-11-27 10:13:37,179 [INFO] PluginManage:359 - Loaded plugin pinoutandconfiguration (category:base,tabindex:1)
2024-11-27 10:13:37,179 [INFO] PluginManage:310 - Check plugin pinoutconfig
2024-11-27 10:13:37,270 [WARN] SupportedApi:132 - Cannot load RTOS API schema: s4s-elt-must-match.1: The content of 'definitions' must match (annotation?, (simpleType | complexType)?, (unique | key | keyref)*)). A problem was found starting at: attribute.
2024-11-27 10:13:37,389 [INFO] PluginManage:359 - Loaded plugin pinoutconfig (category:base,tabindex:0)
2024-11-27 10:13:37,390 [INFO] PluginManage:310 - Check plugin power
2024-11-27 10:13:37,411 [INFO] PluginManage:359 - Loaded plugin power (category:power,tabindex:4)
2024-11-27 10:13:37,411 [INFO] PluginManage:310 - Check plugin projectmanager
2024-11-27 10:13:37,425 [INFO] PluginManage:359 - Loaded plugin projectmanager (category:projectmanager,tabindex:3)
2024-11-27 10:13:37,425 [INFO] PluginManage:310 - Check plugin thirdparty
2024-11-27 10:13:37,634 [INFO] PluginManage:359 - Loaded plugin thirdparty (category:base,tabindex:-1)
2024-11-27 10:13:37,634 [INFO] PluginManage:310 - Check plugin tools
2024-11-27 10:13:37,634 [WARN] IntegrityCheckThread:84 - waiting for thirdparty lock release [integrity check]
2024-11-27 10:13:37,634 [INFO] IntegrityCheckThread:86 - entering critical section [integrity check]
2024-11-27 10:13:37,634 [INFO] ThirdPartyUpdaterWithRetryManager:70 - Updater plugin not ready yet. [1/15]
2024-11-27 10:13:37,666 [INFO] PluginManage:359 - Loaded plugin tools (category:base,tabindex:7)
2024-11-27 10:13:37,666 [INFO] PluginManage:310 - Check plugin tutovideos
2024-11-27 10:13:37,894 [INFO] PluginManage:359 - Loaded plugin tutovideos (category:base,tabindex:-1)
2024-11-27 10:13:37,894 [INFO] PluginManage:310 - Check plugin updater
2024-11-27 10:13:37,908 [INFO] PluginManage:359 - Loaded plugin updater (category:base,tabindex:12)
2024-11-27 10:13:37,908 [INFO] PluginManage:310 - Check plugin userauth
2024-11-27 10:13:37,914 [INFO] UserAuth:114 - Init User Auth plugin
2024-11-27 10:13:37,914 [INFO] PluginManage:359 - Loaded plugin userauth (category:base,tabindex:14)
2024-11-27 10:13:37,914 [INFO] PluginManage:283 - PluginManage : Loaded plugins [17]
2024-11-27 10:13:38,120 [INFO] PinOutPanel:1499 - setPackage(No Configuration,No Configuration)
2024-11-27 10:13:38,191 [INFO] CADModel:165 - CPN selected for project level
2024-11-27 10:13:38,191 [INFO] CADModel:114 - Register for checkConnection events
2024-11-27 10:13:38,220 [INFO] IPUIPlugin:80 - create IPUIPlugin
2024-11-27 10:13:38,220 [INFO] PluginManager:220 - loadIPPluginJar : add adc
2024-11-27 10:13:38,253 [INFO] IPUIPlugin:80 - create IPUIPlugin
2024-11-27 10:13:38,254 [INFO] PluginManager:220 - loadIPPluginJar : add aes
2024-11-27 10:13:38,292 [INFO] IPUIPlugin:80 - create IPUIPlugin
2024-11-27 10:13:38,292 [INFO] PluginManager:220 - loadIPPluginJar : add can
2024-11-27 10:13:38,315 [INFO] IPUIPlugin:80 - create IPUIPlugin
2024-11-27 10:13:38,315 [INFO] PluginManager:220 - loadIPPluginJar : add comp
2024-11-27 10:13:38,346 [INFO] IPUIPlugin:80 - create IPUIPlugin
2024-11-27 10:13:38,346 [INFO] PluginManager:220 - loadIPPluginJar : add cryp
2024-11-27 10:13:38,384 [INFO] IPUIPlugin:80 - create IPUIPlugin
2024-11-27 10:13:38,384 [INFO] PluginManager:220 - loadIPPluginJar : add dfsdm
2024-11-27 10:13:38,403 [INFO] IPUIPlugin:80 - create IPUIPlugin
2024-11-27 10:13:38,404 [INFO] PluginManager:220 - loadIPPluginJar : add dma
2024-11-27 10:13:38,464 [INFO] IPUIPlugin:80 - create IPUIPlugin
2024-11-27 10:13:38,464 [INFO] PluginManager:220 - loadIPPluginJar : add dma3
2024-11-27 10:13:38,485 [INFO] IPUIPlugin:80 - create IPUIPlugin
2024-11-27 10:13:38,485 [INFO] PluginManager:220 - loadIPPluginJar : add fatfs
2024-11-27 10:13:38,533 [INFO] IPUIPlugin:80 - create IPUIPlugin
2024-11-27 10:13:38,533 [INFO] PluginManager:220 - loadIPPluginJar : add fmc
2024-11-27 10:13:38,550 [INFO] IPUIPlugin:80 - create IPUIPlugin
2024-11-27 10:13:38,551 [INFO] PluginManager:220 - loadIPPluginJar : add freertos
2024-11-27 10:13:38,573 [INFO] IPUIPlugin:80 - create IPUIPlugin
2024-11-27 10:13:38,573 [INFO] PluginManager:220 - loadIPPluginJar : add genericplugin
2024-11-27 10:13:38,678 [INFO] IPUIPlugin:80 - create IPUIPlugin
2024-11-27 10:13:38,678 [INFO] PluginManager:220 - loadIPPluginJar : add gfxmmu
2024-11-27 10:13:38,830 [INFO] IPUIPlugin:80 - create IPUIPlugin
2024-11-27 10:13:38,830 [INFO] PluginManager:220 - loadIPPluginJar : add gic
2024-11-27 10:13:38,844 [INFO] IPUIPlugin:80 - create IPUIPlugin
2024-11-27 10:13:38,845 [INFO] PluginManager:220 - loadIPPluginJar : add gpio
2024-11-27 10:13:38,966 [INFO] IPUIPlugin:80 - create IPUIPlugin
2024-11-27 10:13:38,967 [INFO] PluginManager:220 - loadIPPluginJar : add gtzc
2024-11-27 10:13:39,008 [INFO] IPUIPlugin:80 - create IPUIPlugin
2024-11-27 10:13:39,009 [INFO] PluginManager:220 - loadIPPluginJar : add hash
2024-11-27 10:13:39,059 [INFO] IPUIPlugin:80 - create IPUIPlugin
2024-11-27 10:13:39,059 [INFO] PluginManager:220 - loadIPPluginJar : add i2c
2024-11-27 10:13:39,097 [INFO] IPUIPlugin:80 - create IPUIPlugin
2024-11-27 10:13:39,097 [INFO] PluginManager:220 - loadIPPluginJar : add i2s
2024-11-27 10:13:39,137 [INFO] IPUIPlugin:80 - create IPUIPlugin
2024-11-27 10:13:39,137 [INFO] PluginManager:220 - loadIPPluginJar : add i3c
2024-11-27 10:13:39,252 [INFO] IPUIPlugin:80 - create IPUIPlugin
2024-11-27 10:13:39,252 [INFO] PluginManager:220 - loadIPPluginJar : add ipddr
2024-11-27 10:13:39,337 [INFO] IPUIPlugin:80 - create IPUIPlugin
2024-11-27 10:13:39,338 [INFO] PluginManager:220 - loadIPPluginJar : add linkedlist
2024-11-27 10:13:39,371 [INFO] IPUIPlugin:80 - create IPUIPlugin
2024-11-27 10:13:39,371 [INFO] PluginManager:220 - loadIPPluginJar : add lorawan
2024-11-27 10:13:39,407 [INFO] IPUIPlugin:80 - create IPUIPlugin
2024-11-27 10:13:39,407 [INFO] PluginManager:220 - loadIPPluginJar : add ltdc
2024-11-27 10:13:39,421 [INFO] IPUIPlugin:80 - create IPUIPlugin
2024-11-27 10:13:39,422 [INFO] PluginManager:220 - loadIPPluginJar : add mdma
2024-11-27 10:13:39,436 [INFO] IPUIPlugin:80 - create IPUIPlugin
2024-11-27 10:13:39,436 [INFO] PluginManager:220 - loadIPPluginJar : add nvic
2024-11-27 10:13:39,481 [INFO] IPUIPlugin:80 - create IPUIPlugin
2024-11-27 10:13:39,481 [INFO] PluginManager:220 - loadIPPluginJar : add opamp
2024-11-27 10:13:39,563 [INFO] IPUIPlugin:80 - create IPUIPlugin
2024-11-27 10:13:39,563 [INFO] PluginManager:220 - loadIPPluginJar : add openamp
2024-11-27 10:13:39,623 [INFO] IPUIPlugin:80 - create IPUIPlugin
2024-11-27 10:13:39,623 [INFO] PluginManager:220 - loadIPPluginJar : add pdm2pcm
2024-11-27 10:13:39,639 [INFO] IPUIPlugin:80 - create IPUIPlugin
2024-11-27 10:13:39,641 [INFO] PluginManager:220 - loadIPPluginJar : add plateformsettings
2024-11-27 10:13:39,671 [INFO] IPUIPlugin:80 - create IPUIPlugin
2024-11-27 10:13:39,672 [INFO] PluginManager:220 - loadIPPluginJar : add quadspi
2024-11-27 10:13:39,689 [INFO] IPUIPlugin:80 - create IPUIPlugin
2024-11-27 10:13:39,689 [INFO] PluginManager:220 - loadIPPluginJar : add resmgrutility
2024-11-27 10:13:39,746 [INFO] IPUIPlugin:80 - create IPUIPlugin
2024-11-27 10:13:39,746 [INFO] PluginManager:220 - loadIPPluginJar : add sai
2024-11-27 10:13:39,793 [INFO] IPUIPlugin:80 - create IPUIPlugin
2024-11-27 10:13:39,793 [INFO] PluginManager:220 - loadIPPluginJar : add spi
2024-11-27 10:13:39,871 [INFO] IPUIPlugin:80 - create IPUIPlugin
2024-11-27 10:13:39,871 [INFO] PluginManager:220 - loadIPPluginJar : add stm32_wpan
2024-11-27 10:13:39,902 [INFO] IPUIPlugin:80 - create IPUIPlugin
2024-11-27 10:13:39,902 [INFO] PluginManager:220 - loadIPPluginJar : add tim
2024-11-27 10:13:39,967 [INFO] IPUIPlugin:80 - create IPUIPlugin
2024-11-27 10:13:39,968 [INFO] PluginManager:220 - loadIPPluginJar : add touchsensing
2024-11-27 10:13:39,999 [INFO] IPUIPlugin:80 - create IPUIPlugin
2024-11-27 10:13:39,999 [INFO] PluginManager:220 - loadIPPluginJar : add tracer_emb
2024-11-27 10:13:40,028 [INFO] IPUIPlugin:80 - create IPUIPlugin
2024-11-27 10:13:40,028 [INFO] PluginManager:220 - loadIPPluginJar : add ts
2024-11-27 10:13:40,053 [INFO] IPUIPlugin:80 - create IPUIPlugin
2024-11-27 10:13:40,053 [INFO] PluginManager:220 - loadIPPluginJar : add tsc
2024-11-27 10:13:40,079 [INFO] IPUIPlugin:80 - create IPUIPlugin
2024-11-27 10:13:40,079 [INFO] PluginManager:220 - loadIPPluginJar : add ucpd
2024-11-27 10:13:40,124 [INFO] IPUIPlugin:80 - create IPUIPlugin
2024-11-27 10:13:40,124 [INFO] PluginManager:220 - loadIPPluginJar : add usart
2024-11-27 10:13:40,165 [INFO] IPUIPlugin:80 - create IPUIPlugin
2024-11-27 10:13:40,165 [INFO] PluginManager:220 - loadIPPluginJar : add usbx
2024-11-27 10:13:40,281 [INFO] CADModel:165 - CPN selected for project level
2024-11-27 10:13:40,281 [INFO] CADModel:114 - Register for checkConnection events
2024-11-27 10:13:40,281 [FATAL] Updater:308 - Updater called before beeing initialized
2024-11-27 10:13:40,281 [ERROR] CADModel:125 - Updater not yet initialized, retry later 
2024-11-27 10:13:40,407 [INFO] CADModel:165 - CPN selected for project level
2024-11-27 10:13:40,407 [INFO] CADModel:114 - Register for checkConnection events
2024-11-27 10:13:40,407 [FATAL] Updater:308 - Updater called before beeing initialized
2024-11-27 10:13:40,407 [ERROR] CADModel:125 - Updater not yet initialized, retry later 
2024-11-27 10:13:40,410 [FATAL] Updater:308 - Updater called before beeing initialized
2024-11-27 10:13:40,508 [FATAL] Updater:308 - Updater called before beeing initialized
2024-11-27 10:13:40,512 [INFO] DbMcusAds:53 - JSON generation date=Fri Sep 20 16:04:38 EEST 2024 (1726837478367)
2024-11-27 10:13:40,513 [FATAL] Updater:308 - Updater called before beeing initialized
2024-11-27 10:13:40,589 [WARN] DetailPanel:346 - Failed to get advertising image, set to default
2024-11-27 10:13:40,635 [INFO] ThirdPartyUpdaterWithRetryManager:70 - Updater plugin not ready yet. [2/15]
2024-11-27 10:13:40,685 [FATAL] Updater:308 - Updater called before beeing initialized
2024-11-27 10:13:40,687 [FATAL] Updater:308 - Updater called before beeing initialized
2024-11-27 10:13:40,687 [FATAL] Updater:308 - Updater called before beeing initialized
2024-11-27 10:13:40,687 [WARN] DetailPanel:346 - Failed to get advertising image, set to default
2024-11-27 10:13:40,688 [FATAL] Updater:308 - Updater called before beeing initialized
2024-11-27 10:13:40,744 [ERROR] Updater:1120 - MainUpdater not yet initialized. External WinMGr cannot be set.
2024-11-27 10:13:40,756 [INFO] Updater:1056 - Updater Version found : 6.10.0
2024-11-27 10:13:40,776 [INFO] ApplicationProperties:184 - Using Application install path: C:\ST\STM32CubeIDE_1.14.0\STM32CubeIDE\plugins\com.st.stm32cube.common.mx_6.10.0.202311202037
2024-11-27 10:13:42,345 [ERROR] LogOutputStream:75 - [STDERR_REDIRECT] Nov 27, 2024 10:13:42 AM java.util.prefs.WindowsPreferences <init>
2024-11-27 10:13:42,346 [ERROR] LogOutputStream:75 - [STDERR_REDIRECT] WARNING: Could not open/create prefs root node Software\JavaSoft\Prefs at root 0xffffffff80000002. Windows RegCreateKeyEx(...) returned error code 5.
2024-11-27 10:13:42,346 [ERROR] LogOutputStream:75 - [STDERR_REDIRECT] 
2024-11-27 10:13:42,383 [INFO] MainUpdater:526 - Copy updater definitions from MX database
2024-11-27 10:13:42,590 [INFO] MainUpdater:2873 - connection check result : 10
2024-11-27 10:13:42,590 [INFO] MainUpdater:3567 - Updater definition file requires update
2024-11-27 10:13:42,591 [INFO] MainUpdater:290 - Updater Check For Update Now.
2024-11-27 10:13:42,591 [INFO] MicroXplorer:498 - Change Database Version : DB.6.0.100
2024-11-27 10:13:42,607 [INFO] McuFinderGlobals:63 - Set McuFinder mode to 2 (CubeIDE integrated)
2024-11-27 10:13:42,646 [INFO] ServerAccessManage:473 - Download File updaters.zip
2024-11-27 10:13:42,753 [INFO] FileExtend:240 - Unzip File : updaters.zip
2024-11-27 10:13:42,753 [INFO] FileExtend:255 - Standard Zip Deflate
2024-11-27 10:13:43,100 [INFO] UserAuth:404 - Internet connection configuration mode: 1
2024-11-27 10:13:43,132 [INFO] JxBrowserEngine:152 - Initiate JxBrowser Engine with user profile folder
2024-11-27 10:13:43,637 [WARN] MainUpdater:1194 - Updater busy. Cannot search thirdparties
2024-11-27 10:13:43,637 [INFO] ThirdPartyUpdaterWithRetryManager:96 - Updater plugin is busy. [1/15]
2024-11-27 10:13:43,724 [INFO] ServerAccessManage:473 - Download File PacksControlFlags.xml
2024-11-27 10:13:43,785 [INFO] ServerAccessManage:473 - Download File cubemx.pidx
2024-11-27 10:13:43,874 [INFO] LoadServerUpdatesThread:375 - End of LoadServerUpdate Thread
2024-11-27 10:13:44,061 [INFO] CheckServerUpdateThread:120 - End of CheckServer Thread
2024-11-27 10:13:46,798 [WARN] PackLoader:240 - Cannot read IP mode file for STMicroelectronics.FP-SNS-MOTENVWB1.1.4.0
2024-11-27 10:13:46,804 [WARN] PackLoader:240 - Cannot read IP mode file for STMicroelectronics.FP-ATR-ASTRA1.2.0.1
2024-11-27 10:13:46,812 [WARN] PackLoader:240 - Cannot read IP mode file for STMicroelectronics.X-CUBE-SMBUS.2.1.0
2024-11-27 10:13:46,818 [WARN] PackLoader:240 - Cannot read IP mode file for STMicroelectronics.X-CUBE-WB05N.1.1.0
2024-11-27 10:13:46,823 [WARN] PackLoader:240 - Cannot read IP mode file for STMicroelectronics.X-CUBE-TOUCHGFX.4.23.0
2024-11-27 10:13:46,844 [WARN] PackLoader:240 - Cannot read IP mode file for STMicroelectronics.X-CUBE-AZRTOS-F7.1.1.0
2024-11-27 10:13:46,852 [WARN] PackLoader:240 - Cannot read IP mode file for STMicroelectronics.FP-SNS-MOTENV1.4.3.2
2024-11-27 10:13:46,896 [WARN] PackLoader:240 - Cannot read IP mode file for STMicroelectronics.X-CUBE-MEMS1.11.0.0
2024-11-27 10:13:47,021 [WARN] PackLoader:240 - Cannot read IP mode file for STMicroelectronics.FP-SNS-FLIGHT1.5.0.2
2024-11-27 10:13:47,031 [WARN] PackLoader:240 - Cannot read IP mode file for STMicroelectronics.X-CUBE-DISPLAY.3.0.0
2024-11-27 10:13:47,037 [WARN] PackLoader:240 - Cannot read IP mode file for STMicroelectronics.X-CUBE-BLE1.7.0.0
2024-11-27 10:13:47,044 [WARN] PackLoader:240 - Cannot read IP mode file for STMicroelectronics.X-CUBE-NFC10.1.0.0
2024-11-27 10:13:47,052 [WARN] PackLoader:240 - Cannot read IP mode file for emotas.I-CUBE-CANOPEN.1.3.0
2024-11-27 10:13:47,056 [WARN] PackLoader:240 - Cannot read IP mode file for STMicroelectronics.X-CUBE-TOUCHGFX.4.22.1
2024-11-27 10:13:47,075 [WARN] PackLoader:240 - Cannot read IP mode file for STMicroelectronics.X-CUBE-BLEMGR.3.1.0
2024-11-27 10:13:47,082 [WARN] PackLoader:240 - Cannot read IP mode file for STMicroelectronics.FP-SNS-SMARTAG2.1.2.0
2024-11-27 10:13:47,089 [INFO] LogOutputStream:77 - [STDOUT_REDIRECT] 1 : Invalid condition id : UX_CORESTACK_Condition cause : null
2024-11-27 10:13:47,090 [INFO] LogOutputStream:77 - [STDOUT_REDIRECT] 1 : Invalid condition id : UX_CORESTACK_Condition cause : null
2024-11-27 10:13:47,090 [INFO] LogOutputStream:77 - [STDOUT_REDIRECT] 1 : Invalid condition id : UX_CORESTACK_Condition cause : null
2024-11-27 10:13:47,091 [INFO] LogOutputStream:77 - [STDOUT_REDIRECT] 1 : Invalid condition id : UX_CORESTACK_Condition cause : null
2024-11-27 10:13:47,092 [INFO] LogOutputStream:77 - [STDOUT_REDIRECT] 1 : Invalid condition id : UX_CORESTACK_Condition cause : null
2024-11-27 10:13:47,095 [WARN] PackLoader:240 - Cannot read IP mode file for STMicroelectronics.X-CUBE-AZRTOS-WL.2.0.0
2024-11-27 10:13:47,100 [WARN] PackLoader:240 - Cannot read IP mode file for STMicroelectronics.FP-SNS-MOTENV1.5.0.0
2024-11-27 10:13:47,104 [WARN] PackLoader:240 - Cannot read IP mode file for wolfSSL.I-CUBE-wolfMQTT.1.19.0
2024-11-27 10:13:47,110 [WARN] PackLoader:240 - Cannot read IP mode file for WES.I-CUBE-Cesium.1.3.0
2024-11-27 10:13:47,115 [WARN] PackLoader:240 - Cannot read IP mode file for STMicroelectronics.X-CUBE-BLE2.3.3.0
2024-11-27 10:13:47,120 [WARN] PackLoader:240 - Cannot read IP mode file for STMicroelectronics.X-CUBE-NFC9.1.0.0
2024-11-27 10:13:47,126 [WARN] PackLoader:240 - Cannot read IP mode file for STMicroelectronics.X-CUBE-TCPP.4.1.0
2024-11-27 10:13:47,131 [WARN] PackLoader:240 - Cannot read IP mode file for STMicroelectronics.X-CUBE-ALGOBUILD.1.3.0
2024-11-27 10:13:47,142 [WARN] PackLoader:240 - Cannot read IP mode file for STMicroelectronics.X-CUBE-AZRTOS-G0.1.1.0
2024-11-27 10:13:47,148 [WARN] PackLoader:240 - Cannot read IP mode file for STMicroelectronics.X-CUBE-SAFEA1.1.2.2
2024-11-27 10:13:47,154 [WARN] PackLoader:240 - Cannot read IP mode file for STMicroelectronics.X-CUBE-NFC4.3.0.0
2024-11-27 10:13:47,163 [WARN] PackLoader:240 - Cannot read IP mode file for EmbeddedOffice.I-CUBE-FS-RTOS.1.0.1
2024-11-27 10:13:47,164 [ERROR] ConditionMgr:805 - Attr not supported : Dmpu
2024-11-27 10:13:47,164 [ERROR] ConditionMgr:805 - Attr not supported : Dmpu
2024-11-27 10:13:47,164 [ERROR] ConditionMgr:805 - Attr not supported : Dmpu
2024-11-27 10:13:47,164 [ERROR] ConditionMgr:805 - Attr not supported : Dmpu
2024-11-27 10:13:47,165 [ERROR] ConditionMgr:805 - Attr not supported : Dmpu
2024-11-27 10:13:47,165 [ERROR] ConditionMgr:805 - Attr not supported : Dmpu
2024-11-27 10:13:47,165 [ERROR] ConditionMgr:805 - Attr not supported : Dmpu
2024-11-27 10:13:47,165 [ERROR] ConditionMgr:805 - Attr not supported : Dmpu
2024-11-27 10:13:47,165 [ERROR] ConditionMgr:805 - Attr not supported : Dmpu
2024-11-27 10:13:47,165 [ERROR] ConditionMgr:805 - Attr not supported : Dmpu
2024-11-27 10:13:47,165 [ERROR] ConditionMgr:805 - Attr not supported : Dmpu
2024-11-27 10:13:47,165 [ERROR] ConditionMgr:805 - Attr not supported : Dmpu
2024-11-27 10:13:47,165 [ERROR] ConditionMgr:805 - Attr not supported : Dmpu
2024-11-27 10:13:47,165 [ERROR] ConditionMgr:805 - Attr not supported : Dmpu
2024-11-27 10:13:47,165 [ERROR] ConditionMgr:805 - Attr not supported : Dmpu
2024-11-27 10:13:47,166 [ERROR] ConditionMgr:805 - Attr not supported : Dmpu
2024-11-27 10:13:47,166 [ERROR] ConditionMgr:805 - Attr not supported : Dmpu
2024-11-27 10:13:47,166 [ERROR] ConditionMgr:805 - Attr not supported : Dmpu
2024-11-27 10:13:47,166 [ERROR] ConditionMgr:805 - Attr not supported : Dmpu
2024-11-27 10:13:47,166 [ERROR] ConditionMgr:805 - Attr not supported : Dmpu
2024-11-27 10:13:47,166 [ERROR] ConditionMgr:805 - Attr not supported : Dmpu
2024-11-27 10:13:47,166 [ERROR] ConditionMgr:805 - Attr not supported : Dmpu
2024-11-27 10:13:47,166 [ERROR] ConditionMgr:805 - Attr not supported : Dmpu
2024-11-27 10:13:47,166 [ERROR] ConditionMgr:805 - Attr not supported : Dmpu
2024-11-27 10:13:47,166 [ERROR] ConditionMgr:805 - Attr not supported : Dmpu
2024-11-27 10:13:47,166 [ERROR] ConditionMgr:805 - Attr not supported : Dmpu
2024-11-27 10:13:47,166 [ERROR] ConditionMgr:805 - Attr not supported : Dmpu
2024-11-27 10:13:47,166 [ERROR] ConditionMgr:805 - Attr not supported : Dmpu
2024-11-27 10:13:47,166 [ERROR] ConditionMgr:805 - Attr not supported : Dmpu
2024-11-27 10:13:47,166 [ERROR] ConditionMgr:805 - Attr not supported : Dmpu
2024-11-27 10:13:47,166 [ERROR] ConditionMgr:805 - Attr not supported : Dmpu
2024-11-27 10:13:47,167 [ERROR] ConditionMgr:805 - Attr not supported : Dmpu
2024-11-27 10:13:47,167 [ERROR] ConditionMgr:805 - Attr not supported : Dmpu
2024-11-27 10:13:47,167 [ERROR] ConditionMgr:805 - Attr not supported : Dmpu
2024-11-27 10:13:47,167 [ERROR] ConditionMgr:805 - Attr not supported : Dmpu
2024-11-27 10:13:47,167 [ERROR] ConditionMgr:805 - Attr not supported : Dmpu
2024-11-27 10:13:47,167 [ERROR] ConditionMgr:805 - Attr not supported : Dmpu
2024-11-27 10:13:47,167 [ERROR] ConditionMgr:805 - Attr not supported : Dmpu
2024-11-27 10:13:47,167 [ERROR] ConditionMgr:805 - Attr not supported : Dmpu
2024-11-27 10:13:47,167 [ERROR] ConditionMgr:805 - Attr not supported : Dmpu
2024-11-27 10:13:47,167 [ERROR] ConditionMgr:805 - Attr not supported : Dmpu
2024-11-27 10:13:47,167 [ERROR] ConditionMgr:805 - Attr not supported : Dmpu
2024-11-27 10:13:47,167 [ERROR] ConditionMgr:805 - Attr not supported : Dmpu
2024-11-27 10:13:47,167 [ERROR] ConditionMgr:805 - Attr not supported : Dmpu
2024-11-27 10:13:47,167 [ERROR] ConditionMgr:805 - Attr not supported : Dmpu
2024-11-27 10:13:47,167 [ERROR] ConditionMgr:805 - Attr not supported : Dmpu
2024-11-27 10:13:47,167 [ERROR] ConditionMgr:805 - Attr not supported : Dmpu
2024-11-27 10:13:47,167 [ERROR] ConditionMgr:805 - Attr not supported : Dmpu
2024-11-27 10:13:47,167 [ERROR] ConditionMgr:805 - Attr not supported : Dmpu
2024-11-27 10:13:47,167 [ERROR] ConditionMgr:805 - Attr not supported : Dmpu
2024-11-27 10:13:47,168 [ERROR] ConditionMgr:805 - Attr not supported : Dmpu
2024-11-27 10:13:47,168 [ERROR] ConditionMgr:805 - Attr not supported : Dmpu
2024-11-27 10:13:47,168 [ERROR] ConditionMgr:805 - Attr not supported : Dmpu
2024-11-27 10:13:47,168 [ERROR] ConditionMgr:805 - Attr not supported : Dmpu
2024-11-27 10:13:47,168 [ERROR] ConditionMgr:805 - Attr not supported : Dmpu
2024-11-27 10:13:47,168 [ERROR] ConditionMgr:805 - Attr not supported : Dmpu
2024-11-27 10:13:47,168 [ERROR] ConditionMgr:805 - Attr not supported : Dmpu
2024-11-27 10:13:47,168 [ERROR] ConditionMgr:805 - Attr not supported : Dmpu
2024-11-27 10:13:47,168 [ERROR] ConditionMgr:805 - Attr not supported : Dmpu
2024-11-27 10:13:47,168 [ERROR] ConditionMgr:805 - Attr not supported : Dmpu
2024-11-27 10:13:47,168 [ERROR] ConditionMgr:805 - Attr not supported : Dmpu
2024-11-27 10:13:47,168 [ERROR] ConditionMgr:805 - Attr not supported : Dmpu
2024-11-27 10:13:47,168 [ERROR] ConditionMgr:805 - Attr not supported : Dmpu
2024-11-27 10:13:47,168 [ERROR] ConditionMgr:805 - Attr not supported : Dmpu
2024-11-27 10:13:47,174 [WARN] PackLoader:240 - Cannot read IP mode file for STMicroelectronics.X-CUBE-BLEMGR.3.0.0
2024-11-27 10:13:47,179 [WARN] PackLoader:240 - Cannot read IP mode file for RealThread.X-CUBE-RT-Thread_Nano.4.1.1
2024-11-27 10:13:47,183 [WARN] PackLoader:240 - Cannot read IP mode file for STMicroelectronics.FP-ATR-SIGFOX1.3.2.0
2024-11-27 10:13:47,187 [WARN] ConditionMgr:438 - getConditionDescription Invalid condition id : Cortex-A Device cause : null
2024-11-27 10:13:47,210 [WARN] ConditionMgr:1039 - genDependencies : Invalid condition id : Cortex-A Device cause : null
2024-11-27 10:13:47,211 [WARN] ConditionMgr:1039 - genDependencies : Invalid condition id : Cortex-A Device cause : null
2024-11-27 10:13:47,211 [WARN] ConditionMgr:1039 - genDependencies : Invalid condition id : Cortex-A Device cause : null
2024-11-27 10:13:47,215 [WARN] PackLoader:240 - Cannot read IP mode file for STMicroelectronics.X-CUBE-EEPRMA1.5.1.0
2024-11-27 10:13:47,243 [WARN] PackLoader:240 - Cannot read IP mode file for SEGGER.I-CUBE-embOS.1.3.1
2024-11-27 10:13:47,283 [WARN] PackLoader:240 - Cannot read IP mode file for STMicroelectronics.X-CUBE-ALGOBUILD.1.4.0
2024-11-27 10:13:47,287 [WARN] PackLoader:240 - Cannot read IP mode file for STMicroelectronics.X-CUBE-AI.9.1.0
2024-11-27 10:13:47,295 [WARN] PackLoader:240 - Cannot read IP mode file for STMicroelectronics.X-CUBE-GNSS1.6.0.0
2024-11-27 10:13:47,309 [WARN] PackLoader:240 - Cannot read IP mode file for STMicroelectronics.X-CUBE-AZRTOS-F4.1.1.0
2024-11-27 10:13:47,317 [WARN] PackLoader:240 - Cannot read IP mode file for wolfSSL.I-CUBE-wolfSSL.5.6.4
2024-11-27 10:13:47,322 [WARN] PackLoader:240 - Cannot read IP mode file for STMicroelectronics.X-CUBE-ISPU.2.1.0
2024-11-27 10:13:47,328 [WARN] PackLoader:240 - Cannot read IP mode file for STMicroelectronics.X-CUBE-FREERTOS.1.2.0
2024-11-27 10:13:47,342 [WARN] PackLoader:240 - Cannot read IP mode file for STMicroelectronics.X-CUBE-AZRTOS-L5.2.0.0
2024-11-27 10:13:47,349 [WARN] PackLoader:240 - Cannot read IP mode file for STMicroelectronics.X-CUBE-EEPRMA1.4.2.0
2024-11-27 10:13:47,357 [WARN] PackLoader:240 - Cannot read IP mode file for STMicroelectronics.X-CUBE-NFC6.3.1.0
2024-11-27 10:13:47,364 [WARN] PackLoader:240 - Cannot read IP mode file for ITTIA_DB.I-CUBE-ITTIADB.8.8.0
2024-11-27 10:13:47,370 [WARN] PackLoader:240 - Cannot read IP mode file for STMicroelectronics.X-CUBE-DPower.1.2.0
2024-11-27 10:13:47,374 [WARN] PackLoader:240 - Cannot read IP mode file for STMicroelectronics.X-CUBE-AI.9.0.0
2024-11-27 10:13:47,390 [WARN] ConditionMgr:438 - getConditionDescription Invalid condition id : UX DEVICE CLASS RTOS Condition cause : null
2024-11-27 10:13:47,390 [WARN] ConditionMgr:438 - getConditionDescription Invalid condition id : UX DEVICE CLASS RTOS Condition cause : null
2024-11-27 10:13:47,393 [WARN] PackLoader:240 - Cannot read IP mode file for STMicroelectronics.X-CUBE-AZRTOS-H7.3.1.0
2024-11-27 10:13:47,394 [WARN] ConditionMgr:1039 - genDependencies : Invalid condition id : UX DEVICE CLASS RTOS Condition cause : null
2024-11-27 10:13:47,394 [WARN] ConditionMgr:1039 - genDependencies : Invalid condition id : UX DEVICE CLASS RTOS Condition cause : null
2024-11-27 10:13:47,395 [WARN] ConditionMgr:1039 - genDependencies : Invalid condition id : UX DEVICE CLASS RTOS Condition cause : null
2024-11-27 10:13:47,396 [WARN] ConditionMgr:1039 - genDependencies : Invalid condition id : UX DEVICE CLASS RTOS Condition cause : null
2024-11-27 10:13:47,396 [WARN] ConditionMgr:1039 - genDependencies : Invalid condition id : UX DEVICE CLASS RTOS Condition cause : null
2024-11-27 10:13:47,402 [WARN] PackLoader:240 - Cannot read IP mode file for STMicroelectronics.X-CUBE-NFC7.1.0.1
2024-11-27 10:13:47,408 [WARN] PackLoader:240 - Cannot read IP mode file for wolfSSL.I-CUBE-wolfTPM.3.2.0
2024-11-27 10:13:47,414 [WARN] PackLoader:240 - Cannot read IP mode file for STMicroelectronics.X-CUBE-NFC6.3.0.0
2024-11-27 10:13:47,420 [WARN] PackLoader:240 - Cannot read IP mode file for STMicroelectronics.X-CUBE-AI.8.1.0
2024-11-27 10:13:47,434 [WARN] ConditionMgr:438 - getConditionDescription Invalid condition id : LAN8742 Phy interface Condition cause : null
2024-11-27 10:13:47,435 [WARN] PackLoader:240 - Cannot read IP mode file for STMicroelectronics.X-CUBE-AZRTOS-L4.2.0.0
2024-11-27 10:13:47,436 [WARN] ConditionMgr:1039 - genDependencies : Invalid condition id : LAN8742 Phy interface Condition cause : null
2024-11-27 10:13:47,436 [WARN] ConditionMgr:1039 - genDependencies : Invalid condition id : LAN8742 Phy interface Condition cause : null
2024-11-27 10:13:47,436 [WARN] ConditionMgr:1039 - genDependencies : Invalid condition id : LAN8742 Phy interface Condition cause : null
2024-11-27 10:13:47,443 [WARN] PackLoader:240 - Cannot read IP mode file for STMicroelectronics.X-CUBE-SFXS2LP1.4.0.0
2024-11-27 10:13:47,449 [WARN] PackLoader:240 - Cannot read IP mode file for STMicroelectronics.X-CUBE-ISPU.1.1.0
2024-11-27 10:13:47,467 [WARN] PackLoader:240 - Cannot read IP mode file for STMicroelectronics.X-CUBE-AZRTOS-H7.3.3.0
2024-11-27 10:13:47,479 [WARN] PackLoader:240 - Cannot read IP mode file for STMicroelectronics.X-CUBE-IPS.3.0.0
2024-11-27 10:13:47,496 [WARN] ConditionMgr:438 - getConditionDescription Invalid condition id : UX DEVICE CLASS RTOS Condition cause : null
2024-11-27 10:13:47,496 [WARN] ConditionMgr:438 - getConditionDescription Invalid condition id : UX DEVICE CLASS RTOS Condition cause : null
2024-11-27 10:13:47,498 [WARN] PackLoader:240 - Cannot read IP mode file for STMicroelectronics.X-CUBE-AZRTOS-WB.2.0.0
2024-11-27 10:13:47,499 [WARN] ConditionMgr:1039 - genDependencies : Invalid condition id : UX DEVICE CLASS RTOS Condition cause : null
2024-11-27 10:13:47,499 [WARN] ConditionMgr:1039 - genDependencies : Invalid condition id : UX DEVICE CLASS RTOS Condition cause : null
2024-11-27 10:13:47,500 [WARN] ConditionMgr:1039 - genDependencies : Invalid condition id : UX DEVICE CLASS RTOS Condition cause : null
2024-11-27 10:13:47,500 [WARN] ConditionMgr:1039 - genDependencies : Invalid condition id : UX DEVICE CLASS RTOS Condition cause : null
2024-11-27 10:13:47,500 [WARN] ConditionMgr:1039 - genDependencies : Invalid condition id : UX DEVICE CLASS RTOS Condition cause : null
2024-11-27 10:13:47,505 [WARN] PackLoader:240 - Cannot read IP mode file for STMicroelectronics.X-CUBE-GNSS1.7.0.0
2024-11-27 10:13:47,512 [WARN] PackLoader:240 - Cannot read IP mode file for STMicroelectronics.FP-SNS-STBOX1.2.0.0
2024-11-27 10:13:47,523 [WARN] PackLoader:240 - Cannot read IP mode file for STMicroelectronics.X-CUBE-SUBG2.5.0.0
2024-11-27 10:13:47,532 [WARN] PackLoader:240 - Cannot read IP mode file for Cesanta.I-CUBE-Mongoose.7.13.0
2024-11-27 10:13:47,546 [WARN] PackLoader:240 - Cannot read IP mode file for STMicroelectronics.X-CUBE-AZRTOS-G4.2.0.0
2024-11-27 10:13:47,568 [WARN] PackLoader:240 - Cannot read IP mode file for Infineon.AIROC-Wi-Fi-Bluetooth-STM32.1.5.1
2024-11-27 10:13:47,576 [WARN] PackLoader:240 - Cannot read IP mode file for STMicroelectronics.FP-SNS-MOTENVWB1.1.3.0
2024-11-27 10:13:47,582 [WARN] PackLoader:240 - Cannot read IP mode file for STMicroelectronics.FP-SNS-MOTENVWB1.1.3.1
2024-11-27 10:13:47,590 [WARN] PackLoader:240 - Cannot read IP mode file for STMicroelectronics.X-CUBE-ISPU.2.0.0
2024-11-27 10:13:47,595 [WARN] PackLoader:240 - Cannot read IP mode file for STMicroelectronics.X-CUBE-ALS.1.0.2
2024-11-27 10:13:47,626 [WARN] PackLoader:240 - Cannot read IP mode file for STMicroelectronics.X-CUBE-MEMS1.10.0.0
2024-11-27 10:13:47,711 [WARN] PackLoader:240 - Cannot read IP mode file for STMicroelectronics.X-CUBE-FREERTOS.1.1.0
2024-11-27 10:13:47,716 [WARN] PackLoader:240 - Cannot read IP mode file for STMicroelectronics.X-CUBE-TOUCHGFX.4.24.0
2024-11-27 10:13:47,719 [WARN] PackLoader:240 - Cannot read IP mode file for STMicroelectronics.X-CUBE-TOUCHGFX.4.24.1
2024-11-27 10:13:47,724 [WARN] PackLoader:240 - Cannot read IP mode file for portGmbH.I-Cube-SoM-uGOAL.1.1.0
2024-11-27 10:13:47,728 [WARN] PackLoader:240 - Cannot read IP mode file for STMicroelectronics.X-CUBE-ALS.1.0.1
2024-11-27 10:13:47,742 [WARN] PackLoader:240 - Cannot read IP mode file for STMicroelectronics.X-CUBE-AZRTOS-H7RS.1.0.0
2024-11-27 10:13:47,748 [WARN] PackLoader:240 - Cannot read IP mode file for STMicroelectronics.FP-ATR-ASTRA1.2.0.0
2024-11-27 10:13:47,761 [WARN] PackLoader:240 - Cannot read IP mode file for STMicroelectronics.X-CUBE-TOF1.3.4.2
2024-11-27 10:13:47,779 [WARN] PackLoader:240 - Cannot read IP mode file for STMicroelectronics.X-CUBE-TOF1.3.4.0
2024-11-27 10:13:47,798 [WARN] PackLoader:240 - Cannot read IP mode file for STMicroelectronics.X-CUBE-TOF1.3.4.1
2024-11-27 10:13:47,818 [WARN] PackLoader:240 - Cannot read IP mode file for STMicroelectronics.X-CUBE-AZRTOS-H7.3.2.0
2024-11-27 10:13:47,827 [WARN] PackLoader:240 - Cannot read IP mode file for wolfSSL.I-CUBE-wolfSSH.1.4.17
2024-11-27 10:13:47,829 [INFO] ThirdParty:978 - Integrity check success = true
2024-11-27 10:13:47,829 [INFO] IntegrityCheckThread:100 - exiting critical section [integrity check]
2024-11-27 10:13:47,829 [INFO] IntegrityCheckThread:103 - End integrity checks thread
2024-11-27 10:13:49,350 [INFO] WebApp:161 - Instantiating new browser for Auth
2024-11-27 10:13:49,921 [INFO] WebApp:780 - Register for checkConnection events
2024-11-27 10:13:49,921 [INFO] WebApp:414 - Apply proxy settings
2024-11-27 10:13:49,921 [INFO] WebApp:499 - Chromium requires no authentication
2024-11-27 10:13:49,932 [INFO] WebApp:442 - Direct internet connection detected
2024-11-27 10:13:50,114 [INFO] WebApp:192 - Starting web application
2024-11-27 10:13:50,114 [INFO] WebApp:544 - Web application path used C:\ST\STM32CubeIDE_1.14.0\STM32CubeIDE\plugins\com.st.stm32cube.common.mx_6.10.0.202311202037\db\plugins\mcufinder\reactClient1\index.html
2024-11-27 10:14:10,946 [ERROR] LogOutputStream:75 - [STDERR_REDIRECT] SLF4J: Failed to load class "org.slf4j.impl.StaticLoggerBinder".
2024-11-27 10:14:10,947 [ERROR] LogOutputStream:75 - [STDERR_REDIRECT] SLF4J: Defaulting to no-operation (NOP) logger implementation
2024-11-27 10:14:10,948 [ERROR] LogOutputStream:75 - [STDERR_REDIRECT] SLF4J: See http://www.slf4j.org/codes.html#StaticLoggerBinder for further details.
2024-11-27 10:51:44,286 [ERROR] LogOutputStream:75 - [STDERR_REDIRECT] 
2024-11-27 10:51:44,286 [ERROR] LogOutputStream:75 - [STDERR_REDIRECT] 
