2024-11-17 01:44:02,832 [ERROR] LogOutputStream:75 - [STDERR_REDIRECT] 
2024-11-17 09:11:07,713 [INFO] Activator:176 - 


2024-11-17 09:11:07,713 [INFO] Activator:177 - !SESSION log4j initialized
2024-11-17 09:11:12,621 [INFO] LogOutputStream:77 - [STDOUT_REDIRECT] 
2024-11-17 09:11:15,583 [INFO] ApplicationProperties:184 - Using Application install path: C:\ST\STM32CubeIDE_1.14.0\STM32CubeIDE\plugins\com.st.stm32cube.common.mx_6.10.0.202311202037
2024-11-17 09:11:15,597 [INFO] DbMcusXml:78 - Set database path to: C:\ST\STM32CubeIDE_1.14.0\STM32CubeIDE\plugins\com.st.stm32cube.common.mx_6.10.0.202311202037\\db\/mcu/
2024-11-17 09:11:15,598 [INFO] ApiDb:274 - Set plugin database path to: C:\ST\STM32CubeIDE_1.14.0\STM32CubeIDE\plugins\com.st.stm32cube.common.mx_6.10.0.202311202037\\db\/plugins/boardmanager/
2024-11-17 09:11:15,598 [WARN] ApiDb:259 - Overriding images path with different value:  => C:\ST\STM32CubeIDE_1.14.0\STM32CubeIDE\plugins\com.st.stm32cube.common.mx_6.10.0.202311202037\\db\/plugins/mcufinder/images/
2024-11-17 09:11:15,609 [INFO] ApiDb:250 - Set database path to: C:\Users\georg\.stmcufinder\plugins\mcufinder//mcu/
2024-11-17 09:11:15,610 [INFO] DbMcusAds:125 - Set database path to: C:\Users\georg\.stmcufinder\plugins\mcufinder//mcu/
2024-11-17 09:11:15,611 [INFO] CrossReferenceDbSqlite:203 - Set database path to: C:\Users\georg\.stmcufinder\plugins\mcufinder//mcu/cs/
2024-11-17 09:11:15,692 [INFO] RulesReader:64 - Compatibility file has been processed (297 Rules)
2024-11-17 09:11:15,771 [INFO] DbMcusXml:78 - Set database path to: C:\ST\STM32CubeIDE_1.14.0\STM32CubeIDE\plugins\com.st.stm32cube.common.mx_6.10.0.202311202037\\db\/mcu/
2024-11-17 09:11:15,771 [INFO] ApiDb:274 - Set plugin database path to: C:\ST\STM32CubeIDE_1.14.0\STM32CubeIDE\plugins\com.st.stm32cube.common.mx_6.10.0.202311202037\\db\/plugins/boardmanager/
2024-11-17 09:11:15,772 [INFO] ApiDb:261 - Set plugin images path to: C:\ST\STM32CubeIDE_1.14.0\STM32CubeIDE\plugins\com.st.stm32cube.common.mx_6.10.0.202311202037\\db\/plugins/mcufinder/images/
2024-11-17 09:11:15,772 [WARN] DbFile:41 - Overriding database path with different value: C:\Users\georg\.stmcufinder\plugins\mcufinder/ => C:\Users\georg\.stmcufinder\plugins\mcufinder
2024-11-17 09:11:15,772 [INFO] ApiDb:250 - Set database path to: C:\Users\georg\.stmcufinder\plugins\mcufinder//mcu/
2024-11-17 09:11:15,772 [WARN] DbFile:41 - Overriding database path with different value: C:\Users\georg\.stmcufinder\plugins\mcufinder/ => C:\Users\georg\.stmcufinder\plugins\mcufinder
2024-11-17 09:11:15,772 [INFO] DbMcusAds:125 - Set database path to: C:\Users\georg\.stmcufinder\plugins\mcufinder//mcu/
2024-11-17 09:11:15,772 [WARN] DbFile:41 - Overriding database path with different value: C:\Users\georg\.stmcufinder\plugins\mcufinder/ => C:\Users\georg\.stmcufinder\plugins\mcufinder
2024-11-17 09:11:15,772 [WARN] DbFile:41 - Overriding database path with different value: C:\Users\georg\.stmcufinder\plugins\mcufinder/ => C:\Users\georg\.stmcufinder\plugins\mcufinder
2024-11-17 09:11:15,772 [INFO] CrossReferenceDbSqlite:203 - Set database path to: C:\Users\georg\.stmcufinder\plugins\mcufinder//mcu/cs/
2024-11-17 09:11:15,843 [INFO] MainPanel:264 - HeapMemory: 304087040
2024-11-17 09:11:15,931 [INFO] DbMcusXml:78 - Set database path to: C:\ST\STM32CubeIDE_1.14.0\STM32CubeIDE\plugins\com.st.stm32cube.common.mx_6.10.0.202311202037\\db\/mcu/
2024-11-17 09:11:15,931 [INFO] ApiDb:274 - Set plugin database path to: C:\ST\STM32CubeIDE_1.14.0\STM32CubeIDE\plugins\com.st.stm32cube.common.mx_6.10.0.202311202037\\db\/plugins/boardmanager/
2024-11-17 09:11:15,931 [INFO] ApiDb:261 - Set plugin images path to: C:\ST\STM32CubeIDE_1.14.0\STM32CubeIDE\plugins\com.st.stm32cube.common.mx_6.10.0.202311202037\\db\/plugins/mcufinder/images/
2024-11-17 09:11:15,931 [WARN] DbFile:41 - Overriding database path with different value: C:\Users\georg\.stmcufinder\plugins\mcufinder/ => C:\Users\georg\.stmcufinder\plugins\mcufinder
2024-11-17 09:11:15,931 [INFO] ApiDb:250 - Set database path to: C:\Users\georg\.stmcufinder\plugins\mcufinder//mcu/
2024-11-17 09:11:15,931 [WARN] DbFile:41 - Overriding database path with different value: C:\Users\georg\.stmcufinder\plugins\mcufinder/ => C:\Users\georg\.stmcufinder\plugins\mcufinder
2024-11-17 09:11:15,931 [INFO] DbMcusAds:125 - Set database path to: C:\Users\georg\.stmcufinder\plugins\mcufinder//mcu/
2024-11-17 09:11:15,931 [WARN] DbFile:41 - Overriding database path with different value: C:\Users\georg\.stmcufinder\plugins\mcufinder/ => C:\Users\georg\.stmcufinder\plugins\mcufinder
2024-11-17 09:11:15,931 [WARN] DbFile:41 - Overriding database path with different value: C:\Users\georg\.stmcufinder\plugins\mcufinder/ => C:\Users\georg\.stmcufinder\plugins\mcufinder
2024-11-17 09:11:15,931 [INFO] CrossReferenceDbSqlite:203 - Set database path to: C:\Users\georg\.stmcufinder\plugins\mcufinder//mcu/cs/
2024-11-17 09:11:15,948 [INFO] ApplicationProperties:184 - Using Application install path: C:\ST\STM32CubeIDE_1.14.0\STM32CubeIDE\plugins\com.st.stm32cube.common.mx_6.10.0.202311202037
2024-11-17 09:11:15,949 [INFO] PluginManage:196 - Search for loadable plugins [exclusion list=, ]
2024-11-17 09:11:15,951 [INFO] PluginManage:310 - Check plugin analytics
2024-11-17 09:11:16,070 [INFO] AnalyticsPlugin:253 - Accepted Software Licenses: STM32CubeMX.6.12.0
2024-11-17 09:11:16,071 [INFO] AnalyticsPlugin:255 - Accepted CMSIS Pack Licenses: 
2024-11-17 09:11:16,071 [INFO] AnalyticsPlugin:257 - Accepted Firmware Licenses: FW.F4.1.28.0,FW.H7.1.11.0,FW.F4.1.27.0
2024-11-17 09:11:16,073 [INFO] PluginManage:359 - Loaded plugin analytics (category:tool,tabindex:-1)
2024-11-17 09:11:16,073 [INFO] PluginManage:310 - Check plugin cadmodel
2024-11-17 09:11:16,091 [INFO] CADModel:105 - Init CAD model plugin
2024-11-17 09:11:16,091 [INFO] PluginManage:359 - Loaded plugin cadmodel (category:power,tabindex:5)
2024-11-17 09:11:16,091 [INFO] PluginManage:310 - Check plugin clock
2024-11-17 09:11:16,113 [INFO] PluginManage:359 - Loaded plugin clock (category:base,tabindex:2)
2024-11-17 09:11:16,113 [INFO] PluginManage:310 - Check plugin ddr
2024-11-17 09:11:16,115 [INFO] PluginManage:359 - Loaded plugin ddr (category:tool,tabindex:6)
2024-11-17 09:11:16,115 [INFO] PluginManage:310 - Check plugin filemanager
2024-11-17 09:11:16,250 [INFO] PluginManage:359 - Loaded plugin filemanager (category:base,tabindex:10)
2024-11-17 09:11:16,250 [INFO] PluginManage:310 - Check plugin ipmanager
2024-11-17 09:11:16,256 [INFO] PluginManage:359 - Loaded plugin ipmanager (category:base,tabindex:5)
2024-11-17 09:11:16,256 [INFO] PluginManage:310 - Check plugin lpbam
2024-11-17 09:11:16,273 [INFO] PluginManage:359 - Loaded plugin lpbam (category:base,tabindex:0)
2024-11-17 09:11:16,273 [INFO] PluginManage:310 - Check plugin memorymap
2024-11-17 09:11:16,294 [INFO] PluginManage:359 - Loaded plugin memorymap (category:base,tabindex:4)
2024-11-17 09:11:16,295 [INFO] PluginManage:310 - Check plugin pinoutandconfiguration
2024-11-17 09:11:16,310 [INFO] PluginManage:359 - Loaded plugin pinoutandconfiguration (category:base,tabindex:1)
2024-11-17 09:11:16,310 [INFO] PluginManage:310 - Check plugin pinoutconfig
2024-11-17 09:11:16,387 [WARN] SupportedApi:132 - Cannot load RTOS API schema: s4s-elt-must-match.1: The content of 'definitions' must match (annotation?, (simpleType | complexType)?, (unique | key | keyref)*)). A problem was found starting at: attribute.
2024-11-17 09:11:16,490 [INFO] PluginManage:359 - Loaded plugin pinoutconfig (category:base,tabindex:0)
2024-11-17 09:11:16,490 [INFO] PluginManage:310 - Check plugin power
2024-11-17 09:11:16,510 [INFO] PluginManage:359 - Loaded plugin power (category:power,tabindex:4)
2024-11-17 09:11:16,510 [INFO] PluginManage:310 - Check plugin projectmanager
2024-11-17 09:11:16,522 [INFO] PluginManage:359 - Loaded plugin projectmanager (category:projectmanager,tabindex:3)
2024-11-17 09:11:16,523 [INFO] PluginManage:310 - Check plugin thirdparty
2024-11-17 09:11:16,765 [INFO] PluginManage:359 - Loaded plugin thirdparty (category:base,tabindex:-1)
2024-11-17 09:11:16,766 [INFO] PluginManage:310 - Check plugin tools
2024-11-17 09:11:16,765 [WARN] IntegrityCheckThread:84 - waiting for thirdparty lock release [integrity check]
2024-11-17 09:11:16,766 [INFO] IntegrityCheckThread:86 - entering critical section [integrity check]
2024-11-17 09:11:16,766 [INFO] ThirdPartyUpdaterWithRetryManager:70 - Updater plugin not ready yet. [1/15]
2024-11-17 09:11:16,797 [INFO] PluginManage:359 - Loaded plugin tools (category:base,tabindex:7)
2024-11-17 09:11:16,797 [INFO] PluginManage:310 - Check plugin tutovideos
2024-11-17 09:11:16,965 [INFO] PluginManage:359 - Loaded plugin tutovideos (category:base,tabindex:-1)
2024-11-17 09:11:16,965 [INFO] PluginManage:310 - Check plugin updater
2024-11-17 09:11:16,977 [INFO] PluginManage:359 - Loaded plugin updater (category:base,tabindex:12)
2024-11-17 09:11:16,977 [INFO] PluginManage:310 - Check plugin userauth
2024-11-17 09:11:16,982 [INFO] UserAuth:114 - Init User Auth plugin
2024-11-17 09:11:16,982 [INFO] PluginManage:359 - Loaded plugin userauth (category:base,tabindex:14)
2024-11-17 09:11:16,982 [INFO] PluginManage:283 - PluginManage : Loaded plugins [17]
2024-11-17 09:11:17,161 [INFO] PinOutPanel:1499 - setPackage(No Configuration,No Configuration)
2024-11-17 09:11:17,220 [INFO] CADModel:165 - CPN selected for project level
2024-11-17 09:11:17,220 [INFO] CADModel:114 - Register for checkConnection events
2024-11-17 09:11:17,264 [INFO] IPUIPlugin:80 - create IPUIPlugin
2024-11-17 09:11:17,264 [INFO] PluginManager:220 - loadIPPluginJar : add adc
2024-11-17 09:11:17,299 [INFO] IPUIPlugin:80 - create IPUIPlugin
2024-11-17 09:11:17,299 [INFO] PluginManager:220 - loadIPPluginJar : add aes
2024-11-17 09:11:17,332 [INFO] IPUIPlugin:80 - create IPUIPlugin
2024-11-17 09:11:17,332 [INFO] PluginManager:220 - loadIPPluginJar : add can
2024-11-17 09:11:17,356 [INFO] IPUIPlugin:80 - create IPUIPlugin
2024-11-17 09:11:17,357 [INFO] PluginManager:220 - loadIPPluginJar : add comp
2024-11-17 09:11:17,392 [INFO] IPUIPlugin:80 - create IPUIPlugin
2024-11-17 09:11:17,392 [INFO] PluginManager:220 - loadIPPluginJar : add cryp
2024-11-17 09:11:17,420 [INFO] IPUIPlugin:80 - create IPUIPlugin
2024-11-17 09:11:17,420 [INFO] PluginManager:220 - loadIPPluginJar : add dfsdm
2024-11-17 09:11:17,434 [INFO] IPUIPlugin:80 - create IPUIPlugin
2024-11-17 09:11:17,434 [INFO] PluginManager:220 - loadIPPluginJar : add dma
2024-11-17 09:11:17,470 [INFO] IPUIPlugin:80 - create IPUIPlugin
2024-11-17 09:11:17,470 [INFO] PluginManager:220 - loadIPPluginJar : add dma3
2024-11-17 09:11:17,491 [INFO] IPUIPlugin:80 - create IPUIPlugin
2024-11-17 09:11:17,491 [INFO] PluginManager:220 - loadIPPluginJar : add fatfs
2024-11-17 09:11:17,536 [INFO] IPUIPlugin:80 - create IPUIPlugin
2024-11-17 09:11:17,536 [INFO] PluginManager:220 - loadIPPluginJar : add fmc
2024-11-17 09:11:17,552 [INFO] IPUIPlugin:80 - create IPUIPlugin
2024-11-17 09:11:17,552 [INFO] PluginManager:220 - loadIPPluginJar : add freertos
2024-11-17 09:11:17,573 [INFO] IPUIPlugin:80 - create IPUIPlugin
2024-11-17 09:11:17,573 [INFO] PluginManager:220 - loadIPPluginJar : add genericplugin
2024-11-17 09:11:17,646 [INFO] IPUIPlugin:80 - create IPUIPlugin
2024-11-17 09:11:17,646 [INFO] PluginManager:220 - loadIPPluginJar : add gfxmmu
2024-11-17 09:11:17,745 [INFO] IPUIPlugin:80 - create IPUIPlugin
2024-11-17 09:11:17,745 [INFO] PluginManager:220 - loadIPPluginJar : add gic
2024-11-17 09:11:17,759 [INFO] IPUIPlugin:80 - create IPUIPlugin
2024-11-17 09:11:17,759 [INFO] PluginManager:220 - loadIPPluginJar : add gpio
2024-11-17 09:11:17,837 [INFO] IPUIPlugin:80 - create IPUIPlugin
2024-11-17 09:11:17,837 [INFO] PluginManager:220 - loadIPPluginJar : add gtzc
2024-11-17 09:11:17,864 [INFO] IPUIPlugin:80 - create IPUIPlugin
2024-11-17 09:11:17,864 [INFO] PluginManager:220 - loadIPPluginJar : add hash
2024-11-17 09:11:17,906 [INFO] IPUIPlugin:80 - create IPUIPlugin
2024-11-17 09:11:17,906 [INFO] PluginManager:220 - loadIPPluginJar : add i2c
2024-11-17 09:11:17,942 [INFO] IPUIPlugin:80 - create IPUIPlugin
2024-11-17 09:11:17,942 [INFO] PluginManager:220 - loadIPPluginJar : add i2s
2024-11-17 09:11:17,978 [INFO] IPUIPlugin:80 - create IPUIPlugin
2024-11-17 09:11:17,978 [INFO] PluginManager:220 - loadIPPluginJar : add i3c
2024-11-17 09:11:18,065 [INFO] IPUIPlugin:80 - create IPUIPlugin
2024-11-17 09:11:18,065 [INFO] PluginManager:220 - loadIPPluginJar : add ipddr
2024-11-17 09:11:18,141 [INFO] IPUIPlugin:80 - create IPUIPlugin
2024-11-17 09:11:18,141 [INFO] PluginManager:220 - loadIPPluginJar : add linkedlist
2024-11-17 09:11:18,174 [INFO] IPUIPlugin:80 - create IPUIPlugin
2024-11-17 09:11:18,175 [INFO] PluginManager:220 - loadIPPluginJar : add lorawan
2024-11-17 09:11:18,207 [INFO] IPUIPlugin:80 - create IPUIPlugin
2024-11-17 09:11:18,207 [INFO] PluginManager:220 - loadIPPluginJar : add ltdc
2024-11-17 09:11:18,221 [INFO] IPUIPlugin:80 - create IPUIPlugin
2024-11-17 09:11:18,221 [INFO] PluginManager:220 - loadIPPluginJar : add mdma
2024-11-17 09:11:18,233 [INFO] IPUIPlugin:80 - create IPUIPlugin
2024-11-17 09:11:18,233 [INFO] PluginManager:220 - loadIPPluginJar : add nvic
2024-11-17 09:11:18,265 [INFO] IPUIPlugin:80 - create IPUIPlugin
2024-11-17 09:11:18,265 [INFO] PluginManager:220 - loadIPPluginJar : add opamp
2024-11-17 09:11:18,314 [INFO] IPUIPlugin:80 - create IPUIPlugin
2024-11-17 09:11:18,314 [INFO] PluginManager:220 - loadIPPluginJar : add openamp
2024-11-17 09:11:18,354 [INFO] IPUIPlugin:80 - create IPUIPlugin
2024-11-17 09:11:18,354 [INFO] PluginManager:220 - loadIPPluginJar : add pdm2pcm
2024-11-17 09:11:18,368 [INFO] IPUIPlugin:80 - create IPUIPlugin
2024-11-17 09:11:18,370 [INFO] PluginManager:220 - loadIPPluginJar : add plateformsettings
2024-11-17 09:11:18,393 [INFO] IPUIPlugin:80 - create IPUIPlugin
2024-11-17 09:11:18,393 [INFO] PluginManager:220 - loadIPPluginJar : add quadspi
2024-11-17 09:11:18,406 [INFO] IPUIPlugin:80 - create IPUIPlugin
2024-11-17 09:11:18,406 [INFO] PluginManager:220 - loadIPPluginJar : add resmgrutility
2024-11-17 09:11:18,449 [INFO] IPUIPlugin:80 - create IPUIPlugin
2024-11-17 09:11:18,450 [INFO] PluginManager:220 - loadIPPluginJar : add sai
2024-11-17 09:11:18,484 [INFO] IPUIPlugin:80 - create IPUIPlugin
2024-11-17 09:11:18,484 [INFO] PluginManager:220 - loadIPPluginJar : add spi
2024-11-17 09:11:18,546 [INFO] IPUIPlugin:80 - create IPUIPlugin
2024-11-17 09:11:18,546 [INFO] PluginManager:220 - loadIPPluginJar : add stm32_wpan
2024-11-17 09:11:18,570 [INFO] IPUIPlugin:80 - create IPUIPlugin
2024-11-17 09:11:18,570 [INFO] PluginManager:220 - loadIPPluginJar : add tim
2024-11-17 09:11:18,619 [INFO] IPUIPlugin:80 - create IPUIPlugin
2024-11-17 09:11:18,619 [INFO] PluginManager:220 - loadIPPluginJar : add touchsensing
2024-11-17 09:11:18,641 [INFO] IPUIPlugin:80 - create IPUIPlugin
2024-11-17 09:11:18,641 [INFO] PluginManager:220 - loadIPPluginJar : add tracer_emb
2024-11-17 09:11:18,665 [INFO] IPUIPlugin:80 - create IPUIPlugin
2024-11-17 09:11:18,665 [INFO] PluginManager:220 - loadIPPluginJar : add ts
2024-11-17 09:11:18,685 [INFO] IPUIPlugin:80 - create IPUIPlugin
2024-11-17 09:11:18,685 [INFO] PluginManager:220 - loadIPPluginJar : add tsc
2024-11-17 09:11:18,708 [INFO] IPUIPlugin:80 - create IPUIPlugin
2024-11-17 09:11:18,708 [INFO] PluginManager:220 - loadIPPluginJar : add ucpd
2024-11-17 09:11:18,749 [INFO] IPUIPlugin:80 - create IPUIPlugin
2024-11-17 09:11:18,749 [INFO] PluginManager:220 - loadIPPluginJar : add usart
2024-11-17 09:11:18,787 [INFO] IPUIPlugin:80 - create IPUIPlugin
2024-11-17 09:11:18,788 [INFO] PluginManager:220 - loadIPPluginJar : add usbx
2024-11-17 09:11:18,903 [INFO] CADModel:165 - CPN selected for project level
2024-11-17 09:11:18,904 [INFO] CADModel:114 - Register for checkConnection events
2024-11-17 09:11:18,904 [FATAL] Updater:308 - Updater called before beeing initialized
2024-11-17 09:11:18,904 [ERROR] CADModel:125 - Updater not yet initialized, retry later 
2024-11-17 09:11:19,012 [INFO] CADModel:165 - CPN selected for project level
2024-11-17 09:11:19,012 [INFO] CADModel:114 - Register for checkConnection events
2024-11-17 09:11:19,012 [FATAL] Updater:308 - Updater called before beeing initialized
2024-11-17 09:11:19,012 [ERROR] CADModel:125 - Updater not yet initialized, retry later 
2024-11-17 09:11:19,014 [FATAL] Updater:308 - Updater called before beeing initialized
2024-11-17 09:11:19,104 [FATAL] Updater:308 - Updater called before beeing initialized
2024-11-17 09:11:19,114 [INFO] DbMcusAds:53 - JSON generation date=Fri Sep 20 16:04:38 EEST 2024 (1726837478367)
2024-11-17 09:11:19,114 [FATAL] Updater:308 - Updater called before beeing initialized
2024-11-17 09:11:19,185 [WARN] DetailPanel:346 - Failed to get advertising image, set to default
2024-11-17 09:11:19,259 [FATAL] Updater:308 - Updater called before beeing initialized
2024-11-17 09:11:19,260 [FATAL] Updater:308 - Updater called before beeing initialized
2024-11-17 09:11:19,260 [FATAL] Updater:308 - Updater called before beeing initialized
2024-11-17 09:11:19,261 [WARN] DetailPanel:346 - Failed to get advertising image, set to default
2024-11-17 09:11:19,261 [FATAL] Updater:308 - Updater called before beeing initialized
2024-11-17 09:11:19,309 [ERROR] Updater:1120 - MainUpdater not yet initialized. External WinMGr cannot be set.
2024-11-17 09:11:19,320 [INFO] Updater:1056 - Updater Version found : 6.10.0
2024-11-17 09:11:19,337 [INFO] ApplicationProperties:184 - Using Application install path: C:\ST\STM32CubeIDE_1.14.0\STM32CubeIDE\plugins\com.st.stm32cube.common.mx_6.10.0.202311202037
2024-11-17 09:11:19,768 [INFO] ThirdPartyUpdaterWithRetryManager:70 - Updater plugin not ready yet. [2/15]
2024-11-17 09:11:20,917 [ERROR] LogOutputStream:75 - [STDERR_REDIRECT] Nov 17, 2024 9:11:20 AM java.util.prefs.WindowsPreferences <init>
2024-11-17 09:11:20,918 [ERROR] LogOutputStream:75 - [STDERR_REDIRECT] WARNING: Could not open/create prefs root node Software\JavaSoft\Prefs at root 0xffffffff80000002. Windows RegCreateKeyEx(...) returned error code 5.
2024-11-17 09:11:20,918 [ERROR] LogOutputStream:75 - [STDERR_REDIRECT] 
2024-11-17 09:11:21,347 [INFO] MainUpdater:2873 - connection check result : 10
2024-11-17 09:11:21,348 [INFO] MainUpdater:290 - Updater Check For Update Now.
2024-11-17 09:11:21,348 [INFO] MicroXplorer:498 - Change Database Version : DB.6.0.100
2024-11-17 09:11:21,366 [INFO] McuFinderGlobals:63 - Set McuFinder mode to 2 (CubeIDE integrated)
2024-11-17 09:11:21,562 [INFO] CheckServerUpdateThread:120 - End of CheckServer Thread
2024-11-17 09:11:21,839 [INFO] UserAuth:404 - Internet connection configuration mode: 1
2024-11-17 09:11:21,873 [INFO] JxBrowserEngine:152 - Initiate JxBrowser Engine with user profile folder
2024-11-17 09:11:22,966 [WARN] PackLoader:240 - Cannot read IP mode file for STMicroelectronics.FP-SNS-MOTENVWB1.1.4.0
2024-11-17 09:11:22,980 [WARN] PackLoader:240 - Cannot read IP mode file for STMicroelectronics.FP-ATR-ASTRA1.2.0.1
2024-11-17 09:11:22,993 [WARN] PackLoader:240 - Cannot read IP mode file for STMicroelectronics.X-CUBE-SMBUS.2.1.0
2024-11-17 09:11:23,007 [WARN] PackLoader:240 - Cannot read IP mode file for STMicroelectronics.X-CUBE-WB05N.1.1.0
2024-11-17 09:11:23,020 [WARN] PackLoader:240 - Cannot read IP mode file for STMicroelectronics.X-CUBE-TOUCHGFX.4.23.0
2024-11-17 09:11:23,054 [WARN] PackLoader:240 - Cannot read IP mode file for STMicroelectronics.X-CUBE-AZRTOS-F7.1.1.0
2024-11-17 09:11:23,073 [WARN] PackLoader:240 - Cannot read IP mode file for STMicroelectronics.FP-SNS-MOTENV1.4.3.2
2024-11-17 09:11:23,133 [WARN] PackLoader:240 - Cannot read IP mode file for STMicroelectronics.X-CUBE-MEMS1.11.0.0
2024-11-17 09:11:23,257 [WARN] PackLoader:240 - Cannot read IP mode file for STMicroelectronics.FP-SNS-FLIGHT1.5.0.2
2024-11-17 09:11:23,276 [WARN] PackLoader:240 - Cannot read IP mode file for STMicroelectronics.X-CUBE-DISPLAY.3.0.0
2024-11-17 09:11:23,299 [WARN] PackLoader:240 - Cannot read IP mode file for STMicroelectronics.X-CUBE-BLE1.7.0.0
2024-11-17 09:11:23,320 [WARN] PackLoader:240 - Cannot read IP mode file for STMicroelectronics.X-CUBE-NFC10.1.0.0
2024-11-17 09:11:23,341 [WARN] PackLoader:240 - Cannot read IP mode file for emotas.I-CUBE-CANOPEN.1.3.0
2024-11-17 09:11:23,357 [WARN] PackLoader:240 - Cannot read IP mode file for STMicroelectronics.X-CUBE-TOUCHGFX.4.22.1
2024-11-17 09:11:23,377 [WARN] PackLoader:240 - Cannot read IP mode file for STMicroelectronics.X-CUBE-BLEMGR.3.1.0
2024-11-17 09:11:23,397 [WARN] PackLoader:240 - Cannot read IP mode file for STMicroelectronics.FP-SNS-SMARTAG2.1.2.0
2024-11-17 09:11:23,421 [INFO] LogOutputStream:77 - [STDOUT_REDIRECT] 1 : Invalid condition id : UX_CORESTACK_Condition cause : null
2024-11-17 09:11:23,421 [INFO] LogOutputStream:77 - [STDOUT_REDIRECT] 1 : Invalid condition id : UX_CORESTACK_Condition cause : null
2024-11-17 09:11:23,422 [INFO] LogOutputStream:77 - [STDOUT_REDIRECT] 1 : Invalid condition id : UX_CORESTACK_Condition cause : null
2024-11-17 09:11:23,423 [INFO] LogOutputStream:77 - [STDOUT_REDIRECT] 1 : Invalid condition id : UX_CORESTACK_Condition cause : null
2024-11-17 09:11:23,424 [INFO] LogOutputStream:77 - [STDOUT_REDIRECT] 1 : Invalid condition id : UX_CORESTACK_Condition cause : null
2024-11-17 09:11:23,427 [WARN] PackLoader:240 - Cannot read IP mode file for STMicroelectronics.X-CUBE-AZRTOS-WL.2.0.0
2024-11-17 09:11:23,443 [WARN] PackLoader:240 - Cannot read IP mode file for STMicroelectronics.FP-SNS-MOTENV1.5.0.0
2024-11-17 09:11:23,462 [WARN] PackLoader:240 - Cannot read IP mode file for wolfSSL.I-CUBE-wolfMQTT.1.19.0
2024-11-17 09:11:23,488 [WARN] PackLoader:240 - Cannot read IP mode file for WES.I-CUBE-Cesium.1.3.0
2024-11-17 09:11:23,506 [WARN] PackLoader:240 - Cannot read IP mode file for STMicroelectronics.X-CUBE-BLE2.3.3.0
2024-11-17 09:11:23,540 [WARN] PackLoader:240 - Cannot read IP mode file for STMicroelectronics.X-CUBE-NFC9.1.0.0
2024-11-17 09:11:23,558 [WARN] PackLoader:240 - Cannot read IP mode file for STMicroelectronics.X-CUBE-TCPP.4.1.0
2024-11-17 09:11:23,577 [WARN] PackLoader:240 - Cannot read IP mode file for STMicroelectronics.X-CUBE-ALGOBUILD.1.3.0
2024-11-17 09:11:23,607 [WARN] PackLoader:240 - Cannot read IP mode file for STMicroelectronics.X-CUBE-AZRTOS-G0.1.1.0
2024-11-17 09:11:23,628 [WARN] PackLoader:240 - Cannot read IP mode file for STMicroelectronics.X-CUBE-SAFEA1.1.2.2
2024-11-17 09:11:23,653 [WARN] PackLoader:240 - Cannot read IP mode file for STMicroelectronics.X-CUBE-NFC4.3.0.0
2024-11-17 09:11:23,674 [WARN] PackLoader:240 - Cannot read IP mode file for EmbeddedOffice.I-CUBE-FS-RTOS.1.0.1
2024-11-17 09:11:23,674 [ERROR] ConditionMgr:805 - Attr not supported : Dmpu
2024-11-17 09:11:23,675 [ERROR] ConditionMgr:805 - Attr not supported : Dmpu
2024-11-17 09:11:23,675 [ERROR] ConditionMgr:805 - Attr not supported : Dmpu
2024-11-17 09:11:23,675 [ERROR] ConditionMgr:805 - Attr not supported : Dmpu
2024-11-17 09:11:23,675 [ERROR] ConditionMgr:805 - Attr not supported : Dmpu
2024-11-17 09:11:23,675 [ERROR] ConditionMgr:805 - Attr not supported : Dmpu
2024-11-17 09:11:23,675 [ERROR] ConditionMgr:805 - Attr not supported : Dmpu
2024-11-17 09:11:23,675 [ERROR] ConditionMgr:805 - Attr not supported : Dmpu
2024-11-17 09:11:23,675 [ERROR] ConditionMgr:805 - Attr not supported : Dmpu
2024-11-17 09:11:23,675 [ERROR] ConditionMgr:805 - Attr not supported : Dmpu
2024-11-17 09:11:23,675 [ERROR] ConditionMgr:805 - Attr not supported : Dmpu
2024-11-17 09:11:23,675 [ERROR] ConditionMgr:805 - Attr not supported : Dmpu
2024-11-17 09:11:23,675 [ERROR] ConditionMgr:805 - Attr not supported : Dmpu
2024-11-17 09:11:23,675 [ERROR] ConditionMgr:805 - Attr not supported : Dmpu
2024-11-17 09:11:23,675 [ERROR] ConditionMgr:805 - Attr not supported : Dmpu
2024-11-17 09:11:23,676 [ERROR] ConditionMgr:805 - Attr not supported : Dmpu
2024-11-17 09:11:23,676 [ERROR] ConditionMgr:805 - Attr not supported : Dmpu
2024-11-17 09:11:23,676 [ERROR] ConditionMgr:805 - Attr not supported : Dmpu
2024-11-17 09:11:23,676 [ERROR] ConditionMgr:805 - Attr not supported : Dmpu
2024-11-17 09:11:23,676 [ERROR] ConditionMgr:805 - Attr not supported : Dmpu
2024-11-17 09:11:23,676 [ERROR] ConditionMgr:805 - Attr not supported : Dmpu
2024-11-17 09:11:23,676 [ERROR] ConditionMgr:805 - Attr not supported : Dmpu
2024-11-17 09:11:23,676 [ERROR] ConditionMgr:805 - Attr not supported : Dmpu
2024-11-17 09:11:23,676 [ERROR] ConditionMgr:805 - Attr not supported : Dmpu
2024-11-17 09:11:23,676 [ERROR] ConditionMgr:805 - Attr not supported : Dmpu
2024-11-17 09:11:23,676 [ERROR] ConditionMgr:805 - Attr not supported : Dmpu
2024-11-17 09:11:23,676 [ERROR] ConditionMgr:805 - Attr not supported : Dmpu
2024-11-17 09:11:23,676 [ERROR] ConditionMgr:805 - Attr not supported : Dmpu
2024-11-17 09:11:23,676 [ERROR] ConditionMgr:805 - Attr not supported : Dmpu
2024-11-17 09:11:23,676 [ERROR] ConditionMgr:805 - Attr not supported : Dmpu
2024-11-17 09:11:23,676 [ERROR] ConditionMgr:805 - Attr not supported : Dmpu
2024-11-17 09:11:23,676 [ERROR] ConditionMgr:805 - Attr not supported : Dmpu
2024-11-17 09:11:23,676 [ERROR] ConditionMgr:805 - Attr not supported : Dmpu
2024-11-17 09:11:23,676 [ERROR] ConditionMgr:805 - Attr not supported : Dmpu
2024-11-17 09:11:23,677 [ERROR] ConditionMgr:805 - Attr not supported : Dmpu
2024-11-17 09:11:23,677 [ERROR] ConditionMgr:805 - Attr not supported : Dmpu
2024-11-17 09:11:23,677 [ERROR] ConditionMgr:805 - Attr not supported : Dmpu
2024-11-17 09:11:23,677 [ERROR] ConditionMgr:805 - Attr not supported : Dmpu
2024-11-17 09:11:23,677 [ERROR] ConditionMgr:805 - Attr not supported : Dmpu
2024-11-17 09:11:23,677 [ERROR] ConditionMgr:805 - Attr not supported : Dmpu
2024-11-17 09:11:23,677 [ERROR] ConditionMgr:805 - Attr not supported : Dmpu
2024-11-17 09:11:23,677 [ERROR] ConditionMgr:805 - Attr not supported : Dmpu
2024-11-17 09:11:23,677 [ERROR] ConditionMgr:805 - Attr not supported : Dmpu
2024-11-17 09:11:23,677 [ERROR] ConditionMgr:805 - Attr not supported : Dmpu
2024-11-17 09:11:23,677 [ERROR] ConditionMgr:805 - Attr not supported : Dmpu
2024-11-17 09:11:23,677 [ERROR] ConditionMgr:805 - Attr not supported : Dmpu
2024-11-17 09:11:23,677 [ERROR] ConditionMgr:805 - Attr not supported : Dmpu
2024-11-17 09:11:23,677 [ERROR] ConditionMgr:805 - Attr not supported : Dmpu
2024-11-17 09:11:23,678 [ERROR] ConditionMgr:805 - Attr not supported : Dmpu
2024-11-17 09:11:23,678 [ERROR] ConditionMgr:805 - Attr not supported : Dmpu
2024-11-17 09:11:23,678 [ERROR] ConditionMgr:805 - Attr not supported : Dmpu
2024-11-17 09:11:23,678 [ERROR] ConditionMgr:805 - Attr not supported : Dmpu
2024-11-17 09:11:23,678 [ERROR] ConditionMgr:805 - Attr not supported : Dmpu
2024-11-17 09:11:23,678 [ERROR] ConditionMgr:805 - Attr not supported : Dmpu
2024-11-17 09:11:23,678 [ERROR] ConditionMgr:805 - Attr not supported : Dmpu
2024-11-17 09:11:23,678 [ERROR] ConditionMgr:805 - Attr not supported : Dmpu
2024-11-17 09:11:23,678 [ERROR] ConditionMgr:805 - Attr not supported : Dmpu
2024-11-17 09:11:23,678 [ERROR] ConditionMgr:805 - Attr not supported : Dmpu
2024-11-17 09:11:23,678 [ERROR] ConditionMgr:805 - Attr not supported : Dmpu
2024-11-17 09:11:23,678 [ERROR] ConditionMgr:805 - Attr not supported : Dmpu
2024-11-17 09:11:23,678 [ERROR] ConditionMgr:805 - Attr not supported : Dmpu
2024-11-17 09:11:23,678 [ERROR] ConditionMgr:805 - Attr not supported : Dmpu
2024-11-17 09:11:23,678 [ERROR] ConditionMgr:805 - Attr not supported : Dmpu
2024-11-17 09:11:23,678 [ERROR] ConditionMgr:805 - Attr not supported : Dmpu
2024-11-17 09:11:23,695 [WARN] PackLoader:240 - Cannot read IP mode file for STMicroelectronics.X-CUBE-BLEMGR.3.0.0
2024-11-17 09:11:23,712 [WARN] PackLoader:240 - Cannot read IP mode file for RealThread.X-CUBE-RT-Thread_Nano.4.1.1
2024-11-17 09:11:23,725 [WARN] PackLoader:240 - Cannot read IP mode file for STMicroelectronics.FP-ATR-SIGFOX1.3.2.0
2024-11-17 09:11:23,737 [WARN] ConditionMgr:438 - getConditionDescription Invalid condition id : Cortex-A Device cause : null
2024-11-17 09:11:23,756 [WARN] ConditionMgr:1039 - genDependencies : Invalid condition id : Cortex-A Device cause : null
2024-11-17 09:11:23,756 [WARN] ConditionMgr:1039 - genDependencies : Invalid condition id : Cortex-A Device cause : null
2024-11-17 09:11:23,756 [WARN] ConditionMgr:1039 - genDependencies : Invalid condition id : Cortex-A Device cause : null
2024-11-17 09:11:23,768 [WARN] PackLoader:240 - Cannot read IP mode file for STMicroelectronics.X-CUBE-EEPRMA1.5.1.0
2024-11-17 09:11:23,799 [WARN] PackLoader:240 - Cannot read IP mode file for SEGGER.I-CUBE-embOS.1.3.1
2024-11-17 09:11:23,847 [WARN] PackLoader:240 - Cannot read IP mode file for STMicroelectronics.X-CUBE-ALGOBUILD.1.4.0
2024-11-17 09:11:23,865 [WARN] PackLoader:240 - Cannot read IP mode file for STMicroelectronics.X-CUBE-AI.9.1.0
2024-11-17 09:11:23,890 [WARN] PackLoader:240 - Cannot read IP mode file for STMicroelectronics.X-CUBE-GNSS1.6.0.0
2024-11-17 09:11:23,922 [WARN] PackLoader:240 - Cannot read IP mode file for STMicroelectronics.X-CUBE-AZRTOS-F4.1.1.0
2024-11-17 09:11:23,936 [WARN] PackLoader:240 - Cannot read IP mode file for wolfSSL.I-CUBE-wolfSSL.5.6.4
2024-11-17 09:11:23,948 [WARN] PackLoader:240 - Cannot read IP mode file for STMicroelectronics.X-CUBE-ISPU.2.1.0
2024-11-17 09:11:23,961 [WARN] PackLoader:240 - Cannot read IP mode file for STMicroelectronics.X-CUBE-FREERTOS.1.2.0
2024-11-17 09:11:23,993 [WARN] PackLoader:240 - Cannot read IP mode file for STMicroelectronics.X-CUBE-AZRTOS-L5.2.0.0
2024-11-17 09:11:24,014 [WARN] PackLoader:240 - Cannot read IP mode file for STMicroelectronics.X-CUBE-EEPRMA1.4.2.0
2024-11-17 09:11:24,038 [WARN] PackLoader:240 - Cannot read IP mode file for STMicroelectronics.X-CUBE-NFC6.3.1.0
2024-11-17 09:11:24,056 [WARN] PackLoader:240 - Cannot read IP mode file for ITTIA_DB.I-CUBE-ITTIADB.8.8.0
2024-11-17 09:11:24,074 [WARN] PackLoader:240 - Cannot read IP mode file for STMicroelectronics.X-CUBE-DPower.1.2.0
2024-11-17 09:11:24,089 [WARN] PackLoader:240 - Cannot read IP mode file for STMicroelectronics.X-CUBE-AI.9.0.0
2024-11-17 09:11:24,117 [WARN] ConditionMgr:438 - getConditionDescription Invalid condition id : UX DEVICE CLASS RTOS Condition cause : null
2024-11-17 09:11:24,118 [WARN] ConditionMgr:438 - getConditionDescription Invalid condition id : UX DEVICE CLASS RTOS Condition cause : null
2024-11-17 09:11:24,120 [WARN] PackLoader:240 - Cannot read IP mode file for STMicroelectronics.X-CUBE-AZRTOS-H7.3.1.0
2024-11-17 09:11:24,122 [WARN] ConditionMgr:1039 - genDependencies : Invalid condition id : UX DEVICE CLASS RTOS Condition cause : null
2024-11-17 09:11:24,122 [WARN] ConditionMgr:1039 - genDependencies : Invalid condition id : UX DEVICE CLASS RTOS Condition cause : null
2024-11-17 09:11:24,122 [WARN] ConditionMgr:1039 - genDependencies : Invalid condition id : UX DEVICE CLASS RTOS Condition cause : null
2024-11-17 09:11:24,123 [WARN] ConditionMgr:1039 - genDependencies : Invalid condition id : UX DEVICE CLASS RTOS Condition cause : null
2024-11-17 09:11:24,123 [WARN] ConditionMgr:1039 - genDependencies : Invalid condition id : UX DEVICE CLASS RTOS Condition cause : null
2024-11-17 09:11:24,144 [WARN] PackLoader:240 - Cannot read IP mode file for STMicroelectronics.X-CUBE-NFC7.1.0.1
2024-11-17 09:11:24,160 [WARN] PackLoader:240 - Cannot read IP mode file for wolfSSL.I-CUBE-wolfTPM.3.2.0
2024-11-17 09:11:24,181 [WARN] PackLoader:240 - Cannot read IP mode file for STMicroelectronics.X-CUBE-NFC6.3.0.0
2024-11-17 09:11:24,200 [WARN] PackLoader:240 - Cannot read IP mode file for STMicroelectronics.X-CUBE-AI.8.1.0
2024-11-17 09:11:24,236 [WARN] ConditionMgr:438 - getConditionDescription Invalid condition id : LAN8742 Phy interface Condition cause : null
2024-11-17 09:11:24,237 [WARN] PackLoader:240 - Cannot read IP mode file for STMicroelectronics.X-CUBE-AZRTOS-L4.2.0.0
2024-11-17 09:11:24,238 [WARN] ConditionMgr:1039 - genDependencies : Invalid condition id : LAN8742 Phy interface Condition cause : null
2024-11-17 09:11:24,238 [WARN] ConditionMgr:1039 - genDependencies : Invalid condition id : LAN8742 Phy interface Condition cause : null
2024-11-17 09:11:24,238 [WARN] ConditionMgr:1039 - genDependencies : Invalid condition id : LAN8742 Phy interface Condition cause : null
2024-11-17 09:11:24,258 [WARN] PackLoader:240 - Cannot read IP mode file for STMicroelectronics.X-CUBE-SFXS2LP1.4.0.0
2024-11-17 09:11:24,276 [WARN] PackLoader:240 - Cannot read IP mode file for STMicroelectronics.X-CUBE-ISPU.1.1.0
2024-11-17 09:11:24,302 [WARN] PackLoader:240 - Cannot read IP mode file for STMicroelectronics.X-CUBE-AZRTOS-H7.3.3.0
2024-11-17 09:11:24,320 [WARN] PackLoader:240 - Cannot read IP mode file for STMicroelectronics.X-CUBE-IPS.3.0.0
2024-11-17 09:11:24,342 [WARN] ConditionMgr:438 - getConditionDescription Invalid condition id : UX DEVICE CLASS RTOS Condition cause : null
2024-11-17 09:11:24,342 [WARN] ConditionMgr:438 - getConditionDescription Invalid condition id : UX DEVICE CLASS RTOS Condition cause : null
2024-11-17 09:11:24,344 [WARN] PackLoader:240 - Cannot read IP mode file for STMicroelectronics.X-CUBE-AZRTOS-WB.2.0.0
2024-11-17 09:11:24,344 [WARN] ConditionMgr:1039 - genDependencies : Invalid condition id : UX DEVICE CLASS RTOS Condition cause : null
2024-11-17 09:11:24,344 [WARN] ConditionMgr:1039 - genDependencies : Invalid condition id : UX DEVICE CLASS RTOS Condition cause : null
2024-11-17 09:11:24,345 [WARN] ConditionMgr:1039 - genDependencies : Invalid condition id : UX DEVICE CLASS RTOS Condition cause : null
2024-11-17 09:11:24,345 [WARN] ConditionMgr:1039 - genDependencies : Invalid condition id : UX DEVICE CLASS RTOS Condition cause : null
2024-11-17 09:11:24,345 [WARN] ConditionMgr:1039 - genDependencies : Invalid condition id : UX DEVICE CLASS RTOS Condition cause : null
2024-11-17 09:11:24,358 [WARN] PackLoader:240 - Cannot read IP mode file for STMicroelectronics.X-CUBE-GNSS1.7.0.0
2024-11-17 09:11:24,371 [WARN] PackLoader:240 - Cannot read IP mode file for STMicroelectronics.FP-SNS-STBOX1.2.0.0
2024-11-17 09:11:24,388 [WARN] PackLoader:240 - Cannot read IP mode file for STMicroelectronics.X-CUBE-SUBG2.5.0.0
2024-11-17 09:11:24,410 [WARN] PackLoader:240 - Cannot read IP mode file for Cesanta.I-CUBE-Mongoose.7.13.0
2024-11-17 09:11:24,438 [WARN] PackLoader:240 - Cannot read IP mode file for STMicroelectronics.X-CUBE-AZRTOS-G4.2.0.0
2024-11-17 09:11:24,466 [WARN] PackLoader:240 - Cannot read IP mode file for Infineon.AIROC-Wi-Fi-Bluetooth-STM32.1.5.1
2024-11-17 09:11:24,486 [WARN] PackLoader:240 - Cannot read IP mode file for STMicroelectronics.FP-SNS-MOTENVWB1.1.3.0
2024-11-17 09:11:24,502 [WARN] PackLoader:240 - Cannot read IP mode file for STMicroelectronics.FP-SNS-MOTENVWB1.1.3.1
2024-11-17 09:11:24,517 [WARN] PackLoader:240 - Cannot read IP mode file for STMicroelectronics.X-CUBE-ISPU.2.0.0
2024-11-17 09:11:24,533 [WARN] PackLoader:240 - Cannot read IP mode file for STMicroelectronics.X-CUBE-ALS.1.0.2
2024-11-17 09:11:24,580 [WARN] PackLoader:240 - Cannot read IP mode file for STMicroelectronics.X-CUBE-MEMS1.10.0.0
2024-11-17 09:11:24,655 [WARN] PackLoader:240 - Cannot read IP mode file for STMicroelectronics.X-CUBE-FREERTOS.1.1.0
2024-11-17 09:11:24,673 [WARN] PackLoader:240 - Cannot read IP mode file for STMicroelectronics.X-CUBE-TOUCHGFX.4.24.0
2024-11-17 09:11:24,688 [WARN] PackLoader:240 - Cannot read IP mode file for STMicroelectronics.X-CUBE-TOUCHGFX.4.24.1
2024-11-17 09:11:24,702 [WARN] PackLoader:240 - Cannot read IP mode file for portGmbH.I-Cube-SoM-uGOAL.1.1.0
2024-11-17 09:11:24,714 [WARN] PackLoader:240 - Cannot read IP mode file for STMicroelectronics.X-CUBE-ALS.1.0.1
2024-11-17 09:11:24,737 [WARN] PackLoader:240 - Cannot read IP mode file for STMicroelectronics.X-CUBE-AZRTOS-H7RS.1.0.0
2024-11-17 09:11:24,749 [WARN] PackLoader:240 - Cannot read IP mode file for STMicroelectronics.FP-ATR-ASTRA1.2.0.0
2024-11-17 09:11:24,764 [WARN] PackLoader:240 - Cannot read IP mode file for STMicroelectronics.X-CUBE-TOF1.3.4.2
2024-11-17 09:11:24,783 [WARN] PackLoader:240 - Cannot read IP mode file for STMicroelectronics.X-CUBE-TOF1.3.4.0
2024-11-17 09:11:24,801 [WARN] PackLoader:240 - Cannot read IP mode file for STMicroelectronics.X-CUBE-TOF1.3.4.1
2024-11-17 09:11:24,827 [WARN] PackLoader:240 - Cannot read IP mode file for STMicroelectronics.X-CUBE-AZRTOS-H7.3.2.0
2024-11-17 09:11:24,841 [WARN] PackLoader:240 - Cannot read IP mode file for wolfSSL.I-CUBE-wolfSSH.1.4.17
2024-11-17 09:11:24,842 [INFO] ThirdParty:978 - Integrity check success = true
2024-11-17 09:11:24,842 [INFO] IntegrityCheckThread:100 - exiting critical section [integrity check]
2024-11-17 09:11:24,842 [INFO] IntegrityCheckThread:103 - End integrity checks thread
2024-11-17 09:11:27,305 [INFO] WebApp:161 - Instantiating new browser for Auth
2024-11-17 09:11:27,803 [INFO] WebApp:780 - Register for checkConnection events
2024-11-17 09:11:27,803 [INFO] WebApp:414 - Apply proxy settings
2024-11-17 09:11:27,804 [INFO] WebApp:499 - Chromium requires no authentication
2024-11-17 09:11:27,811 [INFO] WebApp:442 - Direct internet connection detected
2024-11-17 09:11:27,949 [INFO] WebApp:192 - Starting web application
2024-11-17 09:11:27,949 [INFO] WebApp:544 - Web application path used C:\ST\STM32CubeIDE_1.14.0\STM32CubeIDE\plugins\com.st.stm32cube.common.mx_6.10.0.202311202037\db\plugins\mcufinder\reactClient1\index.html
2024-11-17 09:11:48,653 [ERROR] LogOutputStream:75 - [STDERR_REDIRECT] SLF4J: Failed to load class "org.slf4j.impl.StaticLoggerBinder".
2024-11-17 09:11:48,654 [ERROR] LogOutputStream:75 - [STDERR_REDIRECT] SLF4J: Defaulting to no-operation (NOP) logger implementation
2024-11-17 09:11:48,655 [ERROR] LogOutputStream:75 - [STDERR_REDIRECT] SLF4J: See http://www.slf4j.org/codes.html#StaticLoggerBinder for further details.
2024-11-17 10:09:14,216 [ERROR] LogOutputStream:75 - [STDERR_REDIRECT] 
