2025-10-03 23:46:18,465 [INFO] Activator:176 - 


2025-10-03 23:46:18,469 [INFO] Activator:177 - !SESSION log4j initialized
2025-10-03 23:46:23,923 [INFO] LogOutputStream:77 - [STDOUT_REDIRECT] 
2025-10-03 23:46:40,907 [INFO] ApplicationProperties:184 - Using Application install path: C:\ST\STM32CubeIDE_1.14.0\STM32CubeIDE\plugins\com.st.stm32cube.common.mx_6.10.0.202311202037
2025-10-03 23:46:40,919 [INFO] DbMcusXml:78 - Set database path to: C:\ST\STM32CubeIDE_1.14.0\STM32CubeIDE\plugins\com.st.stm32cube.common.mx_6.10.0.202311202037\\db\/mcu/
2025-10-03 23:46:40,919 [INFO] ApiDb:274 - Set plugin database path to: C:\ST\STM32CubeIDE_1.14.0\STM32CubeIDE\plugins\com.st.stm32cube.common.mx_6.10.0.202311202037\\db\/plugins/boardmanager/
2025-10-03 23:46:40,919 [WARN] ApiDb:259 - Overriding images path with different value:  => C:\ST\STM32CubeIDE_1.14.0\STM32CubeIDE\plugins\com.st.stm32cube.common.mx_6.10.0.202311202037\\db\/plugins/mcufinder/images/
2025-10-03 23:46:40,940 [INFO] ApiDb:250 - Set database path to: C:\Users\georg\.stmcufinder\plugins\mcufinder//mcu/
2025-10-03 23:46:40,940 [INFO] DbMcusAds:125 - Set database path to: C:\Users\georg\.stmcufinder\plugins\mcufinder//mcu/
2025-10-03 23:46:40,960 [INFO] CrossReferenceDbSqlite:203 - Set database path to: C:\Users\georg\.stmcufinder\plugins\mcufinder//mcu/cs/
2025-10-03 23:46:41,048 [INFO] RulesReader:64 - Compatibility file has been processed (297 Rules)
2025-10-03 23:46:41,120 [INFO] DbMcusXml:78 - Set database path to: C:\ST\STM32CubeIDE_1.14.0\STM32CubeIDE\plugins\com.st.stm32cube.common.mx_6.10.0.202311202037\\db\/mcu/
2025-10-03 23:46:41,120 [INFO] ApiDb:274 - Set plugin database path to: C:\ST\STM32CubeIDE_1.14.0\STM32CubeIDE\plugins\com.st.stm32cube.common.mx_6.10.0.202311202037\\db\/plugins/boardmanager/
2025-10-03 23:46:41,120 [INFO] ApiDb:261 - Set plugin images path to: C:\ST\STM32CubeIDE_1.14.0\STM32CubeIDE\plugins\com.st.stm32cube.common.mx_6.10.0.202311202037\\db\/plugins/mcufinder/images/
2025-10-03 23:46:41,120 [WARN] DbFile:41 - Overriding database path with different value: C:\Users\georg\.stmcufinder\plugins\mcufinder/ => C:\Users\georg\.stmcufinder\plugins\mcufinder
2025-10-03 23:46:41,120 [INFO] ApiDb:250 - Set database path to: C:\Users\georg\.stmcufinder\plugins\mcufinder//mcu/
2025-10-03 23:46:41,120 [WARN] DbFile:41 - Overriding database path with different value: C:\Users\georg\.stmcufinder\plugins\mcufinder/ => C:\Users\georg\.stmcufinder\plugins\mcufinder
2025-10-03 23:46:41,120 [INFO] DbMcusAds:125 - Set database path to: C:\Users\georg\.stmcufinder\plugins\mcufinder//mcu/
2025-10-03 23:46:41,120 [WARN] DbFile:41 - Overriding database path with different value: C:\Users\georg\.stmcufinder\plugins\mcufinder/ => C:\Users\georg\.stmcufinder\plugins\mcufinder
2025-10-03 23:46:41,120 [WARN] DbFile:41 - Overriding database path with different value: C:\Users\georg\.stmcufinder\plugins\mcufinder/ => C:\Users\georg\.stmcufinder\plugins\mcufinder
2025-10-03 23:46:41,120 [INFO] CrossReferenceDbSqlite:203 - Set database path to: C:\Users\georg\.stmcufinder\plugins\mcufinder//mcu/cs/
2025-10-03 23:46:41,183 [INFO] MainPanel:264 - HeapMemory: 645922816
2025-10-03 23:46:41,251 [INFO] DbMcusXml:78 - Set database path to: C:\ST\STM32CubeIDE_1.14.0\STM32CubeIDE\plugins\com.st.stm32cube.common.mx_6.10.0.202311202037\\db\/mcu/
2025-10-03 23:46:41,251 [INFO] ApiDb:274 - Set plugin database path to: C:\ST\STM32CubeIDE_1.14.0\STM32CubeIDE\plugins\com.st.stm32cube.common.mx_6.10.0.202311202037\\db\/plugins/boardmanager/
2025-10-03 23:46:41,251 [INFO] ApiDb:261 - Set plugin images path to: C:\ST\STM32CubeIDE_1.14.0\STM32CubeIDE\plugins\com.st.stm32cube.common.mx_6.10.0.202311202037\\db\/plugins/mcufinder/images/
2025-10-03 23:46:41,251 [WARN] DbFile:41 - Overriding database path with different value: C:\Users\georg\.stmcufinder\plugins\mcufinder/ => C:\Users\georg\.stmcufinder\plugins\mcufinder
2025-10-03 23:46:41,251 [INFO] ApiDb:250 - Set database path to: C:\Users\georg\.stmcufinder\plugins\mcufinder//mcu/
2025-10-03 23:46:41,251 [WARN] DbFile:41 - Overriding database path with different value: C:\Users\georg\.stmcufinder\plugins\mcufinder/ => C:\Users\georg\.stmcufinder\plugins\mcufinder
2025-10-03 23:46:41,251 [INFO] DbMcusAds:125 - Set database path to: C:\Users\georg\.stmcufinder\plugins\mcufinder//mcu/
2025-10-03 23:46:41,251 [WARN] DbFile:41 - Overriding database path with different value: C:\Users\georg\.stmcufinder\plugins\mcufinder/ => C:\Users\georg\.stmcufinder\plugins\mcufinder
2025-10-03 23:46:41,251 [WARN] DbFile:41 - Overriding database path with different value: C:\Users\georg\.stmcufinder\plugins\mcufinder/ => C:\Users\georg\.stmcufinder\plugins\mcufinder
2025-10-03 23:46:41,251 [INFO] CrossReferenceDbSqlite:203 - Set database path to: C:\Users\georg\.stmcufinder\plugins\mcufinder//mcu/cs/
2025-10-03 23:46:41,267 [INFO] ApplicationProperties:184 - Using Application install path: C:\ST\STM32CubeIDE_1.14.0\STM32CubeIDE\plugins\com.st.stm32cube.common.mx_6.10.0.202311202037
2025-10-03 23:46:41,267 [INFO] PluginManage:196 - Search for loadable plugins [exclusion list=, ]
2025-10-03 23:46:41,271 [INFO] PluginManage:310 - Check plugin analytics
2025-10-03 23:46:56,990 [INFO] AnalyticsPlugin:253 - Accepted Software Licenses: STM32CubeMX.6.12.0
2025-10-03 23:46:56,990 [INFO] AnalyticsPlugin:255 - Accepted CMSIS Pack Licenses: STMicroelectronics.X-CUBE-TOF1.3.4.1
2025-10-03 23:46:56,991 [INFO] AnalyticsPlugin:257 - Accepted Firmware Licenses: FW.F4.1.28.0,FW.H7.1.11.0,FW.F4.1.27.0
2025-10-03 23:46:56,992 [INFO] PluginManage:359 - Loaded plugin analytics (category:tool,tabindex:-1)
2025-10-03 23:46:56,993 [INFO] PluginManage:310 - Check plugin cadmodel
2025-10-03 23:46:57,015 [INFO] CADModel:105 - Init CAD model plugin
2025-10-03 23:46:57,015 [INFO] PluginManage:359 - Loaded plugin cadmodel (category:power,tabindex:5)
2025-10-03 23:46:57,015 [INFO] PluginManage:310 - Check plugin clock
2025-10-03 23:46:57,045 [INFO] PluginManage:359 - Loaded plugin clock (category:base,tabindex:2)
2025-10-03 23:46:57,045 [INFO] PluginManage:310 - Check plugin ddr
2025-10-03 23:46:57,047 [INFO] PluginManage:359 - Loaded plugin ddr (category:tool,tabindex:6)
2025-10-03 23:46:57,047 [INFO] PluginManage:310 - Check plugin filemanager
2025-10-03 23:46:57,251 [INFO] PluginManage:359 - Loaded plugin filemanager (category:base,tabindex:10)
2025-10-03 23:46:57,251 [INFO] PluginManage:310 - Check plugin ipmanager
2025-10-03 23:46:57,260 [INFO] PluginManage:359 - Loaded plugin ipmanager (category:base,tabindex:5)
2025-10-03 23:46:57,260 [INFO] PluginManage:310 - Check plugin lpbam
2025-10-03 23:46:57,285 [INFO] PluginManage:359 - Loaded plugin lpbam (category:base,tabindex:0)
2025-10-03 23:46:57,285 [INFO] PluginManage:310 - Check plugin memorymap
2025-10-03 23:46:57,315 [INFO] PluginManage:359 - Loaded plugin memorymap (category:base,tabindex:4)
2025-10-03 23:46:57,316 [INFO] PluginManage:310 - Check plugin pinoutandconfiguration
2025-10-03 23:46:57,338 [INFO] PluginManage:359 - Loaded plugin pinoutandconfiguration (category:base,tabindex:1)
2025-10-03 23:46:57,338 [INFO] PluginManage:310 - Check plugin pinoutconfig
2025-10-03 23:46:57,442 [WARN] SupportedApi:132 - Cannot load RTOS API schema: s4s-elt-must-match.1: The content of 'definitions' must match (annotation?, (simpleType | complexType)?, (unique | key | keyref)*)). A problem was found starting at: attribute.
2025-10-03 23:46:57,567 [INFO] PluginManage:359 - Loaded plugin pinoutconfig (category:base,tabindex:0)
2025-10-03 23:46:57,568 [INFO] PluginManage:310 - Check plugin power
2025-10-03 23:46:57,593 [INFO] PluginManage:359 - Loaded plugin power (category:power,tabindex:4)
2025-10-03 23:46:57,597 [INFO] PluginManage:310 - Check plugin projectmanager
2025-10-03 23:46:57,612 [INFO] PluginManage:359 - Loaded plugin projectmanager (category:projectmanager,tabindex:3)
2025-10-03 23:46:57,612 [INFO] PluginManage:310 - Check plugin thirdparty
2025-10-03 23:46:57,984 [INFO] PluginManage:359 - Loaded plugin thirdparty (category:base,tabindex:-1)
2025-10-03 23:46:57,984 [WARN] IntegrityCheckThread:84 - waiting for thirdparty lock release [integrity check]
2025-10-03 23:46:57,984 [INFO] PluginManage:310 - Check plugin tools
2025-10-03 23:46:57,984 [INFO] IntegrityCheckThread:86 - entering critical section [integrity check]
2025-10-03 23:46:57,985 [INFO] ThirdPartyUpdaterWithRetryManager:70 - Updater plugin not ready yet. [1/15]
2025-10-03 23:46:58,045 [INFO] PluginManage:359 - Loaded plugin tools (category:base,tabindex:7)
2025-10-03 23:46:58,045 [INFO] PluginManage:310 - Check plugin tutovideos
2025-10-03 23:46:58,264 [INFO] PluginManage:359 - Loaded plugin tutovideos (category:base,tabindex:-1)
2025-10-03 23:46:58,265 [INFO] PluginManage:310 - Check plugin updater
2025-10-03 23:46:58,280 [INFO] PluginManage:359 - Loaded plugin updater (category:base,tabindex:12)
2025-10-03 23:46:58,280 [INFO] PluginManage:310 - Check plugin userauth
2025-10-03 23:46:58,290 [INFO] UserAuth:114 - Init User Auth plugin
2025-10-03 23:46:58,291 [INFO] PluginManage:359 - Loaded plugin userauth (category:base,tabindex:14)
2025-10-03 23:46:58,292 [INFO] PluginManage:283 - PluginManage : Loaded plugins [17]
2025-10-03 23:46:58,593 [INFO] PinOutPanel:1499 - setPackage(No Configuration,No Configuration)
2025-10-03 23:46:58,688 [INFO] CADModel:165 - CPN selected for project level
2025-10-03 23:46:58,688 [INFO] CADModel:114 - Register for checkConnection events
2025-10-03 23:46:58,730 [INFO] IPUIPlugin:80 - create IPUIPlugin
2025-10-03 23:46:58,731 [INFO] PluginManager:220 - loadIPPluginJar : add adc
2025-10-03 23:46:58,808 [INFO] IPUIPlugin:80 - create IPUIPlugin
2025-10-03 23:46:58,808 [INFO] PluginManager:220 - loadIPPluginJar : add aes
2025-10-03 23:46:58,884 [INFO] IPUIPlugin:80 - create IPUIPlugin
2025-10-03 23:46:58,885 [INFO] PluginManager:220 - loadIPPluginJar : add can
2025-10-03 23:46:58,938 [INFO] IPUIPlugin:80 - create IPUIPlugin
2025-10-03 23:46:58,938 [INFO] PluginManager:220 - loadIPPluginJar : add comp
2025-10-03 23:46:59,003 [INFO] IPUIPlugin:80 - create IPUIPlugin
2025-10-03 23:46:59,004 [INFO] PluginManager:220 - loadIPPluginJar : add cryp
2025-10-03 23:46:59,072 [INFO] IPUIPlugin:80 - create IPUIPlugin
2025-10-03 23:46:59,072 [INFO] PluginManager:220 - loadIPPluginJar : add dfsdm
2025-10-03 23:46:59,095 [INFO] IPUIPlugin:80 - create IPUIPlugin
2025-10-03 23:46:59,096 [INFO] PluginManager:220 - loadIPPluginJar : add dma
2025-10-03 23:46:59,172 [INFO] IPUIPlugin:80 - create IPUIPlugin
2025-10-03 23:46:59,173 [INFO] PluginManager:220 - loadIPPluginJar : add dma3
2025-10-03 23:46:59,214 [INFO] IPUIPlugin:80 - create IPUIPlugin
2025-10-03 23:46:59,215 [INFO] PluginManager:220 - loadIPPluginJar : add fatfs
2025-10-03 23:46:59,320 [INFO] IPUIPlugin:80 - create IPUIPlugin
2025-10-03 23:46:59,320 [INFO] PluginManager:220 - loadIPPluginJar : add fmc
2025-10-03 23:46:59,348 [INFO] IPUIPlugin:80 - create IPUIPlugin
2025-10-03 23:46:59,349 [INFO] PluginManager:220 - loadIPPluginJar : add freertos
2025-10-03 23:46:59,390 [INFO] IPUIPlugin:80 - create IPUIPlugin
2025-10-03 23:46:59,390 [INFO] PluginManager:220 - loadIPPluginJar : add genericplugin
2025-10-03 23:46:59,638 [INFO] IPUIPlugin:80 - create IPUIPlugin
2025-10-03 23:46:59,639 [INFO] PluginManager:220 - loadIPPluginJar : add gfxmmu
2025-10-03 23:46:59,887 [INFO] IPUIPlugin:80 - create IPUIPlugin
2025-10-03 23:46:59,887 [INFO] PluginManager:220 - loadIPPluginJar : add gic
2025-10-03 23:46:59,907 [INFO] IPUIPlugin:80 - create IPUIPlugin
2025-10-03 23:46:59,907 [INFO] PluginManager:220 - loadIPPluginJar : add gpio
2025-10-03 23:47:00,027 [INFO] IPUIPlugin:80 - create IPUIPlugin
2025-10-03 23:47:00,027 [INFO] PluginManager:220 - loadIPPluginJar : add gtzc
2025-10-03 23:47:00,077 [INFO] IPUIPlugin:80 - create IPUIPlugin
2025-10-03 23:47:00,077 [INFO] PluginManager:220 - loadIPPluginJar : add hash
2025-10-03 23:47:00,160 [INFO] IPUIPlugin:80 - create IPUIPlugin
2025-10-03 23:47:00,160 [INFO] PluginManager:220 - loadIPPluginJar : add i2c
2025-10-03 23:47:00,210 [INFO] IPUIPlugin:80 - create IPUIPlugin
2025-10-03 23:47:00,210 [INFO] PluginManager:220 - loadIPPluginJar : add i2s
2025-10-03 23:47:00,262 [INFO] IPUIPlugin:80 - create IPUIPlugin
2025-10-03 23:47:00,262 [INFO] PluginManager:220 - loadIPPluginJar : add i3c
2025-10-03 23:47:00,385 [INFO] IPUIPlugin:80 - create IPUIPlugin
2025-10-03 23:47:00,385 [INFO] PluginManager:220 - loadIPPluginJar : add ipddr
2025-10-03 23:47:00,495 [INFO] IPUIPlugin:80 - create IPUIPlugin
2025-10-03 23:47:00,495 [INFO] PluginManager:220 - loadIPPluginJar : add linkedlist
2025-10-03 23:47:00,544 [INFO] IPUIPlugin:80 - create IPUIPlugin
2025-10-03 23:47:00,544 [INFO] PluginManager:220 - loadIPPluginJar : add lorawan
2025-10-03 23:47:00,588 [INFO] IPUIPlugin:80 - create IPUIPlugin
2025-10-03 23:47:00,589 [INFO] PluginManager:220 - loadIPPluginJar : add ltdc
2025-10-03 23:47:00,605 [INFO] IPUIPlugin:80 - create IPUIPlugin
2025-10-03 23:47:00,605 [INFO] PluginManager:220 - loadIPPluginJar : add mdma
2025-10-03 23:47:00,621 [INFO] IPUIPlugin:80 - create IPUIPlugin
2025-10-03 23:47:00,622 [INFO] PluginManager:220 - loadIPPluginJar : add nvic
2025-10-03 23:47:00,670 [INFO] IPUIPlugin:80 - create IPUIPlugin
2025-10-03 23:47:00,670 [INFO] PluginManager:220 - loadIPPluginJar : add opamp
2025-10-03 23:47:00,745 [INFO] IPUIPlugin:80 - create IPUIPlugin
2025-10-03 23:47:00,745 [INFO] PluginManager:220 - loadIPPluginJar : add openamp
2025-10-03 23:47:00,798 [INFO] IPUIPlugin:80 - create IPUIPlugin
2025-10-03 23:47:00,799 [INFO] PluginManager:220 - loadIPPluginJar : add pdm2pcm
2025-10-03 23:47:00,817 [INFO] IPUIPlugin:80 - create IPUIPlugin
2025-10-03 23:47:00,819 [INFO] PluginManager:220 - loadIPPluginJar : add plateformsettings
2025-10-03 23:47:00,850 [INFO] IPUIPlugin:80 - create IPUIPlugin
2025-10-03 23:47:00,850 [INFO] PluginManager:220 - loadIPPluginJar : add quadspi
2025-10-03 23:47:00,866 [INFO] IPUIPlugin:80 - create IPUIPlugin
2025-10-03 23:47:00,866 [INFO] PluginManager:220 - loadIPPluginJar : add resmgrutility
2025-10-03 23:47:00,923 [INFO] IPUIPlugin:80 - create IPUIPlugin
2025-10-03 23:47:00,923 [INFO] PluginManager:220 - loadIPPluginJar : add sai
2025-10-03 23:47:00,968 [INFO] IPUIPlugin:80 - create IPUIPlugin
2025-10-03 23:47:00,969 [INFO] PluginManager:220 - loadIPPluginJar : add spi
2025-10-03 23:47:00,997 [INFO] ThirdPartyUpdaterWithRetryManager:70 - Updater plugin not ready yet. [2/15]
2025-10-03 23:47:01,051 [INFO] IPUIPlugin:80 - create IPUIPlugin
2025-10-03 23:47:01,051 [INFO] PluginManager:220 - loadIPPluginJar : add stm32_wpan
2025-10-03 23:47:01,083 [INFO] IPUIPlugin:80 - create IPUIPlugin
2025-10-03 23:47:01,084 [INFO] PluginManager:220 - loadIPPluginJar : add tim
2025-10-03 23:47:01,149 [INFO] IPUIPlugin:80 - create IPUIPlugin
2025-10-03 23:47:01,149 [INFO] PluginManager:220 - loadIPPluginJar : add touchsensing
2025-10-03 23:47:01,180 [INFO] IPUIPlugin:80 - create IPUIPlugin
2025-10-03 23:47:01,180 [INFO] PluginManager:220 - loadIPPluginJar : add tracer_emb
2025-10-03 23:47:01,212 [INFO] IPUIPlugin:80 - create IPUIPlugin
2025-10-03 23:47:01,212 [INFO] PluginManager:220 - loadIPPluginJar : add ts
2025-10-03 23:47:01,246 [INFO] IPUIPlugin:80 - create IPUIPlugin
2025-10-03 23:47:01,247 [INFO] PluginManager:220 - loadIPPluginJar : add tsc
2025-10-03 23:47:01,277 [INFO] IPUIPlugin:80 - create IPUIPlugin
2025-10-03 23:47:01,277 [INFO] PluginManager:220 - loadIPPluginJar : add ucpd
2025-10-03 23:47:01,336 [INFO] IPUIPlugin:80 - create IPUIPlugin
2025-10-03 23:47:01,336 [INFO] PluginManager:220 - loadIPPluginJar : add usart
2025-10-03 23:47:01,394 [INFO] IPUIPlugin:80 - create IPUIPlugin
2025-10-03 23:47:01,394 [INFO] PluginManager:220 - loadIPPluginJar : add usbx
2025-10-03 23:47:01,655 [INFO] CADModel:165 - CPN selected for project level
2025-10-03 23:47:01,655 [INFO] CADModel:114 - Register for checkConnection events
2025-10-03 23:47:01,656 [FATAL] Updater:308 - Updater called before beeing initialized
2025-10-03 23:47:01,656 [ERROR] CADModel:125 - Updater not yet initialized, retry later 
2025-10-03 23:47:01,747 [INFO] CADModel:165 - CPN selected for project level
2025-10-03 23:47:01,747 [INFO] CADModel:114 - Register for checkConnection events
2025-10-03 23:47:01,747 [FATAL] Updater:308 - Updater called before beeing initialized
2025-10-03 23:47:01,747 [ERROR] CADModel:125 - Updater not yet initialized, retry later 
2025-10-03 23:47:01,749 [FATAL] Updater:308 - Updater called before beeing initialized
2025-10-03 23:47:01,836 [FATAL] Updater:308 - Updater called before beeing initialized
2025-10-03 23:47:01,848 [INFO] DbMcusAds:53 - JSON generation date=Tue Jul 08 11:14:23 EEST 2025 (1751962463524)
2025-10-03 23:47:01,848 [FATAL] Updater:308 - Updater called before beeing initialized
2025-10-03 23:47:01,931 [WARN] DetailPanel:346 - Failed to get advertising image, set to default
2025-10-03 23:47:02,009 [FATAL] Updater:308 - Updater called before beeing initialized
2025-10-03 23:47:02,011 [FATAL] Updater:308 - Updater called before beeing initialized
2025-10-03 23:47:02,011 [FATAL] Updater:308 - Updater called before beeing initialized
2025-10-03 23:47:02,011 [WARN] DetailPanel:346 - Failed to get advertising image, set to default
2025-10-03 23:47:02,012 [FATAL] Updater:308 - Updater called before beeing initialized
2025-10-03 23:47:02,064 [ERROR] Updater:1120 - MainUpdater not yet initialized. External WinMGr cannot be set.
2025-10-03 23:47:02,075 [INFO] Updater:1056 - Updater Version found : 6.10.0
2025-10-03 23:47:02,088 [INFO] ApplicationProperties:184 - Using Application install path: C:\ST\STM32CubeIDE_1.14.0\STM32CubeIDE\plugins\com.st.stm32cube.common.mx_6.10.0.202311202037
2025-10-03 23:47:03,706 [ERROR] LogOutputStream:75 - [STDERR_REDIRECT] Oct 03, 2025 11:47:03 PM java.util.prefs.WindowsPreferences <init>
2025-10-03 23:47:03,707 [ERROR] LogOutputStream:75 - [STDERR_REDIRECT] WARNING: Could not open/create prefs root node Software\JavaSoft\Prefs at root 0xffffffff80000002. Windows RegCreateKeyEx(...) returned error code 5.
2025-10-03 23:47:03,708 [ERROR] LogOutputStream:75 - [STDERR_REDIRECT] 
2025-10-03 23:47:04,004 [INFO] ThirdPartyUpdaterWithRetryManager:70 - Updater plugin not ready yet. [3/15]
2025-10-03 23:47:04,243 [INFO] MainUpdater:2873 - connection check result : 10
2025-10-03 23:47:04,244 [INFO] MainUpdater:3567 - Updater definition file requires update
2025-10-03 23:47:04,245 [INFO] MainUpdater:290 - Updater Check For Update Now.
2025-10-03 23:47:04,245 [INFO] MicroXplorer:498 - Change Database Version : DB.6.0.100
2025-10-03 23:47:04,269 [INFO] McuFinderGlobals:63 - Set McuFinder mode to 2 (CubeIDE integrated)
2025-10-03 23:47:04,687 [INFO] UserAuth:404 - Internet connection configuration mode: 1
2025-10-03 23:47:04,713 [INFO] JxBrowserEngine:152 - Initiate JxBrowser Engine with user profile folder
2025-10-03 23:47:04,762 [INFO] ServerAccessManage:473 - Download File updaters.zip
2025-10-03 23:47:04,866 [INFO] FileExtend:240 - Unzip File : updaters.zip
2025-10-03 23:47:04,866 [INFO] FileExtend:255 - Standard Zip Deflate
2025-10-03 23:47:05,810 [INFO] ServerAccessManage:473 - Download File PacksControlFlags.xml
2025-10-03 23:47:06,004 [INFO] ServerAccessManage:473 - Download File cubemx.pidx
2025-10-03 23:47:06,888 [INFO] ServerAccessManage:473 - Download File STMicroelectronics.X-CUBE-FREERTOS.pdsc
2025-10-03 23:47:07,012 [WARN] MainUpdater:1194 - Updater busy. Cannot search thirdparties
2025-10-03 23:47:07,012 [INFO] ThirdPartyUpdaterWithRetryManager:96 - Updater plugin is busy. [1/15]
2025-10-03 23:47:08,100 [INFO] WebApp:161 - Instantiating new browser for Auth
2025-10-03 23:47:08,657 [INFO] WebApp:780 - Register for checkConnection events
2025-10-03 23:47:08,658 [INFO] WebApp:414 - Apply proxy settings
2025-10-03 23:47:08,658 [INFO] WebApp:499 - Chromium requires no authentication
2025-10-03 23:47:08,664 [INFO] WebApp:442 - Direct internet connection detected
2025-10-03 23:47:08,672 [INFO] ServerAccessManage:473 - Download File STMicroelectronics.X-CUBE-TOUCHGFX.pdsc
2025-10-03 23:47:08,788 [INFO] WebApp:192 - Starting web application
2025-10-03 23:47:08,788 [INFO] WebApp:544 - Web application path used C:\ST\STM32CubeIDE_1.14.0\STM32CubeIDE\plugins\com.st.stm32cube.common.mx_6.10.0.202311202037\db\plugins\mcufinder\reactClient1\index.html
2025-10-03 23:47:10,020 [WARN] MainUpdater:1194 - Updater busy. Cannot search thirdparties
2025-10-03 23:47:10,020 [INFO] ThirdPartyUpdaterWithRetryManager:96 - Updater plugin is busy. [2/15]
2025-10-03 23:47:13,022 [WARN] MainUpdater:1194 - Updater busy. Cannot search thirdparties
2025-10-03 23:47:13,022 [INFO] ThirdPartyUpdaterWithRetryManager:96 - Updater plugin is busy. [3/15]
2025-10-03 23:47:13,928 [WARN] PackLoader:240 - Cannot read IP mode file for STMicroelectronics.X-CUBE-FREERTOS.1.3.1
2025-10-03 23:47:13,935 [WARN] PackLoader:240 - Cannot read IP mode file for STMicroelectronics.X-CUBE-TOUCHGFX.4.26.0
2025-10-03 23:47:13,935 [INFO] PopulateThirdPartyThread:66 - Ending populate Thread
2025-10-03 23:47:13,936 [INFO] ThirdParty:1030 - CMSIS Pack Vendor :STMicroelectronics X-CUBE-FREERTOS 1.3.1
2025-10-03 23:47:13,936 [INFO] ThirdParty:1030 - CMSIS Pack Vendor :STMicroelectronics X-CUBE-TOUCHGFX 4.26.0
2025-10-03 23:47:13,937 [INFO] LoadServerUpdatesThread:375 - End of LoadServerUpdate Thread
2025-10-03 23:47:14,071 [INFO] CheckServerUpdateThread:120 - End of CheckServer Thread
2025-10-03 23:47:16,342 [WARN] PackLoader:240 - Cannot read IP mode file for STMicroelectronics.FP-SNS-MOTENVWB1.1.4.0
2025-10-03 23:47:16,348 [WARN] PackLoader:240 - Cannot read IP mode file for STMicroelectronics.FP-ATR-ASTRA1.2.0.2
2025-10-03 23:47:16,363 [WARN] PackLoader:240 - Cannot read IP mode file for STMicroelectronics.FP-ATR-ASTRA1.2.0.1
2025-10-03 23:47:16,380 [WARN] PackLoader:240 - Cannot read IP mode file for STMicroelectronics.X-CUBE-SMBUS.2.1.0
2025-10-03 23:47:16,397 [WARN] PackLoader:240 - Cannot read IP mode file for STMicroelectronics.X-CUBE-WB05N.1.1.0
2025-10-03 23:47:16,411 [ERROR] Engine:466 - C:\Users\georg\.stm32cubemx\thirdparties\pdsc\STMicroelectronics.X-CUBE-ST60.1.0.0.pdsc: PDSC version is not supported
2025-10-03 23:47:16,425 [WARN] PackLoader:240 - Cannot read IP mode file for STMicroelectronics.X-CUBE-TOUCHGFX.4.23.0
2025-10-03 23:47:16,457 [WARN] PackLoader:240 - Cannot read IP mode file for STMicroelectronics.X-CUBE-AZRTOS-F7.1.1.0
2025-10-03 23:47:16,476 [WARN] PackLoader:240 - Cannot read IP mode file for STMicroelectronics.FP-SNS-MOTENV1.4.3.2
2025-10-03 23:47:16,527 [WARN] PackLoader:240 - Cannot read IP mode file for STMicroelectronics.X-CUBE-MEMS1.11.0.0
2025-10-03 23:47:16,637 [WARN] PackLoader:240 - Cannot read IP mode file for STMicroelectronics.FP-SNS-FLIGHT1.5.0.2
2025-10-03 23:47:16,674 [WARN] PackLoader:240 - Cannot read IP mode file for STMicroelectronics.X-CUBE-AZRTOS-H7.3.4.0
2025-10-03 23:47:16,702 [WARN] PackLoader:240 - Cannot read IP mode file for STMicroelectronics.X-CUBE-DISPLAY.3.0.0
2025-10-03 23:47:16,725 [WARN] PackLoader:240 - Cannot read IP mode file for STMicroelectronics.X-CUBE-BLE1.7.0.0
2025-10-03 23:47:16,750 [WARN] PackLoader:240 - Cannot read IP mode file for STMicroelectronics.X-CUBE-NFC10.1.0.0
2025-10-03 23:47:16,778 [WARN] PackLoader:240 - Cannot read IP mode file for STMicroelectronics.X-CUBE-BLEMGR.4.0.0
2025-10-03 23:47:16,802 [WARN] PackLoader:240 - Cannot read IP mode file for emotas.I-CUBE-CANOPEN.1.3.0
2025-10-03 23:47:16,821 [WARN] PackLoader:240 - Cannot read IP mode file for STMicroelectronics.X-CUBE-TOUCHGFX.4.22.1
2025-10-03 23:47:16,847 [WARN] PackLoader:240 - Cannot read IP mode file for STMicroelectronics.X-CUBE-BLEMGR.3.1.0
2025-10-03 23:47:16,872 [WARN] PackLoader:240 - Cannot read IP mode file for STMicroelectronics.X-CUBE-AI.10.0.0
2025-10-03 23:47:16,893 [ERROR] Engine:466 - C:\Users\georg\.stm32cubemx\thirdparties\pdsc\STMicroelectronics.FP-SNS-STBOX1.2.1.0.pdsc: PDSC version is not supported
2025-10-03 23:47:16,914 [WARN] PackLoader:240 - Cannot read IP mode file for STMicroelectronics.FP-SNS-SMARTAG2.1.2.0
2025-10-03 23:47:16,918 [ERROR] Engine:466 - C:\Users\georg\.stm32cubemx\thirdparties\pdsc\STMicroelectronics.FP-SNS-FLIGHT1.5.1.0.pdsc: PDSC version is not supported
2025-10-03 23:47:16,966 [WARN] PackLoader:240 - Cannot read IP mode file for STMicroelectronics.X-CUBE-MEMS1.11.1.0
2025-10-03 23:47:17,057 [INFO] LogOutputStream:77 - [STDOUT_REDIRECT] 1 : Invalid condition id : UX_CORESTACK_Condition cause : null
2025-10-03 23:47:17,058 [INFO] LogOutputStream:77 - [STDOUT_REDIRECT] 1 : Invalid condition id : UX_CORESTACK_Condition cause : null
2025-10-03 23:47:17,058 [INFO] LogOutputStream:77 - [STDOUT_REDIRECT] 1 : Invalid condition id : UX_CORESTACK_Condition cause : null
2025-10-03 23:47:17,059 [INFO] LogOutputStream:77 - [STDOUT_REDIRECT] 1 : Invalid condition id : UX_CORESTACK_Condition cause : null
2025-10-03 23:47:17,060 [INFO] LogOutputStream:77 - [STDOUT_REDIRECT] 1 : Invalid condition id : UX_CORESTACK_Condition cause : null
2025-10-03 23:47:17,062 [WARN] PackLoader:240 - Cannot read IP mode file for STMicroelectronics.X-CUBE-AZRTOS-WL.2.0.0
2025-10-03 23:47:17,082 [WARN] PackLoader:240 - Cannot read IP mode file for STMicroelectronics.FP-SNS-MOTENV1.5.0.0
2025-10-03 23:47:17,090 [WARN] PackLoader:240 - Cannot read IP mode file for wolfSSL.I-CUBE-wolfMQTT.1.19.0
2025-10-03 23:47:17,113 [WARN] PackLoader:240 - Cannot read IP mode file for WES.I-CUBE-Cesium.1.3.0
2025-10-03 23:47:17,138 [WARN] PackLoader:240 - Cannot read IP mode file for STMicroelectronics.X-CUBE-BLE2.3.3.0
2025-10-03 23:47:17,163 [WARN] PackLoader:240 - Cannot read IP mode file for STMicroelectronics.X-CUBE-NFC9.1.0.0
2025-10-03 23:47:17,184 [WARN] PackLoader:240 - Cannot read IP mode file for STMicroelectronics.X-CUBE-BLE1.7.1.0
2025-10-03 23:47:17,205 [WARN] PackLoader:240 - Cannot read IP mode file for STMicroelectronics.X-CUBE-TCPP.4.1.0
2025-10-03 23:47:17,226 [WARN] PackLoader:240 - Cannot read IP mode file for STMicroelectronics.X-CUBE-EEPRMA1.5.2.0
2025-10-03 23:47:17,243 [WARN] PackLoader:240 - Cannot read IP mode file for STMicroelectronics.X-CUBE-AI.10.1.0
2025-10-03 23:47:17,258 [WARN] PackLoader:240 - Cannot read IP mode file for STMicroelectronics.X-CUBE-ALGOBUILD.1.3.0
2025-10-03 23:47:17,297 [WARN] PackLoader:240 - Cannot read IP mode file for STMicroelectronics.X-CUBE-MEMS1.11.2.0
2025-10-03 23:47:17,374 [WARN] PackLoader:240 - Cannot read IP mode file for STMicroelectronics.X-CUBE-AZRTOS-G0.1.1.0
2025-10-03 23:47:17,393 [WARN] PackLoader:240 - Cannot read IP mode file for STMicroelectronics.X-CUBE-SAFEA1.1.2.2
2025-10-03 23:47:17,409 [WARN] PackLoader:240 - Cannot read IP mode file for STMicroelectronics.X-CUBE-NFC4.3.0.0
2025-10-03 23:47:17,428 [WARN] PackLoader:240 - Cannot read IP mode file for EmbeddedOffice.I-CUBE-FS-RTOS.1.0.1
2025-10-03 23:47:17,428 [ERROR] ConditionMgr:805 - Attr not supported : Dmpu
2025-10-03 23:47:17,428 [ERROR] ConditionMgr:805 - Attr not supported : Dmpu
2025-10-03 23:47:17,428 [ERROR] ConditionMgr:805 - Attr not supported : Dmpu
2025-10-03 23:47:17,429 [ERROR] ConditionMgr:805 - Attr not supported : Dmpu
2025-10-03 23:47:17,429 [ERROR] ConditionMgr:805 - Attr not supported : Dmpu
2025-10-03 23:47:17,429 [ERROR] ConditionMgr:805 - Attr not supported : Dmpu
2025-10-03 23:47:17,429 [ERROR] ConditionMgr:805 - Attr not supported : Dmpu
2025-10-03 23:47:17,429 [ERROR] ConditionMgr:805 - Attr not supported : Dmpu
2025-10-03 23:47:17,429 [ERROR] ConditionMgr:805 - Attr not supported : Dmpu
2025-10-03 23:47:17,429 [ERROR] ConditionMgr:805 - Attr not supported : Dmpu
2025-10-03 23:47:17,429 [ERROR] ConditionMgr:805 - Attr not supported : Dmpu
2025-10-03 23:47:17,429 [ERROR] ConditionMgr:805 - Attr not supported : Dmpu
2025-10-03 23:47:17,429 [ERROR] ConditionMgr:805 - Attr not supported : Dmpu
2025-10-03 23:47:17,429 [ERROR] ConditionMgr:805 - Attr not supported : Dmpu
2025-10-03 23:47:17,429 [ERROR] ConditionMgr:805 - Attr not supported : Dmpu
2025-10-03 23:47:17,429 [ERROR] ConditionMgr:805 - Attr not supported : Dmpu
2025-10-03 23:47:17,429 [ERROR] ConditionMgr:805 - Attr not supported : Dmpu
2025-10-03 23:47:17,429 [ERROR] ConditionMgr:805 - Attr not supported : Dmpu
2025-10-03 23:47:17,429 [ERROR] ConditionMgr:805 - Attr not supported : Dmpu
2025-10-03 23:47:17,429 [ERROR] ConditionMgr:805 - Attr not supported : Dmpu
2025-10-03 23:47:17,429 [ERROR] ConditionMgr:805 - Attr not supported : Dmpu
2025-10-03 23:47:17,429 [ERROR] ConditionMgr:805 - Attr not supported : Dmpu
2025-10-03 23:47:17,429 [ERROR] ConditionMgr:805 - Attr not supported : Dmpu
2025-10-03 23:47:17,429 [ERROR] ConditionMgr:805 - Attr not supported : Dmpu
2025-10-03 23:47:17,429 [ERROR] ConditionMgr:805 - Attr not supported : Dmpu
2025-10-03 23:47:17,429 [ERROR] ConditionMgr:805 - Attr not supported : Dmpu
2025-10-03 23:47:17,429 [ERROR] ConditionMgr:805 - Attr not supported : Dmpu
2025-10-03 23:47:17,429 [ERROR] ConditionMgr:805 - Attr not supported : Dmpu
2025-10-03 23:47:17,429 [ERROR] ConditionMgr:805 - Attr not supported : Dmpu
2025-10-03 23:47:17,429 [ERROR] ConditionMgr:805 - Attr not supported : Dmpu
2025-10-03 23:47:17,429 [ERROR] ConditionMgr:805 - Attr not supported : Dmpu
2025-10-03 23:47:17,429 [ERROR] ConditionMgr:805 - Attr not supported : Dmpu
2025-10-03 23:47:17,430 [ERROR] ConditionMgr:805 - Attr not supported : Dmpu
2025-10-03 23:47:17,430 [ERROR] ConditionMgr:805 - Attr not supported : Dmpu
2025-10-03 23:47:17,430 [ERROR] ConditionMgr:805 - Attr not supported : Dmpu
2025-10-03 23:47:17,430 [ERROR] ConditionMgr:805 - Attr not supported : Dmpu
2025-10-03 23:47:17,430 [ERROR] ConditionMgr:805 - Attr not supported : Dmpu
2025-10-03 23:47:17,430 [ERROR] ConditionMgr:805 - Attr not supported : Dmpu
2025-10-03 23:47:17,430 [ERROR] ConditionMgr:805 - Attr not supported : Dmpu
2025-10-03 23:47:17,430 [ERROR] ConditionMgr:805 - Attr not supported : Dmpu
2025-10-03 23:47:17,430 [ERROR] ConditionMgr:805 - Attr not supported : Dmpu
2025-10-03 23:47:17,430 [ERROR] ConditionMgr:805 - Attr not supported : Dmpu
2025-10-03 23:47:17,430 [ERROR] ConditionMgr:805 - Attr not supported : Dmpu
2025-10-03 23:47:17,430 [ERROR] ConditionMgr:805 - Attr not supported : Dmpu
2025-10-03 23:47:17,430 [ERROR] ConditionMgr:805 - Attr not supported : Dmpu
2025-10-03 23:47:17,430 [ERROR] ConditionMgr:805 - Attr not supported : Dmpu
2025-10-03 23:47:17,430 [ERROR] ConditionMgr:805 - Attr not supported : Dmpu
2025-10-03 23:47:17,430 [ERROR] ConditionMgr:805 - Attr not supported : Dmpu
2025-10-03 23:47:17,430 [ERROR] ConditionMgr:805 - Attr not supported : Dmpu
2025-10-03 23:47:17,430 [ERROR] ConditionMgr:805 - Attr not supported : Dmpu
2025-10-03 23:47:17,430 [ERROR] ConditionMgr:805 - Attr not supported : Dmpu
2025-10-03 23:47:17,430 [ERROR] ConditionMgr:805 - Attr not supported : Dmpu
2025-10-03 23:47:17,430 [ERROR] ConditionMgr:805 - Attr not supported : Dmpu
2025-10-03 23:47:17,430 [ERROR] ConditionMgr:805 - Attr not supported : Dmpu
2025-10-03 23:47:17,430 [ERROR] ConditionMgr:805 - Attr not supported : Dmpu
2025-10-03 23:47:17,430 [ERROR] ConditionMgr:805 - Attr not supported : Dmpu
2025-10-03 23:47:17,430 [ERROR] ConditionMgr:805 - Attr not supported : Dmpu
2025-10-03 23:47:17,430 [ERROR] ConditionMgr:805 - Attr not supported : Dmpu
2025-10-03 23:47:17,430 [ERROR] ConditionMgr:805 - Attr not supported : Dmpu
2025-10-03 23:47:17,430 [ERROR] ConditionMgr:805 - Attr not supported : Dmpu
2025-10-03 23:47:17,430 [ERROR] ConditionMgr:805 - Attr not supported : Dmpu
2025-10-03 23:47:17,430 [ERROR] ConditionMgr:805 - Attr not supported : Dmpu
2025-10-03 23:47:17,431 [ERROR] ConditionMgr:805 - Attr not supported : Dmpu
2025-10-03 23:47:17,431 [ERROR] ConditionMgr:805 - Attr not supported : Dmpu
2025-10-03 23:47:17,445 [WARN] PackLoader:240 - Cannot read IP mode file for STMicroelectronics.X-CUBE-WB05N.2.0.0
2025-10-03 23:47:17,462 [WARN] PackLoader:240 - Cannot read IP mode file for STMicroelectronics.X-CUBE-BLEMGR.3.0.0
2025-10-03 23:47:17,477 [ERROR] Engine:466 - C:\Users\georg\.stm32cubemx\thirdparties\pdsc\STMicroelectronics.X-CUBE-TCPP.4.2.0.pdsc: PDSC version is not supported
2025-10-03 23:47:17,493 [WARN] PackLoader:240 - Cannot read IP mode file for RealThread.X-CUBE-RT-Thread_Nano.4.1.1
2025-10-03 23:47:17,498 [WARN] PackLoader:240 - Cannot read IP mode file for STMicroelectronics.FP-ATR-SIGFOX1.3.2.0
2025-10-03 23:47:17,503 [WARN] ConditionMgr:438 - getConditionDescription Invalid condition id : Cortex-A Device cause : null
2025-10-03 23:47:17,521 [WARN] ConditionMgr:1039 - genDependencies : Invalid condition id : Cortex-A Device cause : null
2025-10-03 23:47:17,521 [WARN] ConditionMgr:1039 - genDependencies : Invalid condition id : Cortex-A Device cause : null
2025-10-03 23:47:17,521 [WARN] ConditionMgr:1039 - genDependencies : Invalid condition id : Cortex-A Device cause : null
2025-10-03 23:47:17,537 [WARN] PackLoader:240 - Cannot read IP mode file for STMicroelectronics.X-CUBE-EEPRMA1.5.1.0
2025-10-03 23:47:17,553 [ERROR] Engine:466 - C:\Users\georg\.stm32cubemx\thirdparties\pdsc\STMicroelectronics.X-CUBE-ST67W61.1.0.0.pdsc: PDSC version is not supported
2025-10-03 23:47:17,567 [WARN] PackLoader:240 - Cannot read IP mode file for STMicroelectronics.X-CUBE-AI.10.2.0
2025-10-03 23:47:17,595 [WARN] PackLoader:240 - Cannot read IP mode file for SEGGER.I-CUBE-embOS.1.3.1
2025-10-03 23:47:17,629 [WARN] PackLoader:240 - Cannot read IP mode file for STMicroelectronics.X-CUBE-ALGOBUILD.1.4.0
2025-10-03 23:47:17,672 [WARN] PackLoader:240 - Cannot read IP mode file for STMicroelectronics.X-CUBE-MEMS1.11.3.0
2025-10-03 23:47:17,759 [WARN] PackLoader:240 - Cannot read IP mode file for STMicroelectronics.X-CUBE-AI.9.1.0
2025-10-03 23:47:17,776 [WARN] PackLoader:240 - Cannot read IP mode file for STMicroelectronics.X-CUBE-PM33A1.1.0.0
2025-10-03 23:47:17,793 [WARN] PackLoader:240 - Cannot read IP mode file for STMicroelectronics.X-CUBE-GNSS1.6.0.0
2025-10-03 23:47:17,822 [WARN] PackLoader:240 - Cannot read IP mode file for STMicroelectronics.X-CUBE-AZRTOS-F4.1.1.0
2025-10-03 23:47:17,839 [WARN] PackLoader:240 - Cannot read IP mode file for wolfSSL.I-CUBE-wolfSSL.5.6.4
2025-10-03 23:47:17,854 [ERROR] Engine:466 - C:\Users\georg\.stm32cubemx\thirdparties\pdsc\Avnet-IotConnect.X-CUBE-IoTC-DA16k-PMOD.1.0.0.pdsc: PDSC version is not supported
2025-10-03 23:47:17,871 [WARN] PackLoader:240 - Cannot read IP mode file for STMicroelectronics.X-CUBE-ISPU.2.1.0
2025-10-03 23:47:17,887 [WARN] PackLoader:240 - Cannot read IP mode file for STMicroelectronics.X-CUBE-FREERTOS.1.2.0
2025-10-03 23:47:17,904 [WARN] PackLoader:240 - Cannot read IP mode file for STMicroelectronics.X-CUBE-NFC12.1.0.0
2025-10-03 23:47:17,932 [WARN] PackLoader:240 - Cannot read IP mode file for STMicroelectronics.X-CUBE-AZRTOS-L5.2.0.0
2025-10-03 23:47:17,950 [WARN] PackLoader:240 - Cannot read IP mode file for STMicroelectronics.X-CUBE-EEPRMA1.4.2.0
2025-10-03 23:47:17,968 [WARN] PackLoader:240 - Cannot read IP mode file for STMicroelectronics.X-CUBE-NFC6.3.1.0
2025-10-03 23:47:17,985 [WARN] PackLoader:240 - Cannot read IP mode file for ITTIA_DB.I-CUBE-ITTIADB.8.8.0
2025-10-03 23:47:18,002 [WARN] PackLoader:240 - Cannot read IP mode file for STMicroelectronics.X-CUBE-DPower.1.2.0
2025-10-03 23:47:18,018 [WARN] PackLoader:240 - Cannot read IP mode file for STMicroelectronics.X-CUBE-AI.9.0.0
2025-10-03 23:47:18,042 [WARN] ConditionMgr:438 - getConditionDescription Invalid condition id : UX DEVICE CLASS RTOS Condition cause : null
2025-10-03 23:47:18,042 [WARN] ConditionMgr:438 - getConditionDescription Invalid condition id : UX DEVICE CLASS RTOS Condition cause : null
2025-10-03 23:47:18,043 [WARN] PackLoader:240 - Cannot read IP mode file for STMicroelectronics.X-CUBE-AZRTOS-H7.3.1.0
2025-10-03 23:47:18,043 [WARN] ConditionMgr:1039 - genDependencies : Invalid condition id : UX DEVICE CLASS RTOS Condition cause : null
2025-10-03 23:47:18,044 [WARN] ConditionMgr:1039 - genDependencies : Invalid condition id : UX DEVICE CLASS RTOS Condition cause : null
2025-10-03 23:47:18,044 [WARN] ConditionMgr:1039 - genDependencies : Invalid condition id : UX DEVICE CLASS RTOS Condition cause : null
2025-10-03 23:47:18,044 [WARN] ConditionMgr:1039 - genDependencies : Invalid condition id : UX DEVICE CLASS RTOS Condition cause : null
2025-10-03 23:47:18,044 [WARN] ConditionMgr:1039 - genDependencies : Invalid condition id : UX DEVICE CLASS RTOS Condition cause : null
2025-10-03 23:47:18,048 [WARN] PackLoader:240 - Cannot read IP mode file for STMicroelectronics.X-CUBE-FREERTOS.1.3.1
2025-10-03 23:47:18,063 [WARN] PackLoader:240 - Cannot read IP mode file for STMicroelectronics.X-CUBE-FREERTOS.1.3.0
2025-10-03 23:47:18,079 [WARN] PackLoader:240 - Cannot read IP mode file for STMicroelectronics.X-CUBE-NFC7.1.0.1
2025-10-03 23:47:18,084 [WARN] PackLoader:240 - Cannot read IP mode file for wolfSSL.I-CUBE-wolfTPM.3.2.0
2025-10-03 23:47:18,086 [WARN] PackLoader:240 - Cannot read IP mode file for STMicroelectronics.X-CUBE-TOUCHGFX.4.26.0
2025-10-03 23:47:18,102 [WARN] PackLoader:240 - Cannot read IP mode file for STMicroelectronics.X-CUBE-NFC6.3.0.0
2025-10-03 23:47:18,116 [ERROR] Engine:466 - C:\Users\georg\.stm32cubemx\thirdparties\pdsc\STMicroelectronics.FP-SNS-STAIOTCFT.1.0.0.pdsc: PDSC version is not supported
2025-10-03 23:47:18,131 [WARN] PackLoader:240 - Cannot read IP mode file for STMicroelectronics.X-CUBE-DPower.1.3.0
2025-10-03 23:47:18,144 [WARN] PackLoader:240 - Cannot read IP mode file for STMicroelectronics.X-CUBE-AI.8.1.0
2025-10-03 23:47:18,169 [WARN] ConditionMgr:438 - getConditionDescription Invalid condition id : LAN8742 Phy interface Condition cause : null
2025-10-03 23:47:18,170 [WARN] PackLoader:240 - Cannot read IP mode file for STMicroelectronics.X-CUBE-AZRTOS-L4.2.0.0
2025-10-03 23:47:18,170 [WARN] ConditionMgr:1039 - genDependencies : Invalid condition id : LAN8742 Phy interface Condition cause : null
2025-10-03 23:47:18,170 [WARN] ConditionMgr:1039 - genDependencies : Invalid condition id : LAN8742 Phy interface Condition cause : null
2025-10-03 23:47:18,171 [WARN] ConditionMgr:1039 - genDependencies : Invalid condition id : LAN8742 Phy interface Condition cause : null
2025-10-03 23:47:18,187 [WARN] PackLoader:240 - Cannot read IP mode file for STMicroelectronics.X-CUBE-SFXS2LP1.4.0.0
2025-10-03 23:47:18,205 [WARN] PackLoader:240 - Cannot read IP mode file for STMicroelectronics.X-CUBE-ISPU.1.1.0
2025-10-03 23:47:18,233 [WARN] PackLoader:240 - Cannot read IP mode file for STMicroelectronics.X-CUBE-AZRTOS-H7.3.3.0
2025-10-03 23:47:18,251 [ERROR] Engine:466 - C:\Users\georg\.stm32cubemx\thirdparties\pdsc\STMicroelectronics.X-CUBE-BLEMGR.4.1.0.pdsc: PDSC version is not supported
2025-10-03 23:47:18,269 [WARN] PackLoader:240 - Cannot read IP mode file for STMicroelectronics.X-CUBE-IPS.3.0.0
2025-10-03 23:47:18,292 [WARN] ConditionMgr:438 - getConditionDescription Invalid condition id : UX DEVICE CLASS RTOS Condition cause : null
2025-10-03 23:47:18,292 [WARN] ConditionMgr:438 - getConditionDescription Invalid condition id : UX DEVICE CLASS RTOS Condition cause : null
2025-10-03 23:47:18,293 [WARN] PackLoader:240 - Cannot read IP mode file for STMicroelectronics.X-CUBE-AZRTOS-WB.2.0.0
2025-10-03 23:47:18,293 [WARN] ConditionMgr:1039 - genDependencies : Invalid condition id : UX DEVICE CLASS RTOS Condition cause : null
2025-10-03 23:47:18,293 [WARN] ConditionMgr:1039 - genDependencies : Invalid condition id : UX DEVICE CLASS RTOS Condition cause : null
2025-10-03 23:47:18,293 [WARN] ConditionMgr:1039 - genDependencies : Invalid condition id : UX DEVICE CLASS RTOS Condition cause : null
2025-10-03 23:47:18,294 [WARN] ConditionMgr:1039 - genDependencies : Invalid condition id : UX DEVICE CLASS RTOS Condition cause : null
2025-10-03 23:47:18,294 [WARN] ConditionMgr:1039 - genDependencies : Invalid condition id : UX DEVICE CLASS RTOS Condition cause : null
2025-10-03 23:47:18,310 [WARN] PackLoader:240 - Cannot read IP mode file for STMicroelectronics.X-CUBE-GNSS1.7.0.0
2025-10-03 23:47:18,325 [WARN] PackLoader:240 - Cannot read IP mode file for STMicroelectronics.X-CUBE-GNSS1.7.0.1
2025-10-03 23:47:18,340 [WARN] PackLoader:240 - Cannot read IP mode file for STMicroelectronics.X-CUBE-TOUCHGFX.4.25.0
2025-10-03 23:47:18,356 [WARN] PackLoader:240 - Cannot read IP mode file for STMicroelectronics.FP-SNS-STBOX1.2.0.0
2025-10-03 23:47:18,374 [WARN] PackLoader:240 - Cannot read IP mode file for STMicroelectronics.X-CUBE-SUBG2.5.0.0
2025-10-03 23:47:18,401 [WARN] PackLoader:240 - Cannot read IP mode file for STMicroelectronics.X-CUBE-AZRTOS-H7RS.1.1.0
2025-10-03 23:47:18,407 [WARN] PackLoader:240 - Cannot read IP mode file for Cesanta.I-CUBE-Mongoose.7.13.0
2025-10-03 23:47:18,431 [WARN] PackLoader:240 - Cannot read IP mode file for STMicroelectronics.X-CUBE-AZRTOS-G4.2.0.0
2025-10-03 23:47:18,453 [WARN] PackLoader:240 - Cannot read IP mode file for Infineon.AIROC-Wi-Fi-Bluetooth-STM32.1.5.1
2025-10-03 23:47:18,471 [WARN] PackLoader:240 - Cannot read IP mode file for STMicroelectronics.FP-SNS-MOTENVWB1.1.3.0
2025-10-03 23:47:18,487 [WARN] PackLoader:240 - Cannot read IP mode file for STMicroelectronics.X-CUBE-NFC7.2.0.0
2025-10-03 23:47:18,501 [WARN] PackLoader:240 - Cannot read IP mode file for STMicroelectronics.FP-SNS-MOTENVWB1.1.3.1
2025-10-03 23:47:18,515 [WARN] PackLoader:240 - Cannot read IP mode file for STMicroelectronics.X-CUBE-ISPU.2.0.0
2025-10-03 23:47:18,530 [ERROR] Engine:466 - C:\Users\georg\.stm32cubemx\thirdparties\pdsc\STMicroelectronics.X-CUBE-IPS.3.1.0.pdsc: PDSC version is not supported
2025-10-03 23:47:18,545 [WARN] PackLoader:240 - Cannot read IP mode file for STMicroelectronics.X-CUBE-ALS.1.0.2
2025-10-03 23:47:18,575 [WARN] PackLoader:240 - Cannot read IP mode file for STMicroelectronics.X-CUBE-MEMS1.10.0.0
2025-10-03 23:47:18,627 [WARN] PackLoader:240 - Cannot read IP mode file for STMicroelectronics.X-CUBE-FREERTOS.1.1.0
2025-10-03 23:47:18,641 [WARN] PackLoader:240 - Cannot read IP mode file for STMicroelectronics.X-CUBE-TOUCHGFX.4.24.0
2025-10-03 23:47:18,655 [WARN] PackLoader:240 - Cannot read IP mode file for STMicroelectronics.X-CUBE-TOUCHGFX.4.24.2
2025-10-03 23:47:18,670 [WARN] PackLoader:240 - Cannot read IP mode file for STMicroelectronics.X-CUBE-TOUCHGFX.4.24.1
2025-10-03 23:47:18,686 [WARN] PackLoader:240 - Cannot read IP mode file for STMicroelectronics.X-CUBE-STSE01.1.0.0
2025-10-03 23:47:18,703 [WARN] PackLoader:240 - Cannot read IP mode file for portGmbH.I-Cube-SoM-uGOAL.1.1.0
2025-10-03 23:47:18,716 [WARN] PackLoader:240 - Cannot read IP mode file for STMicroelectronics.X-CUBE-ALS.1.0.1
2025-10-03 23:47:18,740 [WARN] PackLoader:240 - Cannot read IP mode file for STMicroelectronics.X-CUBE-AZRTOS-H7RS.1.0.0
2025-10-03 23:47:18,756 [WARN] PackLoader:240 - Cannot read IP mode file for STMicroelectronics.FP-ATR-ASTRA1.2.0.0
2025-10-03 23:47:18,774 [WARN] PackLoader:240 - Cannot read IP mode file for STMicroelectronics.X-CUBE-TOF1.3.4.2
2025-10-03 23:47:18,792 [ERROR] Engine:466 - C:\Users\georg\.stm32cubemx\thirdparties\pdsc\STMicroelectronics.X-CUBE-TOF1.3.4.3.pdsc: PDSC version is not supported
2025-10-03 23:47:18,810 [WARN] PackLoader:240 - Cannot read IP mode file for STMicroelectronics.X-CUBE-TOF1.3.4.0
2025-10-03 23:47:18,836 [WARN] PackLoader:240 - Cannot read IP mode file for STMicroelectronics.X-CUBE-TOF1.3.4.1
2025-10-03 23:47:18,929 [WARN] PackLoader:240 - Cannot read IP mode file for STMicroelectronics.X-CUBE-AZRTOS-H7.3.2.0
2025-10-03 23:47:18,935 [WARN] PackLoader:240 - Cannot read IP mode file for wolfSSL.I-CUBE-wolfSSH.1.4.17
2025-10-03 23:47:18,936 [INFO] ThirdParty:978 - Integrity check success = true
2025-10-03 23:47:18,936 [INFO] IntegrityCheckThread:100 - exiting critical section [integrity check]
2025-10-03 23:47:18,936 [INFO] IntegrityCheckThread:103 - End integrity checks thread
2025-10-03 23:47:29,668 [ERROR] LogOutputStream:75 - [STDERR_REDIRECT] SLF4J: Failed to load class "org.slf4j.impl.StaticLoggerBinder".
2025-10-03 23:47:29,669 [ERROR] LogOutputStream:75 - [STDERR_REDIRECT] SLF4J: Defaulting to no-operation (NOP) logger implementation
2025-10-03 23:47:29,670 [ERROR] LogOutputStream:75 - [STDERR_REDIRECT] SLF4J: See http://www.slf4j.org/codes.html#StaticLoggerBinder for further details.
