2025-07-02 17:45:26,133 [INFO] Activator:176 - 


2025-07-02 17:45:26,138 [INFO] Activator:177 - !SESSION log4j initialized
2025-07-02 17:45:30,756 [INFO] LogOutputStream:77 - [STDOUT_REDIRECT] 
2025-07-02 17:45:32,909 [INFO] ApplicationProperties:184 - Using Application install path: C:\ST\STM32CubeIDE_1.14.0\STM32CubeIDE\plugins\com.st.stm32cube.common.mx_6.10.0.202311202037
2025-07-02 17:45:32,924 [INFO] DbMcusXml:78 - Set database path to: C:\ST\STM32CubeIDE_1.14.0\STM32CubeIDE\plugins\com.st.stm32cube.common.mx_6.10.0.202311202037\\db\/mcu/
2025-07-02 17:45:32,924 [INFO] ApiDb:274 - Set plugin database path to: C:\ST\STM32CubeIDE_1.14.0\STM32CubeIDE\plugins\com.st.stm32cube.common.mx_6.10.0.202311202037\\db\/plugins/boardmanager/
2025-07-02 17:45:32,925 [WARN] ApiDb:259 - Overriding images path with different value:  => C:\ST\STM32CubeIDE_1.14.0\STM32CubeIDE\plugins\com.st.stm32cube.common.mx_6.10.0.202311202037\\db\/plugins/mcufinder/images/
2025-07-02 17:45:32,932 [INFO] ApiDb:250 - Set database path to: C:\Users\georg\.stmcufinder\plugins\mcufinder//mcu/
2025-07-02 17:45:32,933 [INFO] DbMcusAds:125 - Set database path to: C:\Users\georg\.stmcufinder\plugins\mcufinder//mcu/
2025-07-02 17:45:32,935 [INFO] CrossReferenceDbSqlite:203 - Set database path to: C:\Users\georg\.stmcufinder\plugins\mcufinder//mcu/cs/
2025-07-02 17:45:33,025 [INFO] RulesReader:64 - Compatibility file has been processed (297 Rules)
2025-07-02 17:45:33,109 [INFO] DbMcusXml:78 - Set database path to: C:\ST\STM32CubeIDE_1.14.0\STM32CubeIDE\plugins\com.st.stm32cube.common.mx_6.10.0.202311202037\\db\/mcu/
2025-07-02 17:45:33,109 [INFO] ApiDb:274 - Set plugin database path to: C:\ST\STM32CubeIDE_1.14.0\STM32CubeIDE\plugins\com.st.stm32cube.common.mx_6.10.0.202311202037\\db\/plugins/boardmanager/
2025-07-02 17:45:33,109 [INFO] ApiDb:261 - Set plugin images path to: C:\ST\STM32CubeIDE_1.14.0\STM32CubeIDE\plugins\com.st.stm32cube.common.mx_6.10.0.202311202037\\db\/plugins/mcufinder/images/
2025-07-02 17:45:33,109 [WARN] DbFile:41 - Overriding database path with different value: C:\Users\georg\.stmcufinder\plugins\mcufinder/ => C:\Users\georg\.stmcufinder\plugins\mcufinder
2025-07-02 17:45:33,109 [INFO] ApiDb:250 - Set database path to: C:\Users\georg\.stmcufinder\plugins\mcufinder//mcu/
2025-07-02 17:45:33,110 [WARN] DbFile:41 - Overriding database path with different value: C:\Users\georg\.stmcufinder\plugins\mcufinder/ => C:\Users\georg\.stmcufinder\plugins\mcufinder
2025-07-02 17:45:33,110 [INFO] DbMcusAds:125 - Set database path to: C:\Users\georg\.stmcufinder\plugins\mcufinder//mcu/
2025-07-02 17:45:33,110 [WARN] DbFile:41 - Overriding database path with different value: C:\Users\georg\.stmcufinder\plugins\mcufinder/ => C:\Users\georg\.stmcufinder\plugins\mcufinder
2025-07-02 17:45:33,110 [WARN] DbFile:41 - Overriding database path with different value: C:\Users\georg\.stmcufinder\plugins\mcufinder/ => C:\Users\georg\.stmcufinder\plugins\mcufinder
2025-07-02 17:45:33,110 [INFO] CrossReferenceDbSqlite:203 - Set database path to: C:\Users\georg\.stmcufinder\plugins\mcufinder//mcu/cs/
2025-07-02 17:45:33,200 [INFO] MainPanel:264 - HeapMemory: 272629760
2025-07-02 17:45:33,275 [INFO] DbMcusXml:78 - Set database path to: C:\ST\STM32CubeIDE_1.14.0\STM32CubeIDE\plugins\com.st.stm32cube.common.mx_6.10.0.202311202037\\db\/mcu/
2025-07-02 17:45:33,275 [INFO] ApiDb:274 - Set plugin database path to: C:\ST\STM32CubeIDE_1.14.0\STM32CubeIDE\plugins\com.st.stm32cube.common.mx_6.10.0.202311202037\\db\/plugins/boardmanager/
2025-07-02 17:45:33,275 [INFO] ApiDb:261 - Set plugin images path to: C:\ST\STM32CubeIDE_1.14.0\STM32CubeIDE\plugins\com.st.stm32cube.common.mx_6.10.0.202311202037\\db\/plugins/mcufinder/images/
2025-07-02 17:45:33,275 [WARN] DbFile:41 - Overriding database path with different value: C:\Users\georg\.stmcufinder\plugins\mcufinder/ => C:\Users\georg\.stmcufinder\plugins\mcufinder
2025-07-02 17:45:33,275 [INFO] ApiDb:250 - Set database path to: C:\Users\georg\.stmcufinder\plugins\mcufinder//mcu/
2025-07-02 17:45:33,275 [WARN] DbFile:41 - Overriding database path with different value: C:\Users\georg\.stmcufinder\plugins\mcufinder/ => C:\Users\georg\.stmcufinder\plugins\mcufinder
2025-07-02 17:45:33,276 [INFO] DbMcusAds:125 - Set database path to: C:\Users\georg\.stmcufinder\plugins\mcufinder//mcu/
2025-07-02 17:45:33,276 [WARN] DbFile:41 - Overriding database path with different value: C:\Users\georg\.stmcufinder\plugins\mcufinder/ => C:\Users\georg\.stmcufinder\plugins\mcufinder
2025-07-02 17:45:33,276 [WARN] DbFile:41 - Overriding database path with different value: C:\Users\georg\.stmcufinder\plugins\mcufinder/ => C:\Users\georg\.stmcufinder\plugins\mcufinder
2025-07-02 17:45:33,276 [INFO] CrossReferenceDbSqlite:203 - Set database path to: C:\Users\georg\.stmcufinder\plugins\mcufinder//mcu/cs/
2025-07-02 17:45:33,303 [INFO] ApplicationProperties:184 - Using Application install path: C:\ST\STM32CubeIDE_1.14.0\STM32CubeIDE\plugins\com.st.stm32cube.common.mx_6.10.0.202311202037
2025-07-02 17:45:33,306 [INFO] PluginManage:196 - Search for loadable plugins [exclusion list=, ]
2025-07-02 17:45:33,308 [INFO] PluginManage:310 - Check plugin analytics
2025-07-02 17:45:33,497 [INFO] AnalyticsPlugin:253 - Accepted Software Licenses: STM32CubeMX.6.12.0
2025-07-02 17:45:33,498 [INFO] AnalyticsPlugin:255 - Accepted CMSIS Pack Licenses: STMicroelectronics.X-CUBE-TOF1.3.4.1
2025-07-02 17:45:33,498 [INFO] AnalyticsPlugin:257 - Accepted Firmware Licenses: FW.F4.1.28.0,FW.H7.1.11.0,FW.F4.1.27.0
2025-07-02 17:45:33,502 [INFO] PluginManage:359 - Loaded plugin analytics (category:tool,tabindex:-1)
2025-07-02 17:45:33,502 [INFO] PluginManage:310 - Check plugin cadmodel
2025-07-02 17:45:33,510 [INFO] CADModel:105 - Init CAD model plugin
2025-07-02 17:45:33,512 [INFO] PluginManage:359 - Loaded plugin cadmodel (category:power,tabindex:5)
2025-07-02 17:45:33,512 [INFO] PluginManage:310 - Check plugin clock
2025-07-02 17:45:33,529 [INFO] PluginManage:359 - Loaded plugin clock (category:base,tabindex:2)
2025-07-02 17:45:33,530 [INFO] PluginManage:310 - Check plugin ddr
2025-07-02 17:45:33,534 [INFO] PluginManage:359 - Loaded plugin ddr (category:tool,tabindex:6)
2025-07-02 17:45:33,535 [INFO] PluginManage:310 - Check plugin filemanager
2025-07-02 17:45:33,699 [INFO] PluginManage:359 - Loaded plugin filemanager (category:base,tabindex:10)
2025-07-02 17:45:33,699 [INFO] PluginManage:310 - Check plugin ipmanager
2025-07-02 17:45:33,706 [INFO] PluginManage:359 - Loaded plugin ipmanager (category:base,tabindex:5)
2025-07-02 17:45:33,706 [INFO] PluginManage:310 - Check plugin lpbam
2025-07-02 17:45:33,715 [INFO] PluginManage:359 - Loaded plugin lpbam (category:base,tabindex:0)
2025-07-02 17:45:33,716 [INFO] PluginManage:310 - Check plugin memorymap
2025-07-02 17:45:33,728 [INFO] PluginManage:359 - Loaded plugin memorymap (category:base,tabindex:4)
2025-07-02 17:45:33,729 [INFO] PluginManage:310 - Check plugin pinoutandconfiguration
2025-07-02 17:45:33,737 [INFO] PluginManage:359 - Loaded plugin pinoutandconfiguration (category:base,tabindex:1)
2025-07-02 17:45:33,737 [INFO] PluginManage:310 - Check plugin pinoutconfig
2025-07-02 17:45:33,829 [WARN] SupportedApi:132 - Cannot load RTOS API schema: s4s-elt-must-match.1: The content of 'definitions' must match (annotation?, (simpleType | complexType)?, (unique | key | keyref)*)). A problem was found starting at: attribute.
2025-07-02 17:45:33,941 [INFO] PluginManage:359 - Loaded plugin pinoutconfig (category:base,tabindex:0)
2025-07-02 17:45:33,941 [INFO] PluginManage:310 - Check plugin power
2025-07-02 17:45:33,947 [INFO] PluginManage:359 - Loaded plugin power (category:power,tabindex:4)
2025-07-02 17:45:33,947 [INFO] PluginManage:310 - Check plugin projectmanager
2025-07-02 17:45:33,963 [INFO] PluginManage:359 - Loaded plugin projectmanager (category:projectmanager,tabindex:3)
2025-07-02 17:45:33,963 [INFO] PluginManage:310 - Check plugin thirdparty
2025-07-02 17:45:34,093 [INFO] PluginManage:359 - Loaded plugin thirdparty (category:base,tabindex:-1)
2025-07-02 17:45:34,093 [WARN] IntegrityCheckThread:84 - waiting for thirdparty lock release [integrity check]
2025-07-02 17:45:34,093 [INFO] PluginManage:310 - Check plugin tools
2025-07-02 17:45:34,093 [INFO] IntegrityCheckThread:86 - entering critical section [integrity check]
2025-07-02 17:45:34,094 [INFO] ThirdPartyUpdaterWithRetryManager:70 - Updater plugin not ready yet. [1/15]
2025-07-02 17:45:34,096 [INFO] PluginManage:359 - Loaded plugin tools (category:base,tabindex:7)
2025-07-02 17:45:34,096 [INFO] PluginManage:310 - Check plugin tutovideos
2025-07-02 17:45:34,376 [INFO] PluginManage:359 - Loaded plugin tutovideos (category:base,tabindex:-1)
2025-07-02 17:45:34,376 [INFO] PluginManage:310 - Check plugin updater
2025-07-02 17:45:34,387 [INFO] PluginManage:359 - Loaded plugin updater (category:base,tabindex:12)
2025-07-02 17:45:34,388 [INFO] PluginManage:310 - Check plugin userauth
2025-07-02 17:45:34,394 [INFO] UserAuth:114 - Init User Auth plugin
2025-07-02 17:45:34,394 [INFO] PluginManage:359 - Loaded plugin userauth (category:base,tabindex:14)
2025-07-02 17:45:34,394 [INFO] PluginManage:283 - PluginManage : Loaded plugins [17]
2025-07-02 17:45:34,626 [INFO] PinOutPanel:1499 - setPackage(No Configuration,No Configuration)
2025-07-02 17:45:34,720 [INFO] CADModel:165 - CPN selected for project level
2025-07-02 17:45:34,721 [INFO] CADModel:114 - Register for checkConnection events
2025-07-02 17:45:34,749 [INFO] IPUIPlugin:80 - create IPUIPlugin
2025-07-02 17:45:34,749 [INFO] PluginManager:220 - loadIPPluginJar : add adc
2025-07-02 17:45:34,755 [INFO] IPUIPlugin:80 - create IPUIPlugin
2025-07-02 17:45:34,755 [INFO] PluginManager:220 - loadIPPluginJar : add aes
2025-07-02 17:45:34,760 [INFO] IPUIPlugin:80 - create IPUIPlugin
2025-07-02 17:45:34,761 [INFO] PluginManager:220 - loadIPPluginJar : add can
2025-07-02 17:45:34,763 [INFO] IPUIPlugin:80 - create IPUIPlugin
2025-07-02 17:45:34,764 [INFO] PluginManager:220 - loadIPPluginJar : add comp
2025-07-02 17:45:34,769 [INFO] IPUIPlugin:80 - create IPUIPlugin
2025-07-02 17:45:34,769 [INFO] PluginManager:220 - loadIPPluginJar : add cryp
2025-07-02 17:45:34,774 [INFO] IPUIPlugin:80 - create IPUIPlugin
2025-07-02 17:45:34,774 [INFO] PluginManager:220 - loadIPPluginJar : add dfsdm
2025-07-02 17:45:34,784 [INFO] IPUIPlugin:80 - create IPUIPlugin
2025-07-02 17:45:34,784 [INFO] PluginManager:220 - loadIPPluginJar : add dma
2025-07-02 17:45:34,788 [INFO] IPUIPlugin:80 - create IPUIPlugin
2025-07-02 17:45:34,788 [INFO] PluginManager:220 - loadIPPluginJar : add dma3
2025-07-02 17:45:34,790 [INFO] IPUIPlugin:80 - create IPUIPlugin
2025-07-02 17:45:34,790 [INFO] PluginManager:220 - loadIPPluginJar : add fatfs
2025-07-02 17:45:34,796 [INFO] IPUIPlugin:80 - create IPUIPlugin
2025-07-02 17:45:34,797 [INFO] PluginManager:220 - loadIPPluginJar : add fmc
2025-07-02 17:45:34,802 [INFO] IPUIPlugin:80 - create IPUIPlugin
2025-07-02 17:45:34,802 [INFO] PluginManager:220 - loadIPPluginJar : add freertos
2025-07-02 17:45:34,805 [INFO] IPUIPlugin:80 - create IPUIPlugin
2025-07-02 17:45:34,805 [INFO] PluginManager:220 - loadIPPluginJar : add genericplugin
2025-07-02 17:45:34,808 [INFO] IPUIPlugin:80 - create IPUIPlugin
2025-07-02 17:45:34,809 [INFO] PluginManager:220 - loadIPPluginJar : add gfxmmu
2025-07-02 17:45:34,814 [INFO] IPUIPlugin:80 - create IPUIPlugin
2025-07-02 17:45:34,814 [INFO] PluginManager:220 - loadIPPluginJar : add gic
2025-07-02 17:45:34,819 [INFO] IPUIPlugin:80 - create IPUIPlugin
2025-07-02 17:45:34,819 [INFO] PluginManager:220 - loadIPPluginJar : add gpio
2025-07-02 17:45:34,823 [INFO] IPUIPlugin:80 - create IPUIPlugin
2025-07-02 17:45:34,823 [INFO] PluginManager:220 - loadIPPluginJar : add gtzc
2025-07-02 17:45:34,826 [INFO] IPUIPlugin:80 - create IPUIPlugin
2025-07-02 17:45:34,826 [INFO] PluginManager:220 - loadIPPluginJar : add hash
2025-07-02 17:45:34,829 [INFO] IPUIPlugin:80 - create IPUIPlugin
2025-07-02 17:45:34,829 [INFO] PluginManager:220 - loadIPPluginJar : add i2c
2025-07-02 17:45:34,833 [INFO] IPUIPlugin:80 - create IPUIPlugin
2025-07-02 17:45:34,834 [INFO] PluginManager:220 - loadIPPluginJar : add i2s
2025-07-02 17:45:34,838 [INFO] IPUIPlugin:80 - create IPUIPlugin
2025-07-02 17:45:34,838 [INFO] PluginManager:220 - loadIPPluginJar : add i3c
2025-07-02 17:45:34,842 [INFO] IPUIPlugin:80 - create IPUIPlugin
2025-07-02 17:45:34,843 [INFO] PluginManager:220 - loadIPPluginJar : add ipddr
2025-07-02 17:45:34,854 [INFO] IPUIPlugin:80 - create IPUIPlugin
2025-07-02 17:45:34,854 [INFO] PluginManager:220 - loadIPPluginJar : add linkedlist
2025-07-02 17:45:34,860 [INFO] IPUIPlugin:80 - create IPUIPlugin
2025-07-02 17:45:34,860 [INFO] PluginManager:220 - loadIPPluginJar : add lorawan
2025-07-02 17:45:34,863 [INFO] IPUIPlugin:80 - create IPUIPlugin
2025-07-02 17:45:34,863 [INFO] PluginManager:220 - loadIPPluginJar : add ltdc
2025-07-02 17:45:34,873 [INFO] IPUIPlugin:80 - create IPUIPlugin
2025-07-02 17:45:34,873 [INFO] PluginManager:220 - loadIPPluginJar : add mdma
2025-07-02 17:45:34,878 [INFO] IPUIPlugin:80 - create IPUIPlugin
2025-07-02 17:45:34,878 [INFO] PluginManager:220 - loadIPPluginJar : add nvic
2025-07-02 17:45:34,883 [INFO] IPUIPlugin:80 - create IPUIPlugin
2025-07-02 17:45:34,883 [INFO] PluginManager:220 - loadIPPluginJar : add opamp
2025-07-02 17:45:34,891 [INFO] IPUIPlugin:80 - create IPUIPlugin
2025-07-02 17:45:34,891 [INFO] PluginManager:220 - loadIPPluginJar : add openamp
2025-07-02 17:45:34,896 [INFO] IPUIPlugin:80 - create IPUIPlugin
2025-07-02 17:45:34,896 [INFO] PluginManager:220 - loadIPPluginJar : add pdm2pcm
2025-07-02 17:45:34,907 [INFO] IPUIPlugin:80 - create IPUIPlugin
2025-07-02 17:45:34,911 [INFO] PluginManager:220 - loadIPPluginJar : add plateformsettings
2025-07-02 17:45:34,914 [INFO] IPUIPlugin:80 - create IPUIPlugin
2025-07-02 17:45:34,915 [INFO] PluginManager:220 - loadIPPluginJar : add quadspi
2025-07-02 17:45:34,920 [INFO] IPUIPlugin:80 - create IPUIPlugin
2025-07-02 17:45:34,920 [INFO] PluginManager:220 - loadIPPluginJar : add resmgrutility
2025-07-02 17:45:34,924 [INFO] IPUIPlugin:80 - create IPUIPlugin
2025-07-02 17:45:34,924 [INFO] PluginManager:220 - loadIPPluginJar : add sai
2025-07-02 17:45:34,929 [INFO] IPUIPlugin:80 - create IPUIPlugin
2025-07-02 17:45:34,929 [INFO] PluginManager:220 - loadIPPluginJar : add spi
2025-07-02 17:45:34,937 [INFO] IPUIPlugin:80 - create IPUIPlugin
2025-07-02 17:45:34,937 [INFO] PluginManager:220 - loadIPPluginJar : add stm32_wpan
2025-07-02 17:45:34,941 [INFO] IPUIPlugin:80 - create IPUIPlugin
2025-07-02 17:45:34,942 [INFO] PluginManager:220 - loadIPPluginJar : add tim
2025-07-02 17:45:34,946 [INFO] IPUIPlugin:80 - create IPUIPlugin
2025-07-02 17:45:34,946 [INFO] PluginManager:220 - loadIPPluginJar : add touchsensing
2025-07-02 17:45:34,949 [INFO] IPUIPlugin:80 - create IPUIPlugin
2025-07-02 17:45:34,949 [INFO] PluginManager:220 - loadIPPluginJar : add tracer_emb
2025-07-02 17:45:34,952 [INFO] IPUIPlugin:80 - create IPUIPlugin
2025-07-02 17:45:34,952 [INFO] PluginManager:220 - loadIPPluginJar : add ts
2025-07-02 17:45:34,955 [INFO] IPUIPlugin:80 - create IPUIPlugin
2025-07-02 17:45:34,955 [INFO] PluginManager:220 - loadIPPluginJar : add tsc
2025-07-02 17:45:34,957 [INFO] IPUIPlugin:80 - create IPUIPlugin
2025-07-02 17:45:34,957 [INFO] PluginManager:220 - loadIPPluginJar : add ucpd
2025-07-02 17:45:34,961 [INFO] IPUIPlugin:80 - create IPUIPlugin
2025-07-02 17:45:34,961 [INFO] PluginManager:220 - loadIPPluginJar : add usart
2025-07-02 17:45:34,966 [INFO] IPUIPlugin:80 - create IPUIPlugin
2025-07-02 17:45:34,966 [INFO] PluginManager:220 - loadIPPluginJar : add usbx
2025-07-02 17:45:35,096 [INFO] CADModel:165 - CPN selected for project level
2025-07-02 17:45:35,096 [INFO] CADModel:114 - Register for checkConnection events
2025-07-02 17:45:35,097 [FATAL] Updater:308 - Updater called before beeing initialized
2025-07-02 17:45:35,097 [ERROR] CADModel:125 - Updater not yet initialized, retry later 
2025-07-02 17:45:35,258 [INFO] CADModel:165 - CPN selected for project level
2025-07-02 17:45:35,258 [INFO] CADModel:114 - Register for checkConnection events
2025-07-02 17:45:35,259 [FATAL] Updater:308 - Updater called before beeing initialized
2025-07-02 17:45:35,260 [ERROR] CADModel:125 - Updater not yet initialized, retry later 
2025-07-02 17:45:35,265 [FATAL] Updater:308 - Updater called before beeing initialized
2025-07-02 17:45:35,431 [FATAL] Updater:308 - Updater called before beeing initialized
2025-07-02 17:45:35,437 [INFO] DbMcusAds:53 - JSON generation date=Thu Jun 19 11:32:37 EEST 2025 (1750321957418)
2025-07-02 17:45:35,437 [FATAL] Updater:308 - Updater called before beeing initialized
2025-07-02 17:45:35,490 [WARN] DetailPanel:346 - Failed to get advertising image, set to default
2025-07-02 17:45:35,638 [FATAL] Updater:308 - Updater called before beeing initialized
2025-07-02 17:45:35,640 [FATAL] Updater:308 - Updater called before beeing initialized
2025-07-02 17:45:35,640 [FATAL] Updater:308 - Updater called before beeing initialized
2025-07-02 17:45:35,640 [WARN] DetailPanel:346 - Failed to get advertising image, set to default
2025-07-02 17:45:35,641 [FATAL] Updater:308 - Updater called before beeing initialized
2025-07-02 17:45:35,699 [ERROR] Updater:1120 - MainUpdater not yet initialized. External WinMGr cannot be set.
2025-07-02 17:45:35,703 [INFO] Updater:1056 - Updater Version found : 6.10.0
2025-07-02 17:45:35,730 [INFO] ApplicationProperties:184 - Using Application install path: C:\ST\STM32CubeIDE_1.14.0\STM32CubeIDE\plugins\com.st.stm32cube.common.mx_6.10.0.202311202037
2025-07-02 17:45:37,095 [INFO] ThirdPartyUpdaterWithRetryManager:70 - Updater plugin not ready yet. [2/15]
2025-07-02 17:45:37,307 [ERROR] LogOutputStream:75 - [STDERR_REDIRECT] Jul 02, 2025 5:45:37 PM java.util.prefs.WindowsPreferences <init>
2025-07-02 17:45:37,308 [ERROR] LogOutputStream:75 - [STDERR_REDIRECT] WARNING: Could not open/create prefs root node Software\JavaSoft\Prefs at root 0xffffffff80000002. Windows RegCreateKeyEx(...) returned error code 5.
2025-07-02 17:45:37,308 [ERROR] LogOutputStream:75 - [STDERR_REDIRECT] 
2025-07-02 17:45:37,812 [INFO] MainUpdater:2873 - connection check result : 10
2025-07-02 17:45:37,814 [INFO] MainUpdater:290 - Updater Check For Update Now.
2025-07-02 17:45:37,814 [INFO] MicroXplorer:498 - Change Database Version : DB.6.0.100
2025-07-02 17:45:37,824 [INFO] McuFinderGlobals:63 - Set McuFinder mode to 2 (CubeIDE integrated)
2025-07-02 17:45:38,066 [INFO] CheckServerUpdateThread:120 - End of CheckServer Thread
2025-07-02 17:45:38,378 [INFO] UserAuth:404 - Internet connection configuration mode: 1
2025-07-02 17:45:38,398 [INFO] JxBrowserEngine:152 - Initiate JxBrowser Engine with user profile folder
2025-07-02 17:45:39,193 [INFO] WebApp:161 - Instantiating new browser for Auth
2025-07-02 17:45:40,290 [INFO] WebApp:780 - Register for checkConnection events
2025-07-02 17:45:40,291 [INFO] WebApp:414 - Apply proxy settings
2025-07-02 17:45:40,291 [INFO] WebApp:499 - Chromium requires no authentication
2025-07-02 17:45:40,317 [INFO] WebApp:442 - Direct internet connection detected
2025-07-02 17:45:40,744 [WARN] PackLoader:240 - Cannot read IP mode file for STMicroelectronics.FP-SNS-MOTENVWB1.1.4.0
2025-07-02 17:45:40,754 [WARN] PackLoader:240 - Cannot read IP mode file for STMicroelectronics.FP-ATR-ASTRA1.2.0.2
2025-07-02 17:45:40,760 [WARN] PackLoader:240 - Cannot read IP mode file for STMicroelectronics.FP-ATR-ASTRA1.2.0.1
2025-07-02 17:45:40,777 [WARN] PackLoader:240 - Cannot read IP mode file for STMicroelectronics.X-CUBE-SMBUS.2.1.0
2025-07-02 17:45:40,790 [WARN] PackLoader:240 - Cannot read IP mode file for STMicroelectronics.X-CUBE-WB05N.1.1.0
2025-07-02 17:45:40,816 [ERROR] Engine:466 - C:\Users\georg\.stm32cubemx\thirdparties\pdsc\STMicroelectronics.X-CUBE-ST60.1.0.0.pdsc: PDSC version is not supported
2025-07-02 17:45:40,825 [WARN] PackLoader:240 - Cannot read IP mode file for STMicroelectronics.X-CUBE-TOUCHGFX.4.23.0
2025-07-02 17:45:40,885 [WARN] PackLoader:240 - Cannot read IP mode file for STMicroelectronics.X-CUBE-AZRTOS-F7.1.1.0
2025-07-02 17:45:40,907 [WARN] PackLoader:240 - Cannot read IP mode file for STMicroelectronics.FP-SNS-MOTENV1.4.3.2
2025-07-02 17:45:40,938 [INFO] WebApp:192 - Starting web application
2025-07-02 17:45:40,938 [INFO] WebApp:544 - Web application path used C:\ST\STM32CubeIDE_1.14.0\STM32CubeIDE\plugins\com.st.stm32cube.common.mx_6.10.0.202311202037\db\plugins\mcufinder\reactClient1\index.html
2025-07-02 17:45:41,021 [WARN] PackLoader:240 - Cannot read IP mode file for STMicroelectronics.X-CUBE-MEMS1.11.0.0
2025-07-02 17:45:41,430 [WARN] PackLoader:240 - Cannot read IP mode file for STMicroelectronics.FP-SNS-FLIGHT1.5.0.2
2025-07-02 17:45:41,442 [WARN] PackLoader:240 - Cannot read IP mode file for STMicroelectronics.X-CUBE-DISPLAY.3.0.0
2025-07-02 17:45:41,468 [WARN] PackLoader:240 - Cannot read IP mode file for STMicroelectronics.X-CUBE-BLE1.7.0.0
2025-07-02 17:45:41,479 [WARN] PackLoader:240 - Cannot read IP mode file for STMicroelectronics.X-CUBE-NFC10.1.0.0
2025-07-02 17:45:41,494 [WARN] PackLoader:240 - Cannot read IP mode file for STMicroelectronics.X-CUBE-BLEMGR.4.0.0
2025-07-02 17:45:41,509 [WARN] PackLoader:240 - Cannot read IP mode file for emotas.I-CUBE-CANOPEN.1.3.0
2025-07-02 17:45:41,514 [WARN] PackLoader:240 - Cannot read IP mode file for STMicroelectronics.X-CUBE-TOUCHGFX.4.22.1
2025-07-02 17:45:41,525 [WARN] PackLoader:240 - Cannot read IP mode file for STMicroelectronics.X-CUBE-BLEMGR.3.1.0
2025-07-02 17:45:41,535 [WARN] PackLoader:240 - Cannot read IP mode file for STMicroelectronics.X-CUBE-AI.10.0.0
2025-07-02 17:45:41,547 [WARN] PackLoader:240 - Cannot read IP mode file for STMicroelectronics.FP-SNS-SMARTAG2.1.2.0
2025-07-02 17:45:41,551 [ERROR] Engine:466 - C:\Users\georg\.stm32cubemx\thirdparties\pdsc\STMicroelectronics.FP-SNS-FLIGHT1.5.1.0.pdsc: PDSC version is not supported
2025-07-02 17:45:41,704 [WARN] PackLoader:240 - Cannot read IP mode file for STMicroelectronics.X-CUBE-MEMS1.11.1.0
2025-07-02 17:45:41,909 [INFO] LogOutputStream:77 - [STDOUT_REDIRECT] 1 : Invalid condition id : UX_CORESTACK_Condition cause : null
2025-07-02 17:45:41,910 [INFO] LogOutputStream:77 - [STDOUT_REDIRECT] 1 : Invalid condition id : UX_CORESTACK_Condition cause : null
2025-07-02 17:45:41,912 [INFO] LogOutputStream:77 - [STDOUT_REDIRECT] 1 : Invalid condition id : UX_CORESTACK_Condition cause : null
2025-07-02 17:45:41,913 [INFO] LogOutputStream:77 - [STDOUT_REDIRECT] 1 : Invalid condition id : UX_CORESTACK_Condition cause : null
2025-07-02 17:45:41,916 [INFO] LogOutputStream:77 - [STDOUT_REDIRECT] 1 : Invalid condition id : UX_CORESTACK_Condition cause : null
2025-07-02 17:45:41,923 [WARN] PackLoader:240 - Cannot read IP mode file for STMicroelectronics.X-CUBE-AZRTOS-WL.2.0.0
2025-07-02 17:45:41,934 [WARN] PackLoader:240 - Cannot read IP mode file for STMicroelectronics.FP-SNS-MOTENV1.5.0.0
2025-07-02 17:45:41,949 [WARN] PackLoader:240 - Cannot read IP mode file for wolfSSL.I-CUBE-wolfMQTT.1.19.0
2025-07-02 17:45:41,977 [WARN] PackLoader:240 - Cannot read IP mode file for WES.I-CUBE-Cesium.1.3.0
2025-07-02 17:45:41,989 [WARN] PackLoader:240 - Cannot read IP mode file for STMicroelectronics.X-CUBE-BLE2.3.3.0
2025-07-02 17:45:42,001 [WARN] PackLoader:240 - Cannot read IP mode file for STMicroelectronics.X-CUBE-NFC9.1.0.0
2025-07-02 17:45:42,008 [WARN] PackLoader:240 - Cannot read IP mode file for STMicroelectronics.X-CUBE-BLE1.7.1.0
2025-07-02 17:45:42,034 [WARN] PackLoader:240 - Cannot read IP mode file for STMicroelectronics.X-CUBE-TCPP.4.1.0
2025-07-02 17:45:42,043 [WARN] PackLoader:240 - Cannot read IP mode file for STMicroelectronics.X-CUBE-AI.10.1.0
2025-07-02 17:45:42,060 [WARN] PackLoader:240 - Cannot read IP mode file for STMicroelectronics.X-CUBE-ALGOBUILD.1.3.0
2025-07-02 17:45:42,154 [WARN] PackLoader:240 - Cannot read IP mode file for STMicroelectronics.X-CUBE-MEMS1.11.2.0
2025-07-02 17:45:42,310 [WARN] PackLoader:240 - Cannot read IP mode file for STMicroelectronics.X-CUBE-AZRTOS-G0.1.1.0
2025-07-02 17:45:42,321 [WARN] PackLoader:240 - Cannot read IP mode file for STMicroelectronics.X-CUBE-SAFEA1.1.2.2
2025-07-02 17:45:42,344 [WARN] PackLoader:240 - Cannot read IP mode file for STMicroelectronics.X-CUBE-NFC4.3.0.0
2025-07-02 17:45:42,360 [WARN] PackLoader:240 - Cannot read IP mode file for EmbeddedOffice.I-CUBE-FS-RTOS.1.0.1
2025-07-02 17:45:42,361 [ERROR] ConditionMgr:805 - Attr not supported : Dmpu
2025-07-02 17:45:42,361 [ERROR] ConditionMgr:805 - Attr not supported : Dmpu
2025-07-02 17:45:42,361 [ERROR] ConditionMgr:805 - Attr not supported : Dmpu
2025-07-02 17:45:42,361 [ERROR] ConditionMgr:805 - Attr not supported : Dmpu
2025-07-02 17:45:42,361 [ERROR] ConditionMgr:805 - Attr not supported : Dmpu
2025-07-02 17:45:42,361 [ERROR] ConditionMgr:805 - Attr not supported : Dmpu
2025-07-02 17:45:42,362 [ERROR] ConditionMgr:805 - Attr not supported : Dmpu
2025-07-02 17:45:42,362 [ERROR] ConditionMgr:805 - Attr not supported : Dmpu
2025-07-02 17:45:42,363 [ERROR] ConditionMgr:805 - Attr not supported : Dmpu
2025-07-02 17:45:42,363 [ERROR] ConditionMgr:805 - Attr not supported : Dmpu
2025-07-02 17:45:42,363 [ERROR] ConditionMgr:805 - Attr not supported : Dmpu
2025-07-02 17:45:42,363 [ERROR] ConditionMgr:805 - Attr not supported : Dmpu
2025-07-02 17:45:42,363 [ERROR] ConditionMgr:805 - Attr not supported : Dmpu
2025-07-02 17:45:42,363 [ERROR] ConditionMgr:805 - Attr not supported : Dmpu
2025-07-02 17:45:42,363 [ERROR] ConditionMgr:805 - Attr not supported : Dmpu
2025-07-02 17:45:42,363 [ERROR] ConditionMgr:805 - Attr not supported : Dmpu
2025-07-02 17:45:42,363 [ERROR] ConditionMgr:805 - Attr not supported : Dmpu
2025-07-02 17:45:42,364 [ERROR] ConditionMgr:805 - Attr not supported : Dmpu
2025-07-02 17:45:42,364 [ERROR] ConditionMgr:805 - Attr not supported : Dmpu
2025-07-02 17:45:42,364 [ERROR] ConditionMgr:805 - Attr not supported : Dmpu
2025-07-02 17:45:42,364 [ERROR] ConditionMgr:805 - Attr not supported : Dmpu
2025-07-02 17:45:42,364 [ERROR] ConditionMgr:805 - Attr not supported : Dmpu
2025-07-02 17:45:42,364 [ERROR] ConditionMgr:805 - Attr not supported : Dmpu
2025-07-02 17:45:42,364 [ERROR] ConditionMgr:805 - Attr not supported : Dmpu
2025-07-02 17:45:42,377 [ERROR] ConditionMgr:805 - Attr not supported : Dmpu
2025-07-02 17:45:42,378 [ERROR] ConditionMgr:805 - Attr not supported : Dmpu
2025-07-02 17:45:42,378 [ERROR] ConditionMgr:805 - Attr not supported : Dmpu
2025-07-02 17:45:42,378 [ERROR] ConditionMgr:805 - Attr not supported : Dmpu
2025-07-02 17:45:42,378 [ERROR] ConditionMgr:805 - Attr not supported : Dmpu
2025-07-02 17:45:42,378 [ERROR] ConditionMgr:805 - Attr not supported : Dmpu
2025-07-02 17:45:42,378 [ERROR] ConditionMgr:805 - Attr not supported : Dmpu
2025-07-02 17:45:42,378 [ERROR] ConditionMgr:805 - Attr not supported : Dmpu
2025-07-02 17:45:42,379 [ERROR] ConditionMgr:805 - Attr not supported : Dmpu
2025-07-02 17:45:42,379 [ERROR] ConditionMgr:805 - Attr not supported : Dmpu
2025-07-02 17:45:42,379 [ERROR] ConditionMgr:805 - Attr not supported : Dmpu
2025-07-02 17:45:42,379 [ERROR] ConditionMgr:805 - Attr not supported : Dmpu
2025-07-02 17:45:42,379 [ERROR] ConditionMgr:805 - Attr not supported : Dmpu
2025-07-02 17:45:42,379 [ERROR] ConditionMgr:805 - Attr not supported : Dmpu
2025-07-02 17:45:42,379 [ERROR] ConditionMgr:805 - Attr not supported : Dmpu
2025-07-02 17:45:42,379 [ERROR] ConditionMgr:805 - Attr not supported : Dmpu
2025-07-02 17:45:42,379 [ERROR] ConditionMgr:805 - Attr not supported : Dmpu
2025-07-02 17:45:42,379 [ERROR] ConditionMgr:805 - Attr not supported : Dmpu
2025-07-02 17:45:42,379 [ERROR] ConditionMgr:805 - Attr not supported : Dmpu
2025-07-02 17:45:42,379 [ERROR] ConditionMgr:805 - Attr not supported : Dmpu
2025-07-02 17:45:42,379 [ERROR] ConditionMgr:805 - Attr not supported : Dmpu
2025-07-02 17:45:42,379 [ERROR] ConditionMgr:805 - Attr not supported : Dmpu
2025-07-02 17:45:42,380 [ERROR] ConditionMgr:805 - Attr not supported : Dmpu
2025-07-02 17:45:42,380 [ERROR] ConditionMgr:805 - Attr not supported : Dmpu
2025-07-02 17:45:42,380 [ERROR] ConditionMgr:805 - Attr not supported : Dmpu
2025-07-02 17:45:42,380 [ERROR] ConditionMgr:805 - Attr not supported : Dmpu
2025-07-02 17:45:42,380 [ERROR] ConditionMgr:805 - Attr not supported : Dmpu
2025-07-02 17:45:42,380 [ERROR] ConditionMgr:805 - Attr not supported : Dmpu
2025-07-02 17:45:42,380 [ERROR] ConditionMgr:805 - Attr not supported : Dmpu
2025-07-02 17:45:42,380 [ERROR] ConditionMgr:805 - Attr not supported : Dmpu
2025-07-02 17:45:42,380 [ERROR] ConditionMgr:805 - Attr not supported : Dmpu
2025-07-02 17:45:42,380 [ERROR] ConditionMgr:805 - Attr not supported : Dmpu
2025-07-02 17:45:42,380 [ERROR] ConditionMgr:805 - Attr not supported : Dmpu
2025-07-02 17:45:42,380 [ERROR] ConditionMgr:805 - Attr not supported : Dmpu
2025-07-02 17:45:42,381 [ERROR] ConditionMgr:805 - Attr not supported : Dmpu
2025-07-02 17:45:42,381 [ERROR] ConditionMgr:805 - Attr not supported : Dmpu
2025-07-02 17:45:42,381 [ERROR] ConditionMgr:805 - Attr not supported : Dmpu
2025-07-02 17:45:42,381 [ERROR] ConditionMgr:805 - Attr not supported : Dmpu
2025-07-02 17:45:42,381 [ERROR] ConditionMgr:805 - Attr not supported : Dmpu
2025-07-02 17:45:42,381 [ERROR] ConditionMgr:805 - Attr not supported : Dmpu
2025-07-02 17:45:42,388 [WARN] PackLoader:240 - Cannot read IP mode file for STMicroelectronics.X-CUBE-WB05N.2.0.0
2025-07-02 17:45:42,403 [WARN] PackLoader:240 - Cannot read IP mode file for STMicroelectronics.X-CUBE-BLEMGR.3.0.0
2025-07-02 17:45:42,413 [ERROR] Engine:466 - C:\Users\georg\.stm32cubemx\thirdparties\pdsc\STMicroelectronics.X-CUBE-TCPP.4.2.0.pdsc: PDSC version is not supported
2025-07-02 17:45:42,422 [WARN] PackLoader:240 - Cannot read IP mode file for RealThread.X-CUBE-RT-Thread_Nano.4.1.1
2025-07-02 17:45:42,429 [WARN] PackLoader:240 - Cannot read IP mode file for STMicroelectronics.FP-ATR-SIGFOX1.3.2.0
2025-07-02 17:45:42,437 [WARN] ConditionMgr:438 - getConditionDescription Invalid condition id : Cortex-A Device cause : null
2025-07-02 17:45:42,486 [WARN] ConditionMgr:1039 - genDependencies : Invalid condition id : Cortex-A Device cause : null
2025-07-02 17:45:42,487 [WARN] ConditionMgr:1039 - genDependencies : Invalid condition id : Cortex-A Device cause : null
2025-07-02 17:45:42,487 [WARN] ConditionMgr:1039 - genDependencies : Invalid condition id : Cortex-A Device cause : null
2025-07-02 17:45:42,497 [WARN] PackLoader:240 - Cannot read IP mode file for STMicroelectronics.X-CUBE-EEPRMA1.5.1.0
2025-07-02 17:45:42,503 [ERROR] Engine:466 - C:\Users\georg\.stm32cubemx\thirdparties\pdsc\STMicroelectronics.X-CUBE-ST67W61.1.0.0.pdsc: PDSC version is not supported
2025-07-02 17:45:42,539 [WARN] PackLoader:240 - Cannot read IP mode file for SEGGER.I-CUBE-embOS.1.3.1
2025-07-02 17:45:42,621 [WARN] PackLoader:240 - Cannot read IP mode file for STMicroelectronics.X-CUBE-ALGOBUILD.1.4.0
2025-07-02 17:45:42,677 [WARN] PackLoader:240 - Cannot read IP mode file for STMicroelectronics.X-CUBE-MEMS1.11.3.0
2025-07-02 17:45:42,806 [WARN] PackLoader:240 - Cannot read IP mode file for STMicroelectronics.X-CUBE-AI.9.1.0
2025-07-02 17:45:42,814 [WARN] PackLoader:240 - Cannot read IP mode file for STMicroelectronics.X-CUBE-PM33A1.1.0.0
2025-07-02 17:45:42,822 [WARN] PackLoader:240 - Cannot read IP mode file for STMicroelectronics.X-CUBE-GNSS1.6.0.0
2025-07-02 17:45:42,848 [WARN] PackLoader:240 - Cannot read IP mode file for STMicroelectronics.X-CUBE-AZRTOS-F4.1.1.0
2025-07-02 17:45:42,860 [WARN] PackLoader:240 - Cannot read IP mode file for wolfSSL.I-CUBE-wolfSSL.5.6.4
2025-07-02 17:45:42,864 [ERROR] Engine:466 - C:\Users\georg\.stm32cubemx\thirdparties\pdsc\Avnet-IotConnect.X-CUBE-IoTC-DA16k-PMOD.1.0.0.pdsc: PDSC version is not supported
2025-07-02 17:45:42,870 [WARN] PackLoader:240 - Cannot read IP mode file for STMicroelectronics.X-CUBE-ISPU.2.1.0
2025-07-02 17:45:42,880 [WARN] PackLoader:240 - Cannot read IP mode file for STMicroelectronics.X-CUBE-FREERTOS.1.2.0
2025-07-02 17:45:42,902 [WARN] PackLoader:240 - Cannot read IP mode file for STMicroelectronics.X-CUBE-AZRTOS-L5.2.0.0
2025-07-02 17:45:42,913 [WARN] PackLoader:240 - Cannot read IP mode file for STMicroelectronics.X-CUBE-EEPRMA1.4.2.0
2025-07-02 17:45:42,925 [WARN] PackLoader:240 - Cannot read IP mode file for STMicroelectronics.X-CUBE-NFC6.3.1.0
2025-07-02 17:45:42,938 [WARN] PackLoader:240 - Cannot read IP mode file for ITTIA_DB.I-CUBE-ITTIADB.8.8.0
2025-07-02 17:45:42,948 [WARN] PackLoader:240 - Cannot read IP mode file for STMicroelectronics.X-CUBE-DPower.1.2.0
2025-07-02 17:45:42,958 [WARN] PackLoader:240 - Cannot read IP mode file for STMicroelectronics.X-CUBE-AI.9.0.0
2025-07-02 17:45:42,983 [WARN] ConditionMgr:438 - getConditionDescription Invalid condition id : UX DEVICE CLASS RTOS Condition cause : null
2025-07-02 17:45:42,983 [WARN] ConditionMgr:438 - getConditionDescription Invalid condition id : UX DEVICE CLASS RTOS Condition cause : null
2025-07-02 17:45:42,987 [WARN] PackLoader:240 - Cannot read IP mode file for STMicroelectronics.X-CUBE-AZRTOS-H7.3.1.0
2025-07-02 17:45:42,989 [WARN] ConditionMgr:1039 - genDependencies : Invalid condition id : UX DEVICE CLASS RTOS Condition cause : null
2025-07-02 17:45:42,989 [WARN] ConditionMgr:1039 - genDependencies : Invalid condition id : UX DEVICE CLASS RTOS Condition cause : null
2025-07-02 17:45:42,990 [WARN] ConditionMgr:1039 - genDependencies : Invalid condition id : UX DEVICE CLASS RTOS Condition cause : null
2025-07-02 17:45:42,991 [WARN] ConditionMgr:1039 - genDependencies : Invalid condition id : UX DEVICE CLASS RTOS Condition cause : null
2025-07-02 17:45:42,991 [WARN] ConditionMgr:1039 - genDependencies : Invalid condition id : UX DEVICE CLASS RTOS Condition cause : null
2025-07-02 17:45:43,001 [WARN] PackLoader:240 - Cannot read IP mode file for STMicroelectronics.X-CUBE-FREERTOS.1.3.1
2025-07-02 17:45:43,007 [WARN] PackLoader:240 - Cannot read IP mode file for STMicroelectronics.X-CUBE-FREERTOS.1.3.0
2025-07-02 17:45:43,017 [WARN] PackLoader:240 - Cannot read IP mode file for STMicroelectronics.X-CUBE-NFC7.1.0.1
2025-07-02 17:45:43,025 [WARN] PackLoader:240 - Cannot read IP mode file for wolfSSL.I-CUBE-wolfTPM.3.2.0
2025-07-02 17:45:43,033 [WARN] PackLoader:240 - Cannot read IP mode file for STMicroelectronics.X-CUBE-NFC6.3.0.0
2025-07-02 17:45:43,039 [ERROR] Engine:466 - C:\Users\georg\.stm32cubemx\thirdparties\pdsc\STMicroelectronics.FP-SNS-STAIOTCFT.1.0.0.pdsc: PDSC version is not supported
2025-07-02 17:45:43,045 [WARN] PackLoader:240 - Cannot read IP mode file for STMicroelectronics.X-CUBE-DPower.1.3.0
2025-07-02 17:45:43,055 [WARN] PackLoader:240 - Cannot read IP mode file for STMicroelectronics.X-CUBE-AI.8.1.0
2025-07-02 17:45:43,076 [WARN] ConditionMgr:438 - getConditionDescription Invalid condition id : LAN8742 Phy interface Condition cause : null
2025-07-02 17:45:43,078 [WARN] PackLoader:240 - Cannot read IP mode file for STMicroelectronics.X-CUBE-AZRTOS-L4.2.0.0
2025-07-02 17:45:43,079 [WARN] ConditionMgr:1039 - genDependencies : Invalid condition id : LAN8742 Phy interface Condition cause : null
2025-07-02 17:45:43,080 [WARN] ConditionMgr:1039 - genDependencies : Invalid condition id : LAN8742 Phy interface Condition cause : null
2025-07-02 17:45:43,080 [WARN] ConditionMgr:1039 - genDependencies : Invalid condition id : LAN8742 Phy interface Condition cause : null
2025-07-02 17:45:43,091 [WARN] PackLoader:240 - Cannot read IP mode file for STMicroelectronics.X-CUBE-SFXS2LP1.4.0.0
2025-07-02 17:45:43,097 [WARN] PackLoader:240 - Cannot read IP mode file for STMicroelectronics.X-CUBE-ISPU.1.1.0
2025-07-02 17:45:43,118 [WARN] PackLoader:240 - Cannot read IP mode file for STMicroelectronics.X-CUBE-AZRTOS-H7.3.3.0
2025-07-02 17:45:43,133 [WARN] PackLoader:240 - Cannot read IP mode file for STMicroelectronics.X-CUBE-IPS.3.0.0
2025-07-02 17:45:43,148 [WARN] ConditionMgr:438 - getConditionDescription Invalid condition id : UX DEVICE CLASS RTOS Condition cause : null
2025-07-02 17:45:43,149 [WARN] ConditionMgr:438 - getConditionDescription Invalid condition id : UX DEVICE CLASS RTOS Condition cause : null
2025-07-02 17:45:43,151 [WARN] PackLoader:240 - Cannot read IP mode file for STMicroelectronics.X-CUBE-AZRTOS-WB.2.0.0
2025-07-02 17:45:43,152 [WARN] ConditionMgr:1039 - genDependencies : Invalid condition id : UX DEVICE CLASS RTOS Condition cause : null
2025-07-02 17:45:43,152 [WARN] ConditionMgr:1039 - genDependencies : Invalid condition id : UX DEVICE CLASS RTOS Condition cause : null
2025-07-02 17:45:43,153 [WARN] ConditionMgr:1039 - genDependencies : Invalid condition id : UX DEVICE CLASS RTOS Condition cause : null
2025-07-02 17:45:43,153 [WARN] ConditionMgr:1039 - genDependencies : Invalid condition id : UX DEVICE CLASS RTOS Condition cause : null
2025-07-02 17:45:43,153 [WARN] ConditionMgr:1039 - genDependencies : Invalid condition id : UX DEVICE CLASS RTOS Condition cause : null
2025-07-02 17:45:43,164 [WARN] PackLoader:240 - Cannot read IP mode file for STMicroelectronics.X-CUBE-GNSS1.7.0.0
2025-07-02 17:45:43,172 [WARN] PackLoader:240 - Cannot read IP mode file for STMicroelectronics.X-CUBE-GNSS1.7.0.1
2025-07-02 17:45:43,178 [WARN] PackLoader:240 - Cannot read IP mode file for STMicroelectronics.X-CUBE-TOUCHGFX.4.25.0
2025-07-02 17:45:43,187 [WARN] PackLoader:240 - Cannot read IP mode file for STMicroelectronics.FP-SNS-STBOX1.2.0.0
2025-07-02 17:45:43,201 [WARN] PackLoader:240 - Cannot read IP mode file for STMicroelectronics.X-CUBE-SUBG2.5.0.0
2025-07-02 17:45:43,224 [WARN] PackLoader:240 - Cannot read IP mode file for STMicroelectronics.X-CUBE-AZRTOS-H7RS.1.1.0
2025-07-02 17:45:43,233 [WARN] PackLoader:240 - Cannot read IP mode file for Cesanta.I-CUBE-Mongoose.7.13.0
2025-07-02 17:45:43,260 [WARN] PackLoader:240 - Cannot read IP mode file for STMicroelectronics.X-CUBE-AZRTOS-G4.2.0.0
2025-07-02 17:45:43,274 [WARN] PackLoader:240 - Cannot read IP mode file for Infineon.AIROC-Wi-Fi-Bluetooth-STM32.1.5.1
2025-07-02 17:45:43,282 [WARN] PackLoader:240 - Cannot read IP mode file for STMicroelectronics.FP-SNS-MOTENVWB1.1.3.0
2025-07-02 17:45:43,289 [WARN] PackLoader:240 - Cannot read IP mode file for STMicroelectronics.X-CUBE-NFC7.2.0.0
2025-07-02 17:45:43,295 [WARN] PackLoader:240 - Cannot read IP mode file for STMicroelectronics.FP-SNS-MOTENVWB1.1.3.1
2025-07-02 17:45:43,301 [WARN] PackLoader:240 - Cannot read IP mode file for STMicroelectronics.X-CUBE-ISPU.2.0.0
2025-07-02 17:45:43,307 [ERROR] Engine:466 - C:\Users\georg\.stm32cubemx\thirdparties\pdsc\STMicroelectronics.X-CUBE-IPS.3.1.0.pdsc: PDSC version is not supported
2025-07-02 17:45:43,313 [WARN] PackLoader:240 - Cannot read IP mode file for STMicroelectronics.X-CUBE-ALS.1.0.2
2025-07-02 17:45:43,346 [WARN] PackLoader:240 - Cannot read IP mode file for STMicroelectronics.X-CUBE-MEMS1.10.0.0
2025-07-02 17:45:43,450 [WARN] PackLoader:240 - Cannot read IP mode file for STMicroelectronics.X-CUBE-FREERTOS.1.1.0
2025-07-02 17:45:43,454 [WARN] PackLoader:240 - Cannot read IP mode file for STMicroelectronics.X-CUBE-TOUCHGFX.4.24.0
2025-07-02 17:45:43,459 [WARN] PackLoader:240 - Cannot read IP mode file for STMicroelectronics.X-CUBE-TOUCHGFX.4.24.2
2025-07-02 17:45:43,481 [WARN] PackLoader:240 - Cannot read IP mode file for STMicroelectronics.X-CUBE-TOUCHGFX.4.24.1
2025-07-02 17:45:43,495 [WARN] PackLoader:240 - Cannot read IP mode file for portGmbH.I-Cube-SoM-uGOAL.1.1.0
2025-07-02 17:45:43,500 [WARN] PackLoader:240 - Cannot read IP mode file for STMicroelectronics.X-CUBE-ALS.1.0.1
2025-07-02 17:45:43,515 [WARN] PackLoader:240 - Cannot read IP mode file for STMicroelectronics.X-CUBE-AZRTOS-H7RS.1.0.0
2025-07-02 17:45:43,522 [WARN] PackLoader:240 - Cannot read IP mode file for STMicroelectronics.FP-ATR-ASTRA1.2.0.0
2025-07-02 17:45:43,533 [WARN] PackLoader:240 - Cannot read IP mode file for STMicroelectronics.X-CUBE-TOF1.3.4.2
2025-07-02 17:45:43,546 [ERROR] Engine:466 - C:\Users\georg\.stm32cubemx\thirdparties\pdsc\STMicroelectronics.X-CUBE-TOF1.3.4.3.pdsc: PDSC version is not supported
2025-07-02 17:45:43,555 [WARN] PackLoader:240 - Cannot read IP mode file for STMicroelectronics.X-CUBE-TOF1.3.4.0
2025-07-02 17:45:43,586 [WARN] PackLoader:240 - Cannot read IP mode file for STMicroelectronics.X-CUBE-TOF1.3.4.1
2025-07-02 17:45:43,785 [WARN] PackLoader:240 - Cannot read IP mode file for STMicroelectronics.X-CUBE-AZRTOS-H7.3.2.0
2025-07-02 17:45:43,793 [WARN] PackLoader:240 - Cannot read IP mode file for wolfSSL.I-CUBE-wolfSSH.1.4.17
2025-07-02 17:45:43,794 [INFO] ThirdParty:978 - Integrity check success = true
2025-07-02 17:45:43,794 [INFO] IntegrityCheckThread:100 - exiting critical section [integrity check]
2025-07-02 17:45:43,794 [INFO] IntegrityCheckThread:103 - End integrity checks thread
2025-07-02 17:46:02,007 [ERROR] LogOutputStream:75 - [STDERR_REDIRECT] SLF4J: Failed to load class "org.slf4j.impl.StaticLoggerBinder".
2025-07-02 17:46:02,008 [ERROR] LogOutputStream:75 - [STDERR_REDIRECT] SLF4J: Defaulting to no-operation (NOP) logger implementation
2025-07-02 17:46:02,009 [ERROR] LogOutputStream:75 - [STDERR_REDIRECT] SLF4J: See http://www.slf4j.org/codes.html#StaticLoggerBinder for further details.
2025-07-02 17:55:45,401 [INFO] McuFinderGlobals:63 - Set McuFinder mode to 2 (CubeIDE integrated)
2025-07-02 17:55:45,406 [INFO] MainUpdater:2873 - connection check result : 10
2025-07-02 17:55:45,406 [INFO] MainUpdater:2873 - connection check result : 10
2025-07-02 17:55:45,435 [INFO] MicroXplorer:468 - Change Database Path : 
2025-07-02 17:55:45,435 [INFO] MicroXplorer:498 - Change Database Version : DB.6.0.100
2025-07-02 17:55:45,438 [WARN] ThirdParty:871 - waiting for thirdparty lock release [close project]
2025-07-02 17:55:45,438 [INFO] ThirdParty:873 - entering critical section [close project]
2025-07-02 17:55:45,439 [INFO] ThirdParty:883 - exiting critical section [close project]
2025-07-02 17:55:45,440 [INFO] PinOutPanel:1499 - setPackage(No Configuration,No Configuration)
2025-07-02 17:55:45,442 [INFO] UtilMem:75 - Begin LoadConfig() Used Memory: 888861392 Bytes (1073741824)
2025-07-02 17:55:45,443 [INFO] MicroXplorer:468 - Change Database Path : 
2025-07-02 17:55:45,443 [INFO] MicroXplorer:498 - Change Database Version : DB.6.0.100
2025-07-02 17:55:45,443 [INFO] OpenFileManager:312 - Change cursor
2025-07-02 17:55:45,471 [INFO] Mcu:2016 - Initializing MCU STM32F401V(D-E)Tx STM32F401VDTx STM32F401VDT6
2025-07-02 17:55:46,328 [INFO] Context:659 - Trying to add GPIOservice into a context  which must be forbidden
2025-07-02 17:55:46,721 [INFO] RtosManager:555 - Registered RTOS mode: class=CMSIS, group=RTOS, mode=CMSIS_V1, owner=FREERTOS
2025-07-02 17:55:46,721 [INFO] RtosManager:555 - Registered RTOS mode: class=CMSIS, group=RTOS2, mode=CMSIS_V2, owner=FREERTOS
2025-07-02 17:55:46,721 [INFO] RtosManager:555 - Registered RTOS mode: class=RTOS, group=Core, mode=CMSIS_V1, owner=FREERTOS
2025-07-02 17:55:46,721 [INFO] RtosManager:555 - Registered RTOS mode: class=RTOS, group=Core, mode=CMSIS_V2, owner=FREERTOS
2025-07-02 17:55:46,722 [WARN] ModelIntegratedComponent:184 - Missing modes for component STMicroelectronics:FreeRTOS:0.0.1:STMicroelectronics:RTOS:FreeRTOS:Core:::10.2.0:
2025-07-02 17:55:46,728 [WARN] ModelIntegratedComponent:63 - No mode defined for component null
2025-07-02 17:55:46,729 [WARN] ModelIntegratedComponent:63 - No mode defined for component null
2025-07-02 17:55:46,729 [WARN] ModelIntegratedComponent:63 - No mode defined for component null
2025-07-02 17:55:46,729 [WARN] ModelIntegratedComponent:63 - No mode defined for component null
2025-07-02 17:55:46,729 [WARN] ModelIntegratedComponent:63 - No mode defined for component null
2025-07-02 17:55:46,729 [WARN] ModelIntegratedComponent:63 - No mode defined for component null
2025-07-02 17:55:46,729 [WARN] ModelIntegratedComponent:63 - No mode defined for component null
2025-07-02 17:55:46,729 [WARN] ModelIntegratedComponent:63 - No mode defined for component null
2025-07-02 17:55:46,729 [WARN] ModelIntegratedComponent:63 - No mode defined for component null
2025-07-02 17:55:46,729 [WARN] ModelIntegratedComponent:63 - No mode defined for component null
2025-07-02 17:55:46,729 [WARN] ModelIntegratedComponent:63 - No mode defined for component null
2025-07-02 17:55:46,729 [WARN] ModelIntegratedComponent:63 - No mode defined for component null
2025-07-02 17:55:46,729 [WARN] ModelIntegratedComponent:63 - No mode defined for component null
2025-07-02 17:55:46,729 [WARN] ModelIntegratedComponent:63 - No mode defined for component null
2025-07-02 17:55:46,729 [WARN] ModelIntegratedComponent:63 - No mode defined for component null
2025-07-02 17:55:46,729 [WARN] ModelIntegratedComponent:63 - No mode defined for component null
2025-07-02 17:55:46,729 [WARN] ModelIntegratedComponent:63 - No mode defined for component null
2025-07-02 17:55:46,729 [WARN] ModelIntegratedComponent:63 - No mode defined for component null
2025-07-02 17:55:46,729 [WARN] ModelIntegratedComponent:63 - No mode defined for component null
2025-07-02 17:55:46,729 [WARN] ModelIntegratedComponent:63 - No mode defined for component null
2025-07-02 17:55:46,729 [WARN] ModelIntegratedComponent:63 - No mode defined for component null
2025-07-02 17:55:46,729 [WARN] ModelIntegratedComponent:63 - No mode defined for component null
2025-07-02 17:55:46,729 [WARN] ModelIntegratedComponent:63 - No mode defined for component null
2025-07-02 17:55:46,729 [WARN] ModelIntegratedComponent:63 - No mode defined for component null
2025-07-02 17:55:46,729 [WARN] ModelIntegratedComponent:63 - No mode defined for component null
2025-07-02 17:55:46,729 [WARN] ModelIntegratedComponent:63 - No mode defined for component null
2025-07-02 17:55:46,729 [WARN] ModelIntegratedComponent:63 - No mode defined for component null
2025-07-02 17:55:46,729 [WARN] ModelIntegratedComponent:63 - No mode defined for component null
2025-07-02 17:55:46,729 [WARN] ModelIntegratedComponent:63 - No mode defined for component null
2025-07-02 17:55:46,729 [WARN] ModelIntegratedComponent:63 - No mode defined for component null
2025-07-02 17:55:46,729 [WARN] ModelIntegratedComponent:63 - No mode defined for component null
2025-07-02 17:55:46,729 [WARN] ModelIntegratedComponent:63 - No mode defined for component null
2025-07-02 17:55:46,729 [WARN] ModelIntegratedComponent:63 - No mode defined for component null
2025-07-02 17:55:46,944 [INFO] ThirdPartyModel:298 - Start build external matchings
2025-07-02 17:55:48,226 [INFO] ThirdPartyModel:316 - End build external matchings
2025-07-02 17:55:48,276 [INFO] ImportTextPane:194 - (OptionalMessage_ERROR) IP (DMA) : Parameter (Instance) has Id (SPI1_RX) currently not set
2025-07-02 17:55:48,276 [INFO] ImportTextPane:194 - (OptionalMessage_ERROR) IP (DMA) : Parameter (Channel) has Id (SPI1_RX) currently not set
2025-07-02 17:55:48,276 [INFO] ImportTextPane:194 - (OptionalMessage_ERROR) IP (DMA) : Parameter (Direction) has Id (SPI1_RX) currently not set
2025-07-02 17:55:48,276 [INFO] ImportTextPane:194 - (OptionalMessage_ERROR) IP (DMA) : Parameter (PeriphInc) has Id (SPI1_RX) currently not set
2025-07-02 17:55:48,276 [INFO] ImportTextPane:194 - (OptionalMessage_ERROR) IP (DMA) : Parameter (MemInc) has Id (SPI1_RX) currently not set
2025-07-02 17:55:48,276 [INFO] ImportTextPane:194 - (OptionalMessage_ERROR) IP (DMA) : Parameter (PeriphDataAlignment) has Id (SPI1_RX) currently not set
2025-07-02 17:55:48,276 [INFO] ImportTextPane:194 - (OptionalMessage_ERROR) IP (DMA) : Parameter (MemDataAlignment) has Id (SPI1_RX) currently not set
2025-07-02 17:55:48,276 [INFO] ImportTextPane:194 - (OptionalMessage_ERROR) IP (DMA) : Parameter (Mode) has Id (SPI1_RX) currently not set
2025-07-02 17:55:48,276 [INFO] ImportTextPane:194 - (OptionalMessage_ERROR) IP (DMA) : Parameter (Priority) has Id (SPI1_RX) currently not set
2025-07-02 17:55:48,276 [INFO] ImportTextPane:194 - (OptionalMessage_ERROR) IP (DMA) : Parameter (FIFOMode) has Id (SPI1_RX) currently not set
2025-07-02 17:55:48,276 [INFO] ImportTextPane:194 - (OptionalMessage_ERROR) IP (DMA) : Parameter (Instance) has Id (SPI1_TX) currently not set
2025-07-02 17:55:48,276 [INFO] ImportTextPane:194 - (OptionalMessage_ERROR) IP (DMA) : Parameter (Channel) has Id (SPI1_TX) currently not set
2025-07-02 17:55:48,276 [INFO] ImportTextPane:194 - (OptionalMessage_ERROR) IP (DMA) : Parameter (Direction) has Id (SPI1_TX) currently not set
2025-07-02 17:55:48,276 [INFO] ImportTextPane:194 - (OptionalMessage_ERROR) IP (DMA) : Parameter (PeriphInc) has Id (SPI1_TX) currently not set
2025-07-02 17:55:48,276 [INFO] ImportTextPane:194 - (OptionalMessage_ERROR) IP (DMA) : Parameter (MemInc) has Id (SPI1_TX) currently not set
2025-07-02 17:55:48,276 [INFO] ImportTextPane:194 - (OptionalMessage_ERROR) IP (DMA) : Parameter (PeriphDataAlignment) has Id (SPI1_TX) currently not set
2025-07-02 17:55:48,276 [INFO] ImportTextPane:194 - (OptionalMessage_ERROR) IP (DMA) : Parameter (MemDataAlignment) has Id (SPI1_TX) currently not set
2025-07-02 17:55:48,276 [INFO] ImportTextPane:194 - (OptionalMessage_ERROR) IP (DMA) : Parameter (Mode) has Id (SPI1_TX) currently not set
2025-07-02 17:55:48,276 [INFO] ImportTextPane:194 - (OptionalMessage_ERROR) IP (DMA) : Parameter (Priority) has Id (SPI1_TX) currently not set
2025-07-02 17:55:48,276 [INFO] ImportTextPane:194 - (OptionalMessage_ERROR) IP (DMA) : Parameter (FIFOMode) has Id (SPI1_TX) currently not set
2025-07-02 17:55:48,278 [INFO] ImportTextPane:194 - (OptionalMessage_ERROR) IP (RCC) : Parameter (RTCHSEDivFreq_Value) has invalid value (12500000)
2025-07-02 17:55:48,284 [WARN] IP:2119 - DEVICE_SERIAL0_CDC_FS not found: check if there is a RefParameter without a condition.
2025-07-02 17:55:48,284 [WARN] IP:2119 - DEVICE_SERIAL1_CDC_FS not found: check if there is a RefParameter without a condition.
2025-07-02 17:55:48,284 [WARN] IP:2119 - DEVICE_SERIAL2_CDC_FS not found: check if there is a RefParameter without a condition.
2025-07-02 17:55:48,474 [INFO] UtilMem:75 - End LoadConfig() Used Memory: 883416592 Bytes (1073741824)
2025-07-02 17:55:48,580 [INFO] ApiDb:581 - Connected to CubeFinder SQLite database (C:\Users\georg\.stmcufinder\plugins\mcufinder\mcu\cube-finder-db.db)
2025-07-02 17:55:48,643 [INFO] ApiDb:668 - CubeFinder database Data Model version=2.1
2025-07-02 17:55:48,643 [INFO] ApiDb:669 - CubeFinder database Configuration version=3.0.39
2025-07-02 17:55:48,644 [INFO] ApiDb:670 - CubeFinder database generation date=2025-06-16 (1750072209)
2025-07-02 17:55:48,644 [INFO] ApiDb:671 - CubeFinder database FW Pack versions=[FP-ATR-ASTRA1_V2.0.0, FP-SNS-FLIGHT1_V5.1.0, FP-SNS-MOTENV1_V5.0.0, FP-SNS-MOTENVWB1_V1.4.0, FP-SNS-SMARTAG2_V1.2.0, FP-SNS-STBOX1_V2.0.0, STM32Cube_FW_C0_V1.4.0, STM32Cube_FW_F4_V1.28.2, STM32Cube_FW_F7_V1.17.3, STM32Cube_FW_G0_V1.6.2, STM32Cube_FW_G4_V1.6.1, STM32Cube_FW_H5_V1.5.0, STM32Cube_FW_H7RS_V1.2.0, STM32Cube_FW_H7_V1.12.1, STM32Cube_FW_L0_V1.12.2, STM32Cube_FW_L4_V1.18.1, STM32Cube_FW_L5_V1.5.1, STM32Cube_FW_N6_V1.1.1, STM32Cube_FW_U0_V1.2.0, STM32Cube_FW_U3_V1.1.0, STM32Cube_FW_U5_V1.7.0, STM32Cube_FW_WB0_V1.2.0, STM32Cube_FW_WBA_V1.6.0, STM32Cube_FW_WB_V1.22.0, STM32Cube_FW_WL3_V1.1.0, STM32Cube_FW_WL_V1.3.1, X-CUBE-ALGOBUILD_V1.4.0, X-CUBE-ALS_V1.0.2, X-CUBE-AZRTOS-F4_V1.1.0, X-CUBE-AZRTOS-F7_V1.1.0, X-CUBE-AZRTOS-G0_V1.1.0, X-CUBE-AZRTOS-G4_V2.0.0, X-CUBE-AZRTOS-H7RS_V1.1.0, X-CUBE-AZRTOS-H7_V3.3.0, X-CUBE-AZRTOS-L4_V2.0.0, X-CUBE-AZRTOS-L5_V2.0.0, X-CUBE-AZRTOS-WB_V2.0.0, X-CUBE-AZRTOS-WL_V2.0.0, X-CUBE-BLE1_V7.1.0, X-CUBE-BLE2_V3.3.0, X-CUBE-BLEMGR_V4.0.0, X-CUBE-EEPRMA1_V5.1.0, X-CUBE-FREERTOS_V1.3.1, X-CUBE-GNSS1_V6.0.0, X-CUBE-MEMS1_V11.3.0, X-CUBE-NFC4_V3.0.0, X-CUBE-NFC7_V2.0.0, X-CUBE-SFXS2LP1_V4.0.0, X-CUBE-SUBG2_V5.0.0, X-CUBE-TOF1_V3.4.3]
2025-07-02 17:55:50,337 [INFO] ApiDb:240 - Found 371 in-development CPN: [B-G473E-ZEST1S, B-WB1M-WPAN1, B-WL5M-SUBG1, NUCLEO-C031C6, NUCLEO-H503RB, NUCLEO-H563ZI, NUCLEO-U545RE-Q, NUCLEO-U5A5ZJ-Q, NUCLEO-WBA52CG, NUCLEO-WBA55CG, STEVAL-MKBOXPRO, STEVAL-PROTEUS1, STEVAL-STWINBX1, STM320518-EVAL, STM32C0116-DK, STM32C011D6Y3TR, STM32C011D6Y6TR, STM32C011F4P3, STM32C011F4P6, STM32C011F4U3, STM32C011F4U6TR, STM32C011F6P3, STM32C011F6P6, STM32C011F6U3, STM32C011F6U6TR, STM32C011J4M3, STM32C011J4M6, STM32C011J6M3, STM32C011J6M6, STM32C0316-DK, STM32C031C4T3, STM32C031C4T6, STM32C031C4U3, STM32C031C4U6, STM32C031C6T3, STM32C031C6T6, STM32C031C6U3, STM32C031C6U6, STM32C031F4P3, STM32C031F4P6, STM32C031F6P3, STM32C031F6P6, STM32C031G4U3, STM32C031G4U6, STM32C031G6U3, STM32C031G6U6, STM32C031K4T3, STM32C031K4T6, STM32C031K4U3, STM32C031K4U6, STM32C031K6T3, STM32C031K6T6, STM32C031K6U3, STM32C031K6U6, STM32G071K8TXN, STM32G071K8UXN, STM32G081GBU6N, STM32G081KBT6N, STM32G081KBUXN, STM32G0B1CCT6N, STM32G0B1KCT6, STM32G0B1NEY6TR, STM32G0B1RCT6N, STM32G0C1CCT6, STM32G0C1CCT6N, STM32G0C1CCU6N, STM32G0C1CET6N, STM32G0C1CEU6N, STM32G0C1KCT6, STM32G0C1NEY6TR, STM32G0C1RCI6N, STM32G0C1RCT6N, STM32G0C1REI6N, STM32G0C1RET6N, STM32G0C1VCI6, STM32G0C1VEI6, STM32G471CCT6, STM32G471CCU6, STM32G471CET3, STM32G471CET6, STM32G471CEU3, STM32G471CEU6, STM32G471MCT6, STM32G471MET3, STM32G471MET6, STM32G471MEY6TR, STM32G471QCT6, STM32G471QET3, STM32G471RCT6, STM32G471RET3, STM32G471RET6, STM32G471VCH6, STM32G471VCI6, STM32G471VCT6, STM32G471VEH3, STM32G471VEH6, STM32G471VEI3, STM32G471VEI6, STM32G471VET3, STM32G471VET6, STM32G474CCT6, STM32H503CBT6, STM32H503CBU6, STM32H503EBY6TR, STM32H503KBU6, STM32H503RBT6, STM32H562AGI6, STM32H562AII6, STM32H562IGK6, STM32H562IGT6, STM32H562IIK6, STM32H562IIT6, STM32H562RGT6, STM32H562RGV6, STM32H562RIT6, STM32H562RIV6, STM32H562VGT6, STM32H562VIT6, STM32H562ZGT6, STM32H562ZIT6, STM32H563AGI6, STM32H563AII3Q, STM32H563AII6, STM32H563IGK6, STM32H563IGT6, STM32H563IIK3Q, STM32H563IIK6, STM32H563IIT3Q, STM32H563IIT6, STM32H563MIY3QTR, STM32H563RGT6, STM32H563RGV6, STM32H563RIT6, STM32H563RIV6, STM32H563VGT6, STM32H563VIT3Q, STM32H563VIT6, STM32H563ZGT6, STM32H563ZIT3Q, STM32H563ZIT6, STM32H573AII3Q, STM32H573AII6, STM32H573I-DK, STM32H573IIK3Q, STM32H573IIK6, STM32H573IIT3Q, STM32H573IIT6, STM32H573MIY3QTR, STM32H573RIT6, STM32H573RIV6, STM32H573VIT3Q, STM32H573VIT6, STM32H573ZIT3Q, STM32H573ZIT6, STM32L4R5QGI6STR, STM32MP131AAE3, STM32MP131AAF3, STM32MP131AAG3, STM32MP131CAE3, STM32MP131CAF3, STM32MP131CAG3, STM32MP131DAE7, STM32MP131DAF7, STM32MP131DAG7, STM32MP131FAE7, STM32MP131FAF7, STM32MP131FAG7, STM32MP133AAE3, STM32MP133AAF3, STM32MP133AAG3, STM32MP133CAE3, STM32MP133CAF3, STM32MP133CAG3, STM32MP133DAE7, STM32MP133DAF7, STM32MP133DAG7, STM32MP133FAE7, STM32MP133FAF7, STM32MP133FAG7, STM32MP135AAE3, STM32MP135AAF3, STM32MP135AAG3, STM32MP135CAE3, STM32MP135CAF3, STM32MP135CAG3, STM32MP135DAE7, STM32MP135DAF7, STM32MP135DAG7, STM32MP135F-DK, STM32MP135FAE7, STM32MP135FAF7, STM32MP135FAF7T, STM32MP135FAF7U, STM32MP135FAG7, STM32U535CBT6, STM32U535CBT6Q, STM32U535CBU6, STM32U535CBU6Q, STM32U535CCT6, STM32U535CCT6Q, STM32U535CCU6, STM32U535CCU6Q, STM32U535CET6, STM32U535CET6Q, STM32U535CEU6, STM32U535CEU6Q, STM32U535JEY6QTR, STM32U535NCY6QTR, STM32U535NEY6QTR, STM32U535RBI6, STM32U535RBI6Q, STM32U535RBT6, STM32U535RBT6Q, STM32U535RCI6, STM32U535RCI6Q, STM32U535RCT6, STM32U535RCT6Q, STM32U535REI6, STM32U535REI6Q, STM32U535RET6, STM32U535RET6Q, STM32U535VCI6, STM32U535VCI6Q, STM32U535VCT6, STM32U535VCT6Q, STM32U535VEI6, STM32U535VEI6Q, STM32U535VET6, STM32U535VET6Q, STM32U545CET6, STM32U545CET6Q, STM32U545CEU6, STM32U545CEU6Q, STM32U545JEY6QTR, STM32U545NEY6QTR, STM32U545REI6, STM32U545REI6Q, STM32U545RET6, STM32U545RET6Q, STM32U545VEI6, STM32U545VEI6Q, STM32U545VET6, STM32U545VET6Q, STM32U595AIH6, STM32U595AIH6Q, STM32U595AJH6, STM32U595AJH6Q, STM32U595QII6, STM32U595QII6Q, STM32U595QJI6, STM32U595QJI6Q, STM32U595RIT6, STM32U595RIT6Q, STM32U595RJT6, STM32U595RJT6Q, STM32U595VIT6, STM32U595VIT6Q, STM32U595VJT6, STM32U595VJT6Q, STM32U595ZIT6, STM32U595ZIT6Q, STM32U595ZIY6QTR, STM32U595ZJT6, STM32U595ZJT6Q, STM32U595ZJY6QTR, STM32U599BJY6QTR, STM32U599NIH6Q, STM32U599NJH6Q, STM32U599VIT6Q, STM32U599VJT6, STM32U599VJT6Q, STM32U599ZIT6Q, STM32U599ZIY6QTR, STM32U599ZJT6Q, STM32U599ZJY6QTR, STM32U5A5AJH6, STM32U5A5AJH6Q, STM32U5A5QJI6, STM32U5A5QJI6Q, STM32U5A5RJT6, STM32U5A5RJT6Q, STM32U5A5VJT6, STM32U5A5VJT6Q, STM32U5A5ZJT6, STM32U5A5ZJT6Q, STM32U5A5ZJY6QTR, STM32U5A9BJY6QTR, STM32U5A9J-DK, STM32U5A9NJH6Q, STM32U5A9VJT6Q, STM32U5A9ZJT6Q, STM32U5A9ZJY6QTR, STM32U5F7VIT6, STM32U5F7VIT6Q, STM32U5F7VJT6, STM32U5F7VJT6Q, STM32U5F9BJY6QTR, STM32U5F9NJH6Q, STM32U5F9VIT6Q, STM32U5F9VJT6Q, STM32U5F9ZIJ6QTR, STM32U5F9ZIT6Q, STM32U5F9ZJJ6QTR, STM32U5F9ZJT6Q, STM32U5G7VJT6, STM32U5G7VJT6Q, STM32U5G9BJY6QTR, STM32U5G9J-DK1, STM32U5G9J-DK2, STM32U5G9NJH6Q, STM32U5G9VJT6Q, STM32U5G9ZJJ6QTR, STM32U5G9ZJT6Q, STM32WB1MMCH6, STM32WBA50KEU6, STM32WBA50KEU6TR, STM32WBA50KGU6, STM32WBA50KGU6TR, STM32WBA52CEU6, STM32WBA52CEU6TR, STM32WBA52CEU7, STM32WBA52CEU7TR, STM32WBA52CGU6, STM32WBA52CGU6TR, STM32WBA52CGU6U, STM32WBA52CGU7, STM32WBA52CGU7TR, STM32WBA52KEU6, STM32WBA52KEU6TR, STM32WBA52KGU6, STM32WBA52KGU6TR, STM32WBA54CEU6, STM32WBA54CEU6TR, STM32WBA54CEU7, STM32WBA54CEU7TR, STM32WBA54CGU6, STM32WBA54CGU6TR, STM32WBA54CGU7, STM32WBA54CGU7TR, STM32WBA54KEU6, STM32WBA54KEU6TR, STM32WBA54KEU7, STM32WBA54KEU7TR, STM32WBA54KGU6, STM32WBA54KGU6TR, STM32WBA54KGU7, STM32WBA54KGU7TR, STM32WBA55CEU6, STM32WBA55CEU6TR, STM32WBA55CEU7, STM32WBA55CEU7TR, STM32WBA55CGU6, STM32WBA55CGU6TR, STM32WBA55CGU6U, STM32WBA55CGU7, STM32WBA55CGU7TR, STM32WBA55G-DK1, STM32WBA55HEF6, STM32WBA55HEF7, STM32WBA55HGF6, STM32WBA55HGF7, STM32WBA55UEI6, STM32WBA55UEI6TR, STM32WBA55UEI7, STM32WBA55UEI7TR, STM32WBA55UGI6, STM32WBA55UGI6TR, STM32WBA55UGI7, STM32WBA55UGI7TR, STM32WL5MOCH6, STM32WL5MOCH6TR]
2025-07-02 17:55:50,342 [INFO] DbMcus:218 - Found 4657 MCUs, 4657 are supported
2025-07-02 17:55:50,343 [INFO] ApiDb:423 - Load user favorites file C:\Users\georg/.stm32cubeide/favorites.mcus.txt: 4 item(s)
2025-07-02 17:55:50,343 [INFO] ApiDb:427 - User favorites MCUs=[STM32F103C8T6, STM32F401VDT6, STM32H743VIT6, STM32H747XIH6]
2025-07-02 17:55:50,343 [INFO] DbMcus:224 - Set 4 / 4 favorites MCUs
2025-07-02 17:55:50,709 [INFO] MicroXplorer:468 - Change Database Path : 
2025-07-02 17:55:50,709 [INFO] MicroXplorer:498 - Change Database Version : DB.6.0.100
2025-07-02 17:55:50,709 [WARN] ThirdParty:833 - waiting for thirdparty lock release [change project]
2025-07-02 17:55:50,709 [INFO] ThirdParty:835 - entering critical section [change project]
2025-07-02 17:55:50,709 [INFO] ThirdParty:1030 - CMSIS Pack Vendor :STMicroelectronics X-CUBE-PM33A1 1.0.0
2025-07-02 17:55:50,709 [INFO] ThirdParty:1030 - CMSIS Pack Vendor :STMicroelectronics USBPD 4.1
2025-07-02 17:55:50,709 [INFO] ThirdParty:1030 - CMSIS Pack Vendor :STMicroelectronics X-CUBE-GNSS1 6.0.0
2025-07-02 17:55:50,709 [INFO] ThirdParty:1030 - CMSIS Pack Vendor :STMicroelectronics USB_HOST 2.0.0
2025-07-02 17:55:50,709 [INFO] ThirdParty:1030 - CMSIS Pack Vendor :STMicroelectronics FP-SNS-MOTENVWB1 1.4.0
2025-07-02 17:55:50,709 [INFO] ThirdParty:1030 - CMSIS Pack Vendor :STMicroelectronics X-CUBE-AZRTOS-F4 1.1.0
2025-07-02 17:55:50,709 [INFO] ThirdParty:1030 - CMSIS Pack Vendor :STMicroelectronics LIBJPEG 8.0.0
2025-07-02 17:55:50,709 [INFO] ThirdParty:1030 - CMSIS Pack Vendor :STMicroelectronics FP-ATR-ASTRA1 2.0.2
2025-07-02 17:55:50,709 [INFO] ThirdParty:1030 - CMSIS Pack Vendor :wolfSSL I-CUBE-wolfSSL 5.6.4
2025-07-02 17:55:50,709 [INFO] ThirdParty:1030 - CMSIS Pack Vendor :STMicroelectronics FP-ATR-ASTRA1 2.0.1
2025-07-02 17:55:50,709 [INFO] ThirdParty:1030 - CMSIS Pack Vendor :STMicroelectronics X-CUBE-SMBUS 2.1.0
2025-07-02 17:55:50,710 [INFO] ThirdParty:1030 - CMSIS Pack Vendor :STMicroelectronics X-CUBE-WB05N 1.1.0
2025-07-02 17:55:50,710 [INFO] ThirdParty:1030 - CMSIS Pack Vendor :STMicroelectronics X-CUBE-ISPU 2.1.0
2025-07-02 17:55:50,710 [INFO] ThirdParty:1030 - CMSIS Pack Vendor :STMicroelectronics X-CUBE-FREERTOS 1.2.0
2025-07-02 17:55:50,710 [INFO] ThirdParty:1030 - CMSIS Pack Vendor :STMicroelectronics X-CUBE-TOUCHGFX 4.23.0
2025-07-02 17:55:50,710 [INFO] ThirdParty:1030 - CMSIS Pack Vendor :STMicroelectronics X-CUBE-AZRTOS-F7 1.1.0
2025-07-02 17:55:50,710 [INFO] ThirdParty:1030 - CMSIS Pack Vendor :STMicroelectronics X-CUBE-AZRTOS-L5 2.0.0
2025-07-02 17:55:50,710 [INFO] ThirdParty:1030 - CMSIS Pack Vendor :STMicroelectronics USB_DEVICE 2.0.0
2025-07-02 17:55:50,710 [INFO] ThirdParty:1030 - CMSIS Pack Vendor :STMicroelectronics X-CUBE-EEPRMA1 4.2.0
2025-07-02 17:55:50,710 [INFO] ThirdParty:1030 - CMSIS Pack Vendor :STMicroelectronics X-CUBE-NFC6 3.1.0
2025-07-02 17:55:50,710 [INFO] ThirdParty:1030 - CMSIS Pack Vendor :ITTIA_DB I-CUBE-ITTIADB 8.8.0
2025-07-02 17:55:50,710 [INFO] ThirdParty:1030 - CMSIS Pack Vendor :STMicroelectronics FP-SNS-MOTENV1 4.3.2
2025-07-02 17:55:50,710 [INFO] ThirdParty:1030 - CMSIS Pack Vendor :STMicroelectronics X-CUBE-MEMS1 11.0.0
2025-07-02 17:55:50,710 [INFO] ThirdParty:1030 - CMSIS Pack Vendor :STMicroelectronics FreeRTOS 0.0.1
2025-07-02 17:55:50,710 [INFO] ThirdParty:1030 - CMSIS Pack Vendor :STMicroelectronics X-CUBE-DPower 1.2.0
2025-07-02 17:55:50,710 [INFO] ThirdParty:1030 - CMSIS Pack Vendor :STMicroelectronics FP-SNS-FLIGHT1 5.0.2
2025-07-02 17:55:50,710 [INFO] ThirdParty:1030 - CMSIS Pack Vendor :STMicroelectronics X-CUBE-AI 9.0.0
2025-07-02 17:55:50,710 [INFO] ThirdParty:1030 - CMSIS Pack Vendor :STMicroelectronics X-CUBE-AZRTOS-H7 3.1.0
2025-07-02 17:55:50,710 [INFO] ThirdParty:1030 - CMSIS Pack Vendor :STMicroelectronics PDM2PCM 3.3.0
2025-07-02 17:55:50,710 [INFO] ThirdParty:1030 - CMSIS Pack Vendor :STMicroelectronics X-CUBE-DISPLAY 3.0.0
2025-07-02 17:55:50,710 [INFO] ThirdParty:1030 - CMSIS Pack Vendor :STMicroelectronics X-CUBE-BLE1 7.0.0
2025-07-02 17:55:50,710 [INFO] ThirdParty:1030 - CMSIS Pack Vendor :STMicroelectronics X-CUBE-NFC10 1.0.0
2025-07-02 17:55:50,710 [INFO] ThirdParty:1030 - CMSIS Pack Vendor :STMicroelectronics X-CUBE-BLEMGR 4.0.0
2025-07-02 17:55:50,710 [INFO] ThirdParty:1030 - CMSIS Pack Vendor :STMicroelectronics X-CUBE-FREERTOS 1.3.1
2025-07-02 17:55:50,710 [INFO] ThirdParty:1030 - CMSIS Pack Vendor :STMicroelectronics HAL Drivers 0.0.0
2025-07-02 17:55:50,710 [INFO] ThirdParty:1030 - CMSIS Pack Vendor :emotas I-CUBE-CANOPEN 1.3.0
2025-07-02 17:55:50,710 [INFO] ThirdParty:1030 - CMSIS Pack Vendor :STMicroelectronics X-CUBE-FREERTOS 1.3.0
2025-07-02 17:55:50,710 [INFO] ThirdParty:1030 - CMSIS Pack Vendor :STMicroelectronics X-CUBE-NFC7 1.0.1
2025-07-02 17:55:50,710 [INFO] ThirdParty:1030 - CMSIS Pack Vendor :STMicroelectronics MBEDTLS 2.14.1
2025-07-02 17:55:50,710 [INFO] ThirdParty:1030 - CMSIS Pack Vendor :STMicroelectronics X-CUBE-TOUCHGFX 4.22.1
2025-07-02 17:55:50,710 [INFO] ThirdParty:1030 - CMSIS Pack Vendor :wolfSSL I-CUBE-wolfTPM 3.2.0
2025-07-02 17:55:50,710 [INFO] ThirdParty:1030 - CMSIS Pack Vendor :STMicroelectronics X-CUBE-NFC6 3.0.0
2025-07-02 17:55:50,710 [INFO] ThirdParty:1030 - CMSIS Pack Vendor :STMicroelectronics X-CUBE-BLEMGR 3.1.0
2025-07-02 17:55:50,710 [INFO] ThirdParty:1030 - CMSIS Pack Vendor :STMicroelectronics X-CUBE-AI 10.0.0
2025-07-02 17:55:50,710 [INFO] ThirdParty:1030 - CMSIS Pack Vendor :STMicroelectronics FP-SNS-SMARTAG2 1.2.0
2025-07-02 17:55:50,710 [INFO] ThirdParty:1030 - CMSIS Pack Vendor :STMicroelectronics X-CUBE-MEMS1 11.1.0
2025-07-02 17:55:50,710 [INFO] ThirdParty:1030 - CMSIS Pack Vendor :STMicroelectronics X-CUBE-AZRTOS-WL 2.0.0
2025-07-02 17:55:50,710 [INFO] ThirdParty:1030 - CMSIS Pack Vendor :STMicroelectronics X-CUBE-DPower 1.3.0
2025-07-02 17:55:50,710 [INFO] ThirdParty:1030 - CMSIS Pack Vendor :STMicroelectronics FP-SNS-MOTENV1 5.0.0
2025-07-02 17:55:50,710 [INFO] ThirdParty:1030 - CMSIS Pack Vendor :STMicroelectronics USB_DEVICE 1.0.0
2025-07-02 17:55:50,710 [INFO] ThirdParty:1030 - CMSIS Pack Vendor :STMicroelectronics X-CUBE-AI 8.1.0
2025-07-02 17:55:50,711 [INFO] ThirdParty:1030 - CMSIS Pack Vendor :wolfSSL I-CUBE-wolfMQTT 1.19.0
2025-07-02 17:55:50,711 [INFO] ThirdParty:1030 - CMSIS Pack Vendor :STMicroelectronics X-CUBE-AZRTOS-L4 2.0.0
2025-07-02 17:55:50,711 [INFO] ThirdParty:1030 - CMSIS Pack Vendor :STMicroelectronics ThreadX 0.0.2
2025-07-02 17:55:50,711 [INFO] ThirdParty:1030 - CMSIS Pack Vendor :WES I-CUBE-Cesium 1.3.0
2025-07-02 17:55:50,711 [INFO] ThirdParty:1030 - CMSIS Pack Vendor :STMicroelectronics lwIP 2.1.2
2025-07-02 17:55:50,711 [INFO] ThirdParty:1030 - CMSIS Pack Vendor :STMicroelectronics X-CUBE-SFXS2LP1 4.0.0
2025-07-02 17:55:50,711 [INFO] ThirdParty:1030 - CMSIS Pack Vendor :STMicroelectronics X-CUBE-BLE2 3.3.0
2025-07-02 17:55:50,711 [INFO] ThirdParty:1030 - CMSIS Pack Vendor :STMicroelectronics PDM2PCM 3.2.0
2025-07-02 17:55:50,711 [INFO] ThirdParty:1030 - CMSIS Pack Vendor :STMicroelectronics X-CUBE-ISPU 1.1.0
2025-07-02 17:55:50,711 [INFO] ThirdParty:1030 - CMSIS Pack Vendor :STMicroelectronics X-CUBE-AZRTOS-H7 3.3.0
2025-07-02 17:55:50,711 [INFO] ThirdParty:1030 - CMSIS Pack Vendor :STMicroelectronics X-CUBE-NFC9 1.0.0
2025-07-02 17:55:50,711 [INFO] ThirdParty:1030 - CMSIS Pack Vendor :STMicroelectronics X-CUBE-BLE1 7.1.0
2025-07-02 17:55:50,711 [INFO] ThirdParty:1030 - CMSIS Pack Vendor :STMicroelectronics USB_DEVICE 3.0.0
2025-07-02 17:55:50,711 [INFO] ThirdParty:1030 - CMSIS Pack Vendor :STMicroelectronics X-CUBE-TCPP 4.1.0
2025-07-02 17:55:50,711 [INFO] ThirdParty:1030 - CMSIS Pack Vendor :STMicroelectronics X-CUBE-IPS 3.0.0
2025-07-02 17:55:50,711 [INFO] ThirdParty:1030 - CMSIS Pack Vendor :STMicroelectronics X-CUBE-AZRTOS-WB 2.0.0
2025-07-02 17:55:50,711 [INFO] ThirdParty:1030 - CMSIS Pack Vendor :STMicroelectronics X-CUBE-GNSS1 7.0.0
2025-07-02 17:55:50,711 [INFO] ThirdParty:1030 - CMSIS Pack Vendor :STMicroelectronics X-CUBE-GNSS1 7.0.1
2025-07-02 17:55:50,711 [INFO] ThirdParty:1030 - CMSIS Pack Vendor :STMicroelectronics X-CUBE-TOUCHGFX 4.25.0
2025-07-02 17:55:50,711 [INFO] ThirdParty:1030 - CMSIS Pack Vendor :STMicroelectronics X-CUBE-AI 10.1.0
2025-07-02 17:55:50,711 [INFO] ThirdParty:1030 - CMSIS Pack Vendor :STMicroelectronics FP-SNS-STBOX1 2.0.0
2025-07-02 17:55:50,711 [INFO] ThirdParty:1030 - CMSIS Pack Vendor :STMicroelectronics X-CUBE-ALGOBUILD 1.3.0
2025-07-02 17:55:50,711 [INFO] ThirdParty:1030 - CMSIS Pack Vendor :STMicroelectronics X-CUBE-MEMS1 11.2.0
2025-07-02 17:55:50,711 [INFO] ThirdParty:1030 - CMSIS Pack Vendor :STMicroelectronics X-CUBE-AZRTOS-G0 1.1.0
2025-07-02 17:55:50,711 [INFO] ThirdParty:1030 - CMSIS Pack Vendor :STMicroelectronics X-CUBE-SAFEA1 1.2.2
2025-07-02 17:55:50,711 [INFO] ThirdParty:1030 - CMSIS Pack Vendor :STMicroelectronics X-CUBE-NFC4 3.0.0
2025-07-02 17:55:50,711 [INFO] ThirdParty:1030 - CMSIS Pack Vendor :STMicroelectronics X-CUBE-SUBG2 5.0.0
2025-07-02 17:55:50,711 [INFO] ThirdParty:1030 - CMSIS Pack Vendor :STMicroelectronics X-CUBE-AZRTOS-H7RS 1.1.0
2025-07-02 17:55:50,711 [INFO] ThirdParty:1030 - CMSIS Pack Vendor :STMicroelectronics STM32_WPAN 1.0.0
2025-07-02 17:55:50,711 [INFO] ThirdParty:1030 - CMSIS Pack Vendor :EmbeddedOffice I-CUBE-FS-RTOS 1.0.1
2025-07-02 17:55:50,711 [INFO] ThirdParty:1030 - CMSIS Pack Vendor :STMicroelectronics lwIP 2.0.3
2025-07-02 17:55:50,711 [INFO] ThirdParty:1030 - CMSIS Pack Vendor :Cesanta I-CUBE-Mongoose 7.13.0
2025-07-02 17:55:50,711 [INFO] ThirdParty:1030 - CMSIS Pack Vendor :STMicroelectronics USB_HOST 1.0.0
2025-07-02 17:55:50,711 [INFO] ThirdParty:1030 - CMSIS Pack Vendor :STMicroelectronics X-CUBE-AZRTOS-G4 2.0.0
2025-07-02 17:55:50,711 [INFO] ThirdParty:1030 - CMSIS Pack Vendor :STMicroelectronics X-CUBE-WB05N 2.0.0
2025-07-02 17:55:50,711 [INFO] ThirdParty:1030 - CMSIS Pack Vendor :STMicroelectronics PDM2PCM 3.1.0
2025-07-02 17:55:50,711 [INFO] ThirdParty:1030 - CMSIS Pack Vendor :Infineon AIROC-Wi-Fi-Bluetooth-STM32 1.5.1
2025-07-02 17:55:50,711 [INFO] ThirdParty:1030 - CMSIS Pack Vendor :STMicroelectronics X-CUBE-BLEMGR 3.0.0
2025-07-02 17:55:50,711 [INFO] ThirdParty:1030 - CMSIS Pack Vendor :STMicroelectronics FP-SNS-MOTENVWB1 1.3.0
2025-07-02 17:55:50,711 [INFO] ThirdParty:1030 - CMSIS Pack Vendor :STMicroelectronics X-CUBE-NFC7 2.0.0
2025-07-02 17:55:50,711 [INFO] ThirdParty:1030 - CMSIS Pack Vendor :RealThread X-CUBE-RT-Thread_Nano 4.1.1
2025-07-02 17:55:50,711 [INFO] ThirdParty:1030 - CMSIS Pack Vendor :STMicroelectronics FP-SNS-MOTENVWB1 1.3.1
2025-07-02 17:55:50,711 [INFO] ThirdParty:1030 - CMSIS Pack Vendor :STMicroelectronics FP-ATR-SIGFOX1 3.2.0
2025-07-02 17:55:50,711 [INFO] ThirdParty:1030 - CMSIS Pack Vendor :quantropi X-CUBE-qispace-sdk-base 1.9.3
2025-07-02 17:55:50,711 [INFO] ThirdParty:1030 - CMSIS Pack Vendor :STMicroelectronics X-CUBE-ISPU 2.0.0
2025-07-02 17:55:50,711 [INFO] ThirdParty:1030 - CMSIS Pack Vendor :STMicroelectronics X-CUBE-EEPRMA1 5.1.0
2025-07-02 17:55:50,711 [INFO] ThirdParty:1030 - CMSIS Pack Vendor :STMicroelectronics MBEDTLS 2.16.2
2025-07-02 17:55:50,712 [INFO] ThirdParty:1030 - CMSIS Pack Vendor :STMicroelectronics X-CUBE-ALS 1.0.2
2025-07-02 17:55:50,712 [INFO] ThirdParty:1030 - CMSIS Pack Vendor :STMicroelectronics X-CUBE-MEMS1 10.0.0
2025-07-02 17:55:50,712 [INFO] ThirdParty:1030 - CMSIS Pack Vendor :STMicroelectronics X-CUBE-FREERTOS 1.1.0
2025-07-02 17:55:50,712 [INFO] ThirdParty:1030 - CMSIS Pack Vendor :STMicroelectronics X-CUBE-TOUCHGFX 4.24.0
2025-07-02 17:55:50,712 [INFO] ThirdParty:1030 - CMSIS Pack Vendor :STMicroelectronics X-CUBE-TOUCHGFX 4.24.2
2025-07-02 17:55:50,712 [INFO] ThirdParty:1030 - CMSIS Pack Vendor :STMicroelectronics X-CUBE-TOUCHGFX 4.24.1
2025-07-02 17:55:50,712 [INFO] ThirdParty:1030 - CMSIS Pack Vendor :portGmbH I-Cube-SoM-uGOAL 1.1.0
2025-07-02 17:55:50,712 [INFO] ThirdParty:1030 - CMSIS Pack Vendor :STMicroelectronics X-CUBE-ALS 1.0.1
2025-07-02 17:55:50,712 [INFO] ThirdParty:1030 - CMSIS Pack Vendor :STMicroelectronics ThreadX 1.0.0
2025-07-02 17:55:50,712 [INFO] ThirdParty:1030 - CMSIS Pack Vendor :SEGGER I-CUBE-embOS 1.3.1
2025-07-02 17:55:50,712 [INFO] ThirdParty:1030 - CMSIS Pack Vendor :STMicroelectronics X-CUBE-ALGOBUILD 1.4.0
2025-07-02 17:55:50,712 [INFO] ThirdParty:1030 - CMSIS Pack Vendor :STMicroelectronics X-CUBE-MEMS1 11.3.0
2025-07-02 17:55:50,712 [INFO] ThirdParty:1030 - CMSIS Pack Vendor :STMicroelectronics X-CUBE-AZRTOS-H7RS 1.0.0
2025-07-02 17:55:50,712 [INFO] ThirdParty:1030 - CMSIS Pack Vendor :STMicroelectronics FP-ATR-ASTRA1 2.0.0
2025-07-02 17:55:50,712 [INFO] ThirdParty:1030 - CMSIS Pack Vendor :STMicroelectronics X-CUBE-TOF1 3.4.2
2025-07-02 17:55:50,712 [INFO] ThirdParty:1030 - CMSIS Pack Vendor :STMicroelectronics X-CUBE-AI 9.1.0
2025-07-02 17:55:50,712 [INFO] ThirdParty:1030 - CMSIS Pack Vendor :STMicroelectronics X-CUBE-TOF1 3.4.0
2025-07-02 17:55:50,712 [INFO] ThirdParty:1030 - CMSIS Pack Vendor :STMicroelectronics X-CUBE-TOF1 3.4.1
2025-07-02 17:55:50,712 [INFO] ThirdParty:1030 - CMSIS Pack Vendor :STMicroelectronics X-CUBE-AZRTOS-H7 3.2.0
2025-07-02 17:55:50,712 [INFO] ThirdParty:1030 - CMSIS Pack Vendor :wolfSSL I-CUBE-wolfSSH 1.4.17
2025-07-02 17:55:50,712 [INFO] ThirdParty:841 - exiting critical section [change project]
2025-07-02 17:55:50,944 [INFO] PinOutPanel:1499 - setPackage(No Configuration,No Configuration)
2025-07-02 17:55:50,946 [INFO] PinOutPanel:1499 - setPackage(STM32F401VDTx,LQFP100)
2025-07-02 17:55:51,317 [INFO] UtilMem:75 - Before build in PCC Used Memory: 689722096 Bytes (1073741824)
2025-07-02 17:55:52,137 [INFO] UtilMem:75 - After build in PCC Used Memory: 714966176 Bytes (1073741824)
2025-07-02 17:55:52,265 [INFO] ApiDbMcu:508 - Load IP Config File for USB_DEVICE
2025-07-02 17:55:52,293 [INFO] IPUIPlugin:80 - create IPUIPlugin
2025-07-02 17:55:52,293 [INFO] IPUIPlugin:80 - create IPUIPlugin
2025-07-02 17:55:52,293 [INFO] IPUIPlugin:80 - create IPUIPlugin
2025-07-02 17:55:52,293 [INFO] IPUIPlugin:80 - create IPUIPlugin
2025-07-02 17:55:52,293 [INFO] IPUIPlugin:80 - create IPUIPlugin
2025-07-02 17:55:52,293 [INFO] IPUIPlugin:80 - create IPUIPlugin
2025-07-02 17:55:52,294 [INFO] IPUIPlugin:80 - create IPUIPlugin
2025-07-02 17:55:52,294 [INFO] IPUIPlugin:80 - create IPUIPlugin
2025-07-02 17:55:52,294 [INFO] IPUIPlugin:80 - create IPUIPlugin
2025-07-02 17:55:52,294 [INFO] IPUIPlugin:80 - create IPUIPlugin
2025-07-02 17:55:52,294 [INFO] IPUIPlugin:80 - create IPUIPlugin
2025-07-02 17:55:52,294 [INFO] IPUIPlugin:80 - create IPUIPlugin
2025-07-02 17:55:52,294 [INFO] IPUIPlugin:80 - create IPUIPlugin
2025-07-02 17:55:52,294 [INFO] IPUIPlugin:80 - create IPUIPlugin
2025-07-02 17:55:52,295 [INFO] IPUIPlugin:80 - create IPUIPlugin
2025-07-02 17:55:52,295 [INFO] IPUIPlugin:80 - create IPUIPlugin
2025-07-02 17:55:52,295 [INFO] IPUIPlugin:80 - create IPUIPlugin
2025-07-02 17:55:52,295 [INFO] IPUIPlugin:80 - create IPUIPlugin
2025-07-02 17:55:52,295 [INFO] IPUIPlugin:80 - create IPUIPlugin
2025-07-02 17:55:52,295 [INFO] IPUIPlugin:80 - create IPUIPlugin
2025-07-02 17:55:52,296 [INFO] IPUIPlugin:80 - create IPUIPlugin
2025-07-02 17:55:52,296 [INFO] IPUIPlugin:80 - create IPUIPlugin
2025-07-02 17:55:52,296 [INFO] IPUIPlugin:80 - create IPUIPlugin
2025-07-02 17:55:52,296 [INFO] IPUIPlugin:80 - create IPUIPlugin
2025-07-02 17:55:52,296 [INFO] IPUIPlugin:80 - create IPUIPlugin
2025-07-02 17:55:52,297 [INFO] IPUIPlugin:80 - create IPUIPlugin
2025-07-02 17:55:52,297 [INFO] IPUIPlugin:80 - create IPUIPlugin
2025-07-02 17:55:52,297 [INFO] IPUIPlugin:80 - create IPUIPlugin
2025-07-02 17:55:52,297 [INFO] IPUIPlugin:80 - create IPUIPlugin
2025-07-02 17:55:52,297 [INFO] IPUIPlugin:80 - create IPUIPlugin
2025-07-02 17:55:52,297 [INFO] IPUIPlugin:80 - create IPUIPlugin
2025-07-02 17:55:52,298 [INFO] IPUIPlugin:80 - create IPUIPlugin
2025-07-02 17:55:52,298 [INFO] IPUIPlugin:80 - create IPUIPlugin
2025-07-02 17:55:52,298 [INFO] IPUIPlugin:80 - create IPUIPlugin
2025-07-02 17:55:52,298 [INFO] IPUIPlugin:80 - create IPUIPlugin
2025-07-02 17:55:52,298 [INFO] IPUIPlugin:80 - create IPUIPlugin
2025-07-02 17:55:52,299 [INFO] IPUIPlugin:80 - create IPUIPlugin
2025-07-02 17:55:52,299 [INFO] IPUIPlugin:80 - create IPUIPlugin
2025-07-02 17:55:52,299 [INFO] IPUIPlugin:80 - create IPUIPlugin
2025-07-02 17:55:52,308 [INFO] ApiDbMcu:508 - Load IP Config File for PDM2PCM
2025-07-02 17:55:52,317 [WARN] IP:2119 - I2C_Coeff_DF not found: check if there is a RefParameter without a condition.
2025-07-02 17:55:52,317 [WARN] IP:2119 - Analog_Filter not found: check if there is a RefParameter without a condition.
2025-07-02 17:55:52,536 [INFO] CADModel:165 - CPN selected for project levelSTM32F401VDT6
2025-07-02 17:55:52,536 [INFO] CADModel:114 - Register for checkConnection events
2025-07-02 17:55:52,586 [INFO] OpenFileManager:343 - Restore cursor
2025-07-02 17:55:52,736 [WARN] IP:2119 - DEVICE_SERIAL0_CDC_FS not found: check if there is a RefParameter without a condition.
2025-07-02 17:55:52,736 [WARN] IP:2119 - DEVICE_SERIAL1_CDC_FS not found: check if there is a RefParameter without a condition.
2025-07-02 17:55:52,736 [WARN] IP:2119 - DEVICE_SERIAL2_CDC_FS not found: check if there is a RefParameter without a condition.
2025-07-02 17:55:52,737 [WARN] IP:2119 - DEVICE_SERIAL0_CDC_FS not found: check if there is a RefParameter without a condition.
2025-07-02 17:55:52,737 [WARN] IP:2119 - DEVICE_SERIAL1_CDC_FS not found: check if there is a RefParameter without a condition.
2025-07-02 17:55:52,737 [WARN] IP:2119 - DEVICE_SERIAL2_CDC_FS not found: check if there is a RefParameter without a condition.
2025-07-02 17:55:52,762 [WARN] IP:2119 - I2C_Coeff_DF not found: check if there is a RefParameter without a condition.
2025-07-02 17:55:52,763 [WARN] IP:2119 - Analog_Filter not found: check if there is a RefParameter without a condition.
2025-07-02 17:55:52,763 [WARN] IP:2119 - I2C_Coeff_DF not found: check if there is a RefParameter without a condition.
2025-07-02 17:55:52,763 [WARN] IP:2119 - Analog_Filter not found: check if there is a RefParameter without a condition.
2025-07-02 17:55:57,070 [WARN] IP:2119 - DEVICE_SERIAL0_CDC_FS not found: check if there is a RefParameter without a condition.
2025-07-02 17:55:57,070 [WARN] IP:2119 - DEVICE_SERIAL1_CDC_FS not found: check if there is a RefParameter without a condition.
2025-07-02 17:55:57,070 [WARN] IP:2119 - DEVICE_SERIAL2_CDC_FS not found: check if there is a RefParameter without a condition.
2025-07-02 19:17:46,952 [ERROR] LogOutputStream:75 - [STDERR_REDIRECT] 
