2024-07-21 01:57:35,200 [INFO] MainUpdater:2873 - connection check result : 10
2024-07-21 01:57:35,211 [INFO] MainUpdater:2873 - connection check result : 10
2024-07-21 01:57:35,268 [INFO] MicroXplorer:468 - Change Database Path : 
2024-07-21 01:57:35,269 [INFO] MicroXplorer:498 - Change Database Version : DB.6.0.100
2024-07-21 01:57:35,281 [ERROR] ProjectManagerView:394 - 
java.lang.NullPointerException: Cannot invoke "javax.swing.JTextField.getText()" because the return value of "java.util.List.get(int)" is null
	at com.st.microxplorer.plugins.projectmanager.gui.ProjectChoiceTab$10.caretUpdate(ProjectChoiceTab.java:2493) ~[filemanager.jar:?]
	at javax.swing.text.JTextComponent.fireCaretUpdate(JTextComponent.java:412) ~[?:?]
	at javax.swing.text.JTextComponent$MutableCaretEvent.fire(JTextComponent.java:4491) ~[?:?]
	at javax.swing.text.JTextComponent$MutableCaretEvent.stateChanged(JTextComponent.java:4513) ~[?:?]
	at javax.swing.text.DefaultCaret.fireStateChanged(DefaultCaret.java:842) ~[?:?]
	at javax.swing.text.DefaultCaret.changeCaretPosition(DefaultCaret.java:1313) ~[?:?]
	at javax.swing.text.DefaultCaret.handleSetDot(DefaultCaret.java:1212) ~[?:?]
	at javax.swing.text.DefaultCaret.setDot(DefaultCaret.java:1193) ~[?:?]
	at javax.swing.text.DefaultCaret$Handler.insertUpdate(DefaultCaret.java:1789) ~[?:?]
	at javax.swing.text.AbstractDocument.fireInsertUpdate(AbstractDocument.java:226) ~[?:?]
	at javax.swing.text.AbstractDocument.handleInsertString(AbstractDocument.java:780) ~[?:?]
	at javax.swing.text.AbstractDocument.insertString(AbstractDocument.java:739) ~[?:?]
	at javax.swing.text.PlainDocument.insertString(PlainDocument.java:131) ~[?:?]
	at javax.swing.text.AbstractDocument.replace(AbstractDocument.java:698) ~[?:?]
	at javax.swing.text.JTextComponent.setText(JTextComponent.java:1729) ~[?:?]
	at com.st.microxplorer.plugins.projectmanager.gui.ProjectChoiceTab.createHeapStackFields(ProjectChoiceTab.java:933) ~[filemanager.jar:?]
	at com.st.microxplorer.plugins.projectmanager.gui.ProjectChoiceTab.buildLinkSettingsPanel(ProjectChoiceTab.java:3426) ~[filemanager.jar:?]
	at com.st.microxplorer.plugins.projectmanager.gui.ProjectChoiceTab.defineWindowsFields(ProjectChoiceTab.java:1813) ~[filemanager.jar:?]
	at com.st.microxplorer.plugins.projectmanager.gui.ProjectChoiceTab.updateSettings(ProjectChoiceTab.java:533) ~[filemanager.jar:?]
	at com.st.microxplorer.plugins.projectmanager.gui.ProjectSettingsPanel.UpdateDialog(ProjectSettingsPanel.java:244) ~[filemanager.jar:?]
	at com.st.microxplorer.plugins.projectmanager.ProjectManagerView.propertyChange(ProjectManagerView.java:391) ~[filemanager.jar:?]
	at java.beans.PropertyChangeSupport.fire(PropertyChangeSupport.java:343) ~[?:?]
	at java.beans.PropertyChangeSupport.firePropertyChange(PropertyChangeSupport.java:335) ~[?:?]
	at java.beans.PropertyChangeSupport.firePropertyChange(PropertyChangeSupport.java:268) ~[?:?]
	at com.st.microxplorer.util.MXPropertyChangeSupport.firePropertyChange(MXPropertyChangeSupport.java:54) ~[STM32CubeMX.jar:?]
	at com.st.microxplorer.mxsystem.MxSystem.closeConfig(MxSystem.java:900) ~[STM32CubeMX.jar:?]
	at com.st.microxplorer.maingui.MainPanel.closeConfig(MainPanel.java:776) ~[STM32CubeMX.jar:?]
	at com.st.microxplorer.plugins.filemanager.engine.OpenFileManager.loadConfigurationFile(OpenFileManager.java:245) ~[filemanager.jar:?]
	at com.st.microxplorer.plugins.filemanager.engine.MainFileManager.userLoadConfig(MainFileManager.java:290) ~[filemanager.jar:?]
	at com.st.microxplorer.plugins.filemanager.FileManagerView.getSpecificTask(FileManagerView.java:247) ~[filemanager.jar:?]
	at com.st.stm32cube.common.mx.editor.CubeMxEditor.getMxTabbedPaneInstance(CubeMxEditor.java:1184) ~[com.st.stm32cube.common.mx_6.10.0.202311202037/:?]
	at com.st.stm32cube.common.mx.editor.CubeMxEditor$12$1.createSwingComponent(CubeMxEditor.java:1065) ~[com.st.stm32cube.common.mx_6.10.0.202311202037/:?]
	at com.st.stm32cube.common.mx.oss.core.awtswtbridge.EmbeddedSwingComposite.doComponentCreation(EmbeddedSwingComposite.java:492) ~[com.st.stm32cube.common.mx.oss_6.10.0.202311202037/:?]
	at com.st.stm32cube.common.mx.oss.core.awtswtbridge.EmbeddedSwingComposite$4.run(EmbeddedSwingComposite.java:291) ~[com.st.stm32cube.common.mx.oss_6.10.0.202311202037/:?]
	at com.st.stm32cube.common.mx.oss.core.awtswtbridge.AwtEnvironment$2.run(AwtEnvironment.java:166) ~[com.st.stm32cube.common.mx.oss_6.10.0.202311202037/:?]
	at java.awt.event.InvocationEvent.dispatch(InvocationEvent.java:318) ~[?:?]
	at java.awt.EventQueue.dispatchEventImpl(EventQueue.java:773) ~[?:?]
	at java.awt.EventQueue$4.run(EventQueue.java:720) ~[?:?]
	at java.awt.EventQueue$4.run(EventQueue.java:714) ~[?:?]
	at java.security.AccessController.doPrivileged(AccessController.java:399) ~[?:?]
	at java.security.ProtectionDomain$JavaSecurityAccessImpl.doIntersectionPrivilege(ProtectionDomain.java:86) ~[?:?]
	at java.awt.EventQueue.dispatchEvent(EventQueue.java:742) ~[?:?]
	at java.awt.EventDispatchThread.pumpOneEventForFilters(EventDispatchThread.java:203) ~[?:?]
	at java.awt.EventDispatchThread.pumpEventsForFilter(EventDispatchThread.java:124) ~[?:?]
	at java.awt.EventDispatchThread.pumpEventsForHierarchy(EventDispatchThread.java:113) ~[?:?]
	at java.awt.EventDispatchThread.pumpEvents(EventDispatchThread.java:109) ~[?:?]
	at java.awt.EventDispatchThread.pumpEvents(EventDispatchThread.java:101) ~[?:?]
	at java.awt.EventDispatchThread.run(EventDispatchThread.java:90) ~[?:?]
2024-07-21 01:57:35,282 [WARN] ThirdParty:871 - waiting for thirdparty lock release [close project]
2024-07-21 01:57:35,282 [INFO] ThirdParty:873 - entering critical section [close project]
2024-07-21 01:57:35,282 [INFO] ThirdParty:883 - exiting critical section [close project]
2024-07-21 01:57:35,283 [INFO] PinOutPanel:1499 - setPackage(No Configuration,No Configuration)
2024-07-21 01:57:35,286 [WARN] IpParametersView:151 - Warning: This peripheral hasn't parameters
2024-07-21 01:57:35,287 [WARN] MainPanel:272 - <html><b><center>Warning: This peripheral has no parameters to be configured<br></b></html>
2024-07-21 01:57:35,290 [INFO] UtilMem:75 - Begin LoadConfig() Used Memory: 621274312 Bytes (1073741824)
2024-07-21 01:57:35,291 [INFO] MicroXplorer:468 - Change Database Path : 
2024-07-21 01:57:35,291 [INFO] MicroXplorer:498 - Change Database Version : DB.6.0.100
2024-07-21 01:57:35,291 [INFO] OpenFileManager:312 - Change cursor
2024-07-21 01:57:35,304 [INFO] Mcu:2016 - Initializing MCU STM32F401V(D-E)Tx STM32F401VDTx STM32F401VDT6
2024-07-21 01:57:35,951 [INFO] Context:659 - Trying to add GPIOservice into a context  which must be forbidden
2024-07-21 01:57:36,231 [INFO] RtosManager:555 - Registered RTOS mode: class=CMSIS, group=RTOS, mode=CMSIS_V1, owner=FREERTOS
2024-07-21 01:57:36,231 [INFO] RtosManager:555 - Registered RTOS mode: class=CMSIS, group=RTOS2, mode=CMSIS_V2, owner=FREERTOS
2024-07-21 01:57:36,231 [INFO] RtosManager:555 - Registered RTOS mode: class=RTOS, group=Core, mode=CMSIS_V1, owner=FREERTOS
2024-07-21 01:57:36,231 [INFO] RtosManager:555 - Registered RTOS mode: class=RTOS, group=Core, mode=CMSIS_V2, owner=FREERTOS
2024-07-21 01:57:36,231 [WARN] ModelIntegratedComponent:184 - Missing modes for component STMicroelectronics:FreeRTOS:0.0.1:STMicroelectronics:RTOS:FreeRTOS:Core:::10.2.0:
2024-07-21 01:57:36,236 [WARN] ModelIntegratedComponent:63 - No mode defined for component null
2024-07-21 01:57:36,236 [WARN] ModelIntegratedComponent:63 - No mode defined for component null
2024-07-21 01:57:36,236 [WARN] ModelIntegratedComponent:63 - No mode defined for component null
2024-07-21 01:57:36,236 [WARN] ModelIntegratedComponent:63 - No mode defined for component null
2024-07-21 01:57:36,236 [WARN] ModelIntegratedComponent:63 - No mode defined for component null
2024-07-21 01:57:36,236 [WARN] ModelIntegratedComponent:63 - No mode defined for component null
2024-07-21 01:57:36,236 [WARN] ModelIntegratedComponent:63 - No mode defined for component null
2024-07-21 01:57:36,236 [WARN] ModelIntegratedComponent:63 - No mode defined for component null
2024-07-21 01:57:36,236 [WARN] ModelIntegratedComponent:63 - No mode defined for component null
2024-07-21 01:57:36,236 [WARN] ModelIntegratedComponent:63 - No mode defined for component null
2024-07-21 01:57:36,236 [WARN] ModelIntegratedComponent:63 - No mode defined for component null
2024-07-21 01:57:36,236 [WARN] ModelIntegratedComponent:63 - No mode defined for component null
2024-07-21 01:57:36,236 [WARN] ModelIntegratedComponent:63 - No mode defined for component null
2024-07-21 01:57:36,236 [WARN] ModelIntegratedComponent:63 - No mode defined for component null
2024-07-21 01:57:36,236 [WARN] ModelIntegratedComponent:63 - No mode defined for component null
2024-07-21 01:57:36,236 [WARN] ModelIntegratedComponent:63 - No mode defined for component null
2024-07-21 01:57:36,236 [WARN] ModelIntegratedComponent:63 - No mode defined for component null
2024-07-21 01:57:36,236 [WARN] ModelIntegratedComponent:63 - No mode defined for component null
2024-07-21 01:57:36,236 [WARN] ModelIntegratedComponent:63 - No mode defined for component null
2024-07-21 01:57:36,236 [WARN] ModelIntegratedComponent:63 - No mode defined for component null
2024-07-21 01:57:36,236 [WARN] ModelIntegratedComponent:63 - No mode defined for component null
2024-07-21 01:57:36,236 [WARN] ModelIntegratedComponent:63 - No mode defined for component null
2024-07-21 01:57:36,236 [WARN] ModelIntegratedComponent:63 - No mode defined for component null
2024-07-21 01:57:36,236 [WARN] ModelIntegratedComponent:63 - No mode defined for component null
2024-07-21 01:57:36,236 [WARN] ModelIntegratedComponent:63 - No mode defined for component null
2024-07-21 01:57:36,236 [WARN] ModelIntegratedComponent:63 - No mode defined for component null
2024-07-21 01:57:36,236 [WARN] ModelIntegratedComponent:63 - No mode defined for component null
2024-07-21 01:57:36,236 [WARN] ModelIntegratedComponent:63 - No mode defined for component null
2024-07-21 01:57:36,237 [WARN] ModelIntegratedComponent:63 - No mode defined for component null
2024-07-21 01:57:36,237 [WARN] ModelIntegratedComponent:63 - No mode defined for component null
2024-07-21 01:57:36,237 [WARN] ModelIntegratedComponent:63 - No mode defined for component null
2024-07-21 01:57:36,237 [WARN] ModelIntegratedComponent:63 - No mode defined for component null
2024-07-21 01:57:36,237 [WARN] ModelIntegratedComponent:63 - No mode defined for component null
2024-07-21 01:57:36,285 [INFO] ThirdPartyModel:298 - Start build external matchings
2024-07-21 01:57:36,499 [INFO] ThirdPartyModel:316 - End build external matchings
2024-07-21 01:57:36,507 [INFO] ImportTextPane:194 - (OptionalMessage_ERROR) IP (RCC) : Parameter (RTCHSEDivFreq_Value) has invalid value (12500000)
2024-07-21 01:57:36,660 [INFO] UtilMem:75 - End LoadConfig() Used Memory: 825065240 Bytes (1073741824)
2024-07-21 01:57:36,691 [INFO] MicroXplorer:468 - Change Database Path : 
2024-07-21 01:57:36,691 [INFO] MicroXplorer:498 - Change Database Version : DB.6.0.100
2024-07-21 01:57:36,691 [WARN] ThirdParty:833 - waiting for thirdparty lock release [change project]
2024-07-21 01:57:36,692 [INFO] ThirdParty:835 - entering critical section [change project]
2024-07-21 01:57:36,692 [INFO] ThirdParty:1030 - CMSIS Pack Vendor :STMicroelectronics X-CUBE-ISPU 1.1.0
2024-07-21 01:57:36,692 [INFO] ThirdParty:1030 - CMSIS Pack Vendor :STMicroelectronics USBPD 4.1
2024-07-21 01:57:36,692 [INFO] ThirdParty:1030 - CMSIS Pack Vendor :STMicroelectronics X-CUBE-GNSS1 6.0.0
2024-07-21 01:57:36,692 [INFO] ThirdParty:1030 - CMSIS Pack Vendor :STMicroelectronics USB_HOST 2.0.0
2024-07-21 01:57:36,692 [INFO] ThirdParty:1030 - CMSIS Pack Vendor :STMicroelectronics FP-SNS-MOTENVWB1 1.4.0
2024-07-21 01:57:36,692 [INFO] ThirdParty:1030 - CMSIS Pack Vendor :STMicroelectronics X-CUBE-AZRTOS-F4 1.1.0
2024-07-21 01:57:36,692 [INFO] ThirdParty:1030 - CMSIS Pack Vendor :STMicroelectronics LIBJPEG 8.0.0
2024-07-21 01:57:36,692 [INFO] ThirdParty:1030 - CMSIS Pack Vendor :wolfSSL I-CUBE-wolfSSL 5.6.4
2024-07-21 01:57:36,692 [INFO] ThirdParty:1030 - CMSIS Pack Vendor :STMicroelectronics X-CUBE-SMBUS 2.1.0
2024-07-21 01:57:36,692 [INFO] ThirdParty:1030 - CMSIS Pack Vendor :STMicroelectronics USB_DEVICE 3.0.0
2024-07-21 01:57:36,692 [INFO] ThirdParty:1030 - CMSIS Pack Vendor :STMicroelectronics X-CUBE-TCPP 4.1.0
2024-07-21 01:57:36,692 [INFO] ThirdParty:1030 - CMSIS Pack Vendor :STMicroelectronics X-CUBE-FREERTOS 1.2.0
2024-07-21 01:57:36,692 [INFO] ThirdParty:1030 - CMSIS Pack Vendor :STMicroelectronics X-CUBE-AZRTOS-WB 2.0.0
2024-07-21 01:57:36,692 [INFO] ThirdParty:1030 - CMSIS Pack Vendor :STMicroelectronics X-CUBE-TOUCHGFX 4.23.0
2024-07-21 01:57:36,692 [INFO] ThirdParty:1030 - CMSIS Pack Vendor :STMicroelectronics X-CUBE-AZRTOS-F7 1.1.0
2024-07-21 01:57:36,692 [INFO] ThirdParty:1030 - CMSIS Pack Vendor :STMicroelectronics X-CUBE-AZRTOS-L5 2.0.0
2024-07-21 01:57:36,692 [INFO] ThirdParty:1030 - CMSIS Pack Vendor :STMicroelectronics USB_DEVICE 2.0.0
2024-07-21 01:57:36,692 [INFO] ThirdParty:1030 - CMSIS Pack Vendor :STMicroelectronics X-CUBE-EEPRMA1 4.2.0
2024-07-21 01:57:36,692 [INFO] ThirdParty:1030 - CMSIS Pack Vendor :STMicroelectronics X-CUBE-NFC6 3.1.0
2024-07-21 01:57:36,692 [INFO] ThirdParty:1030 - CMSIS Pack Vendor :ITTIA_DB I-CUBE-ITTIADB 8.8.0
2024-07-21 01:57:36,692 [INFO] ThirdParty:1030 - CMSIS Pack Vendor :STMicroelectronics FP-SNS-MOTENV1 4.3.2
2024-07-21 01:57:36,692 [INFO] ThirdParty:1030 - CMSIS Pack Vendor :STMicroelectronics X-CUBE-ALGOBUILD 1.3.0
2024-07-21 01:57:36,692 [INFO] ThirdParty:1030 - CMSIS Pack Vendor :STMicroelectronics FreeRTOS 0.0.1
2024-07-21 01:57:36,692 [INFO] ThirdParty:1030 - CMSIS Pack Vendor :STMicroelectronics X-CUBE-AZRTOS-G0 1.1.0
2024-07-21 01:57:36,692 [INFO] ThirdParty:1030 - CMSIS Pack Vendor :STMicroelectronics X-CUBE-SAFEA1 1.2.2
2024-07-21 01:57:36,692 [INFO] ThirdParty:1030 - CMSIS Pack Vendor :STMicroelectronics X-CUBE-NFC4 3.0.0
2024-07-21 01:57:36,692 [INFO] ThirdParty:1030 - CMSIS Pack Vendor :STMicroelectronics X-CUBE-DPower 1.2.0
2024-07-21 01:57:36,692 [INFO] ThirdParty:1030 - CMSIS Pack Vendor :STMicroelectronics X-CUBE-SUBG2 5.0.0
2024-07-21 01:57:36,692 [INFO] ThirdParty:1030 - CMSIS Pack Vendor :STMicroelectronics STM32_WPAN 1.0.0
2024-07-21 01:57:36,692 [INFO] ThirdParty:1030 - CMSIS Pack Vendor :EmbeddedOffice I-CUBE-FS-RTOS 1.0.1
2024-07-21 01:57:36,692 [INFO] ThirdParty:1030 - CMSIS Pack Vendor :STMicroelectronics lwIP 2.0.3
2024-07-21 01:57:36,692 [INFO] ThirdParty:1030 - CMSIS Pack Vendor :STMicroelectronics FP-SNS-FLIGHT1 5.0.2
2024-07-21 01:57:36,692 [INFO] ThirdParty:1030 - CMSIS Pack Vendor :Cesanta I-CUBE-Mongoose 7.13.0
2024-07-21 01:57:36,692 [INFO] ThirdParty:1030 - CMSIS Pack Vendor :STMicroelectronics USB_HOST 1.0.0
2024-07-21 01:57:36,692 [INFO] ThirdParty:1030 - CMSIS Pack Vendor :STMicroelectronics X-CUBE-AI 9.0.0
2024-07-21 01:57:36,692 [INFO] ThirdParty:1030 - CMSIS Pack Vendor :STMicroelectronics X-CUBE-AZRTOS-G4 2.0.0
2024-07-21 01:57:36,692 [INFO] ThirdParty:1030 - CMSIS Pack Vendor :STMicroelectronics PDM2PCM 3.1.0
2024-07-21 01:57:36,692 [INFO] ThirdParty:1030 - CMSIS Pack Vendor :STMicroelectronics X-CUBE-AZRTOS-H7 3.1.0
2024-07-21 01:57:36,692 [INFO] ThirdParty:1030 - CMSIS Pack Vendor :Infineon AIROC-Wi-Fi-Bluetooth-STM32 1.5.1
2024-07-21 01:57:36,692 [INFO] ThirdParty:1030 - CMSIS Pack Vendor :STMicroelectronics X-CUBE-BLEMGR 3.0.0
2024-07-21 01:57:36,692 [INFO] ThirdParty:1030 - CMSIS Pack Vendor :STMicroelectronics PDM2PCM 3.3.0
2024-07-21 01:57:36,692 [INFO] ThirdParty:1030 - CMSIS Pack Vendor :STMicroelectronics X-CUBE-DISPLAY 3.0.0
2024-07-21 01:57:36,692 [INFO] ThirdParty:1030 - CMSIS Pack Vendor :STMicroelectronics FP-SNS-MOTENVWB1 1.3.0
2024-07-21 01:57:36,692 [INFO] ThirdParty:1030 - CMSIS Pack Vendor :RealThread X-CUBE-RT-Thread_Nano 4.1.1
2024-07-21 01:57:36,692 [INFO] ThirdParty:1030 - CMSIS Pack Vendor :STMicroelectronics FP-SNS-MOTENVWB1 1.3.1
2024-07-21 01:57:36,692 [INFO] ThirdParty:1030 - CMSIS Pack Vendor :STMicroelectronics X-CUBE-BLE1 7.0.0
2024-07-21 01:57:36,692 [INFO] ThirdParty:1030 - CMSIS Pack Vendor :STMicroelectronics FP-ATR-SIGFOX1 3.2.0
2024-07-21 01:57:36,692 [INFO] ThirdParty:1030 - CMSIS Pack Vendor :STMicroelectronics X-CUBE-ISPU 2.0.0
2024-07-21 01:57:36,692 [INFO] ThirdParty:1030 - CMSIS Pack Vendor :STMicroelectronics X-CUBE-EEPRMA1 5.1.0
2024-07-21 01:57:36,692 [INFO] ThirdParty:1030 - CMSIS Pack Vendor :STMicroelectronics HAL Drivers 0.0.0
2024-07-21 01:57:36,692 [INFO] ThirdParty:1030 - CMSIS Pack Vendor :STMicroelectronics MBEDTLS 2.16.2
2024-07-21 01:57:36,692 [INFO] ThirdParty:1030 - CMSIS Pack Vendor :STMicroelectronics X-CUBE-ALS 1.0.2
2024-07-21 01:57:36,692 [INFO] ThirdParty:1030 - CMSIS Pack Vendor :emotas I-CUBE-CANOPEN 1.3.0
2024-07-21 01:57:36,692 [INFO] ThirdParty:1030 - CMSIS Pack Vendor :STMicroelectronics X-CUBE-MEMS1 10.0.0
2024-07-21 01:57:36,692 [INFO] ThirdParty:1030 - CMSIS Pack Vendor :STMicroelectronics X-CUBE-FREERTOS 1.1.0
2024-07-21 01:57:36,692 [INFO] ThirdParty:1030 - CMSIS Pack Vendor :STMicroelectronics X-CUBE-NFC7 1.0.1
2024-07-21 01:57:36,692 [INFO] ThirdParty:1030 - CMSIS Pack Vendor :STMicroelectronics MBEDTLS 2.14.1
2024-07-21 01:57:36,692 [INFO] ThirdParty:1030 - CMSIS Pack Vendor :STMicroelectronics X-CUBE-TOUCHGFX 4.24.0
2024-07-21 01:57:36,692 [INFO] ThirdParty:1030 - CMSIS Pack Vendor :STMicroelectronics X-CUBE-TOUCHGFX 4.22.1
2024-07-21 01:57:36,692 [INFO] ThirdParty:1030 - CMSIS Pack Vendor :wolfSSL I-CUBE-wolfTPM 3.2.0
2024-07-21 01:57:36,692 [INFO] ThirdParty:1030 - CMSIS Pack Vendor :STMicroelectronics X-CUBE-NFC6 3.0.0
2024-07-21 01:57:36,692 [INFO] ThirdParty:1030 - CMSIS Pack Vendor :portGmbH I-Cube-SoM-uGOAL 1.1.0
2024-07-21 01:57:36,692 [INFO] ThirdParty:1030 - CMSIS Pack Vendor :STMicroelectronics X-CUBE-ALS 1.0.1
2024-07-21 01:57:36,692 [INFO] ThirdParty:1030 - CMSIS Pack Vendor :STMicroelectronics X-CUBE-BLEMGR 3.1.0
2024-07-21 01:57:36,692 [INFO] ThirdParty:1030 - CMSIS Pack Vendor :STMicroelectronics ThreadX 1.0.0
2024-07-21 01:57:36,692 [INFO] ThirdParty:1030 - CMSIS Pack Vendor :STMicroelectronics FP-SNS-SMARTAG2 1.2.0
2024-07-21 01:57:36,692 [INFO] ThirdParty:1030 - CMSIS Pack Vendor :STMicroelectronics X-CUBE-AZRTOS-WL 2.0.0
2024-07-21 01:57:36,692 [INFO] ThirdParty:1030 - CMSIS Pack Vendor :SEGGER I-CUBE-embOS 1.3.1
2024-07-21 01:57:36,692 [INFO] ThirdParty:1030 - CMSIS Pack Vendor :STMicroelectronics X-CUBE-ALGOBUILD 1.4.0
2024-07-21 01:57:36,692 [INFO] ThirdParty:1030 - CMSIS Pack Vendor :STMicroelectronics FP-SNS-MOTENV1 5.0.0
2024-07-21 01:57:36,692 [INFO] ThirdParty:1030 - CMSIS Pack Vendor :STMicroelectronics USB_DEVICE 1.0.0
2024-07-21 01:57:36,692 [INFO] ThirdParty:1030 - CMSIS Pack Vendor :STMicroelectronics X-CUBE-AI 8.1.0
2024-07-21 01:57:36,692 [INFO] ThirdParty:1030 - CMSIS Pack Vendor :STMicroelectronics X-CUBE-AZRTOS-H7RS 1.0.0
2024-07-21 01:57:36,693 [INFO] ThirdParty:1030 - CMSIS Pack Vendor :wolfSSL I-CUBE-wolfMQTT 1.19.0
2024-07-21 01:57:36,693 [INFO] ThirdParty:1030 - CMSIS Pack Vendor :STMicroelectronics X-CUBE-AZRTOS-L4 2.0.0
2024-07-21 01:57:36,693 [INFO] ThirdParty:1030 - CMSIS Pack Vendor :STMicroelectronics ThreadX 0.0.2
2024-07-21 01:57:36,693 [INFO] ThirdParty:1030 - CMSIS Pack Vendor :WES I-CUBE-Cesium 1.3.0
2024-07-21 01:57:36,693 [INFO] ThirdParty:1030 - CMSIS Pack Vendor :STMicroelectronics FP-ATR-ASTRA1 2.0.0
2024-07-21 01:57:36,693 [INFO] ThirdParty:1030 - CMSIS Pack Vendor :STMicroelectronics lwIP 2.1.2
2024-07-21 01:57:36,693 [INFO] ThirdParty:1030 - CMSIS Pack Vendor :STMicroelectronics X-CUBE-SFXS2LP1 4.0.0
2024-07-21 01:57:36,693 [INFO] ThirdParty:1030 - CMSIS Pack Vendor :STMicroelectronics X-CUBE-BLE2 3.3.0
2024-07-21 01:57:36,693 [INFO] ThirdParty:1030 - CMSIS Pack Vendor :STMicroelectronics X-CUBE-TOF1 3.4.0
2024-07-21 01:57:36,693 [INFO] ThirdParty:1030 - CMSIS Pack Vendor :STMicroelectronics X-CUBE-TOF1 3.4.1
2024-07-21 01:57:36,693 [INFO] ThirdParty:1030 - CMSIS Pack Vendor :STMicroelectronics X-CUBE-AZRTOS-H7 3.2.0
2024-07-21 01:57:36,693 [INFO] ThirdParty:1030 - CMSIS Pack Vendor :STMicroelectronics PDM2PCM 3.2.0
2024-07-21 01:57:36,693 [INFO] ThirdParty:1030 - CMSIS Pack Vendor :wolfSSL I-CUBE-wolfSSH 1.4.17
2024-07-21 01:57:36,693 [INFO] ThirdParty:841 - exiting critical section [change project]
2024-07-21 01:57:36,774 [INFO] PinOutPanel:1499 - setPackage(No Configuration,No Configuration)
2024-07-21 01:57:36,775 [INFO] PinOutPanel:1499 - setPackage(STM32F401VDTx,LQFP100)
2024-07-21 01:57:36,964 [INFO] UtilMem:75 - Before build in PCC Used Memory: 687288472 Bytes (1073741824)
2024-07-21 01:57:37,140 [INFO] UtilMem:75 - After build in PCC Used Memory: 730812584 Bytes (1073741824)
2024-07-21 01:57:37,169 [INFO] IPUIPlugin:80 - create IPUIPlugin
2024-07-21 01:57:37,169 [INFO] IPUIPlugin:80 - create IPUIPlugin
2024-07-21 01:57:37,169 [INFO] IPUIPlugin:80 - create IPUIPlugin
2024-07-21 01:57:37,169 [INFO] IPUIPlugin:80 - create IPUIPlugin
2024-07-21 01:57:37,169 [INFO] IPUIPlugin:80 - create IPUIPlugin
2024-07-21 01:57:37,169 [INFO] IPUIPlugin:80 - create IPUIPlugin
2024-07-21 01:57:37,170 [INFO] IPUIPlugin:80 - create IPUIPlugin
2024-07-21 01:57:37,170 [INFO] IPUIPlugin:80 - create IPUIPlugin
2024-07-21 01:57:37,170 [INFO] IPUIPlugin:80 - create IPUIPlugin
2024-07-21 01:57:37,170 [INFO] IPUIPlugin:80 - create IPUIPlugin
2024-07-21 01:57:37,170 [INFO] IPUIPlugin:80 - create IPUIPlugin
2024-07-21 01:57:37,170 [INFO] IPUIPlugin:80 - create IPUIPlugin
2024-07-21 01:57:37,170 [INFO] IPUIPlugin:80 - create IPUIPlugin
2024-07-21 01:57:37,170 [INFO] IPUIPlugin:80 - create IPUIPlugin
2024-07-21 01:57:37,170 [INFO] IPUIPlugin:80 - create IPUIPlugin
2024-07-21 01:57:37,170 [INFO] IPUIPlugin:80 - create IPUIPlugin
2024-07-21 01:57:37,171 [INFO] IPUIPlugin:80 - create IPUIPlugin
2024-07-21 01:57:37,171 [INFO] IPUIPlugin:80 - create IPUIPlugin
2024-07-21 01:57:37,171 [INFO] IPUIPlugin:80 - create IPUIPlugin
2024-07-21 01:57:37,171 [INFO] IPUIPlugin:80 - create IPUIPlugin
2024-07-21 01:57:37,171 [INFO] IPUIPlugin:80 - create IPUIPlugin
2024-07-21 01:57:37,171 [INFO] IPUIPlugin:80 - create IPUIPlugin
2024-07-21 01:57:37,171 [INFO] IPUIPlugin:80 - create IPUIPlugin
2024-07-21 01:57:37,172 [INFO] IPUIPlugin:80 - create IPUIPlugin
2024-07-21 01:57:37,172 [INFO] IPUIPlugin:80 - create IPUIPlugin
2024-07-21 01:57:37,172 [INFO] IPUIPlugin:80 - create IPUIPlugin
2024-07-21 01:57:37,172 [INFO] IPUIPlugin:80 - create IPUIPlugin
2024-07-21 01:57:37,172 [INFO] IPUIPlugin:80 - create IPUIPlugin
2024-07-21 01:57:37,172 [INFO] IPUIPlugin:80 - create IPUIPlugin
2024-07-21 01:57:37,172 [INFO] IPUIPlugin:80 - create IPUIPlugin
2024-07-21 01:57:37,173 [INFO] IPUIPlugin:80 - create IPUIPlugin
2024-07-21 01:57:37,173 [INFO] IPUIPlugin:80 - create IPUIPlugin
2024-07-21 01:57:37,173 [INFO] IPUIPlugin:80 - create IPUIPlugin
2024-07-21 01:57:37,173 [INFO] IPUIPlugin:80 - create IPUIPlugin
2024-07-21 01:57:37,173 [INFO] IPUIPlugin:80 - create IPUIPlugin
2024-07-21 01:57:37,174 [INFO] IPUIPlugin:80 - create IPUIPlugin
2024-07-21 01:57:37,174 [INFO] IPUIPlugin:80 - create IPUIPlugin
2024-07-21 01:57:37,174 [INFO] IPUIPlugin:80 - create IPUIPlugin
2024-07-21 01:57:37,174 [INFO] IPUIPlugin:80 - create IPUIPlugin
2024-07-21 01:57:37,189 [INFO] ApiDbMcu:508 - Load IP Config File for PDM2PCM
2024-07-21 01:57:37,190 [WARN] IP:2119 - I2C_Coeff_DF not found: check if there is a RefParameter without a condition.
2024-07-21 01:57:37,190 [WARN] IP:2119 - Analog_Filter not found: check if there is a RefParameter without a condition.
2024-07-21 01:57:37,255 [INFO] CADModel:165 - CPN selected for project levelSTM32F401VDT6
2024-07-21 01:57:37,256 [INFO] CADModel:114 - Register for checkConnection events
2024-07-21 01:57:37,303 [INFO] OpenFileManager:343 - Restore cursor
2024-07-21 01:57:37,408 [WARN] IP:2119 - I2C_Coeff_DF not found: check if there is a RefParameter without a condition.
2024-07-21 01:57:37,408 [WARN] IP:2119 - Analog_Filter not found: check if there is a RefParameter without a condition.
2024-07-21 01:57:37,408 [WARN] IP:2119 - I2C_Coeff_DF not found: check if there is a RefParameter without a condition.
2024-07-21 01:57:37,408 [WARN] IP:2119 - Analog_Filter not found: check if there is a RefParameter without a condition.
2024-07-21 01:58:56,487 [INFO] NvicIntPanel:101 - NVIC parent = com.st.microxplorer.plugins.ip.nvic.MultiNvicIntPanel[,0,0,0x0,invalid,layout=javax.swing.BoxLayout,alignmentX=0.0,alignmentY=0.0,border=,flags=9,maximumSize=,minimumSize=,preferredSize=]
2024-07-21 02:02:46,752 [INFO] UtilMem:75 - End SaveConfig() Used Memory: 608359792 Bytes (1073741824)
2024-07-21 02:02:47,400 [INFO] UtilMem:75 - End SaveConfig() Used Memory: 627234160 Bytes (1073741824)
2024-07-21 02:02:49,320 [INFO] UtilMem:75 - End SaveConfig() Used Memory: 700634480 Bytes (1073741824)
2024-07-21 02:02:49,665 [INFO] BlockDiagram:2759 - set Specific Code input for plugin: SPI
2024-07-21 02:02:49,665 [INFO] BlockDiagram:2759 - set Specific Code input for plugin: NVIC
2024-07-21 02:02:49,666 [INFO] BlockDiagram:2759 - set Specific Code input for plugin: USART
2024-07-21 02:02:49,666 [INFO] BlockDiagram:2759 - set Specific Code input for plugin: TIM1_8
2024-07-21 02:02:49,666 [INFO] BlockDiagram:2759 - set Specific Code input for plugin: TIM1_8
2024-07-21 02:02:49,666 [INFO] BlockDiagram:2759 - set Specific Code input for plugin: TIM1_8
2024-07-21 02:02:49,666 [INFO] BlockDiagram:2759 - set Specific Code input for plugin: SYS
2024-07-21 02:02:49,666 [INFO] BlockDiagram:2759 - set Specific Code input for plugin: GPIO
2024-07-21 02:02:49,666 [INFO] BlockDiagram:2759 - set Specific Code input for plugin: RCC
2024-07-21 02:02:49,666 [INFO] BlockDiagram:2759 - set Specific Code input for plugin: I2C
2024-07-21 02:02:49,667 [INFO] CodeGenerator:807 - code generatio: config db path: C:\ST\STM32CubeIDE_1.14.0\STM32CubeIDE\plugins\com.st.stm32cube.common.mx_6.10.0.202311202037\\db\
2024-07-21 02:02:49,672 [WARN] IP:2119 - I2C_Coeff_DF not found: check if there is a RefParameter without a condition.
2024-07-21 02:02:49,672 [WARN] IP:2119 - Analog_Filter not found: check if there is a RefParameter without a condition.
2024-07-21 02:02:49,865 [INFO] CodeEngine:255 - oldGeneratedFile, D:\Projects\electronic_load\code\eload\MXTmpFiles\license.tmp_save
2024-07-21 02:02:50,325 [INFO] CodeEngine:279 - Generated code: D:\Projects\electronic_load\code\eload\MXTmpFiles\license.tmp
2024-07-21 02:02:50,382 [INFO] CodeEngine:255 - oldGeneratedFile, D:\Projects\electronic_load\code\eload\MXTmpFiles\gpio.tmp_save
2024-07-21 02:02:50,534 [INFO] CodeEngine:279 - Generated code: D:\Projects\electronic_load\code\eload\MXTmpFiles\gpio.tmp
2024-07-21 02:02:50,868 [INFO] CodeEngine:255 - oldGeneratedFile, D:\Projects\electronic_load\code\eload\Core\Src\stm32f4xx_it.c_save
2024-07-21 02:02:51,012 [INFO] CodeEngine:279 - Generated code: D:\Projects\electronic_load\code\eload\Core\Src\stm32f4xx_it.c
2024-07-21 02:02:51,033 [INFO] CodeEngine:255 - oldGeneratedFile, D:\Projects\electronic_load\code\eload\Core\Inc\stm32f4xx_it.h_save
2024-07-21 02:02:51,120 [INFO] CodeEngine:279 - Generated code: D:\Projects\electronic_load\code\eload\Core\Inc\stm32f4xx_it.h
2024-07-21 02:02:51,141 [INFO] CodeEngine:255 - oldGeneratedFile, D:\Projects\electronic_load\code\eload\Core\Src\stm32f4xx_hal_msp.c_save
2024-07-21 02:02:51,262 [INFO] CodeEngine:279 - Generated code: D:\Projects\electronic_load\code\eload\Core\Src\stm32f4xx_hal_msp.c
2024-07-21 02:02:51,276 [INFO] CodeEngine:255 - oldGeneratedFile, D:\Projects\electronic_load\code\eload\MXTmpFiles\system.tmp_save
2024-07-21 02:02:51,328 [INFO] CodeEngine:279 - Generated code: D:\Projects\electronic_load\code\eload\MXTmpFiles\system.tmp
2024-07-21 02:02:51,347 [INFO] CodeEngine:311 - oldGeneratedFile, D:\Projects\electronic_load\code\eload\Core\Inc\stm32f4xx_hal_conf.h_save
2024-07-21 02:02:51,428 [INFO] CodeEngine:335 - Generated code: D:\Projects\electronic_load\code\eload\Core\Inc\stm32f4xx_hal_conf.h
2024-07-21 02:02:51,455 [WARN] IPConfigManager:3440 - IP not found : TIM
2024-07-21 02:02:51,456 [WARN] CodeGenerator:3939 - IP not found : null
2024-07-21 02:02:51,478 [INFO] CodeEngine:255 - oldGeneratedFile, D:\Projects\electronic_load\code\eload\Core\Inc\main.h_save
2024-07-21 02:02:51,562 [INFO] CodeEngine:279 - Generated code: D:\Projects\electronic_load\code\eload\Core\Inc\main.h
2024-07-21 02:02:51,582 [INFO] CodeEngine:255 - oldGeneratedFile, D:\Projects\electronic_load\code\eload\Core\Src\main.c_save
2024-07-21 02:02:51,721 [INFO] CodeEngine:279 - Generated code: D:\Projects\electronic_load\code\eload\Core\Src\main.c
2024-07-21 02:02:52,184 [INFO] ProjectBuilder:3076 - Time for Copy HAL[1] : 190mS.
2024-07-21 02:02:52,189 [INFO] ProjectBuilder:4485 - Project Generator version: 4.2.0-B44
2024-07-21 02:02:52,399 [INFO] ConfigFileManager:1495 - The Die is : DIE433
2024-07-21 02:02:52,414 [INFO] ApiDbMcu:508 - Load IP Config File for FATFS
2024-07-21 02:02:52,427 [INFO] ApiDbMcu:508 - Load IP Config File for FREERTOS
2024-07-21 02:02:52,438 [INFO] ApiDbMcu:508 - Load IP Config File for LIBJPEG
2024-07-21 02:02:52,452 [INFO] ApiDbMcu:508 - Load IP Config File for MBEDTLS
2024-07-21 02:02:52,468 [INFO] ApiDbMcu:508 - Load IP Config File for USB_DEVICE
2024-07-21 02:02:52,479 [INFO] ApiDbMcu:508 - Load IP Config File for USB_HOST
