2025-02-07 01:15:47,426 [INFO] Activator:176 - 


2025-02-07 01:15:47,431 [INFO] Activator:177 - !SESSION log4j initialized
2025-02-07 01:15:52,645 [INFO] LogOutputStream:77 - [STDOUT_REDIRECT] 
2025-02-07 01:15:54,932 [INFO] ApplicationProperties:184 - Using Application install path: C:\ST\STM32CubeIDE_1.14.0\STM32CubeIDE\plugins\com.st.stm32cube.common.mx_6.10.0.202311202037
2025-02-07 01:15:54,947 [INFO] DbMcusXml:78 - Set database path to: C:\ST\STM32CubeIDE_1.14.0\STM32CubeIDE\plugins\com.st.stm32cube.common.mx_6.10.0.202311202037\\db\/mcu/
2025-02-07 01:15:54,947 [INFO] ApiDb:274 - Set plugin database path to: C:\ST\STM32CubeIDE_1.14.0\STM32CubeIDE\plugins\com.st.stm32cube.common.mx_6.10.0.202311202037\\db\/plugins/boardmanager/
2025-02-07 01:15:54,948 [WARN] ApiDb:259 - Overriding images path with different value:  => C:\ST\STM32CubeIDE_1.14.0\STM32CubeIDE\plugins\com.st.stm32cube.common.mx_6.10.0.202311202037\\db\/plugins/mcufinder/images/
2025-02-07 01:15:54,958 [INFO] ApiDb:250 - Set database path to: C:\Users\georg\.stmcufinder\plugins\mcufinder//mcu/
2025-02-07 01:15:54,959 [INFO] DbMcusAds:125 - Set database path to: C:\Users\georg\.stmcufinder\plugins\mcufinder//mcu/
2025-02-07 01:15:54,961 [INFO] CrossReferenceDbSqlite:203 - Set database path to: C:\Users\georg\.stmcufinder\plugins\mcufinder//mcu/cs/
2025-02-07 01:15:55,046 [INFO] RulesReader:64 - Compatibility file has been processed (297 Rules)
2025-02-07 01:15:55,104 [INFO] DbMcusXml:78 - Set database path to: C:\ST\STM32CubeIDE_1.14.0\STM32CubeIDE\plugins\com.st.stm32cube.common.mx_6.10.0.202311202037\\db\/mcu/
2025-02-07 01:15:55,104 [INFO] ApiDb:274 - Set plugin database path to: C:\ST\STM32CubeIDE_1.14.0\STM32CubeIDE\plugins\com.st.stm32cube.common.mx_6.10.0.202311202037\\db\/plugins/boardmanager/
2025-02-07 01:15:55,104 [INFO] ApiDb:261 - Set plugin images path to: C:\ST\STM32CubeIDE_1.14.0\STM32CubeIDE\plugins\com.st.stm32cube.common.mx_6.10.0.202311202037\\db\/plugins/mcufinder/images/
2025-02-07 01:15:55,104 [WARN] DbFile:41 - Overriding database path with different value: C:\Users\georg\.stmcufinder\plugins\mcufinder/ => C:\Users\georg\.stmcufinder\plugins\mcufinder
2025-02-07 01:15:55,104 [INFO] ApiDb:250 - Set database path to: C:\Users\georg\.stmcufinder\plugins\mcufinder//mcu/
2025-02-07 01:15:55,104 [WARN] DbFile:41 - Overriding database path with different value: C:\Users\georg\.stmcufinder\plugins\mcufinder/ => C:\Users\georg\.stmcufinder\plugins\mcufinder
2025-02-07 01:15:55,104 [INFO] DbMcusAds:125 - Set database path to: C:\Users\georg\.stmcufinder\plugins\mcufinder//mcu/
2025-02-07 01:15:55,104 [WARN] DbFile:41 - Overriding database path with different value: C:\Users\georg\.stmcufinder\plugins\mcufinder/ => C:\Users\georg\.stmcufinder\plugins\mcufinder
2025-02-07 01:15:55,104 [WARN] DbFile:41 - Overriding database path with different value: C:\Users\georg\.stmcufinder\plugins\mcufinder/ => C:\Users\georg\.stmcufinder\plugins\mcufinder
2025-02-07 01:15:55,104 [INFO] CrossReferenceDbSqlite:203 - Set database path to: C:\Users\georg\.stmcufinder\plugins\mcufinder//mcu/cs/
2025-02-07 01:15:55,157 [INFO] MainPanel:264 - HeapMemory: 304087040
2025-02-07 01:15:55,207 [INFO] DbMcusXml:78 - Set database path to: C:\ST\STM32CubeIDE_1.14.0\STM32CubeIDE\plugins\com.st.stm32cube.common.mx_6.10.0.202311202037\\db\/mcu/
2025-02-07 01:15:55,207 [INFO] ApiDb:274 - Set plugin database path to: C:\ST\STM32CubeIDE_1.14.0\STM32CubeIDE\plugins\com.st.stm32cube.common.mx_6.10.0.202311202037\\db\/plugins/boardmanager/
2025-02-07 01:15:55,207 [INFO] ApiDb:261 - Set plugin images path to: C:\ST\STM32CubeIDE_1.14.0\STM32CubeIDE\plugins\com.st.stm32cube.common.mx_6.10.0.202311202037\\db\/plugins/mcufinder/images/
2025-02-07 01:15:55,207 [WARN] DbFile:41 - Overriding database path with different value: C:\Users\georg\.stmcufinder\plugins\mcufinder/ => C:\Users\georg\.stmcufinder\plugins\mcufinder
2025-02-07 01:15:55,207 [INFO] ApiDb:250 - Set database path to: C:\Users\georg\.stmcufinder\plugins\mcufinder//mcu/
2025-02-07 01:15:55,207 [WARN] DbFile:41 - Overriding database path with different value: C:\Users\georg\.stmcufinder\plugins\mcufinder/ => C:\Users\georg\.stmcufinder\plugins\mcufinder
2025-02-07 01:15:55,207 [INFO] DbMcusAds:125 - Set database path to: C:\Users\georg\.stmcufinder\plugins\mcufinder//mcu/
2025-02-07 01:15:55,207 [WARN] DbFile:41 - Overriding database path with different value: C:\Users\georg\.stmcufinder\plugins\mcufinder/ => C:\Users\georg\.stmcufinder\plugins\mcufinder
2025-02-07 01:15:55,207 [WARN] DbFile:41 - Overriding database path with different value: C:\Users\georg\.stmcufinder\plugins\mcufinder/ => C:\Users\georg\.stmcufinder\plugins\mcufinder
2025-02-07 01:15:55,207 [INFO] CrossReferenceDbSqlite:203 - Set database path to: C:\Users\georg\.stmcufinder\plugins\mcufinder//mcu/cs/
2025-02-07 01:15:55,222 [INFO] ApplicationProperties:184 - Using Application install path: C:\ST\STM32CubeIDE_1.14.0\STM32CubeIDE\plugins\com.st.stm32cube.common.mx_6.10.0.202311202037
2025-02-07 01:15:55,223 [INFO] PluginManage:196 - Search for loadable plugins [exclusion list=, ]
2025-02-07 01:15:55,224 [INFO] PluginManage:310 - Check plugin analytics
2025-02-07 01:15:55,328 [INFO] AnalyticsPlugin:253 - Accepted Software Licenses: STM32CubeMX.6.12.0
2025-02-07 01:15:55,328 [INFO] AnalyticsPlugin:255 - Accepted CMSIS Pack Licenses: 
2025-02-07 01:15:55,328 [INFO] AnalyticsPlugin:257 - Accepted Firmware Licenses: FW.F4.1.28.0,FW.H7.1.11.0,FW.F4.1.27.0
2025-02-07 01:15:55,330 [INFO] PluginManage:359 - Loaded plugin analytics (category:tool,tabindex:-1)
2025-02-07 01:15:55,330 [INFO] PluginManage:310 - Check plugin cadmodel
2025-02-07 01:15:55,346 [INFO] CADModel:105 - Init CAD model plugin
2025-02-07 01:15:55,347 [INFO] PluginManage:359 - Loaded plugin cadmodel (category:power,tabindex:5)
2025-02-07 01:15:55,347 [INFO] PluginManage:310 - Check plugin clock
2025-02-07 01:15:55,366 [INFO] PluginManage:359 - Loaded plugin clock (category:base,tabindex:2)
2025-02-07 01:15:55,367 [INFO] PluginManage:310 - Check plugin ddr
2025-02-07 01:15:55,368 [INFO] PluginManage:359 - Loaded plugin ddr (category:tool,tabindex:6)
2025-02-07 01:15:55,368 [INFO] PluginManage:310 - Check plugin filemanager
2025-02-07 01:15:55,466 [INFO] PluginManage:359 - Loaded plugin filemanager (category:base,tabindex:10)
2025-02-07 01:15:55,466 [INFO] PluginManage:310 - Check plugin ipmanager
2025-02-07 01:15:55,471 [INFO] PluginManage:359 - Loaded plugin ipmanager (category:base,tabindex:5)
2025-02-07 01:15:55,471 [INFO] PluginManage:310 - Check plugin lpbam
2025-02-07 01:15:55,489 [INFO] PluginManage:359 - Loaded plugin lpbam (category:base,tabindex:0)
2025-02-07 01:15:55,489 [INFO] PluginManage:310 - Check plugin memorymap
2025-02-07 01:15:55,510 [INFO] PluginManage:359 - Loaded plugin memorymap (category:base,tabindex:4)
2025-02-07 01:15:55,510 [INFO] PluginManage:310 - Check plugin pinoutandconfiguration
2025-02-07 01:15:55,528 [INFO] PluginManage:359 - Loaded plugin pinoutandconfiguration (category:base,tabindex:1)
2025-02-07 01:15:55,528 [INFO] PluginManage:310 - Check plugin pinoutconfig
2025-02-07 01:15:55,602 [WARN] SupportedApi:132 - Cannot load RTOS API schema: s4s-elt-must-match.1: The content of 'definitions' must match (annotation?, (simpleType | complexType)?, (unique | key | keyref)*)). A problem was found starting at: attribute.
2025-02-07 01:15:55,695 [INFO] PluginManage:359 - Loaded plugin pinoutconfig (category:base,tabindex:0)
2025-02-07 01:15:55,695 [INFO] PluginManage:310 - Check plugin power
2025-02-07 01:15:55,713 [INFO] PluginManage:359 - Loaded plugin power (category:power,tabindex:4)
2025-02-07 01:15:55,713 [INFO] PluginManage:310 - Check plugin projectmanager
2025-02-07 01:15:55,725 [INFO] PluginManage:359 - Loaded plugin projectmanager (category:projectmanager,tabindex:3)
2025-02-07 01:15:55,725 [INFO] PluginManage:310 - Check plugin thirdparty
2025-02-07 01:15:55,992 [INFO] PluginManage:359 - Loaded plugin thirdparty (category:base,tabindex:-1)
2025-02-07 01:15:55,992 [INFO] PluginManage:310 - Check plugin tools
2025-02-07 01:15:55,992 [WARN] IntegrityCheckThread:84 - waiting for thirdparty lock release [integrity check]
2025-02-07 01:15:55,993 [INFO] IntegrityCheckThread:86 - entering critical section [integrity check]
2025-02-07 01:15:55,993 [INFO] ThirdPartyUpdaterWithRetryManager:70 - Updater plugin not ready yet. [1/15]
2025-02-07 01:15:56,031 [INFO] PluginManage:359 - Loaded plugin tools (category:base,tabindex:7)
2025-02-07 01:15:56,031 [INFO] PluginManage:310 - Check plugin tutovideos
2025-02-07 01:15:56,191 [INFO] PluginManage:359 - Loaded plugin tutovideos (category:base,tabindex:-1)
2025-02-07 01:15:56,191 [INFO] PluginManage:310 - Check plugin updater
2025-02-07 01:15:56,198 [INFO] PluginManage:359 - Loaded plugin updater (category:base,tabindex:12)
2025-02-07 01:15:56,198 [INFO] PluginManage:310 - Check plugin userauth
2025-02-07 01:15:56,202 [INFO] UserAuth:114 - Init User Auth plugin
2025-02-07 01:15:56,202 [INFO] PluginManage:359 - Loaded plugin userauth (category:base,tabindex:14)
2025-02-07 01:15:56,202 [INFO] PluginManage:283 - PluginManage : Loaded plugins [17]
2025-02-07 01:15:56,348 [INFO] PinOutPanel:1499 - setPackage(No Configuration,No Configuration)
2025-02-07 01:15:56,404 [INFO] CADModel:165 - CPN selected for project level
2025-02-07 01:15:56,404 [INFO] CADModel:114 - Register for checkConnection events
2025-02-07 01:15:56,430 [INFO] IPUIPlugin:80 - create IPUIPlugin
2025-02-07 01:15:56,430 [INFO] PluginManager:220 - loadIPPluginJar : add adc
2025-02-07 01:15:56,464 [INFO] IPUIPlugin:80 - create IPUIPlugin
2025-02-07 01:15:56,465 [INFO] PluginManager:220 - loadIPPluginJar : add aes
2025-02-07 01:15:56,504 [INFO] IPUIPlugin:80 - create IPUIPlugin
2025-02-07 01:15:56,504 [INFO] PluginManager:220 - loadIPPluginJar : add can
2025-02-07 01:15:56,530 [INFO] IPUIPlugin:80 - create IPUIPlugin
2025-02-07 01:15:56,530 [INFO] PluginManager:220 - loadIPPluginJar : add comp
2025-02-07 01:15:56,564 [INFO] IPUIPlugin:80 - create IPUIPlugin
2025-02-07 01:15:56,564 [INFO] PluginManager:220 - loadIPPluginJar : add cryp
2025-02-07 01:15:56,594 [INFO] IPUIPlugin:80 - create IPUIPlugin
2025-02-07 01:15:56,594 [INFO] PluginManager:220 - loadIPPluginJar : add dfsdm
2025-02-07 01:15:56,610 [INFO] IPUIPlugin:80 - create IPUIPlugin
2025-02-07 01:15:56,611 [INFO] PluginManager:220 - loadIPPluginJar : add dma
2025-02-07 01:15:56,663 [INFO] IPUIPlugin:80 - create IPUIPlugin
2025-02-07 01:15:56,663 [INFO] PluginManager:220 - loadIPPluginJar : add dma3
2025-02-07 01:15:56,687 [INFO] IPUIPlugin:80 - create IPUIPlugin
2025-02-07 01:15:56,687 [INFO] PluginManager:220 - loadIPPluginJar : add fatfs
2025-02-07 01:15:56,734 [INFO] IPUIPlugin:80 - create IPUIPlugin
2025-02-07 01:15:56,734 [INFO] PluginManager:220 - loadIPPluginJar : add fmc
2025-02-07 01:15:56,752 [INFO] IPUIPlugin:80 - create IPUIPlugin
2025-02-07 01:15:56,752 [INFO] PluginManager:220 - loadIPPluginJar : add freertos
2025-02-07 01:15:56,780 [INFO] IPUIPlugin:80 - create IPUIPlugin
2025-02-07 01:15:56,780 [INFO] PluginManager:220 - loadIPPluginJar : add genericplugin
2025-02-07 01:15:56,863 [INFO] IPUIPlugin:80 - create IPUIPlugin
2025-02-07 01:15:56,864 [INFO] PluginManager:220 - loadIPPluginJar : add gfxmmu
2025-02-07 01:15:56,995 [INFO] IPUIPlugin:80 - create IPUIPlugin
2025-02-07 01:15:56,995 [INFO] PluginManager:220 - loadIPPluginJar : add gic
2025-02-07 01:15:57,009 [INFO] IPUIPlugin:80 - create IPUIPlugin
2025-02-07 01:15:57,009 [INFO] PluginManager:220 - loadIPPluginJar : add gpio
2025-02-07 01:15:57,100 [INFO] IPUIPlugin:80 - create IPUIPlugin
2025-02-07 01:15:57,100 [INFO] PluginManager:220 - loadIPPluginJar : add gtzc
2025-02-07 01:15:57,137 [INFO] IPUIPlugin:80 - create IPUIPlugin
2025-02-07 01:15:57,137 [INFO] PluginManager:220 - loadIPPluginJar : add hash
2025-02-07 01:15:57,187 [INFO] IPUIPlugin:80 - create IPUIPlugin
2025-02-07 01:15:57,187 [INFO] PluginManager:220 - loadIPPluginJar : add i2c
2025-02-07 01:15:57,226 [INFO] IPUIPlugin:80 - create IPUIPlugin
2025-02-07 01:15:57,226 [INFO] PluginManager:220 - loadIPPluginJar : add i2s
2025-02-07 01:15:57,266 [INFO] IPUIPlugin:80 - create IPUIPlugin
2025-02-07 01:15:57,266 [INFO] PluginManager:220 - loadIPPluginJar : add i3c
2025-02-07 01:15:57,364 [INFO] IPUIPlugin:80 - create IPUIPlugin
2025-02-07 01:15:57,364 [INFO] PluginManager:220 - loadIPPluginJar : add ipddr
2025-02-07 01:15:57,446 [INFO] IPUIPlugin:80 - create IPUIPlugin
2025-02-07 01:15:57,446 [INFO] PluginManager:220 - loadIPPluginJar : add linkedlist
2025-02-07 01:15:57,481 [INFO] IPUIPlugin:80 - create IPUIPlugin
2025-02-07 01:15:57,481 [INFO] PluginManager:220 - loadIPPluginJar : add lorawan
2025-02-07 01:15:57,517 [INFO] IPUIPlugin:80 - create IPUIPlugin
2025-02-07 01:15:57,517 [INFO] PluginManager:220 - loadIPPluginJar : add ltdc
2025-02-07 01:15:57,531 [INFO] IPUIPlugin:80 - create IPUIPlugin
2025-02-07 01:15:57,531 [INFO] PluginManager:220 - loadIPPluginJar : add mdma
2025-02-07 01:15:57,546 [INFO] IPUIPlugin:80 - create IPUIPlugin
2025-02-07 01:15:57,546 [INFO] PluginManager:220 - loadIPPluginJar : add nvic
2025-02-07 01:15:57,589 [INFO] IPUIPlugin:80 - create IPUIPlugin
2025-02-07 01:15:57,589 [INFO] PluginManager:220 - loadIPPluginJar : add opamp
2025-02-07 01:15:57,653 [INFO] IPUIPlugin:80 - create IPUIPlugin
2025-02-07 01:15:57,653 [INFO] PluginManager:220 - loadIPPluginJar : add openamp
2025-02-07 01:15:57,698 [INFO] IPUIPlugin:80 - create IPUIPlugin
2025-02-07 01:15:57,698 [INFO] PluginManager:220 - loadIPPluginJar : add pdm2pcm
2025-02-07 01:15:57,714 [INFO] IPUIPlugin:80 - create IPUIPlugin
2025-02-07 01:15:57,715 [INFO] PluginManager:220 - loadIPPluginJar : add plateformsettings
2025-02-07 01:15:57,740 [INFO] IPUIPlugin:80 - create IPUIPlugin
2025-02-07 01:15:57,740 [INFO] PluginManager:220 - loadIPPluginJar : add quadspi
2025-02-07 01:15:57,756 [INFO] IPUIPlugin:80 - create IPUIPlugin
2025-02-07 01:15:57,756 [INFO] PluginManager:220 - loadIPPluginJar : add resmgrutility
2025-02-07 01:15:57,802 [INFO] IPUIPlugin:80 - create IPUIPlugin
2025-02-07 01:15:57,802 [INFO] PluginManager:220 - loadIPPluginJar : add sai
2025-02-07 01:15:57,840 [INFO] IPUIPlugin:80 - create IPUIPlugin
2025-02-07 01:15:57,840 [INFO] PluginManager:220 - loadIPPluginJar : add spi
2025-02-07 01:15:57,904 [INFO] IPUIPlugin:80 - create IPUIPlugin
2025-02-07 01:15:57,904 [INFO] PluginManager:220 - loadIPPluginJar : add stm32_wpan
2025-02-07 01:15:57,931 [INFO] IPUIPlugin:80 - create IPUIPlugin
2025-02-07 01:15:57,932 [INFO] PluginManager:220 - loadIPPluginJar : add tim
2025-02-07 01:15:57,993 [INFO] IPUIPlugin:80 - create IPUIPlugin
2025-02-07 01:15:57,993 [INFO] PluginManager:220 - loadIPPluginJar : add touchsensing
2025-02-07 01:15:58,018 [INFO] IPUIPlugin:80 - create IPUIPlugin
2025-02-07 01:15:58,019 [INFO] PluginManager:220 - loadIPPluginJar : add tracer_emb
2025-02-07 01:15:58,045 [INFO] IPUIPlugin:80 - create IPUIPlugin
2025-02-07 01:15:58,045 [INFO] PluginManager:220 - loadIPPluginJar : add ts
2025-02-07 01:15:58,071 [INFO] IPUIPlugin:80 - create IPUIPlugin
2025-02-07 01:15:58,071 [INFO] PluginManager:220 - loadIPPluginJar : add tsc
2025-02-07 01:15:58,097 [INFO] IPUIPlugin:80 - create IPUIPlugin
2025-02-07 01:15:58,097 [INFO] PluginManager:220 - loadIPPluginJar : add ucpd
2025-02-07 01:15:58,145 [INFO] IPUIPlugin:80 - create IPUIPlugin
2025-02-07 01:15:58,145 [INFO] PluginManager:220 - loadIPPluginJar : add usart
2025-02-07 01:15:58,190 [INFO] IPUIPlugin:80 - create IPUIPlugin
2025-02-07 01:15:58,191 [INFO] PluginManager:220 - loadIPPluginJar : add usbx
2025-02-07 01:15:58,302 [INFO] CADModel:165 - CPN selected for project level
2025-02-07 01:15:58,302 [INFO] CADModel:114 - Register for checkConnection events
2025-02-07 01:15:58,302 [FATAL] Updater:308 - Updater called before beeing initialized
2025-02-07 01:15:58,302 [ERROR] CADModel:125 - Updater not yet initialized, retry later 
2025-02-07 01:15:58,388 [INFO] CADModel:165 - CPN selected for project level
2025-02-07 01:15:58,388 [INFO] CADModel:114 - Register for checkConnection events
2025-02-07 01:15:58,388 [FATAL] Updater:308 - Updater called before beeing initialized
2025-02-07 01:15:58,388 [ERROR] CADModel:125 - Updater not yet initialized, retry later 
2025-02-07 01:15:58,390 [FATAL] Updater:308 - Updater called before beeing initialized
2025-02-07 01:15:58,469 [FATAL] Updater:308 - Updater called before beeing initialized
2025-02-07 01:15:58,480 [INFO] DbMcusAds:53 - JSON generation date=Tue Dec 17 18:01:15 EET 2024 (1734451275111)
2025-02-07 01:15:58,480 [FATAL] Updater:308 - Updater called before beeing initialized
2025-02-07 01:15:58,555 [WARN] DetailPanel:346 - Failed to get advertising image, set to default
2025-02-07 01:15:58,628 [FATAL] Updater:308 - Updater called before beeing initialized
2025-02-07 01:15:58,629 [FATAL] Updater:308 - Updater called before beeing initialized
2025-02-07 01:15:58,629 [FATAL] Updater:308 - Updater called before beeing initialized
2025-02-07 01:15:58,630 [WARN] DetailPanel:346 - Failed to get advertising image, set to default
2025-02-07 01:15:58,630 [FATAL] Updater:308 - Updater called before beeing initialized
2025-02-07 01:15:58,679 [ERROR] Updater:1120 - MainUpdater not yet initialized. External WinMGr cannot be set.
2025-02-07 01:15:58,691 [INFO] Updater:1056 - Updater Version found : 6.10.0
2025-02-07 01:15:58,708 [INFO] ApplicationProperties:184 - Using Application install path: C:\ST\STM32CubeIDE_1.14.0\STM32CubeIDE\plugins\com.st.stm32cube.common.mx_6.10.0.202311202037
2025-02-07 01:15:58,993 [INFO] ThirdPartyUpdaterWithRetryManager:70 - Updater plugin not ready yet. [2/15]
2025-02-07 01:16:00,289 [ERROR] LogOutputStream:75 - [STDERR_REDIRECT] Feb 07, 2025 1:16:00 AM java.util.prefs.WindowsPreferences <init>
2025-02-07 01:16:00,290 [ERROR] LogOutputStream:75 - [STDERR_REDIRECT] WARNING: Could not open/create prefs root node Software\JavaSoft\Prefs at root 0xffffffff80000002. Windows RegCreateKeyEx(...) returned error code 5.
2025-02-07 01:16:00,290 [ERROR] LogOutputStream:75 - [STDERR_REDIRECT] 
2025-02-07 01:16:00,698 [INFO] MainUpdater:2873 - connection check result : 10
2025-02-07 01:16:00,699 [INFO] MainUpdater:290 - Updater Check For Update Now.
2025-02-07 01:16:00,699 [INFO] MicroXplorer:498 - Change Database Version : DB.6.0.100
2025-02-07 01:16:00,713 [INFO] McuFinderGlobals:63 - Set McuFinder mode to 2 (CubeIDE integrated)
2025-02-07 01:16:00,905 [INFO] CheckServerUpdateThread:120 - End of CheckServer Thread
2025-02-07 01:16:01,210 [INFO] UserAuth:404 - Internet connection configuration mode: 1
2025-02-07 01:16:01,228 [INFO] JxBrowserEngine:152 - Initiate JxBrowser Engine with user profile folder
2025-02-07 01:16:02,165 [WARN] PackLoader:240 - Cannot read IP mode file for STMicroelectronics.FP-SNS-MOTENVWB1.1.4.0
2025-02-07 01:16:02,181 [WARN] PackLoader:240 - Cannot read IP mode file for STMicroelectronics.FP-ATR-ASTRA1.2.0.1
2025-02-07 01:16:02,198 [WARN] PackLoader:240 - Cannot read IP mode file for STMicroelectronics.X-CUBE-SMBUS.2.1.0
2025-02-07 01:16:02,214 [WARN] PackLoader:240 - Cannot read IP mode file for STMicroelectronics.X-CUBE-WB05N.1.1.0
2025-02-07 01:16:02,229 [WARN] PackLoader:240 - Cannot read IP mode file for STMicroelectronics.X-CUBE-TOUCHGFX.4.23.0
2025-02-07 01:16:02,259 [WARN] PackLoader:240 - Cannot read IP mode file for STMicroelectronics.X-CUBE-AZRTOS-F7.1.1.0
2025-02-07 01:16:02,278 [WARN] PackLoader:240 - Cannot read IP mode file for STMicroelectronics.FP-SNS-MOTENV1.4.3.2
2025-02-07 01:16:02,332 [WARN] PackLoader:240 - Cannot read IP mode file for STMicroelectronics.X-CUBE-MEMS1.11.0.0
2025-02-07 01:16:02,482 [WARN] PackLoader:240 - Cannot read IP mode file for STMicroelectronics.FP-SNS-FLIGHT1.5.0.2
2025-02-07 01:16:02,503 [WARN] PackLoader:240 - Cannot read IP mode file for STMicroelectronics.X-CUBE-DISPLAY.3.0.0
2025-02-07 01:16:02,524 [WARN] PackLoader:240 - Cannot read IP mode file for STMicroelectronics.X-CUBE-BLE1.7.0.0
2025-02-07 01:16:02,543 [WARN] PackLoader:240 - Cannot read IP mode file for STMicroelectronics.X-CUBE-NFC10.1.0.0
2025-02-07 01:16:02,563 [WARN] PackLoader:240 - Cannot read IP mode file for STMicroelectronics.X-CUBE-BLEMGR.4.0.0
2025-02-07 01:16:02,582 [WARN] PackLoader:240 - Cannot read IP mode file for emotas.I-CUBE-CANOPEN.1.3.0
2025-02-07 01:16:02,598 [WARN] PackLoader:240 - Cannot read IP mode file for STMicroelectronics.X-CUBE-TOUCHGFX.4.22.1
2025-02-07 01:16:02,616 [WARN] PackLoader:240 - Cannot read IP mode file for STMicroelectronics.X-CUBE-BLEMGR.3.1.0
2025-02-07 01:16:02,635 [WARN] PackLoader:240 - Cannot read IP mode file for STMicroelectronics.X-CUBE-AI.10.0.0
2025-02-07 01:16:02,653 [WARN] PackLoader:240 - Cannot read IP mode file for STMicroelectronics.FP-SNS-SMARTAG2.1.2.0
2025-02-07 01:16:02,705 [WARN] PackLoader:240 - Cannot read IP mode file for STMicroelectronics.X-CUBE-MEMS1.11.1.0
2025-02-07 01:16:02,806 [INFO] LogOutputStream:77 - [STDOUT_REDIRECT] 1 : Invalid condition id : UX_CORESTACK_Condition cause : null
2025-02-07 01:16:02,807 [INFO] LogOutputStream:77 - [STDOUT_REDIRECT] 1 : Invalid condition id : UX_CORESTACK_Condition cause : null
2025-02-07 01:16:02,808 [INFO] LogOutputStream:77 - [STDOUT_REDIRECT] 1 : Invalid condition id : UX_CORESTACK_Condition cause : null
2025-02-07 01:16:02,809 [INFO] LogOutputStream:77 - [STDOUT_REDIRECT] 1 : Invalid condition id : UX_CORESTACK_Condition cause : null
2025-02-07 01:16:02,809 [INFO] LogOutputStream:77 - [STDOUT_REDIRECT] 1 : Invalid condition id : UX_CORESTACK_Condition cause : null
2025-02-07 01:16:02,811 [WARN] PackLoader:240 - Cannot read IP mode file for STMicroelectronics.X-CUBE-AZRTOS-WL.2.0.0
2025-02-07 01:16:02,828 [WARN] PackLoader:240 - Cannot read IP mode file for STMicroelectronics.FP-SNS-MOTENV1.5.0.0
2025-02-07 01:16:02,843 [WARN] PackLoader:240 - Cannot read IP mode file for wolfSSL.I-CUBE-wolfMQTT.1.19.0
2025-02-07 01:16:02,859 [WARN] PackLoader:240 - Cannot read IP mode file for WES.I-CUBE-Cesium.1.3.0
2025-02-07 01:16:02,876 [WARN] PackLoader:240 - Cannot read IP mode file for STMicroelectronics.X-CUBE-BLE2.3.3.0
2025-02-07 01:16:02,894 [WARN] PackLoader:240 - Cannot read IP mode file for STMicroelectronics.X-CUBE-NFC9.1.0.0
2025-02-07 01:16:02,910 [WARN] PackLoader:240 - Cannot read IP mode file for STMicroelectronics.X-CUBE-TCPP.4.1.0
2025-02-07 01:16:02,928 [WARN] PackLoader:240 - Cannot read IP mode file for STMicroelectronics.X-CUBE-ALGOBUILD.1.3.0
2025-02-07 01:16:02,959 [WARN] PackLoader:240 - Cannot read IP mode file for STMicroelectronics.X-CUBE-AZRTOS-G0.1.1.0
2025-02-07 01:16:02,978 [WARN] PackLoader:240 - Cannot read IP mode file for STMicroelectronics.X-CUBE-SAFEA1.1.2.2
2025-02-07 01:16:02,996 [WARN] PackLoader:240 - Cannot read IP mode file for STMicroelectronics.X-CUBE-NFC4.3.0.0
2025-02-07 01:16:03,015 [WARN] PackLoader:240 - Cannot read IP mode file for EmbeddedOffice.I-CUBE-FS-RTOS.1.0.1
2025-02-07 01:16:03,015 [ERROR] ConditionMgr:805 - Attr not supported : Dmpu
2025-02-07 01:16:03,015 [ERROR] ConditionMgr:805 - Attr not supported : Dmpu
2025-02-07 01:16:03,015 [ERROR] ConditionMgr:805 - Attr not supported : Dmpu
2025-02-07 01:16:03,015 [ERROR] ConditionMgr:805 - Attr not supported : Dmpu
2025-02-07 01:16:03,016 [ERROR] ConditionMgr:805 - Attr not supported : Dmpu
2025-02-07 01:16:03,016 [ERROR] ConditionMgr:805 - Attr not supported : Dmpu
2025-02-07 01:16:03,016 [ERROR] ConditionMgr:805 - Attr not supported : Dmpu
2025-02-07 01:16:03,016 [ERROR] ConditionMgr:805 - Attr not supported : Dmpu
2025-02-07 01:16:03,016 [ERROR] ConditionMgr:805 - Attr not supported : Dmpu
2025-02-07 01:16:03,016 [ERROR] ConditionMgr:805 - Attr not supported : Dmpu
2025-02-07 01:16:03,016 [ERROR] ConditionMgr:805 - Attr not supported : Dmpu
2025-02-07 01:16:03,016 [ERROR] ConditionMgr:805 - Attr not supported : Dmpu
2025-02-07 01:16:03,016 [ERROR] ConditionMgr:805 - Attr not supported : Dmpu
2025-02-07 01:16:03,016 [ERROR] ConditionMgr:805 - Attr not supported : Dmpu
2025-02-07 01:16:03,016 [ERROR] ConditionMgr:805 - Attr not supported : Dmpu
2025-02-07 01:16:03,016 [ERROR] ConditionMgr:805 - Attr not supported : Dmpu
2025-02-07 01:16:03,016 [ERROR] ConditionMgr:805 - Attr not supported : Dmpu
2025-02-07 01:16:03,016 [ERROR] ConditionMgr:805 - Attr not supported : Dmpu
2025-02-07 01:16:03,016 [ERROR] ConditionMgr:805 - Attr not supported : Dmpu
2025-02-07 01:16:03,016 [ERROR] ConditionMgr:805 - Attr not supported : Dmpu
2025-02-07 01:16:03,016 [ERROR] ConditionMgr:805 - Attr not supported : Dmpu
2025-02-07 01:16:03,016 [ERROR] ConditionMgr:805 - Attr not supported : Dmpu
2025-02-07 01:16:03,016 [ERROR] ConditionMgr:805 - Attr not supported : Dmpu
2025-02-07 01:16:03,016 [ERROR] ConditionMgr:805 - Attr not supported : Dmpu
2025-02-07 01:16:03,016 [ERROR] ConditionMgr:805 - Attr not supported : Dmpu
2025-02-07 01:16:03,016 [ERROR] ConditionMgr:805 - Attr not supported : Dmpu
2025-02-07 01:16:03,016 [ERROR] ConditionMgr:805 - Attr not supported : Dmpu
2025-02-07 01:16:03,016 [ERROR] ConditionMgr:805 - Attr not supported : Dmpu
2025-02-07 01:16:03,017 [ERROR] ConditionMgr:805 - Attr not supported : Dmpu
2025-02-07 01:16:03,017 [ERROR] ConditionMgr:805 - Attr not supported : Dmpu
2025-02-07 01:16:03,017 [ERROR] ConditionMgr:805 - Attr not supported : Dmpu
2025-02-07 01:16:03,017 [ERROR] ConditionMgr:805 - Attr not supported : Dmpu
2025-02-07 01:16:03,017 [ERROR] ConditionMgr:805 - Attr not supported : Dmpu
2025-02-07 01:16:03,017 [ERROR] ConditionMgr:805 - Attr not supported : Dmpu
2025-02-07 01:16:03,017 [ERROR] ConditionMgr:805 - Attr not supported : Dmpu
2025-02-07 01:16:03,017 [ERROR] ConditionMgr:805 - Attr not supported : Dmpu
2025-02-07 01:16:03,017 [ERROR] ConditionMgr:805 - Attr not supported : Dmpu
2025-02-07 01:16:03,017 [ERROR] ConditionMgr:805 - Attr not supported : Dmpu
2025-02-07 01:16:03,017 [ERROR] ConditionMgr:805 - Attr not supported : Dmpu
2025-02-07 01:16:03,017 [ERROR] ConditionMgr:805 - Attr not supported : Dmpu
2025-02-07 01:16:03,017 [ERROR] ConditionMgr:805 - Attr not supported : Dmpu
2025-02-07 01:16:03,017 [ERROR] ConditionMgr:805 - Attr not supported : Dmpu
2025-02-07 01:16:03,017 [ERROR] ConditionMgr:805 - Attr not supported : Dmpu
2025-02-07 01:16:03,017 [ERROR] ConditionMgr:805 - Attr not supported : Dmpu
2025-02-07 01:16:03,017 [ERROR] ConditionMgr:805 - Attr not supported : Dmpu
2025-02-07 01:16:03,017 [ERROR] ConditionMgr:805 - Attr not supported : Dmpu
2025-02-07 01:16:03,017 [ERROR] ConditionMgr:805 - Attr not supported : Dmpu
2025-02-07 01:16:03,017 [ERROR] ConditionMgr:805 - Attr not supported : Dmpu
2025-02-07 01:16:03,017 [ERROR] ConditionMgr:805 - Attr not supported : Dmpu
2025-02-07 01:16:03,017 [ERROR] ConditionMgr:805 - Attr not supported : Dmpu
2025-02-07 01:16:03,017 [ERROR] ConditionMgr:805 - Attr not supported : Dmpu
2025-02-07 01:16:03,017 [ERROR] ConditionMgr:805 - Attr not supported : Dmpu
2025-02-07 01:16:03,017 [ERROR] ConditionMgr:805 - Attr not supported : Dmpu
2025-02-07 01:16:03,017 [ERROR] ConditionMgr:805 - Attr not supported : Dmpu
2025-02-07 01:16:03,017 [ERROR] ConditionMgr:805 - Attr not supported : Dmpu
2025-02-07 01:16:03,018 [ERROR] ConditionMgr:805 - Attr not supported : Dmpu
2025-02-07 01:16:03,018 [ERROR] ConditionMgr:805 - Attr not supported : Dmpu
2025-02-07 01:16:03,018 [ERROR] ConditionMgr:805 - Attr not supported : Dmpu
2025-02-07 01:16:03,018 [ERROR] ConditionMgr:805 - Attr not supported : Dmpu
2025-02-07 01:16:03,018 [ERROR] ConditionMgr:805 - Attr not supported : Dmpu
2025-02-07 01:16:03,018 [ERROR] ConditionMgr:805 - Attr not supported : Dmpu
2025-02-07 01:16:03,018 [ERROR] ConditionMgr:805 - Attr not supported : Dmpu
2025-02-07 01:16:03,018 [ERROR] ConditionMgr:805 - Attr not supported : Dmpu
2025-02-07 01:16:03,018 [ERROR] ConditionMgr:805 - Attr not supported : Dmpu
2025-02-07 01:16:03,036 [WARN] PackLoader:240 - Cannot read IP mode file for STMicroelectronics.X-CUBE-BLEMGR.3.0.0
2025-02-07 01:16:03,051 [ERROR] Engine:466 - C:\Users\georg\.stm32cubemx\thirdparties\pdsc\STMicroelectronics.X-CUBE-TCPP.4.2.0.pdsc: PDSC version is not supported
2025-02-07 01:16:03,067 [WARN] PackLoader:240 - Cannot read IP mode file for RealThread.X-CUBE-RT-Thread_Nano.4.1.1
2025-02-07 01:16:03,081 [WARN] PackLoader:240 - Cannot read IP mode file for STMicroelectronics.FP-ATR-SIGFOX1.3.2.0
2025-02-07 01:16:03,094 [WARN] ConditionMgr:438 - getConditionDescription Invalid condition id : Cortex-A Device cause : null
2025-02-07 01:16:03,112 [WARN] ConditionMgr:1039 - genDependencies : Invalid condition id : Cortex-A Device cause : null
2025-02-07 01:16:03,112 [WARN] ConditionMgr:1039 - genDependencies : Invalid condition id : Cortex-A Device cause : null
2025-02-07 01:16:03,112 [WARN] ConditionMgr:1039 - genDependencies : Invalid condition id : Cortex-A Device cause : null
2025-02-07 01:16:03,126 [WARN] PackLoader:240 - Cannot read IP mode file for STMicroelectronics.X-CUBE-EEPRMA1.5.1.0
2025-02-07 01:16:03,155 [WARN] PackLoader:240 - Cannot read IP mode file for SEGGER.I-CUBE-embOS.1.3.1
2025-02-07 01:16:03,245 [WARN] PackLoader:240 - Cannot read IP mode file for STMicroelectronics.X-CUBE-ALGOBUILD.1.4.0
2025-02-07 01:16:03,263 [WARN] PackLoader:240 - Cannot read IP mode file for STMicroelectronics.X-CUBE-AI.9.1.0
2025-02-07 01:16:03,278 [WARN] PackLoader:240 - Cannot read IP mode file for STMicroelectronics.X-CUBE-GNSS1.6.0.0
2025-02-07 01:16:03,302 [WARN] PackLoader:240 - Cannot read IP mode file for STMicroelectronics.X-CUBE-AZRTOS-F4.1.1.0
2025-02-07 01:16:03,318 [WARN] PackLoader:240 - Cannot read IP mode file for wolfSSL.I-CUBE-wolfSSL.5.6.4
2025-02-07 01:16:03,332 [WARN] PackLoader:240 - Cannot read IP mode file for STMicroelectronics.X-CUBE-ISPU.2.1.0
2025-02-07 01:16:03,346 [WARN] PackLoader:240 - Cannot read IP mode file for STMicroelectronics.X-CUBE-FREERTOS.1.2.0
2025-02-07 01:16:03,368 [WARN] PackLoader:240 - Cannot read IP mode file for STMicroelectronics.X-CUBE-AZRTOS-L5.2.0.0
2025-02-07 01:16:03,386 [WARN] PackLoader:240 - Cannot read IP mode file for STMicroelectronics.X-CUBE-EEPRMA1.4.2.0
2025-02-07 01:16:03,403 [WARN] PackLoader:240 - Cannot read IP mode file for STMicroelectronics.X-CUBE-NFC6.3.1.0
2025-02-07 01:16:03,420 [WARN] PackLoader:240 - Cannot read IP mode file for ITTIA_DB.I-CUBE-ITTIADB.8.8.0
2025-02-07 01:16:03,437 [WARN] PackLoader:240 - Cannot read IP mode file for STMicroelectronics.X-CUBE-DPower.1.2.0
2025-02-07 01:16:03,452 [WARN] PackLoader:240 - Cannot read IP mode file for STMicroelectronics.X-CUBE-AI.9.0.0
2025-02-07 01:16:03,478 [WARN] ConditionMgr:438 - getConditionDescription Invalid condition id : UX DEVICE CLASS RTOS Condition cause : null
2025-02-07 01:16:03,479 [WARN] ConditionMgr:438 - getConditionDescription Invalid condition id : UX DEVICE CLASS RTOS Condition cause : null
2025-02-07 01:16:03,481 [WARN] PackLoader:240 - Cannot read IP mode file for STMicroelectronics.X-CUBE-AZRTOS-H7.3.1.0
2025-02-07 01:16:03,482 [WARN] ConditionMgr:1039 - genDependencies : Invalid condition id : UX DEVICE CLASS RTOS Condition cause : null
2025-02-07 01:16:03,482 [WARN] ConditionMgr:1039 - genDependencies : Invalid condition id : UX DEVICE CLASS RTOS Condition cause : null
2025-02-07 01:16:03,482 [WARN] ConditionMgr:1039 - genDependencies : Invalid condition id : UX DEVICE CLASS RTOS Condition cause : null
2025-02-07 01:16:03,483 [WARN] ConditionMgr:1039 - genDependencies : Invalid condition id : UX DEVICE CLASS RTOS Condition cause : null
2025-02-07 01:16:03,483 [WARN] ConditionMgr:1039 - genDependencies : Invalid condition id : UX DEVICE CLASS RTOS Condition cause : null
2025-02-07 01:16:03,502 [WARN] PackLoader:240 - Cannot read IP mode file for STMicroelectronics.X-CUBE-FREERTOS.1.3.0
2025-02-07 01:16:03,522 [WARN] PackLoader:240 - Cannot read IP mode file for STMicroelectronics.X-CUBE-NFC7.1.0.1
2025-02-07 01:16:03,537 [WARN] PackLoader:240 - Cannot read IP mode file for wolfSSL.I-CUBE-wolfTPM.3.2.0
2025-02-07 01:16:03,553 [WARN] PackLoader:240 - Cannot read IP mode file for STMicroelectronics.X-CUBE-NFC6.3.0.0
2025-02-07 01:16:03,570 [WARN] PackLoader:240 - Cannot read IP mode file for STMicroelectronics.X-CUBE-AI.8.1.0
2025-02-07 01:16:03,594 [WARN] ConditionMgr:438 - getConditionDescription Invalid condition id : LAN8742 Phy interface Condition cause : null
2025-02-07 01:16:03,595 [WARN] PackLoader:240 - Cannot read IP mode file for STMicroelectronics.X-CUBE-AZRTOS-L4.2.0.0
2025-02-07 01:16:03,596 [WARN] ConditionMgr:1039 - genDependencies : Invalid condition id : LAN8742 Phy interface Condition cause : null
2025-02-07 01:16:03,596 [WARN] ConditionMgr:1039 - genDependencies : Invalid condition id : LAN8742 Phy interface Condition cause : null
2025-02-07 01:16:03,597 [WARN] ConditionMgr:1039 - genDependencies : Invalid condition id : LAN8742 Phy interface Condition cause : null
2025-02-07 01:16:03,614 [WARN] PackLoader:240 - Cannot read IP mode file for STMicroelectronics.X-CUBE-SFXS2LP1.4.0.0
2025-02-07 01:16:03,627 [WARN] PackLoader:240 - Cannot read IP mode file for STMicroelectronics.X-CUBE-ISPU.1.1.0
2025-02-07 01:16:03,652 [WARN] PackLoader:240 - Cannot read IP mode file for STMicroelectronics.X-CUBE-AZRTOS-H7.3.3.0
2025-02-07 01:16:03,670 [WARN] PackLoader:240 - Cannot read IP mode file for STMicroelectronics.X-CUBE-IPS.3.0.0
2025-02-07 01:16:03,693 [WARN] ConditionMgr:438 - getConditionDescription Invalid condition id : UX DEVICE CLASS RTOS Condition cause : null
2025-02-07 01:16:03,693 [WARN] ConditionMgr:438 - getConditionDescription Invalid condition id : UX DEVICE CLASS RTOS Condition cause : null
2025-02-07 01:16:03,694 [WARN] PackLoader:240 - Cannot read IP mode file for STMicroelectronics.X-CUBE-AZRTOS-WB.2.0.0
2025-02-07 01:16:03,695 [WARN] ConditionMgr:1039 - genDependencies : Invalid condition id : UX DEVICE CLASS RTOS Condition cause : null
2025-02-07 01:16:03,695 [WARN] ConditionMgr:1039 - genDependencies : Invalid condition id : UX DEVICE CLASS RTOS Condition cause : null
2025-02-07 01:16:03,695 [WARN] ConditionMgr:1039 - genDependencies : Invalid condition id : UX DEVICE CLASS RTOS Condition cause : null
2025-02-07 01:16:03,695 [WARN] ConditionMgr:1039 - genDependencies : Invalid condition id : UX DEVICE CLASS RTOS Condition cause : null
2025-02-07 01:16:03,695 [WARN] ConditionMgr:1039 - genDependencies : Invalid condition id : UX DEVICE CLASS RTOS Condition cause : null
2025-02-07 01:16:03,710 [WARN] PackLoader:240 - Cannot read IP mode file for STMicroelectronics.X-CUBE-GNSS1.7.0.0
2025-02-07 01:16:03,725 [WARN] PackLoader:240 - Cannot read IP mode file for STMicroelectronics.X-CUBE-GNSS1.7.0.1
2025-02-07 01:16:03,739 [WARN] PackLoader:240 - Cannot read IP mode file for STMicroelectronics.FP-SNS-STBOX1.2.0.0
2025-02-07 01:16:03,756 [WARN] PackLoader:240 - Cannot read IP mode file for STMicroelectronics.X-CUBE-SUBG2.5.0.0
2025-02-07 01:16:03,771 [WARN] PackLoader:240 - Cannot read IP mode file for Cesanta.I-CUBE-Mongoose.7.13.0
2025-02-07 01:16:03,791 [WARN] PackLoader:240 - Cannot read IP mode file for STMicroelectronics.X-CUBE-AZRTOS-G4.2.0.0
2025-02-07 01:16:03,815 [WARN] PackLoader:240 - Cannot read IP mode file for Infineon.AIROC-Wi-Fi-Bluetooth-STM32.1.5.1
2025-02-07 01:16:03,830 [WARN] PackLoader:240 - Cannot read IP mode file for STMicroelectronics.FP-SNS-MOTENVWB1.1.3.0
2025-02-07 01:16:03,845 [WARN] PackLoader:240 - Cannot read IP mode file for STMicroelectronics.FP-SNS-MOTENVWB1.1.3.1
2025-02-07 01:16:03,857 [WARN] PackLoader:240 - Cannot read IP mode file for STMicroelectronics.X-CUBE-ISPU.2.0.0
2025-02-07 01:16:03,871 [ERROR] Engine:466 - C:\Users\georg\.stm32cubemx\thirdparties\pdsc\STMicroelectronics.X-CUBE-IPS.3.1.0.pdsc: PDSC version is not supported
2025-02-07 01:16:03,884 [WARN] PackLoader:240 - Cannot read IP mode file for STMicroelectronics.X-CUBE-ALS.1.0.2
2025-02-07 01:16:03,926 [WARN] PackLoader:240 - Cannot read IP mode file for STMicroelectronics.X-CUBE-MEMS1.10.0.0
2025-02-07 01:16:03,993 [WARN] PackLoader:240 - Cannot read IP mode file for STMicroelectronics.X-CUBE-FREERTOS.1.1.0
2025-02-07 01:16:04,004 [WARN] PackLoader:240 - Cannot read IP mode file for STMicroelectronics.X-CUBE-TOUCHGFX.4.24.0
2025-02-07 01:16:04,017 [WARN] PackLoader:240 - Cannot read IP mode file for STMicroelectronics.X-CUBE-TOUCHGFX.4.24.2
2025-02-07 01:16:04,028 [WARN] PackLoader:240 - Cannot read IP mode file for STMicroelectronics.X-CUBE-TOUCHGFX.4.24.1
2025-02-07 01:16:04,041 [WARN] PackLoader:240 - Cannot read IP mode file for portGmbH.I-Cube-SoM-uGOAL.1.1.0
2025-02-07 01:16:04,053 [WARN] PackLoader:240 - Cannot read IP mode file for STMicroelectronics.X-CUBE-ALS.1.0.1
2025-02-07 01:16:04,075 [WARN] PackLoader:240 - Cannot read IP mode file for STMicroelectronics.X-CUBE-AZRTOS-H7RS.1.0.0
2025-02-07 01:16:04,088 [WARN] PackLoader:240 - Cannot read IP mode file for STMicroelectronics.FP-ATR-ASTRA1.2.0.0
2025-02-07 01:16:04,106 [WARN] PackLoader:240 - Cannot read IP mode file for STMicroelectronics.X-CUBE-TOF1.3.4.2
2025-02-07 01:16:04,129 [WARN] PackLoader:240 - Cannot read IP mode file for STMicroelectronics.X-CUBE-TOF1.3.4.0
2025-02-07 01:16:04,153 [WARN] PackLoader:240 - Cannot read IP mode file for STMicroelectronics.X-CUBE-TOF1.3.4.1
2025-02-07 01:16:04,186 [WARN] PackLoader:240 - Cannot read IP mode file for STMicroelectronics.X-CUBE-AZRTOS-H7.3.2.0
2025-02-07 01:16:04,203 [WARN] PackLoader:240 - Cannot read IP mode file for wolfSSL.I-CUBE-wolfSSH.1.4.17
2025-02-07 01:16:04,203 [INFO] ThirdParty:978 - Integrity check success = true
2025-02-07 01:16:04,203 [INFO] IntegrityCheckThread:100 - exiting critical section [integrity check]
2025-02-07 01:16:04,203 [INFO] IntegrityCheckThread:103 - End integrity checks thread
2025-02-07 01:18:16,380 [INFO] WebApp:161 - Instantiating new browser for Auth
2025-02-07 01:18:16,740 [INFO] WebApp:780 - Register for checkConnection events
2025-02-07 01:18:16,740 [INFO] WebApp:414 - Apply proxy settings
2025-02-07 01:18:16,741 [INFO] WebApp:499 - Chromium requires no authentication
2025-02-07 01:18:16,745 [INFO] WebApp:442 - Direct internet connection detected
2025-02-07 01:18:16,833 [INFO] WebApp:192 - Starting web application
2025-02-07 01:18:16,834 [INFO] WebApp:544 - Web application path used C:\ST\STM32CubeIDE_1.14.0\STM32CubeIDE\plugins\com.st.stm32cube.common.mx_6.10.0.202311202037\db\plugins\mcufinder\reactClient1\index.html
2025-02-07 01:18:37,613 [ERROR] LogOutputStream:75 - [STDERR_REDIRECT] SLF4J: Failed to load class "org.slf4j.impl.StaticLoggerBinder".
2025-02-07 01:18:37,614 [ERROR] LogOutputStream:75 - [STDERR_REDIRECT] SLF4J: Defaulting to no-operation (NOP) logger implementation
2025-02-07 01:18:37,615 [ERROR] LogOutputStream:75 - [STDERR_REDIRECT] SLF4J: See http://www.slf4j.org/codes.html#StaticLoggerBinder for further details.
2025-02-07 02:16:25,670 [ERROR] LogOutputStream:75 - [STDERR_REDIRECT] 
2025-02-07 11:39:19,285 [INFO] Activator:176 - 


2025-02-07 11:39:19,287 [INFO] Activator:177 - !SESSION log4j initialized
2025-02-07 11:39:28,875 [INFO] LogOutputStream:77 - [STDOUT_REDIRECT] 
2025-02-07 11:39:32,928 [INFO] ApplicationProperties:184 - Using Application install path: C:\ST\STM32CubeIDE_1.14.0\STM32CubeIDE\plugins\com.st.stm32cube.common.mx_6.10.0.202311202037
2025-02-07 11:39:32,946 [INFO] DbMcusXml:78 - Set database path to: C:\ST\STM32CubeIDE_1.14.0\STM32CubeIDE\plugins\com.st.stm32cube.common.mx_6.10.0.202311202037\\db\/mcu/
2025-02-07 11:39:32,946 [INFO] ApiDb:274 - Set plugin database path to: C:\ST\STM32CubeIDE_1.14.0\STM32CubeIDE\plugins\com.st.stm32cube.common.mx_6.10.0.202311202037\\db\/plugins/boardmanager/
2025-02-07 11:39:32,946 [WARN] ApiDb:259 - Overriding images path with different value:  => C:\ST\STM32CubeIDE_1.14.0\STM32CubeIDE\plugins\com.st.stm32cube.common.mx_6.10.0.202311202037\\db\/plugins/mcufinder/images/
2025-02-07 11:39:32,964 [INFO] ApiDb:250 - Set database path to: C:\Users\georg\.stmcufinder\plugins\mcufinder//mcu/
2025-02-07 11:39:32,966 [INFO] DbMcusAds:125 - Set database path to: C:\Users\georg\.stmcufinder\plugins\mcufinder//mcu/
2025-02-07 11:39:32,967 [INFO] CrossReferenceDbSqlite:203 - Set database path to: C:\Users\georg\.stmcufinder\plugins\mcufinder//mcu/cs/
2025-02-07 11:39:33,166 [INFO] RulesReader:64 - Compatibility file has been processed (297 Rules)
2025-02-07 11:39:33,698 [INFO] DbMcusXml:78 - Set database path to: C:\ST\STM32CubeIDE_1.14.0\STM32CubeIDE\plugins\com.st.stm32cube.common.mx_6.10.0.202311202037\\db\/mcu/
2025-02-07 11:39:33,698 [INFO] ApiDb:274 - Set plugin database path to: C:\ST\STM32CubeIDE_1.14.0\STM32CubeIDE\plugins\com.st.stm32cube.common.mx_6.10.0.202311202037\\db\/plugins/boardmanager/
2025-02-07 11:39:33,699 [INFO] ApiDb:261 - Set plugin images path to: C:\ST\STM32CubeIDE_1.14.0\STM32CubeIDE\plugins\com.st.stm32cube.common.mx_6.10.0.202311202037\\db\/plugins/mcufinder/images/
2025-02-07 11:39:33,699 [WARN] DbFile:41 - Overriding database path with different value: C:\Users\georg\.stmcufinder\plugins\mcufinder/ => C:\Users\georg\.stmcufinder\plugins\mcufinder
2025-02-07 11:39:33,699 [INFO] ApiDb:250 - Set database path to: C:\Users\georg\.stmcufinder\plugins\mcufinder//mcu/
2025-02-07 11:39:33,699 [WARN] DbFile:41 - Overriding database path with different value: C:\Users\georg\.stmcufinder\plugins\mcufinder/ => C:\Users\georg\.stmcufinder\plugins\mcufinder
2025-02-07 11:39:33,699 [INFO] DbMcusAds:125 - Set database path to: C:\Users\georg\.stmcufinder\plugins\mcufinder//mcu/
2025-02-07 11:39:33,699 [WARN] DbFile:41 - Overriding database path with different value: C:\Users\georg\.stmcufinder\plugins\mcufinder/ => C:\Users\georg\.stmcufinder\plugins\mcufinder
2025-02-07 11:39:33,699 [WARN] DbFile:41 - Overriding database path with different value: C:\Users\georg\.stmcufinder\plugins\mcufinder/ => C:\Users\georg\.stmcufinder\plugins\mcufinder
2025-02-07 11:39:33,699 [INFO] CrossReferenceDbSqlite:203 - Set database path to: C:\Users\georg\.stmcufinder\plugins\mcufinder//mcu/cs/
2025-02-07 11:39:34,357 [INFO] MainPanel:264 - HeapMemory: 381681664
2025-02-07 11:39:34,461 [INFO] DbMcusXml:78 - Set database path to: C:\ST\STM32CubeIDE_1.14.0\STM32CubeIDE\plugins\com.st.stm32cube.common.mx_6.10.0.202311202037\\db\/mcu/
2025-02-07 11:39:34,461 [INFO] ApiDb:274 - Set plugin database path to: C:\ST\STM32CubeIDE_1.14.0\STM32CubeIDE\plugins\com.st.stm32cube.common.mx_6.10.0.202311202037\\db\/plugins/boardmanager/
2025-02-07 11:39:34,462 [INFO] ApiDb:261 - Set plugin images path to: C:\ST\STM32CubeIDE_1.14.0\STM32CubeIDE\plugins\com.st.stm32cube.common.mx_6.10.0.202311202037\\db\/plugins/mcufinder/images/
2025-02-07 11:39:34,462 [WARN] DbFile:41 - Overriding database path with different value: C:\Users\georg\.stmcufinder\plugins\mcufinder/ => C:\Users\georg\.stmcufinder\plugins\mcufinder
2025-02-07 11:39:34,462 [INFO] ApiDb:250 - Set database path to: C:\Users\georg\.stmcufinder\plugins\mcufinder//mcu/
2025-02-07 11:39:34,462 [WARN] DbFile:41 - Overriding database path with different value: C:\Users\georg\.stmcufinder\plugins\mcufinder/ => C:\Users\georg\.stmcufinder\plugins\mcufinder
2025-02-07 11:39:34,462 [INFO] DbMcusAds:125 - Set database path to: C:\Users\georg\.stmcufinder\plugins\mcufinder//mcu/
2025-02-07 11:39:34,462 [WARN] DbFile:41 - Overriding database path with different value: C:\Users\georg\.stmcufinder\plugins\mcufinder/ => C:\Users\georg\.stmcufinder\plugins\mcufinder
2025-02-07 11:39:34,462 [WARN] DbFile:41 - Overriding database path with different value: C:\Users\georg\.stmcufinder\plugins\mcufinder/ => C:\Users\georg\.stmcufinder\plugins\mcufinder
2025-02-07 11:39:34,462 [INFO] CrossReferenceDbSqlite:203 - Set database path to: C:\Users\georg\.stmcufinder\plugins\mcufinder//mcu/cs/
2025-02-07 11:39:34,564 [INFO] ApplicationProperties:184 - Using Application install path: C:\ST\STM32CubeIDE_1.14.0\STM32CubeIDE\plugins\com.st.stm32cube.common.mx_6.10.0.202311202037
2025-02-07 11:39:34,566 [INFO] PluginManage:196 - Search for loadable plugins [exclusion list=, ]
2025-02-07 11:39:34,567 [INFO] PluginManage:310 - Check plugin analytics
2025-02-07 11:39:34,803 [INFO] AnalyticsPlugin:253 - Accepted Software Licenses: STM32CubeMX.6.12.0
2025-02-07 11:39:34,803 [INFO] AnalyticsPlugin:255 - Accepted CMSIS Pack Licenses: 
2025-02-07 11:39:34,803 [INFO] AnalyticsPlugin:257 - Accepted Firmware Licenses: FW.F4.1.28.0,FW.H7.1.11.0,FW.F4.1.27.0
2025-02-07 11:39:34,805 [INFO] PluginManage:359 - Loaded plugin analytics (category:tool,tabindex:-1)
2025-02-07 11:39:34,805 [INFO] PluginManage:310 - Check plugin cadmodel
2025-02-07 11:39:34,826 [INFO] CADModel:105 - Init CAD model plugin
2025-02-07 11:39:34,826 [INFO] PluginManage:359 - Loaded plugin cadmodel (category:power,tabindex:5)
2025-02-07 11:39:34,826 [INFO] PluginManage:310 - Check plugin clock
2025-02-07 11:39:34,852 [INFO] PluginManage:359 - Loaded plugin clock (category:base,tabindex:2)
2025-02-07 11:39:34,852 [INFO] PluginManage:310 - Check plugin ddr
2025-02-07 11:39:34,854 [INFO] PluginManage:359 - Loaded plugin ddr (category:tool,tabindex:6)
2025-02-07 11:39:34,854 [INFO] PluginManage:310 - Check plugin filemanager
2025-02-07 11:39:35,326 [INFO] PluginManage:359 - Loaded plugin filemanager (category:base,tabindex:10)
2025-02-07 11:39:35,326 [INFO] PluginManage:310 - Check plugin ipmanager
2025-02-07 11:39:35,333 [INFO] PluginManage:359 - Loaded plugin ipmanager (category:base,tabindex:5)
2025-02-07 11:39:35,333 [INFO] PluginManage:310 - Check plugin lpbam
2025-02-07 11:39:35,354 [INFO] PluginManage:359 - Loaded plugin lpbam (category:base,tabindex:0)
2025-02-07 11:39:35,354 [INFO] PluginManage:310 - Check plugin memorymap
2025-02-07 11:39:35,381 [INFO] PluginManage:359 - Loaded plugin memorymap (category:base,tabindex:4)
2025-02-07 11:39:35,382 [INFO] PluginManage:310 - Check plugin pinoutandconfiguration
2025-02-07 11:39:35,401 [INFO] PluginManage:359 - Loaded plugin pinoutandconfiguration (category:base,tabindex:1)
2025-02-07 11:39:35,402 [INFO] PluginManage:310 - Check plugin pinoutconfig
2025-02-07 11:39:35,536 [WARN] SupportedApi:132 - Cannot load RTOS API schema: s4s-elt-must-match.1: The content of 'definitions' must match (annotation?, (simpleType | complexType)?, (unique | key | keyref)*)). A problem was found starting at: attribute.
2025-02-07 11:39:35,768 [INFO] PluginManage:359 - Loaded plugin pinoutconfig (category:base,tabindex:0)
2025-02-07 11:39:35,768 [INFO] PluginManage:310 - Check plugin power
2025-02-07 11:39:35,791 [INFO] PluginManage:359 - Loaded plugin power (category:power,tabindex:4)
2025-02-07 11:39:35,792 [INFO] PluginManage:310 - Check plugin projectmanager
2025-02-07 11:39:35,805 [INFO] PluginManage:359 - Loaded plugin projectmanager (category:projectmanager,tabindex:3)
2025-02-07 11:39:35,806 [INFO] PluginManage:310 - Check plugin thirdparty
2025-02-07 11:39:36,202 [INFO] PluginManage:359 - Loaded plugin thirdparty (category:base,tabindex:-1)
2025-02-07 11:39:36,202 [WARN] IntegrityCheckThread:84 - waiting for thirdparty lock release [integrity check]
2025-02-07 11:39:36,202 [INFO] PluginManage:310 - Check plugin tools
2025-02-07 11:39:36,202 [INFO] IntegrityCheckThread:86 - entering critical section [integrity check]
2025-02-07 11:39:36,202 [INFO] ThirdPartyUpdaterWithRetryManager:70 - Updater plugin not ready yet. [1/15]
2025-02-07 11:39:36,244 [INFO] PluginManage:359 - Loaded plugin tools (category:base,tabindex:7)
2025-02-07 11:39:36,244 [INFO] PluginManage:310 - Check plugin tutovideos
2025-02-07 11:39:36,714 [INFO] PluginManage:359 - Loaded plugin tutovideos (category:base,tabindex:-1)
2025-02-07 11:39:36,714 [INFO] PluginManage:310 - Check plugin updater
2025-02-07 11:39:36,729 [INFO] PluginManage:359 - Loaded plugin updater (category:base,tabindex:12)
2025-02-07 11:39:36,729 [INFO] PluginManage:310 - Check plugin userauth
2025-02-07 11:39:36,736 [INFO] UserAuth:114 - Init User Auth plugin
2025-02-07 11:39:36,736 [INFO] PluginManage:359 - Loaded plugin userauth (category:base,tabindex:14)
2025-02-07 11:39:36,736 [INFO] PluginManage:283 - PluginManage : Loaded plugins [17]
2025-02-07 11:39:37,621 [INFO] PinOutPanel:1499 - setPackage(No Configuration,No Configuration)
2025-02-07 11:39:38,179 [INFO] CADModel:165 - CPN selected for project level
2025-02-07 11:39:38,179 [INFO] CADModel:114 - Register for checkConnection events
2025-02-07 11:39:38,212 [INFO] IPUIPlugin:80 - create IPUIPlugin
2025-02-07 11:39:38,213 [INFO] PluginManager:220 - loadIPPluginJar : add adc
2025-02-07 11:39:38,261 [INFO] IPUIPlugin:80 - create IPUIPlugin
2025-02-07 11:39:38,261 [INFO] PluginManager:220 - loadIPPluginJar : add aes
2025-02-07 11:39:38,306 [INFO] IPUIPlugin:80 - create IPUIPlugin
2025-02-07 11:39:38,306 [INFO] PluginManager:220 - loadIPPluginJar : add can
2025-02-07 11:39:38,335 [INFO] IPUIPlugin:80 - create IPUIPlugin
2025-02-07 11:39:38,335 [INFO] PluginManager:220 - loadIPPluginJar : add comp
2025-02-07 11:39:38,372 [INFO] IPUIPlugin:80 - create IPUIPlugin
2025-02-07 11:39:38,373 [INFO] PluginManager:220 - loadIPPluginJar : add cryp
2025-02-07 11:39:38,407 [INFO] IPUIPlugin:80 - create IPUIPlugin
2025-02-07 11:39:38,407 [INFO] PluginManager:220 - loadIPPluginJar : add dfsdm
2025-02-07 11:39:38,425 [INFO] IPUIPlugin:80 - create IPUIPlugin
2025-02-07 11:39:38,425 [INFO] PluginManager:220 - loadIPPluginJar : add dma
2025-02-07 11:39:38,477 [INFO] IPUIPlugin:80 - create IPUIPlugin
2025-02-07 11:39:38,478 [INFO] PluginManager:220 - loadIPPluginJar : add dma3
2025-02-07 11:39:38,505 [INFO] IPUIPlugin:80 - create IPUIPlugin
2025-02-07 11:39:38,505 [INFO] PluginManager:220 - loadIPPluginJar : add fatfs
2025-02-07 11:39:38,561 [INFO] IPUIPlugin:80 - create IPUIPlugin
2025-02-07 11:39:38,562 [INFO] PluginManager:220 - loadIPPluginJar : add fmc
2025-02-07 11:39:38,581 [INFO] IPUIPlugin:80 - create IPUIPlugin
2025-02-07 11:39:38,581 [INFO] PluginManager:220 - loadIPPluginJar : add freertos
2025-02-07 11:39:38,609 [INFO] IPUIPlugin:80 - create IPUIPlugin
2025-02-07 11:39:38,609 [INFO] PluginManager:220 - loadIPPluginJar : add genericplugin
2025-02-07 11:39:38,745 [INFO] IPUIPlugin:80 - create IPUIPlugin
2025-02-07 11:39:38,746 [INFO] PluginManager:220 - loadIPPluginJar : add gfxmmu
2025-02-07 11:39:38,905 [INFO] IPUIPlugin:80 - create IPUIPlugin
2025-02-07 11:39:38,906 [INFO] PluginManager:220 - loadIPPluginJar : add gic
2025-02-07 11:39:38,933 [INFO] IPUIPlugin:80 - create IPUIPlugin
2025-02-07 11:39:38,934 [INFO] PluginManager:220 - loadIPPluginJar : add gpio
2025-02-07 11:39:39,128 [INFO] IPUIPlugin:80 - create IPUIPlugin
2025-02-07 11:39:39,128 [INFO] PluginManager:220 - loadIPPluginJar : add gtzc
2025-02-07 11:39:39,205 [INFO] ThirdPartyUpdaterWithRetryManager:70 - Updater plugin not ready yet. [2/15]
2025-02-07 11:39:39,214 [INFO] IPUIPlugin:80 - create IPUIPlugin
2025-02-07 11:39:39,214 [INFO] PluginManager:220 - loadIPPluginJar : add hash
2025-02-07 11:39:39,281 [INFO] IPUIPlugin:80 - create IPUIPlugin
2025-02-07 11:39:39,282 [INFO] PluginManager:220 - loadIPPluginJar : add i2c
2025-02-07 11:39:39,325 [INFO] IPUIPlugin:80 - create IPUIPlugin
2025-02-07 11:39:39,325 [INFO] PluginManager:220 - loadIPPluginJar : add i2s
2025-02-07 11:39:39,370 [INFO] IPUIPlugin:80 - create IPUIPlugin
2025-02-07 11:39:39,370 [INFO] PluginManager:220 - loadIPPluginJar : add i3c
2025-02-07 11:39:39,510 [INFO] IPUIPlugin:80 - create IPUIPlugin
2025-02-07 11:39:39,510 [INFO] PluginManager:220 - loadIPPluginJar : add ipddr
2025-02-07 11:39:39,623 [INFO] IPUIPlugin:80 - create IPUIPlugin
2025-02-07 11:39:39,623 [INFO] PluginManager:220 - loadIPPluginJar : add linkedlist
2025-02-07 11:39:39,672 [INFO] IPUIPlugin:80 - create IPUIPlugin
2025-02-07 11:39:39,672 [INFO] PluginManager:220 - loadIPPluginJar : add lorawan
2025-02-07 11:39:39,734 [INFO] IPUIPlugin:80 - create IPUIPlugin
2025-02-07 11:39:39,734 [INFO] PluginManager:220 - loadIPPluginJar : add ltdc
2025-02-07 11:39:39,751 [INFO] IPUIPlugin:80 - create IPUIPlugin
2025-02-07 11:39:39,751 [INFO] PluginManager:220 - loadIPPluginJar : add mdma
2025-02-07 11:39:39,766 [INFO] IPUIPlugin:80 - create IPUIPlugin
2025-02-07 11:39:39,766 [INFO] PluginManager:220 - loadIPPluginJar : add nvic
2025-02-07 11:39:39,814 [INFO] IPUIPlugin:80 - create IPUIPlugin
2025-02-07 11:39:39,814 [INFO] PluginManager:220 - loadIPPluginJar : add opamp
2025-02-07 11:39:39,887 [INFO] IPUIPlugin:80 - create IPUIPlugin
2025-02-07 11:39:39,887 [INFO] PluginManager:220 - loadIPPluginJar : add openamp
2025-02-07 11:39:39,938 [INFO] IPUIPlugin:80 - create IPUIPlugin
2025-02-07 11:39:39,938 [INFO] PluginManager:220 - loadIPPluginJar : add pdm2pcm
2025-02-07 11:39:39,954 [INFO] IPUIPlugin:80 - create IPUIPlugin
2025-02-07 11:39:39,955 [INFO] PluginManager:220 - loadIPPluginJar : add plateformsettings
2025-02-07 11:39:39,982 [INFO] IPUIPlugin:80 - create IPUIPlugin
2025-02-07 11:39:39,982 [INFO] PluginManager:220 - loadIPPluginJar : add quadspi
2025-02-07 11:39:39,998 [INFO] IPUIPlugin:80 - create IPUIPlugin
2025-02-07 11:39:39,998 [INFO] PluginManager:220 - loadIPPluginJar : add resmgrutility
2025-02-07 11:39:40,047 [INFO] IPUIPlugin:80 - create IPUIPlugin
2025-02-07 11:39:40,047 [INFO] PluginManager:220 - loadIPPluginJar : add sai
2025-02-07 11:39:40,090 [INFO] IPUIPlugin:80 - create IPUIPlugin
2025-02-07 11:39:40,090 [INFO] PluginManager:220 - loadIPPluginJar : add spi
2025-02-07 11:39:40,164 [INFO] IPUIPlugin:80 - create IPUIPlugin
2025-02-07 11:39:40,164 [INFO] PluginManager:220 - loadIPPluginJar : add stm32_wpan
2025-02-07 11:39:40,193 [INFO] IPUIPlugin:80 - create IPUIPlugin
2025-02-07 11:39:40,193 [INFO] PluginManager:220 - loadIPPluginJar : add tim
2025-02-07 11:39:40,263 [INFO] IPUIPlugin:80 - create IPUIPlugin
2025-02-07 11:39:40,264 [INFO] PluginManager:220 - loadIPPluginJar : add touchsensing
2025-02-07 11:39:40,296 [INFO] IPUIPlugin:80 - create IPUIPlugin
2025-02-07 11:39:40,297 [INFO] PluginManager:220 - loadIPPluginJar : add tracer_emb
2025-02-07 11:39:40,329 [INFO] IPUIPlugin:80 - create IPUIPlugin
2025-02-07 11:39:40,329 [INFO] PluginManager:220 - loadIPPluginJar : add ts
2025-02-07 11:39:40,364 [INFO] IPUIPlugin:80 - create IPUIPlugin
2025-02-07 11:39:40,364 [INFO] PluginManager:220 - loadIPPluginJar : add tsc
2025-02-07 11:39:40,414 [INFO] IPUIPlugin:80 - create IPUIPlugin
2025-02-07 11:39:40,414 [INFO] PluginManager:220 - loadIPPluginJar : add ucpd
2025-02-07 11:39:40,518 [INFO] IPUIPlugin:80 - create IPUIPlugin
2025-02-07 11:39:40,518 [INFO] PluginManager:220 - loadIPPluginJar : add usart
2025-02-07 11:39:40,577 [INFO] IPUIPlugin:80 - create IPUIPlugin
2025-02-07 11:39:40,577 [INFO] PluginManager:220 - loadIPPluginJar : add usbx
2025-02-07 11:39:40,873 [INFO] CADModel:165 - CPN selected for project level
2025-02-07 11:39:40,874 [INFO] CADModel:114 - Register for checkConnection events
2025-02-07 11:39:40,874 [FATAL] Updater:308 - Updater called before beeing initialized
2025-02-07 11:39:40,874 [ERROR] CADModel:125 - Updater not yet initialized, retry later 
2025-02-07 11:39:41,049 [INFO] CADModel:165 - CPN selected for project level
2025-02-07 11:39:41,049 [INFO] CADModel:114 - Register for checkConnection events
2025-02-07 11:39:41,049 [FATAL] Updater:308 - Updater called before beeing initialized
2025-02-07 11:39:41,049 [ERROR] CADModel:125 - Updater not yet initialized, retry later 
2025-02-07 11:39:41,052 [FATAL] Updater:308 - Updater called before beeing initialized
2025-02-07 11:39:41,444 [FATAL] Updater:308 - Updater called before beeing initialized
2025-02-07 11:39:41,455 [INFO] DbMcusAds:53 - JSON generation date=Tue Dec 17 18:01:15 EET 2024 (1734451275111)
2025-02-07 11:39:41,456 [FATAL] Updater:308 - Updater called before beeing initialized
2025-02-07 11:39:41,585 [WARN] DetailPanel:346 - Failed to get advertising image, set to default
2025-02-07 11:39:41,997 [FATAL] Updater:308 - Updater called before beeing initialized
2025-02-07 11:39:41,999 [FATAL] Updater:308 - Updater called before beeing initialized
2025-02-07 11:39:41,999 [FATAL] Updater:308 - Updater called before beeing initialized
2025-02-07 11:39:42,000 [WARN] DetailPanel:346 - Failed to get advertising image, set to default
2025-02-07 11:39:42,000 [FATAL] Updater:308 - Updater called before beeing initialized
2025-02-07 11:39:42,090 [ERROR] Updater:1120 - MainUpdater not yet initialized. External WinMGr cannot be set.
2025-02-07 11:39:42,101 [INFO] Updater:1056 - Updater Version found : 6.10.0
2025-02-07 11:39:42,119 [INFO] ApplicationProperties:184 - Using Application install path: C:\ST\STM32CubeIDE_1.14.0\STM32CubeIDE\plugins\com.st.stm32cube.common.mx_6.10.0.202311202037
2025-02-07 11:39:42,205 [INFO] ThirdPartyUpdaterWithRetryManager:70 - Updater plugin not ready yet. [3/15]
2025-02-07 11:39:43,714 [ERROR] LogOutputStream:75 - [STDERR_REDIRECT] Feb 07, 2025 11:39:43 AM java.util.prefs.WindowsPreferences <init>
2025-02-07 11:39:43,715 [ERROR] LogOutputStream:75 - [STDERR_REDIRECT] WARNING: Could not open/create prefs root node Software\JavaSoft\Prefs at root 0xffffffff80000002. Windows RegCreateKeyEx(...) returned error code 5.
2025-02-07 11:39:43,715 [ERROR] LogOutputStream:75 - [STDERR_REDIRECT] 
2025-02-07 11:39:44,107 [INFO] MainUpdater:2873 - connection check result : 10
2025-02-07 11:39:44,108 [INFO] MainUpdater:290 - Updater Check For Update Now.
2025-02-07 11:39:44,108 [INFO] MicroXplorer:498 - Change Database Version : DB.6.0.100
2025-02-07 11:39:44,123 [INFO] McuFinderGlobals:63 - Set McuFinder mode to 2 (CubeIDE integrated)
2025-02-07 11:39:44,396 [INFO] CheckServerUpdateThread:120 - End of CheckServer Thread
2025-02-07 11:39:44,670 [INFO] UserAuth:404 - Internet connection configuration mode: 1
2025-02-07 11:39:44,702 [INFO] JxBrowserEngine:152 - Initiate JxBrowser Engine with user profile folder
2025-02-07 11:39:45,523 [WARN] PackLoader:240 - Cannot read IP mode file for STMicroelectronics.FP-SNS-MOTENVWB1.1.4.0
2025-02-07 11:39:45,539 [WARN] PackLoader:240 - Cannot read IP mode file for STMicroelectronics.FP-ATR-ASTRA1.2.0.1
2025-02-07 11:39:45,555 [WARN] PackLoader:240 - Cannot read IP mode file for STMicroelectronics.X-CUBE-SMBUS.2.1.0
2025-02-07 11:39:45,624 [WARN] PackLoader:240 - Cannot read IP mode file for STMicroelectronics.X-CUBE-WB05N.1.1.0
2025-02-07 11:39:45,639 [WARN] PackLoader:240 - Cannot read IP mode file for STMicroelectronics.X-CUBE-TOUCHGFX.4.23.0
2025-02-07 11:39:45,675 [WARN] PackLoader:240 - Cannot read IP mode file for STMicroelectronics.X-CUBE-AZRTOS-F7.1.1.0
2025-02-07 11:39:45,695 [WARN] PackLoader:240 - Cannot read IP mode file for STMicroelectronics.FP-SNS-MOTENV1.4.3.2
2025-02-07 11:39:45,757 [WARN] PackLoader:240 - Cannot read IP mode file for STMicroelectronics.X-CUBE-MEMS1.11.0.0
2025-02-07 11:39:45,866 [WARN] PackLoader:240 - Cannot read IP mode file for STMicroelectronics.FP-SNS-FLIGHT1.5.0.2
2025-02-07 11:39:45,934 [WARN] PackLoader:240 - Cannot read IP mode file for STMicroelectronics.X-CUBE-DISPLAY.3.0.0
2025-02-07 11:39:45,989 [WARN] PackLoader:240 - Cannot read IP mode file for STMicroelectronics.X-CUBE-BLE1.7.0.0
2025-02-07 11:39:46,011 [WARN] PackLoader:240 - Cannot read IP mode file for STMicroelectronics.X-CUBE-NFC10.1.0.0
2025-02-07 11:39:46,063 [WARN] PackLoader:240 - Cannot read IP mode file for STMicroelectronics.X-CUBE-BLEMGR.4.0.0
2025-02-07 11:39:46,127 [WARN] PackLoader:240 - Cannot read IP mode file for emotas.I-CUBE-CANOPEN.1.3.0
2025-02-07 11:39:46,144 [WARN] PackLoader:240 - Cannot read IP mode file for STMicroelectronics.X-CUBE-TOUCHGFX.4.22.1
2025-02-07 11:39:46,164 [WARN] PackLoader:240 - Cannot read IP mode file for STMicroelectronics.X-CUBE-BLEMGR.3.1.0
2025-02-07 11:39:46,185 [WARN] PackLoader:240 - Cannot read IP mode file for STMicroelectronics.X-CUBE-AI.10.0.0
2025-02-07 11:39:46,201 [WARN] PackLoader:240 - Cannot read IP mode file for STMicroelectronics.FP-SNS-SMARTAG2.1.2.0
2025-02-07 11:39:46,252 [WARN] PackLoader:240 - Cannot read IP mode file for STMicroelectronics.X-CUBE-MEMS1.11.1.0
2025-02-07 11:39:46,474 [INFO] LogOutputStream:77 - [STDOUT_REDIRECT] 1 : Invalid condition id : UX_CORESTACK_Condition cause : null
2025-02-07 11:39:46,475 [INFO] LogOutputStream:77 - [STDOUT_REDIRECT] 1 : Invalid condition id : UX_CORESTACK_Condition cause : null
2025-02-07 11:39:46,476 [INFO] LogOutputStream:77 - [STDOUT_REDIRECT] 1 : Invalid condition id : UX_CORESTACK_Condition cause : null
2025-02-07 11:39:46,477 [INFO] LogOutputStream:77 - [STDOUT_REDIRECT] 1 : Invalid condition id : UX_CORESTACK_Condition cause : null
2025-02-07 11:39:46,477 [INFO] LogOutputStream:77 - [STDOUT_REDIRECT] 1 : Invalid condition id : UX_CORESTACK_Condition cause : null
2025-02-07 11:39:46,479 [WARN] PackLoader:240 - Cannot read IP mode file for STMicroelectronics.X-CUBE-AZRTOS-WL.2.0.0
2025-02-07 11:39:46,505 [WARN] PackLoader:240 - Cannot read IP mode file for STMicroelectronics.FP-SNS-MOTENV1.5.0.0
2025-02-07 11:39:46,524 [WARN] PackLoader:240 - Cannot read IP mode file for wolfSSL.I-CUBE-wolfMQTT.1.19.0
2025-02-07 11:39:46,546 [WARN] PackLoader:240 - Cannot read IP mode file for WES.I-CUBE-Cesium.1.3.0
2025-02-07 11:39:46,565 [WARN] PackLoader:240 - Cannot read IP mode file for STMicroelectronics.X-CUBE-BLE2.3.3.0
2025-02-07 11:39:46,583 [WARN] PackLoader:240 - Cannot read IP mode file for STMicroelectronics.X-CUBE-NFC9.1.0.0
2025-02-07 11:39:46,602 [WARN] PackLoader:240 - Cannot read IP mode file for STMicroelectronics.X-CUBE-TCPP.4.1.0
2025-02-07 11:39:46,663 [WARN] PackLoader:240 - Cannot read IP mode file for STMicroelectronics.X-CUBE-ALGOBUILD.1.3.0
2025-02-07 11:39:46,689 [WARN] PackLoader:240 - Cannot read IP mode file for STMicroelectronics.X-CUBE-AZRTOS-G0.1.1.0
2025-02-07 11:39:46,709 [WARN] PackLoader:240 - Cannot read IP mode file for STMicroelectronics.X-CUBE-SAFEA1.1.2.2
2025-02-07 11:39:46,729 [WARN] PackLoader:240 - Cannot read IP mode file for STMicroelectronics.X-CUBE-NFC4.3.0.0
2025-02-07 11:39:46,751 [WARN] PackLoader:240 - Cannot read IP mode file for EmbeddedOffice.I-CUBE-FS-RTOS.1.0.1
2025-02-07 11:39:46,752 [ERROR] ConditionMgr:805 - Attr not supported : Dmpu
2025-02-07 11:39:46,752 [ERROR] ConditionMgr:805 - Attr not supported : Dmpu
2025-02-07 11:39:46,752 [ERROR] ConditionMgr:805 - Attr not supported : Dmpu
2025-02-07 11:39:46,752 [ERROR] ConditionMgr:805 - Attr not supported : Dmpu
2025-02-07 11:39:46,752 [ERROR] ConditionMgr:805 - Attr not supported : Dmpu
2025-02-07 11:39:46,752 [ERROR] ConditionMgr:805 - Attr not supported : Dmpu
2025-02-07 11:39:46,752 [ERROR] ConditionMgr:805 - Attr not supported : Dmpu
2025-02-07 11:39:46,752 [ERROR] ConditionMgr:805 - Attr not supported : Dmpu
2025-02-07 11:39:46,752 [ERROR] ConditionMgr:805 - Attr not supported : Dmpu
2025-02-07 11:39:46,752 [ERROR] ConditionMgr:805 - Attr not supported : Dmpu
2025-02-07 11:39:46,752 [ERROR] ConditionMgr:805 - Attr not supported : Dmpu
2025-02-07 11:39:46,752 [ERROR] ConditionMgr:805 - Attr not supported : Dmpu
2025-02-07 11:39:46,752 [ERROR] ConditionMgr:805 - Attr not supported : Dmpu
2025-02-07 11:39:46,752 [ERROR] ConditionMgr:805 - Attr not supported : Dmpu
2025-02-07 11:39:46,752 [ERROR] ConditionMgr:805 - Attr not supported : Dmpu
2025-02-07 11:39:46,752 [ERROR] ConditionMgr:805 - Attr not supported : Dmpu
2025-02-07 11:39:46,752 [ERROR] ConditionMgr:805 - Attr not supported : Dmpu
2025-02-07 11:39:46,752 [ERROR] ConditionMgr:805 - Attr not supported : Dmpu
2025-02-07 11:39:46,753 [ERROR] ConditionMgr:805 - Attr not supported : Dmpu
2025-02-07 11:39:46,753 [ERROR] ConditionMgr:805 - Attr not supported : Dmpu
2025-02-07 11:39:46,753 [ERROR] ConditionMgr:805 - Attr not supported : Dmpu
2025-02-07 11:39:46,753 [ERROR] ConditionMgr:805 - Attr not supported : Dmpu
2025-02-07 11:39:46,753 [ERROR] ConditionMgr:805 - Attr not supported : Dmpu
2025-02-07 11:39:46,753 [ERROR] ConditionMgr:805 - Attr not supported : Dmpu
2025-02-07 11:39:46,753 [ERROR] ConditionMgr:805 - Attr not supported : Dmpu
2025-02-07 11:39:46,753 [ERROR] ConditionMgr:805 - Attr not supported : Dmpu
2025-02-07 11:39:46,753 [ERROR] ConditionMgr:805 - Attr not supported : Dmpu
2025-02-07 11:39:46,753 [ERROR] ConditionMgr:805 - Attr not supported : Dmpu
2025-02-07 11:39:46,753 [ERROR] ConditionMgr:805 - Attr not supported : Dmpu
2025-02-07 11:39:46,753 [ERROR] ConditionMgr:805 - Attr not supported : Dmpu
2025-02-07 11:39:46,753 [ERROR] ConditionMgr:805 - Attr not supported : Dmpu
2025-02-07 11:39:46,753 [ERROR] ConditionMgr:805 - Attr not supported : Dmpu
2025-02-07 11:39:46,753 [ERROR] ConditionMgr:805 - Attr not supported : Dmpu
2025-02-07 11:39:46,753 [ERROR] ConditionMgr:805 - Attr not supported : Dmpu
2025-02-07 11:39:46,753 [ERROR] ConditionMgr:805 - Attr not supported : Dmpu
2025-02-07 11:39:46,753 [ERROR] ConditionMgr:805 - Attr not supported : Dmpu
2025-02-07 11:39:46,754 [ERROR] ConditionMgr:805 - Attr not supported : Dmpu
2025-02-07 11:39:46,754 [ERROR] ConditionMgr:805 - Attr not supported : Dmpu
2025-02-07 11:39:46,754 [ERROR] ConditionMgr:805 - Attr not supported : Dmpu
2025-02-07 11:39:46,754 [ERROR] ConditionMgr:805 - Attr not supported : Dmpu
2025-02-07 11:39:46,754 [ERROR] ConditionMgr:805 - Attr not supported : Dmpu
2025-02-07 11:39:46,754 [ERROR] ConditionMgr:805 - Attr not supported : Dmpu
2025-02-07 11:39:46,754 [ERROR] ConditionMgr:805 - Attr not supported : Dmpu
2025-02-07 11:39:46,754 [ERROR] ConditionMgr:805 - Attr not supported : Dmpu
2025-02-07 11:39:46,754 [ERROR] ConditionMgr:805 - Attr not supported : Dmpu
2025-02-07 11:39:46,754 [ERROR] ConditionMgr:805 - Attr not supported : Dmpu
2025-02-07 11:39:46,754 [ERROR] ConditionMgr:805 - Attr not supported : Dmpu
2025-02-07 11:39:46,754 [ERROR] ConditionMgr:805 - Attr not supported : Dmpu
2025-02-07 11:39:46,754 [ERROR] ConditionMgr:805 - Attr not supported : Dmpu
2025-02-07 11:39:46,754 [ERROR] ConditionMgr:805 - Attr not supported : Dmpu
2025-02-07 11:39:46,754 [ERROR] ConditionMgr:805 - Attr not supported : Dmpu
2025-02-07 11:39:46,754 [ERROR] ConditionMgr:805 - Attr not supported : Dmpu
2025-02-07 11:39:46,754 [ERROR] ConditionMgr:805 - Attr not supported : Dmpu
2025-02-07 11:39:46,754 [ERROR] ConditionMgr:805 - Attr not supported : Dmpu
2025-02-07 11:39:46,754 [ERROR] ConditionMgr:805 - Attr not supported : Dmpu
2025-02-07 11:39:46,754 [ERROR] ConditionMgr:805 - Attr not supported : Dmpu
2025-02-07 11:39:46,754 [ERROR] ConditionMgr:805 - Attr not supported : Dmpu
2025-02-07 11:39:46,754 [ERROR] ConditionMgr:805 - Attr not supported : Dmpu
2025-02-07 11:39:46,755 [ERROR] ConditionMgr:805 - Attr not supported : Dmpu
2025-02-07 11:39:46,755 [ERROR] ConditionMgr:805 - Attr not supported : Dmpu
2025-02-07 11:39:46,755 [ERROR] ConditionMgr:805 - Attr not supported : Dmpu
2025-02-07 11:39:46,755 [ERROR] ConditionMgr:805 - Attr not supported : Dmpu
2025-02-07 11:39:46,755 [ERROR] ConditionMgr:805 - Attr not supported : Dmpu
2025-02-07 11:39:46,755 [ERROR] ConditionMgr:805 - Attr not supported : Dmpu
2025-02-07 11:39:46,778 [WARN] PackLoader:240 - Cannot read IP mode file for STMicroelectronics.X-CUBE-BLEMGR.3.0.0
2025-02-07 11:39:46,840 [ERROR] Engine:466 - C:\Users\georg\.stm32cubemx\thirdparties\pdsc\STMicroelectronics.X-CUBE-TCPP.4.2.0.pdsc: PDSC version is not supported
2025-02-07 11:39:46,859 [WARN] PackLoader:240 - Cannot read IP mode file for RealThread.X-CUBE-RT-Thread_Nano.4.1.1
2025-02-07 11:39:46,874 [WARN] PackLoader:240 - Cannot read IP mode file for STMicroelectronics.FP-ATR-SIGFOX1.3.2.0
2025-02-07 11:39:46,891 [WARN] ConditionMgr:438 - getConditionDescription Invalid condition id : Cortex-A Device cause : null
2025-02-07 11:39:46,954 [WARN] ConditionMgr:1039 - genDependencies : Invalid condition id : Cortex-A Device cause : null
2025-02-07 11:39:46,954 [WARN] ConditionMgr:1039 - genDependencies : Invalid condition id : Cortex-A Device cause : null
2025-02-07 11:39:46,954 [WARN] ConditionMgr:1039 - genDependencies : Invalid condition id : Cortex-A Device cause : null
2025-02-07 11:39:46,968 [WARN] PackLoader:240 - Cannot read IP mode file for STMicroelectronics.X-CUBE-EEPRMA1.5.1.0
2025-02-07 11:39:46,998 [WARN] PackLoader:240 - Cannot read IP mode file for SEGGER.I-CUBE-embOS.1.3.1
2025-02-07 11:39:47,032 [WARN] PackLoader:240 - Cannot read IP mode file for STMicroelectronics.X-CUBE-ALGOBUILD.1.4.0
2025-02-07 11:39:47,049 [WARN] PackLoader:240 - Cannot read IP mode file for STMicroelectronics.X-CUBE-AI.9.1.0
2025-02-07 11:39:47,068 [WARN] PackLoader:240 - Cannot read IP mode file for STMicroelectronics.X-CUBE-GNSS1.6.0.0
2025-02-07 11:39:47,096 [WARN] PackLoader:240 - Cannot read IP mode file for STMicroelectronics.X-CUBE-AZRTOS-F4.1.1.0
2025-02-07 11:39:47,110 [WARN] PackLoader:240 - Cannot read IP mode file for wolfSSL.I-CUBE-wolfSSL.5.6.4
2025-02-07 11:39:47,124 [WARN] PackLoader:240 - Cannot read IP mode file for STMicroelectronics.X-CUBE-ISPU.2.1.0
2025-02-07 11:39:47,140 [WARN] PackLoader:240 - Cannot read IP mode file for STMicroelectronics.X-CUBE-FREERTOS.1.2.0
2025-02-07 11:39:47,203 [WARN] PackLoader:240 - Cannot read IP mode file for STMicroelectronics.X-CUBE-AZRTOS-L5.2.0.0
2025-02-07 11:39:47,221 [WARN] PackLoader:240 - Cannot read IP mode file for STMicroelectronics.X-CUBE-EEPRMA1.4.2.0
2025-02-07 11:39:47,298 [WARN] PackLoader:240 - Cannot read IP mode file for STMicroelectronics.X-CUBE-NFC6.3.1.0
2025-02-07 11:39:47,319 [WARN] PackLoader:240 - Cannot read IP mode file for ITTIA_DB.I-CUBE-ITTIADB.8.8.0
2025-02-07 11:39:47,335 [WARN] PackLoader:240 - Cannot read IP mode file for STMicroelectronics.X-CUBE-DPower.1.2.0
2025-02-07 11:39:47,350 [WARN] PackLoader:240 - Cannot read IP mode file for STMicroelectronics.X-CUBE-AI.9.0.0
2025-02-07 11:39:47,417 [WARN] ConditionMgr:438 - getConditionDescription Invalid condition id : UX DEVICE CLASS RTOS Condition cause : null
2025-02-07 11:39:47,417 [WARN] ConditionMgr:438 - getConditionDescription Invalid condition id : UX DEVICE CLASS RTOS Condition cause : null
2025-02-07 11:39:47,419 [WARN] PackLoader:240 - Cannot read IP mode file for STMicroelectronics.X-CUBE-AZRTOS-H7.3.1.0
2025-02-07 11:39:47,419 [WARN] ConditionMgr:1039 - genDependencies : Invalid condition id : UX DEVICE CLASS RTOS Condition cause : null
2025-02-07 11:39:47,419 [WARN] ConditionMgr:1039 - genDependencies : Invalid condition id : UX DEVICE CLASS RTOS Condition cause : null
2025-02-07 11:39:47,420 [WARN] ConditionMgr:1039 - genDependencies : Invalid condition id : UX DEVICE CLASS RTOS Condition cause : null
2025-02-07 11:39:47,420 [WARN] ConditionMgr:1039 - genDependencies : Invalid condition id : UX DEVICE CLASS RTOS Condition cause : null
2025-02-07 11:39:47,420 [WARN] ConditionMgr:1039 - genDependencies : Invalid condition id : UX DEVICE CLASS RTOS Condition cause : null
2025-02-07 11:39:47,434 [WARN] PackLoader:240 - Cannot read IP mode file for STMicroelectronics.X-CUBE-FREERTOS.1.3.0
2025-02-07 11:39:47,453 [WARN] PackLoader:240 - Cannot read IP mode file for STMicroelectronics.X-CUBE-NFC7.1.0.1
2025-02-07 11:39:47,468 [WARN] PackLoader:240 - Cannot read IP mode file for wolfSSL.I-CUBE-wolfTPM.3.2.0
2025-02-07 11:39:47,486 [WARN] PackLoader:240 - Cannot read IP mode file for STMicroelectronics.X-CUBE-NFC6.3.0.0
2025-02-07 11:39:47,500 [WARN] PackLoader:240 - Cannot read IP mode file for STMicroelectronics.X-CUBE-AI.8.1.0
2025-02-07 11:39:47,619 [WARN] ConditionMgr:438 - getConditionDescription Invalid condition id : LAN8742 Phy interface Condition cause : null
2025-02-07 11:39:47,620 [WARN] PackLoader:240 - Cannot read IP mode file for STMicroelectronics.X-CUBE-AZRTOS-L4.2.0.0
2025-02-07 11:39:47,620 [WARN] ConditionMgr:1039 - genDependencies : Invalid condition id : LAN8742 Phy interface Condition cause : null
2025-02-07 11:39:47,621 [WARN] ConditionMgr:1039 - genDependencies : Invalid condition id : LAN8742 Phy interface Condition cause : null
2025-02-07 11:39:47,621 [WARN] ConditionMgr:1039 - genDependencies : Invalid condition id : LAN8742 Phy interface Condition cause : null
2025-02-07 11:39:47,694 [WARN] PackLoader:240 - Cannot read IP mode file for STMicroelectronics.X-CUBE-SFXS2LP1.4.0.0
2025-02-07 11:39:47,735 [WARN] PackLoader:240 - Cannot read IP mode file for STMicroelectronics.X-CUBE-ISPU.1.1.0
2025-02-07 11:39:47,757 [WARN] PackLoader:240 - Cannot read IP mode file for STMicroelectronics.X-CUBE-AZRTOS-H7.3.3.0
2025-02-07 11:39:47,777 [WARN] PackLoader:240 - Cannot read IP mode file for STMicroelectronics.X-CUBE-IPS.3.0.0
2025-02-07 11:39:47,897 [WARN] ConditionMgr:438 - getConditionDescription Invalid condition id : UX DEVICE CLASS RTOS Condition cause : null
2025-02-07 11:39:47,897 [WARN] ConditionMgr:438 - getConditionDescription Invalid condition id : UX DEVICE CLASS RTOS Condition cause : null
2025-02-07 11:39:47,898 [WARN] PackLoader:240 - Cannot read IP mode file for STMicroelectronics.X-CUBE-AZRTOS-WB.2.0.0
2025-02-07 11:39:47,898 [WARN] ConditionMgr:1039 - genDependencies : Invalid condition id : UX DEVICE CLASS RTOS Condition cause : null
2025-02-07 11:39:47,898 [WARN] ConditionMgr:1039 - genDependencies : Invalid condition id : UX DEVICE CLASS RTOS Condition cause : null
2025-02-07 11:39:47,898 [WARN] ConditionMgr:1039 - genDependencies : Invalid condition id : UX DEVICE CLASS RTOS Condition cause : null
2025-02-07 11:39:47,898 [WARN] ConditionMgr:1039 - genDependencies : Invalid condition id : UX DEVICE CLASS RTOS Condition cause : null
2025-02-07 11:39:47,899 [WARN] ConditionMgr:1039 - genDependencies : Invalid condition id : UX DEVICE CLASS RTOS Condition cause : null
2025-02-07 11:39:47,914 [WARN] PackLoader:240 - Cannot read IP mode file for STMicroelectronics.X-CUBE-GNSS1.7.0.0
2025-02-07 11:39:47,927 [WARN] PackLoader:240 - Cannot read IP mode file for STMicroelectronics.X-CUBE-GNSS1.7.0.1
2025-02-07 11:39:48,000 [WARN] PackLoader:240 - Cannot read IP mode file for STMicroelectronics.FP-SNS-STBOX1.2.0.0
2025-02-07 11:39:48,090 [WARN] PackLoader:240 - Cannot read IP mode file for STMicroelectronics.X-CUBE-SUBG2.5.0.0
2025-02-07 11:39:48,104 [WARN] PackLoader:240 - Cannot read IP mode file for Cesanta.I-CUBE-Mongoose.7.13.0
2025-02-07 11:39:48,124 [WARN] PackLoader:240 - Cannot read IP mode file for STMicroelectronics.X-CUBE-AZRTOS-G4.2.0.0
2025-02-07 11:39:48,151 [WARN] PackLoader:240 - Cannot read IP mode file for Infineon.AIROC-Wi-Fi-Bluetooth-STM32.1.5.1
2025-02-07 11:39:48,165 [WARN] PackLoader:240 - Cannot read IP mode file for STMicroelectronics.FP-SNS-MOTENVWB1.1.3.0
2025-02-07 11:39:48,178 [WARN] PackLoader:240 - Cannot read IP mode file for STMicroelectronics.FP-SNS-MOTENVWB1.1.3.1
2025-02-07 11:39:48,233 [WARN] PackLoader:240 - Cannot read IP mode file for STMicroelectronics.X-CUBE-ISPU.2.0.0
2025-02-07 11:39:48,307 [ERROR] Engine:466 - C:\Users\georg\.stm32cubemx\thirdparties\pdsc\STMicroelectronics.X-CUBE-IPS.3.1.0.pdsc: PDSC version is not supported
2025-02-07 11:39:48,320 [WARN] PackLoader:240 - Cannot read IP mode file for STMicroelectronics.X-CUBE-ALS.1.0.2
2025-02-07 11:39:48,359 [WARN] PackLoader:240 - Cannot read IP mode file for STMicroelectronics.X-CUBE-MEMS1.10.0.0
2025-02-07 11:39:48,463 [WARN] PackLoader:240 - Cannot read IP mode file for STMicroelectronics.X-CUBE-FREERTOS.1.1.0
2025-02-07 11:39:48,519 [WARN] PackLoader:240 - Cannot read IP mode file for STMicroelectronics.X-CUBE-TOUCHGFX.4.24.0
2025-02-07 11:39:48,577 [WARN] PackLoader:240 - Cannot read IP mode file for STMicroelectronics.X-CUBE-TOUCHGFX.4.24.2
2025-02-07 11:39:48,622 [WARN] PackLoader:240 - Cannot read IP mode file for STMicroelectronics.X-CUBE-TOUCHGFX.4.24.1
2025-02-07 11:39:48,636 [WARN] PackLoader:240 - Cannot read IP mode file for portGmbH.I-Cube-SoM-uGOAL.1.1.0
2025-02-07 11:39:48,692 [WARN] PackLoader:240 - Cannot read IP mode file for STMicroelectronics.X-CUBE-ALS.1.0.1
2025-02-07 11:39:48,716 [WARN] PackLoader:240 - Cannot read IP mode file for STMicroelectronics.X-CUBE-AZRTOS-H7RS.1.0.0
2025-02-07 11:39:48,730 [WARN] PackLoader:240 - Cannot read IP mode file for STMicroelectronics.FP-ATR-ASTRA1.2.0.0
2025-02-07 11:39:48,749 [WARN] PackLoader:240 - Cannot read IP mode file for STMicroelectronics.X-CUBE-TOF1.3.4.2
2025-02-07 11:39:48,774 [WARN] PackLoader:240 - Cannot read IP mode file for STMicroelectronics.X-CUBE-TOF1.3.4.0
2025-02-07 11:39:48,799 [WARN] PackLoader:240 - Cannot read IP mode file for STMicroelectronics.X-CUBE-TOF1.3.4.1
2025-02-07 11:39:48,967 [WARN] PackLoader:240 - Cannot read IP mode file for STMicroelectronics.X-CUBE-AZRTOS-H7.3.2.0
2025-02-07 11:39:49,039 [WARN] PackLoader:240 - Cannot read IP mode file for wolfSSL.I-CUBE-wolfSSH.1.4.17
2025-02-07 11:39:49,039 [INFO] ThirdParty:978 - Integrity check success = true
2025-02-07 11:39:49,039 [INFO] IntegrityCheckThread:100 - exiting critical section [integrity check]
2025-02-07 11:39:49,039 [INFO] IntegrityCheckThread:103 - End integrity checks thread
2025-02-07 11:42:02,971 [INFO] WebApp:161 - Instantiating new browser for Auth
2025-02-07 11:42:03,520 [INFO] WebApp:780 - Register for checkConnection events
2025-02-07 11:42:03,520 [INFO] WebApp:414 - Apply proxy settings
2025-02-07 11:42:03,520 [INFO] WebApp:499 - Chromium requires no authentication
2025-02-07 11:42:03,527 [INFO] WebApp:442 - Direct internet connection detected
2025-02-07 11:42:03,668 [INFO] WebApp:192 - Starting web application
2025-02-07 11:42:03,668 [INFO] WebApp:544 - Web application path used C:\ST\STM32CubeIDE_1.14.0\STM32CubeIDE\plugins\com.st.stm32cube.common.mx_6.10.0.202311202037\db\plugins\mcufinder\reactClient1\index.html
2025-02-07 11:42:24,580 [ERROR] LogOutputStream:75 - [STDERR_REDIRECT] SLF4J: Failed to load class "org.slf4j.impl.StaticLoggerBinder".
2025-02-07 11:42:24,580 [ERROR] LogOutputStream:75 - [STDERR_REDIRECT] SLF4J: Defaulting to no-operation (NOP) logger implementation
2025-02-07 11:42:24,581 [ERROR] LogOutputStream:75 - [STDERR_REDIRECT] SLF4J: See http://www.slf4j.org/codes.html#StaticLoggerBinder for further details.
2025-02-07 17:32:44,288 [ERROR] LogOutputStream:75 - [STDERR_REDIRECT] 
