2025-01-27 19:17:35,312 [INFO] Activator:176 - 


2025-01-27 19:17:35,316 [INFO] Activator:177 - !SESSION log4j initialized
2025-01-27 19:17:41,756 [INFO] LogOutputStream:77 - [STDOUT_REDIRECT] 
2025-01-27 19:18:00,993 [INFO] ApplicationProperties:184 - Using Application install path: C:\ST\STM32CubeIDE_1.14.0\STM32CubeIDE\plugins\com.st.stm32cube.common.mx_6.10.0.202311202037
2025-01-27 19:18:01,008 [INFO] DbMcusXml:78 - Set database path to: C:\ST\STM32CubeIDE_1.14.0\STM32CubeIDE\plugins\com.st.stm32cube.common.mx_6.10.0.202311202037\\db\/mcu/
2025-01-27 19:18:01,008 [INFO] ApiDb:274 - Set plugin database path to: C:\ST\STM32CubeIDE_1.14.0\STM32CubeIDE\plugins\com.st.stm32cube.common.mx_6.10.0.202311202037\\db\/plugins/boardmanager/
2025-01-27 19:18:01,009 [WARN] ApiDb:259 - Overriding images path with different value:  => C:\ST\STM32CubeIDE_1.14.0\STM32CubeIDE\plugins\com.st.stm32cube.common.mx_6.10.0.202311202037\\db\/plugins/mcufinder/images/
2025-01-27 19:18:01,025 [INFO] ApiDb:250 - Set database path to: C:\Users\georg\.stmcufinder\plugins\mcufinder//mcu/
2025-01-27 19:18:01,026 [INFO] DbMcusAds:125 - Set database path to: C:\Users\georg\.stmcufinder\plugins\mcufinder//mcu/
2025-01-27 19:18:01,047 [INFO] CrossReferenceDbSqlite:203 - Set database path to: C:\Users\georg\.stmcufinder\plugins\mcufinder//mcu/cs/
2025-01-27 19:18:01,133 [INFO] RulesReader:64 - Compatibility file has been processed (297 Rules)
2025-01-27 19:18:01,215 [INFO] DbMcusXml:78 - Set database path to: C:\ST\STM32CubeIDE_1.14.0\STM32CubeIDE\plugins\com.st.stm32cube.common.mx_6.10.0.202311202037\\db\/mcu/
2025-01-27 19:18:01,215 [INFO] ApiDb:274 - Set plugin database path to: C:\ST\STM32CubeIDE_1.14.0\STM32CubeIDE\plugins\com.st.stm32cube.common.mx_6.10.0.202311202037\\db\/plugins/boardmanager/
2025-01-27 19:18:01,215 [INFO] ApiDb:261 - Set plugin images path to: C:\ST\STM32CubeIDE_1.14.0\STM32CubeIDE\plugins\com.st.stm32cube.common.mx_6.10.0.202311202037\\db\/plugins/mcufinder/images/
2025-01-27 19:18:01,215 [WARN] DbFile:41 - Overriding database path with different value: C:\Users\georg\.stmcufinder\plugins\mcufinder/ => C:\Users\georg\.stmcufinder\plugins\mcufinder
2025-01-27 19:18:01,215 [INFO] ApiDb:250 - Set database path to: C:\Users\georg\.stmcufinder\plugins\mcufinder//mcu/
2025-01-27 19:18:01,215 [WARN] DbFile:41 - Overriding database path with different value: C:\Users\georg\.stmcufinder\plugins\mcufinder/ => C:\Users\georg\.stmcufinder\plugins\mcufinder
2025-01-27 19:18:01,215 [INFO] DbMcusAds:125 - Set database path to: C:\Users\georg\.stmcufinder\plugins\mcufinder//mcu/
2025-01-27 19:18:01,216 [WARN] DbFile:41 - Overriding database path with different value: C:\Users\georg\.stmcufinder\plugins\mcufinder/ => C:\Users\georg\.stmcufinder\plugins\mcufinder
2025-01-27 19:18:01,216 [WARN] DbFile:41 - Overriding database path with different value: C:\Users\georg\.stmcufinder\plugins\mcufinder/ => C:\Users\georg\.stmcufinder\plugins\mcufinder
2025-01-27 19:18:01,216 [INFO] CrossReferenceDbSqlite:203 - Set database path to: C:\Users\georg\.stmcufinder\plugins\mcufinder//mcu/cs/
2025-01-27 19:18:01,286 [INFO] MainPanel:264 - HeapMemory: 268435456
2025-01-27 19:18:01,375 [INFO] DbMcusXml:78 - Set database path to: C:\ST\STM32CubeIDE_1.14.0\STM32CubeIDE\plugins\com.st.stm32cube.common.mx_6.10.0.202311202037\\db\/mcu/
2025-01-27 19:18:01,375 [INFO] ApiDb:274 - Set plugin database path to: C:\ST\STM32CubeIDE_1.14.0\STM32CubeIDE\plugins\com.st.stm32cube.common.mx_6.10.0.202311202037\\db\/plugins/boardmanager/
2025-01-27 19:18:01,375 [INFO] ApiDb:261 - Set plugin images path to: C:\ST\STM32CubeIDE_1.14.0\STM32CubeIDE\plugins\com.st.stm32cube.common.mx_6.10.0.202311202037\\db\/plugins/mcufinder/images/
2025-01-27 19:18:01,375 [WARN] DbFile:41 - Overriding database path with different value: C:\Users\georg\.stmcufinder\plugins\mcufinder/ => C:\Users\georg\.stmcufinder\plugins\mcufinder
2025-01-27 19:18:01,375 [INFO] ApiDb:250 - Set database path to: C:\Users\georg\.stmcufinder\plugins\mcufinder//mcu/
2025-01-27 19:18:01,375 [WARN] DbFile:41 - Overriding database path with different value: C:\Users\georg\.stmcufinder\plugins\mcufinder/ => C:\Users\georg\.stmcufinder\plugins\mcufinder
2025-01-27 19:18:01,375 [INFO] DbMcusAds:125 - Set database path to: C:\Users\georg\.stmcufinder\plugins\mcufinder//mcu/
2025-01-27 19:18:01,376 [WARN] DbFile:41 - Overriding database path with different value: C:\Users\georg\.stmcufinder\plugins\mcufinder/ => C:\Users\georg\.stmcufinder\plugins\mcufinder
2025-01-27 19:18:01,376 [WARN] DbFile:41 - Overriding database path with different value: C:\Users\georg\.stmcufinder\plugins\mcufinder/ => C:\Users\georg\.stmcufinder\plugins\mcufinder
2025-01-27 19:18:01,376 [INFO] CrossReferenceDbSqlite:203 - Set database path to: C:\Users\georg\.stmcufinder\plugins\mcufinder//mcu/cs/
2025-01-27 19:18:01,392 [INFO] ApplicationProperties:184 - Using Application install path: C:\ST\STM32CubeIDE_1.14.0\STM32CubeIDE\plugins\com.st.stm32cube.common.mx_6.10.0.202311202037
2025-01-27 19:18:01,394 [INFO] PluginManage:196 - Search for loadable plugins [exclusion list=, ]
2025-01-27 19:18:01,396 [INFO] PluginManage:310 - Check plugin analytics
2025-01-27 19:18:17,112 [INFO] AnalyticsPlugin:253 - Accepted Software Licenses: STM32CubeMX.6.12.0
2025-01-27 19:18:17,113 [INFO] AnalyticsPlugin:255 - Accepted CMSIS Pack Licenses: 
2025-01-27 19:18:17,113 [INFO] AnalyticsPlugin:257 - Accepted Firmware Licenses: FW.F4.1.28.0,FW.H7.1.11.0,FW.F4.1.27.0
2025-01-27 19:18:17,114 [INFO] PluginManage:359 - Loaded plugin analytics (category:tool,tabindex:-1)
2025-01-27 19:18:17,114 [INFO] PluginManage:310 - Check plugin cadmodel
2025-01-27 19:18:17,131 [INFO] CADModel:105 - Init CAD model plugin
2025-01-27 19:18:17,131 [INFO] PluginManage:359 - Loaded plugin cadmodel (category:power,tabindex:5)
2025-01-27 19:18:17,131 [INFO] PluginManage:310 - Check plugin clock
2025-01-27 19:18:17,153 [INFO] PluginManage:359 - Loaded plugin clock (category:base,tabindex:2)
2025-01-27 19:18:17,153 [INFO] PluginManage:310 - Check plugin ddr
2025-01-27 19:18:17,155 [INFO] PluginManage:359 - Loaded plugin ddr (category:tool,tabindex:6)
2025-01-27 19:18:17,155 [INFO] PluginManage:310 - Check plugin filemanager
2025-01-27 19:18:17,348 [INFO] PluginManage:359 - Loaded plugin filemanager (category:base,tabindex:10)
2025-01-27 19:18:17,348 [INFO] PluginManage:310 - Check plugin ipmanager
2025-01-27 19:18:17,354 [INFO] PluginManage:359 - Loaded plugin ipmanager (category:base,tabindex:5)
2025-01-27 19:18:17,354 [INFO] PluginManage:310 - Check plugin lpbam
2025-01-27 19:18:17,373 [INFO] PluginManage:359 - Loaded plugin lpbam (category:base,tabindex:0)
2025-01-27 19:18:17,373 [INFO] PluginManage:310 - Check plugin memorymap
2025-01-27 19:18:17,394 [INFO] PluginManage:359 - Loaded plugin memorymap (category:base,tabindex:4)
2025-01-27 19:18:17,394 [INFO] PluginManage:310 - Check plugin pinoutandconfiguration
2025-01-27 19:18:17,410 [INFO] PluginManage:359 - Loaded plugin pinoutandconfiguration (category:base,tabindex:1)
2025-01-27 19:18:17,410 [INFO] PluginManage:310 - Check plugin pinoutconfig
2025-01-27 19:18:17,487 [WARN] SupportedApi:132 - Cannot load RTOS API schema: s4s-elt-must-match.1: The content of 'definitions' must match (annotation?, (simpleType | complexType)?, (unique | key | keyref)*)). A problem was found starting at: attribute.
2025-01-27 19:18:17,603 [INFO] PluginManage:359 - Loaded plugin pinoutconfig (category:base,tabindex:0)
2025-01-27 19:18:17,603 [INFO] PluginManage:310 - Check plugin power
2025-01-27 19:18:17,623 [INFO] PluginManage:359 - Loaded plugin power (category:power,tabindex:4)
2025-01-27 19:18:17,623 [INFO] PluginManage:310 - Check plugin projectmanager
2025-01-27 19:18:17,636 [INFO] PluginManage:359 - Loaded plugin projectmanager (category:projectmanager,tabindex:3)
2025-01-27 19:18:17,636 [INFO] PluginManage:310 - Check plugin thirdparty
2025-01-27 19:18:17,878 [INFO] PluginManage:359 - Loaded plugin thirdparty (category:base,tabindex:-1)
2025-01-27 19:18:17,878 [WARN] IntegrityCheckThread:84 - waiting for thirdparty lock release [integrity check]
2025-01-27 19:18:17,879 [INFO] PluginManage:310 - Check plugin tools
2025-01-27 19:18:17,879 [INFO] IntegrityCheckThread:86 - entering critical section [integrity check]
2025-01-27 19:18:17,879 [INFO] ThirdPartyUpdaterWithRetryManager:70 - Updater plugin not ready yet. [1/15]
2025-01-27 19:18:17,907 [INFO] PluginManage:359 - Loaded plugin tools (category:base,tabindex:7)
2025-01-27 19:18:17,907 [INFO] PluginManage:310 - Check plugin tutovideos
2025-01-27 19:18:18,071 [INFO] PluginManage:359 - Loaded plugin tutovideos (category:base,tabindex:-1)
2025-01-27 19:18:18,072 [INFO] PluginManage:310 - Check plugin updater
2025-01-27 19:18:18,083 [INFO] PluginManage:359 - Loaded plugin updater (category:base,tabindex:12)
2025-01-27 19:18:18,083 [INFO] PluginManage:310 - Check plugin userauth
2025-01-27 19:18:18,088 [INFO] UserAuth:114 - Init User Auth plugin
2025-01-27 19:18:18,088 [INFO] PluginManage:359 - Loaded plugin userauth (category:base,tabindex:14)
2025-01-27 19:18:18,089 [INFO] PluginManage:283 - PluginManage : Loaded plugins [17]
2025-01-27 19:18:18,266 [INFO] PinOutPanel:1499 - setPackage(No Configuration,No Configuration)
2025-01-27 19:18:18,326 [INFO] CADModel:165 - CPN selected for project level
2025-01-27 19:18:18,327 [INFO] CADModel:114 - Register for checkConnection events
2025-01-27 19:18:18,353 [INFO] IPUIPlugin:80 - create IPUIPlugin
2025-01-27 19:18:18,353 [INFO] PluginManager:220 - loadIPPluginJar : add adc
2025-01-27 19:18:18,382 [INFO] IPUIPlugin:80 - create IPUIPlugin
2025-01-27 19:18:18,382 [INFO] PluginManager:220 - loadIPPluginJar : add aes
2025-01-27 19:18:18,412 [INFO] IPUIPlugin:80 - create IPUIPlugin
2025-01-27 19:18:18,412 [INFO] PluginManager:220 - loadIPPluginJar : add can
2025-01-27 19:18:18,432 [INFO] IPUIPlugin:80 - create IPUIPlugin
2025-01-27 19:18:18,432 [INFO] PluginManager:220 - loadIPPluginJar : add comp
2025-01-27 19:18:18,458 [INFO] IPUIPlugin:80 - create IPUIPlugin
2025-01-27 19:18:18,458 [INFO] PluginManager:220 - loadIPPluginJar : add cryp
2025-01-27 19:18:18,481 [INFO] IPUIPlugin:80 - create IPUIPlugin
2025-01-27 19:18:18,481 [INFO] PluginManager:220 - loadIPPluginJar : add dfsdm
2025-01-27 19:18:18,494 [INFO] IPUIPlugin:80 - create IPUIPlugin
2025-01-27 19:18:18,494 [INFO] PluginManager:220 - loadIPPluginJar : add dma
2025-01-27 19:18:18,526 [INFO] IPUIPlugin:80 - create IPUIPlugin
2025-01-27 19:18:18,526 [INFO] PluginManager:220 - loadIPPluginJar : add dma3
2025-01-27 19:18:18,542 [INFO] IPUIPlugin:80 - create IPUIPlugin
2025-01-27 19:18:18,542 [INFO] PluginManager:220 - loadIPPluginJar : add fatfs
2025-01-27 19:18:18,578 [INFO] IPUIPlugin:80 - create IPUIPlugin
2025-01-27 19:18:18,578 [INFO] PluginManager:220 - loadIPPluginJar : add fmc
2025-01-27 19:18:18,592 [INFO] IPUIPlugin:80 - create IPUIPlugin
2025-01-27 19:18:18,592 [INFO] PluginManager:220 - loadIPPluginJar : add freertos
2025-01-27 19:18:18,610 [INFO] IPUIPlugin:80 - create IPUIPlugin
2025-01-27 19:18:18,610 [INFO] PluginManager:220 - loadIPPluginJar : add genericplugin
2025-01-27 19:18:18,673 [INFO] IPUIPlugin:80 - create IPUIPlugin
2025-01-27 19:18:18,674 [INFO] PluginManager:220 - loadIPPluginJar : add gfxmmu
2025-01-27 19:18:18,766 [INFO] IPUIPlugin:80 - create IPUIPlugin
2025-01-27 19:18:18,766 [INFO] PluginManager:220 - loadIPPluginJar : add gic
2025-01-27 19:18:18,778 [INFO] IPUIPlugin:80 - create IPUIPlugin
2025-01-27 19:18:18,778 [INFO] PluginManager:220 - loadIPPluginJar : add gpio
2025-01-27 19:18:18,846 [INFO] IPUIPlugin:80 - create IPUIPlugin
2025-01-27 19:18:18,846 [INFO] PluginManager:220 - loadIPPluginJar : add gtzc
2025-01-27 19:18:18,870 [INFO] IPUIPlugin:80 - create IPUIPlugin
2025-01-27 19:18:18,871 [INFO] PluginManager:220 - loadIPPluginJar : add hash
2025-01-27 19:18:18,908 [INFO] IPUIPlugin:80 - create IPUIPlugin
2025-01-27 19:18:18,908 [INFO] PluginManager:220 - loadIPPluginJar : add i2c
2025-01-27 19:18:18,939 [INFO] IPUIPlugin:80 - create IPUIPlugin
2025-01-27 19:18:18,939 [INFO] PluginManager:220 - loadIPPluginJar : add i2s
2025-01-27 19:18:18,972 [INFO] IPUIPlugin:80 - create IPUIPlugin
2025-01-27 19:18:18,973 [INFO] PluginManager:220 - loadIPPluginJar : add i3c
2025-01-27 19:18:19,058 [INFO] IPUIPlugin:80 - create IPUIPlugin
2025-01-27 19:18:19,058 [INFO] PluginManager:220 - loadIPPluginJar : add ipddr
2025-01-27 19:18:19,125 [INFO] IPUIPlugin:80 - create IPUIPlugin
2025-01-27 19:18:19,125 [INFO] PluginManager:220 - loadIPPluginJar : add linkedlist
2025-01-27 19:18:19,153 [INFO] IPUIPlugin:80 - create IPUIPlugin
2025-01-27 19:18:19,153 [INFO] PluginManager:220 - loadIPPluginJar : add lorawan
2025-01-27 19:18:19,182 [INFO] IPUIPlugin:80 - create IPUIPlugin
2025-01-27 19:18:19,182 [INFO] PluginManager:220 - loadIPPluginJar : add ltdc
2025-01-27 19:18:19,195 [INFO] IPUIPlugin:80 - create IPUIPlugin
2025-01-27 19:18:19,195 [INFO] PluginManager:220 - loadIPPluginJar : add mdma
2025-01-27 19:18:19,207 [INFO] IPUIPlugin:80 - create IPUIPlugin
2025-01-27 19:18:19,207 [INFO] PluginManager:220 - loadIPPluginJar : add nvic
2025-01-27 19:18:19,237 [INFO] IPUIPlugin:80 - create IPUIPlugin
2025-01-27 19:18:19,237 [INFO] PluginManager:220 - loadIPPluginJar : add opamp
2025-01-27 19:18:19,282 [INFO] IPUIPlugin:80 - create IPUIPlugin
2025-01-27 19:18:19,282 [INFO] PluginManager:220 - loadIPPluginJar : add openamp
2025-01-27 19:18:19,315 [INFO] IPUIPlugin:80 - create IPUIPlugin
2025-01-27 19:18:19,315 [INFO] PluginManager:220 - loadIPPluginJar : add pdm2pcm
2025-01-27 19:18:19,328 [INFO] IPUIPlugin:80 - create IPUIPlugin
2025-01-27 19:18:19,330 [INFO] PluginManager:220 - loadIPPluginJar : add plateformsettings
2025-01-27 19:18:19,349 [INFO] IPUIPlugin:80 - create IPUIPlugin
2025-01-27 19:18:19,349 [INFO] PluginManager:220 - loadIPPluginJar : add quadspi
2025-01-27 19:18:19,361 [INFO] IPUIPlugin:80 - create IPUIPlugin
2025-01-27 19:18:19,361 [INFO] PluginManager:220 - loadIPPluginJar : add resmgrutility
2025-01-27 19:18:19,399 [INFO] IPUIPlugin:80 - create IPUIPlugin
2025-01-27 19:18:19,399 [INFO] PluginManager:220 - loadIPPluginJar : add sai
2025-01-27 19:18:19,427 [INFO] IPUIPlugin:80 - create IPUIPlugin
2025-01-27 19:18:19,427 [INFO] PluginManager:220 - loadIPPluginJar : add spi
2025-01-27 19:18:19,479 [INFO] IPUIPlugin:80 - create IPUIPlugin
2025-01-27 19:18:19,480 [INFO] PluginManager:220 - loadIPPluginJar : add stm32_wpan
2025-01-27 19:18:19,499 [INFO] IPUIPlugin:80 - create IPUIPlugin
2025-01-27 19:18:19,499 [INFO] PluginManager:220 - loadIPPluginJar : add tim
2025-01-27 19:18:19,541 [INFO] IPUIPlugin:80 - create IPUIPlugin
2025-01-27 19:18:19,541 [INFO] PluginManager:220 - loadIPPluginJar : add touchsensing
2025-01-27 19:18:19,561 [INFO] IPUIPlugin:80 - create IPUIPlugin
2025-01-27 19:18:19,561 [INFO] PluginManager:220 - loadIPPluginJar : add tracer_emb
2025-01-27 19:18:19,581 [INFO] IPUIPlugin:80 - create IPUIPlugin
2025-01-27 19:18:19,581 [INFO] PluginManager:220 - loadIPPluginJar : add ts
2025-01-27 19:18:19,599 [INFO] IPUIPlugin:80 - create IPUIPlugin
2025-01-27 19:18:19,599 [INFO] PluginManager:220 - loadIPPluginJar : add tsc
2025-01-27 19:18:19,619 [INFO] IPUIPlugin:80 - create IPUIPlugin
2025-01-27 19:18:19,619 [INFO] PluginManager:220 - loadIPPluginJar : add ucpd
2025-01-27 19:18:19,655 [INFO] IPUIPlugin:80 - create IPUIPlugin
2025-01-27 19:18:19,655 [INFO] PluginManager:220 - loadIPPluginJar : add usart
2025-01-27 19:18:19,688 [INFO] IPUIPlugin:80 - create IPUIPlugin
2025-01-27 19:18:19,688 [INFO] PluginManager:220 - loadIPPluginJar : add usbx
2025-01-27 19:18:19,800 [INFO] CADModel:165 - CPN selected for project level
2025-01-27 19:18:19,800 [INFO] CADModel:114 - Register for checkConnection events
2025-01-27 19:18:19,800 [FATAL] Updater:308 - Updater called before beeing initialized
2025-01-27 19:18:19,800 [ERROR] CADModel:125 - Updater not yet initialized, retry later 
2025-01-27 19:18:19,902 [INFO] CADModel:165 - CPN selected for project level
2025-01-27 19:18:19,902 [INFO] CADModel:114 - Register for checkConnection events
2025-01-27 19:18:19,902 [FATAL] Updater:308 - Updater called before beeing initialized
2025-01-27 19:18:19,902 [ERROR] CADModel:125 - Updater not yet initialized, retry later 
2025-01-27 19:18:19,904 [FATAL] Updater:308 - Updater called before beeing initialized
2025-01-27 19:18:19,984 [FATAL] Updater:308 - Updater called before beeing initialized
2025-01-27 19:18:19,992 [INFO] DbMcusAds:53 - JSON generation date=Fri Sep 20 16:04:23 EEST 2024 (1726837463113)
2025-01-27 19:18:19,992 [FATAL] Updater:308 - Updater called before beeing initialized
2025-01-27 19:18:20,060 [WARN] DetailPanel:346 - Failed to get advertising image, set to default
2025-01-27 19:18:20,131 [FATAL] Updater:308 - Updater called before beeing initialized
2025-01-27 19:18:20,133 [FATAL] Updater:308 - Updater called before beeing initialized
2025-01-27 19:18:20,133 [FATAL] Updater:308 - Updater called before beeing initialized
2025-01-27 19:18:20,133 [WARN] DetailPanel:346 - Failed to get advertising image, set to default
2025-01-27 19:18:20,134 [FATAL] Updater:308 - Updater called before beeing initialized
2025-01-27 19:18:20,182 [ERROR] Updater:1120 - MainUpdater not yet initialized. External WinMGr cannot be set.
2025-01-27 19:18:20,192 [INFO] Updater:1056 - Updater Version found : 6.10.0
2025-01-27 19:18:20,209 [INFO] ApplicationProperties:184 - Using Application install path: C:\ST\STM32CubeIDE_1.14.0\STM32CubeIDE\plugins\com.st.stm32cube.common.mx_6.10.0.202311202037
2025-01-27 19:18:20,880 [INFO] ThirdPartyUpdaterWithRetryManager:70 - Updater plugin not ready yet. [2/15]
2025-01-27 19:18:21,780 [ERROR] LogOutputStream:75 - [STDERR_REDIRECT] Jan 27, 2025 7:18:21 PM java.util.prefs.WindowsPreferences <init>
2025-01-27 19:18:21,781 [ERROR] LogOutputStream:75 - [STDERR_REDIRECT] WARNING: Could not open/create prefs root node Software\JavaSoft\Prefs at root 0xffffffff80000002. Windows RegCreateKeyEx(...) returned error code 5.
2025-01-27 19:18:21,781 [ERROR] LogOutputStream:75 - [STDERR_REDIRECT] 
2025-01-27 19:18:21,861 [INFO] MainUpdater:526 - Copy updater definitions from MX database
2025-01-27 19:18:22,184 [INFO] MainUpdater:2873 - connection check result : 10
2025-01-27 19:18:22,184 [INFO] MainUpdater:3567 - Updater definition file requires update
2025-01-27 19:18:22,185 [INFO] MainUpdater:290 - Updater Check For Update Now.
2025-01-27 19:18:22,185 [INFO] MicroXplorer:498 - Change Database Version : DB.6.0.100
2025-01-27 19:18:22,199 [INFO] McuFinderGlobals:63 - Set McuFinder mode to 2 (CubeIDE integrated)
2025-01-27 19:18:22,526 [INFO] ServerAccessManage:473 - Download File updaters.zip
2025-01-27 19:18:22,616 [INFO] FileExtend:240 - Unzip File : updaters.zip
2025-01-27 19:18:22,616 [INFO] FileExtend:255 - Standard Zip Deflate
2025-01-27 19:18:22,641 [INFO] UserAuth:404 - Internet connection configuration mode: 1
2025-01-27 19:18:22,691 [INFO] JxBrowserEngine:152 - Initiate JxBrowser Engine with user profile folder
2025-01-27 19:18:23,278 [INFO] ServerAccessManage:473 - Download File PacksControlFlags.xml
2025-01-27 19:18:23,514 [INFO] ServerAccessManage:473 - Download File cubemx.pidx
2025-01-27 19:18:23,881 [WARN] MainUpdater:1194 - Updater busy. Cannot search thirdparties
2025-01-27 19:18:23,881 [INFO] ThirdPartyUpdaterWithRetryManager:96 - Updater plugin is busy. [1/15]
2025-01-27 19:18:23,961 [INFO] ServerAccessManage:473 - Download File STMicroelectronics.X-CUBE-AI.pdsc
2025-01-27 19:18:26,883 [WARN] MainUpdater:1194 - Updater busy. Cannot search thirdparties
2025-01-27 19:18:26,883 [INFO] ThirdPartyUpdaterWithRetryManager:96 - Updater plugin is busy. [2/15]
2025-01-27 19:18:26,949 [INFO] ServerAccessManage:473 - Download File STMicroelectronics.X-CUBE-FREERTOS.pdsc
2025-01-27 19:18:27,591 [INFO] WebApp:161 - Instantiating new browser for Auth
2025-01-27 19:18:28,092 [INFO] WebApp:780 - Register for checkConnection events
2025-01-27 19:18:28,093 [INFO] WebApp:414 - Apply proxy settings
2025-01-27 19:18:28,093 [INFO] WebApp:499 - Chromium requires no authentication
2025-01-27 19:18:28,100 [INFO] WebApp:442 - Direct internet connection detected
2025-01-27 19:18:28,178 [INFO] ServerAccessManage:473 - Download File STMicroelectronics.X-CUBE-GNSS1.pdsc
2025-01-27 19:18:28,231 [INFO] WebApp:192 - Starting web application
2025-01-27 19:18:28,231 [INFO] WebApp:544 - Web application path used C:\ST\STM32CubeIDE_1.14.0\STM32CubeIDE\plugins\com.st.stm32cube.common.mx_6.10.0.202311202037\db\plugins\mcufinder\reactClient1\index.html
2025-01-27 19:18:29,884 [WARN] MainUpdater:1194 - Updater busy. Cannot search thirdparties
2025-01-27 19:18:29,884 [INFO] ThirdPartyUpdaterWithRetryManager:96 - Updater plugin is busy. [3/15]
2025-01-27 19:18:30,127 [ERROR] ServerAccessManage:1089 - Problem, file not found on Server
2025-01-27 19:18:30,364 [ERROR] ServerAccessManage:1089 - Problem, file not found on Server
2025-01-27 19:18:30,638 [ERROR] ServerAccessManage:1089 - Problem, file not found on Server
2025-01-27 19:18:30,937 [ERROR] ServerAccessManage:1089 - Problem, file not found on Server
2025-01-27 19:18:31,167 [ERROR] ServerAccessManage:1089 - Problem, file not found on Server
2025-01-27 19:18:31,401 [ERROR] ServerAccessManage:1089 - Problem, file not found on Server
2025-01-27 19:18:31,593 [INFO] ServerAccessManage:473 - Download File STMicroelectronics.X-CUBE-IPS.pdsc
2025-01-27 19:18:31,978 [INFO] ServerAccessManage:473 - Download File STMicroelectronics.X-CUBE-MEMS1.pdsc
2025-01-27 19:18:32,884 [WARN] MainUpdater:1194 - Updater busy. Cannot search thirdparties
2025-01-27 19:18:32,884 [INFO] ThirdPartyUpdaterWithRetryManager:96 - Updater plugin is busy. [4/15]
2025-01-27 19:18:35,777 [INFO] ServerAccessManage:473 - Download File STMicroelectronics.X-CUBE-TCPP.pdsc
2025-01-27 19:18:35,885 [WARN] MainUpdater:1194 - Updater busy. Cannot search thirdparties
2025-01-27 19:18:35,885 [INFO] ThirdPartyUpdaterWithRetryManager:96 - Updater plugin is busy. [5/15]
2025-01-27 19:18:36,237 [INFO] ServerAccessManage:473 - Download File STMicroelectronics.X-CUBE-TOUCHGFX.pdsc
2025-01-27 19:18:38,886 [WARN] MainUpdater:1194 - Updater busy. Cannot search thirdparties
2025-01-27 19:18:38,886 [INFO] ThirdPartyUpdaterWithRetryManager:96 - Updater plugin is busy. [6/15]
2025-01-27 19:18:39,963 [WARN] PackLoader:240 - Cannot read IP mode file for STMicroelectronics.X-CUBE-AI.10.0.0
2025-01-27 19:18:39,970 [WARN] PackLoader:240 - Cannot read IP mode file for STMicroelectronics.X-CUBE-FREERTOS.1.3.0
2025-01-27 19:18:39,975 [WARN] PackLoader:240 - Cannot read IP mode file for STMicroelectronics.X-CUBE-GNSS1.7.0.1
2025-01-27 19:18:39,980 [WARN] PopulateThirdPartyThread:106 - Error when creating pack: C:/Users/georg/.stm32cubemx/thirdparties/pdsc/STMicroelectronics.X-CUBE-IPS.pdsc
2025-01-27 19:18:40,015 [WARN] PackLoader:240 - Cannot read IP mode file for STMicroelectronics.X-CUBE-MEMS1.11.1.0
2025-01-27 19:18:40,123 [INFO] CheckServerUpdateThread:120 - End of CheckServer Thread
2025-01-27 19:18:40,143 [WARN] PopulateThirdPartyThread:106 - Error when creating pack: C:/Users/georg/.stm32cubemx/thirdparties/pdsc/STMicroelectronics.X-CUBE-TCPP.pdsc
2025-01-27 19:18:40,147 [WARN] PackLoader:240 - Cannot read IP mode file for STMicroelectronics.X-CUBE-TOUCHGFX.4.24.2
2025-01-27 19:18:40,148 [INFO] PopulateThirdPartyThread:66 - Ending populate Thread
2025-01-27 19:18:40,150 [INFO] ThirdParty:1030 - CMSIS Pack Vendor :STMicroelectronics X-CUBE-AI 10.0.0
2025-01-27 19:18:40,150 [INFO] ThirdParty:1030 - CMSIS Pack Vendor :STMicroelectronics X-CUBE-FREERTOS 1.3.0
2025-01-27 19:18:40,150 [INFO] ThirdParty:1030 - CMSIS Pack Vendor :STMicroelectronics X-CUBE-GNSS1 7.0.1
2025-01-27 19:18:40,150 [INFO] ThirdParty:1030 - CMSIS Pack Vendor :STMicroelectronics X-CUBE-MEMS1 11.1.0
2025-01-27 19:18:40,150 [INFO] ThirdParty:1030 - CMSIS Pack Vendor :STMicroelectronics X-CUBE-TOUCHGFX 4.24.2
2025-01-27 19:18:40,150 [INFO] LoadServerUpdatesThread:375 - End of LoadServerUpdate Thread
2025-01-27 19:18:42,056 [WARN] PackLoader:240 - Cannot read IP mode file for STMicroelectronics.FP-SNS-MOTENVWB1.1.4.0
2025-01-27 19:18:42,059 [WARN] PackLoader:240 - Cannot read IP mode file for STMicroelectronics.FP-ATR-ASTRA1.2.0.1
2025-01-27 19:18:42,071 [WARN] PackLoader:240 - Cannot read IP mode file for STMicroelectronics.X-CUBE-SMBUS.2.1.0
2025-01-27 19:18:42,084 [WARN] PackLoader:240 - Cannot read IP mode file for STMicroelectronics.X-CUBE-WB05N.1.1.0
2025-01-27 19:18:42,095 [WARN] PackLoader:240 - Cannot read IP mode file for STMicroelectronics.X-CUBE-TOUCHGFX.4.23.0
2025-01-27 19:18:42,116 [WARN] PackLoader:240 - Cannot read IP mode file for STMicroelectronics.X-CUBE-AZRTOS-F7.1.1.0
2025-01-27 19:18:42,130 [WARN] PackLoader:240 - Cannot read IP mode file for STMicroelectronics.FP-SNS-MOTENV1.4.3.2
2025-01-27 19:18:42,173 [WARN] PackLoader:240 - Cannot read IP mode file for STMicroelectronics.X-CUBE-MEMS1.11.0.0
2025-01-27 19:18:42,235 [WARN] PackLoader:240 - Cannot read IP mode file for STMicroelectronics.FP-SNS-FLIGHT1.5.0.2
2025-01-27 19:18:42,249 [WARN] PackLoader:240 - Cannot read IP mode file for STMicroelectronics.X-CUBE-DISPLAY.3.0.0
2025-01-27 19:18:42,263 [WARN] PackLoader:240 - Cannot read IP mode file for STMicroelectronics.X-CUBE-BLE1.7.0.0
2025-01-27 19:18:42,276 [WARN] PackLoader:240 - Cannot read IP mode file for STMicroelectronics.X-CUBE-NFC10.1.0.0
2025-01-27 19:18:42,290 [WARN] PackLoader:240 - Cannot read IP mode file for STMicroelectronics.X-CUBE-BLEMGR.4.0.0
2025-01-27 19:18:42,304 [WARN] PackLoader:240 - Cannot read IP mode file for emotas.I-CUBE-CANOPEN.1.3.0
2025-01-27 19:18:42,316 [WARN] PackLoader:240 - Cannot read IP mode file for STMicroelectronics.X-CUBE-TOUCHGFX.4.22.1
2025-01-27 19:18:42,328 [WARN] PackLoader:240 - Cannot read IP mode file for STMicroelectronics.X-CUBE-BLEMGR.3.1.0
2025-01-27 19:18:42,332 [WARN] PackLoader:240 - Cannot read IP mode file for STMicroelectronics.X-CUBE-AI.10.0.0
2025-01-27 19:18:42,343 [WARN] PackLoader:240 - Cannot read IP mode file for STMicroelectronics.FP-SNS-SMARTAG2.1.2.0
2025-01-27 19:18:42,363 [WARN] PackLoader:240 - Cannot read IP mode file for STMicroelectronics.X-CUBE-MEMS1.11.1.0
2025-01-27 19:18:42,454 [INFO] LogOutputStream:77 - [STDOUT_REDIRECT] 1 : Invalid condition id : UX_CORESTACK_Condition cause : null
2025-01-27 19:18:42,454 [INFO] LogOutputStream:77 - [STDOUT_REDIRECT] 1 : Invalid condition id : UX_CORESTACK_Condition cause : null
2025-01-27 19:18:42,455 [INFO] LogOutputStream:77 - [STDOUT_REDIRECT] 1 : Invalid condition id : UX_CORESTACK_Condition cause : null
2025-01-27 19:18:42,455 [INFO] LogOutputStream:77 - [STDOUT_REDIRECT] 1 : Invalid condition id : UX_CORESTACK_Condition cause : null
2025-01-27 19:18:42,456 [INFO] LogOutputStream:77 - [STDOUT_REDIRECT] 1 : Invalid condition id : UX_CORESTACK_Condition cause : null
2025-01-27 19:18:42,458 [WARN] PackLoader:240 - Cannot read IP mode file for STMicroelectronics.X-CUBE-AZRTOS-WL.2.0.0
2025-01-27 19:18:42,469 [WARN] PackLoader:240 - Cannot read IP mode file for STMicroelectronics.FP-SNS-MOTENV1.5.0.0
2025-01-27 19:18:42,473 [WARN] PackLoader:240 - Cannot read IP mode file for wolfSSL.I-CUBE-wolfMQTT.1.19.0
2025-01-27 19:18:42,485 [WARN] PackLoader:240 - Cannot read IP mode file for WES.I-CUBE-Cesium.1.3.0
2025-01-27 19:18:42,497 [WARN] PackLoader:240 - Cannot read IP mode file for STMicroelectronics.X-CUBE-BLE2.3.3.0
2025-01-27 19:18:42,510 [WARN] PackLoader:240 - Cannot read IP mode file for STMicroelectronics.X-CUBE-NFC9.1.0.0
2025-01-27 19:18:42,522 [WARN] PackLoader:240 - Cannot read IP mode file for STMicroelectronics.X-CUBE-TCPP.4.1.0
2025-01-27 19:18:42,536 [WARN] PackLoader:240 - Cannot read IP mode file for STMicroelectronics.X-CUBE-ALGOBUILD.1.3.0
2025-01-27 19:18:42,557 [WARN] PackLoader:240 - Cannot read IP mode file for STMicroelectronics.X-CUBE-AZRTOS-G0.1.1.0
2025-01-27 19:18:42,573 [WARN] PackLoader:240 - Cannot read IP mode file for STMicroelectronics.X-CUBE-SAFEA1.1.2.2
2025-01-27 19:18:42,586 [WARN] PackLoader:240 - Cannot read IP mode file for STMicroelectronics.X-CUBE-NFC4.3.0.0
2025-01-27 19:18:42,603 [WARN] PackLoader:240 - Cannot read IP mode file for EmbeddedOffice.I-CUBE-FS-RTOS.1.0.1
2025-01-27 19:18:42,603 [ERROR] ConditionMgr:805 - Attr not supported : Dmpu
2025-01-27 19:18:42,603 [ERROR] ConditionMgr:805 - Attr not supported : Dmpu
2025-01-27 19:18:42,603 [ERROR] ConditionMgr:805 - Attr not supported : Dmpu
2025-01-27 19:18:42,603 [ERROR] ConditionMgr:805 - Attr not supported : Dmpu
2025-01-27 19:18:42,603 [ERROR] ConditionMgr:805 - Attr not supported : Dmpu
2025-01-27 19:18:42,603 [ERROR] ConditionMgr:805 - Attr not supported : Dmpu
2025-01-27 19:18:42,603 [ERROR] ConditionMgr:805 - Attr not supported : Dmpu
2025-01-27 19:18:42,603 [ERROR] ConditionMgr:805 - Attr not supported : Dmpu
2025-01-27 19:18:42,604 [ERROR] ConditionMgr:805 - Attr not supported : Dmpu
2025-01-27 19:18:42,604 [ERROR] ConditionMgr:805 - Attr not supported : Dmpu
2025-01-27 19:18:42,604 [ERROR] ConditionMgr:805 - Attr not supported : Dmpu
2025-01-27 19:18:42,604 [ERROR] ConditionMgr:805 - Attr not supported : Dmpu
2025-01-27 19:18:42,604 [ERROR] ConditionMgr:805 - Attr not supported : Dmpu
2025-01-27 19:18:42,604 [ERROR] ConditionMgr:805 - Attr not supported : Dmpu
2025-01-27 19:18:42,604 [ERROR] ConditionMgr:805 - Attr not supported : Dmpu
2025-01-27 19:18:42,604 [ERROR] ConditionMgr:805 - Attr not supported : Dmpu
2025-01-27 19:18:42,604 [ERROR] ConditionMgr:805 - Attr not supported : Dmpu
2025-01-27 19:18:42,604 [ERROR] ConditionMgr:805 - Attr not supported : Dmpu
2025-01-27 19:18:42,604 [ERROR] ConditionMgr:805 - Attr not supported : Dmpu
2025-01-27 19:18:42,604 [ERROR] ConditionMgr:805 - Attr not supported : Dmpu
2025-01-27 19:18:42,604 [ERROR] ConditionMgr:805 - Attr not supported : Dmpu
2025-01-27 19:18:42,604 [ERROR] ConditionMgr:805 - Attr not supported : Dmpu
2025-01-27 19:18:42,604 [ERROR] ConditionMgr:805 - Attr not supported : Dmpu
2025-01-27 19:18:42,604 [ERROR] ConditionMgr:805 - Attr not supported : Dmpu
2025-01-27 19:18:42,604 [ERROR] ConditionMgr:805 - Attr not supported : Dmpu
2025-01-27 19:18:42,604 [ERROR] ConditionMgr:805 - Attr not supported : Dmpu
2025-01-27 19:18:42,604 [ERROR] ConditionMgr:805 - Attr not supported : Dmpu
2025-01-27 19:18:42,604 [ERROR] ConditionMgr:805 - Attr not supported : Dmpu
2025-01-27 19:18:42,604 [ERROR] ConditionMgr:805 - Attr not supported : Dmpu
2025-01-27 19:18:42,604 [ERROR] ConditionMgr:805 - Attr not supported : Dmpu
2025-01-27 19:18:42,604 [ERROR] ConditionMgr:805 - Attr not supported : Dmpu
2025-01-27 19:18:42,604 [ERROR] ConditionMgr:805 - Attr not supported : Dmpu
2025-01-27 19:18:42,604 [ERROR] ConditionMgr:805 - Attr not supported : Dmpu
2025-01-27 19:18:42,604 [ERROR] ConditionMgr:805 - Attr not supported : Dmpu
2025-01-27 19:18:42,604 [ERROR] ConditionMgr:805 - Attr not supported : Dmpu
2025-01-27 19:18:42,604 [ERROR] ConditionMgr:805 - Attr not supported : Dmpu
2025-01-27 19:18:42,604 [ERROR] ConditionMgr:805 - Attr not supported : Dmpu
2025-01-27 19:18:42,605 [ERROR] ConditionMgr:805 - Attr not supported : Dmpu
2025-01-27 19:18:42,605 [ERROR] ConditionMgr:805 - Attr not supported : Dmpu
2025-01-27 19:18:42,605 [ERROR] ConditionMgr:805 - Attr not supported : Dmpu
2025-01-27 19:18:42,605 [ERROR] ConditionMgr:805 - Attr not supported : Dmpu
2025-01-27 19:18:42,605 [ERROR] ConditionMgr:805 - Attr not supported : Dmpu
2025-01-27 19:18:42,605 [ERROR] ConditionMgr:805 - Attr not supported : Dmpu
2025-01-27 19:18:42,605 [ERROR] ConditionMgr:805 - Attr not supported : Dmpu
2025-01-27 19:18:42,605 [ERROR] ConditionMgr:805 - Attr not supported : Dmpu
2025-01-27 19:18:42,605 [ERROR] ConditionMgr:805 - Attr not supported : Dmpu
2025-01-27 19:18:42,605 [ERROR] ConditionMgr:805 - Attr not supported : Dmpu
2025-01-27 19:18:42,605 [ERROR] ConditionMgr:805 - Attr not supported : Dmpu
2025-01-27 19:18:42,605 [ERROR] ConditionMgr:805 - Attr not supported : Dmpu
2025-01-27 19:18:42,605 [ERROR] ConditionMgr:805 - Attr not supported : Dmpu
2025-01-27 19:18:42,605 [ERROR] ConditionMgr:805 - Attr not supported : Dmpu
2025-01-27 19:18:42,605 [ERROR] ConditionMgr:805 - Attr not supported : Dmpu
2025-01-27 19:18:42,605 [ERROR] ConditionMgr:805 - Attr not supported : Dmpu
2025-01-27 19:18:42,605 [ERROR] ConditionMgr:805 - Attr not supported : Dmpu
2025-01-27 19:18:42,605 [ERROR] ConditionMgr:805 - Attr not supported : Dmpu
2025-01-27 19:18:42,605 [ERROR] ConditionMgr:805 - Attr not supported : Dmpu
2025-01-27 19:18:42,605 [ERROR] ConditionMgr:805 - Attr not supported : Dmpu
2025-01-27 19:18:42,605 [ERROR] ConditionMgr:805 - Attr not supported : Dmpu
2025-01-27 19:18:42,605 [ERROR] ConditionMgr:805 - Attr not supported : Dmpu
2025-01-27 19:18:42,605 [ERROR] ConditionMgr:805 - Attr not supported : Dmpu
2025-01-27 19:18:42,605 [ERROR] ConditionMgr:805 - Attr not supported : Dmpu
2025-01-27 19:18:42,605 [ERROR] ConditionMgr:805 - Attr not supported : Dmpu
2025-01-27 19:18:42,606 [ERROR] ConditionMgr:805 - Attr not supported : Dmpu
2025-01-27 19:18:42,606 [ERROR] ConditionMgr:805 - Attr not supported : Dmpu
2025-01-27 19:18:42,618 [WARN] PackLoader:240 - Cannot read IP mode file for STMicroelectronics.X-CUBE-BLEMGR.3.0.0
2025-01-27 19:18:42,621 [ERROR] Engine:466 - C:\Users\georg\.stm32cubemx\thirdparties\pdsc\STMicroelectronics.X-CUBE-TCPP.4.2.0.pdsc: PDSC version is not supported
2025-01-27 19:18:42,634 [WARN] PackLoader:240 - Cannot read IP mode file for RealThread.X-CUBE-RT-Thread_Nano.4.1.1
2025-01-27 19:18:42,637 [WARN] PackLoader:240 - Cannot read IP mode file for STMicroelectronics.FP-ATR-SIGFOX1.3.2.0
2025-01-27 19:18:42,641 [WARN] ConditionMgr:438 - getConditionDescription Invalid condition id : Cortex-A Device cause : null
2025-01-27 19:18:42,656 [WARN] ConditionMgr:1039 - genDependencies : Invalid condition id : Cortex-A Device cause : null
2025-01-27 19:18:42,656 [WARN] ConditionMgr:1039 - genDependencies : Invalid condition id : Cortex-A Device cause : null
2025-01-27 19:18:42,657 [WARN] ConditionMgr:1039 - genDependencies : Invalid condition id : Cortex-A Device cause : null
2025-01-27 19:18:42,671 [WARN] PackLoader:240 - Cannot read IP mode file for STMicroelectronics.X-CUBE-EEPRMA1.5.1.0
2025-01-27 19:18:42,703 [WARN] PackLoader:240 - Cannot read IP mode file for SEGGER.I-CUBE-embOS.1.3.1
2025-01-27 19:18:42,732 [WARN] PackLoader:240 - Cannot read IP mode file for STMicroelectronics.X-CUBE-ALGOBUILD.1.4.0
2025-01-27 19:18:42,744 [WARN] PackLoader:240 - Cannot read IP mode file for STMicroelectronics.X-CUBE-AI.9.1.0
2025-01-27 19:18:42,758 [WARN] PackLoader:240 - Cannot read IP mode file for STMicroelectronics.X-CUBE-GNSS1.6.0.0
2025-01-27 19:18:42,781 [WARN] PackLoader:240 - Cannot read IP mode file for STMicroelectronics.X-CUBE-AZRTOS-F4.1.1.0
2025-01-27 19:18:42,794 [WARN] PackLoader:240 - Cannot read IP mode file for wolfSSL.I-CUBE-wolfSSL.5.6.4
2025-01-27 19:18:42,807 [WARN] PackLoader:240 - Cannot read IP mode file for STMicroelectronics.X-CUBE-ISPU.2.1.0
2025-01-27 19:18:42,818 [WARN] PackLoader:240 - Cannot read IP mode file for STMicroelectronics.X-CUBE-FREERTOS.1.2.0
2025-01-27 19:18:42,838 [WARN] PackLoader:240 - Cannot read IP mode file for STMicroelectronics.X-CUBE-AZRTOS-L5.2.0.0
2025-01-27 19:18:42,850 [WARN] PackLoader:240 - Cannot read IP mode file for STMicroelectronics.X-CUBE-EEPRMA1.4.2.0
2025-01-27 19:18:42,864 [WARN] PackLoader:240 - Cannot read IP mode file for STMicroelectronics.X-CUBE-NFC6.3.1.0
2025-01-27 19:18:42,877 [WARN] PackLoader:240 - Cannot read IP mode file for ITTIA_DB.I-CUBE-ITTIADB.8.8.0
2025-01-27 19:18:42,888 [WARN] PackLoader:240 - Cannot read IP mode file for STMicroelectronics.X-CUBE-DPower.1.2.0
2025-01-27 19:18:42,899 [WARN] PackLoader:240 - Cannot read IP mode file for STMicroelectronics.X-CUBE-AI.9.0.0
2025-01-27 19:18:42,917 [WARN] ConditionMgr:438 - getConditionDescription Invalid condition id : UX DEVICE CLASS RTOS Condition cause : null
2025-01-27 19:18:42,918 [WARN] ConditionMgr:438 - getConditionDescription Invalid condition id : UX DEVICE CLASS RTOS Condition cause : null
2025-01-27 19:18:42,919 [WARN] PackLoader:240 - Cannot read IP mode file for STMicroelectronics.X-CUBE-AZRTOS-H7.3.1.0
2025-01-27 19:18:42,920 [WARN] ConditionMgr:1039 - genDependencies : Invalid condition id : UX DEVICE CLASS RTOS Condition cause : null
2025-01-27 19:18:42,920 [WARN] ConditionMgr:1039 - genDependencies : Invalid condition id : UX DEVICE CLASS RTOS Condition cause : null
2025-01-27 19:18:42,920 [WARN] ConditionMgr:1039 - genDependencies : Invalid condition id : UX DEVICE CLASS RTOS Condition cause : null
2025-01-27 19:18:42,920 [WARN] ConditionMgr:1039 - genDependencies : Invalid condition id : UX DEVICE CLASS RTOS Condition cause : null
2025-01-27 19:18:42,920 [WARN] ConditionMgr:1039 - genDependencies : Invalid condition id : UX DEVICE CLASS RTOS Condition cause : null
2025-01-27 19:18:42,923 [WARN] PackLoader:240 - Cannot read IP mode file for STMicroelectronics.X-CUBE-FREERTOS.1.3.0
2025-01-27 19:18:42,935 [WARN] PackLoader:240 - Cannot read IP mode file for STMicroelectronics.X-CUBE-NFC7.1.0.1
2025-01-27 19:18:42,939 [WARN] PackLoader:240 - Cannot read IP mode file for wolfSSL.I-CUBE-wolfTPM.3.2.0
2025-01-27 19:18:42,951 [WARN] PackLoader:240 - Cannot read IP mode file for STMicroelectronics.X-CUBE-NFC6.3.0.0
2025-01-27 19:18:42,964 [WARN] PackLoader:240 - Cannot read IP mode file for STMicroelectronics.X-CUBE-AI.8.1.0
2025-01-27 19:18:42,985 [WARN] ConditionMgr:438 - getConditionDescription Invalid condition id : LAN8742 Phy interface Condition cause : null
2025-01-27 19:18:42,985 [WARN] PackLoader:240 - Cannot read IP mode file for STMicroelectronics.X-CUBE-AZRTOS-L4.2.0.0
2025-01-27 19:18:42,985 [WARN] ConditionMgr:1039 - genDependencies : Invalid condition id : LAN8742 Phy interface Condition cause : null
2025-01-27 19:18:42,986 [WARN] ConditionMgr:1039 - genDependencies : Invalid condition id : LAN8742 Phy interface Condition cause : null
2025-01-27 19:18:42,986 [WARN] ConditionMgr:1039 - genDependencies : Invalid condition id : LAN8742 Phy interface Condition cause : null
2025-01-27 19:18:43,000 [WARN] PackLoader:240 - Cannot read IP mode file for STMicroelectronics.X-CUBE-SFXS2LP1.4.0.0
2025-01-27 19:18:43,011 [WARN] PackLoader:240 - Cannot read IP mode file for STMicroelectronics.X-CUBE-ISPU.1.1.0
2025-01-27 19:18:43,032 [WARN] PackLoader:240 - Cannot read IP mode file for STMicroelectronics.X-CUBE-AZRTOS-H7.3.3.0
2025-01-27 19:18:43,046 [WARN] PackLoader:240 - Cannot read IP mode file for STMicroelectronics.X-CUBE-IPS.3.0.0
2025-01-27 19:18:43,063 [WARN] ConditionMgr:438 - getConditionDescription Invalid condition id : UX DEVICE CLASS RTOS Condition cause : null
2025-01-27 19:18:43,063 [WARN] ConditionMgr:438 - getConditionDescription Invalid condition id : UX DEVICE CLASS RTOS Condition cause : null
2025-01-27 19:18:43,067 [WARN] PackLoader:240 - Cannot read IP mode file for STMicroelectronics.X-CUBE-AZRTOS-WB.2.0.0
2025-01-27 19:18:43,067 [WARN] ConditionMgr:1039 - genDependencies : Invalid condition id : UX DEVICE CLASS RTOS Condition cause : null
2025-01-27 19:18:43,067 [WARN] ConditionMgr:1039 - genDependencies : Invalid condition id : UX DEVICE CLASS RTOS Condition cause : null
2025-01-27 19:18:43,067 [WARN] ConditionMgr:1039 - genDependencies : Invalid condition id : UX DEVICE CLASS RTOS Condition cause : null
2025-01-27 19:18:43,067 [WARN] ConditionMgr:1039 - genDependencies : Invalid condition id : UX DEVICE CLASS RTOS Condition cause : null
2025-01-27 19:18:43,067 [WARN] ConditionMgr:1039 - genDependencies : Invalid condition id : UX DEVICE CLASS RTOS Condition cause : null
2025-01-27 19:18:43,078 [WARN] PackLoader:240 - Cannot read IP mode file for STMicroelectronics.X-CUBE-GNSS1.7.0.0
2025-01-27 19:18:43,081 [WARN] PackLoader:240 - Cannot read IP mode file for STMicroelectronics.X-CUBE-GNSS1.7.0.1
2025-01-27 19:18:43,093 [WARN] PackLoader:240 - Cannot read IP mode file for STMicroelectronics.FP-SNS-STBOX1.2.0.0
2025-01-27 19:18:43,108 [WARN] PackLoader:240 - Cannot read IP mode file for STMicroelectronics.X-CUBE-SUBG2.5.0.0
2025-01-27 19:18:43,114 [WARN] PackLoader:240 - Cannot read IP mode file for Cesanta.I-CUBE-Mongoose.7.13.0
2025-01-27 19:18:43,133 [WARN] PackLoader:240 - Cannot read IP mode file for STMicroelectronics.X-CUBE-AZRTOS-G4.2.0.0
2025-01-27 19:18:43,158 [WARN] PackLoader:240 - Cannot read IP mode file for Infineon.AIROC-Wi-Fi-Bluetooth-STM32.1.5.1
2025-01-27 19:18:43,171 [WARN] PackLoader:240 - Cannot read IP mode file for STMicroelectronics.FP-SNS-MOTENVWB1.1.3.0
2025-01-27 19:18:43,183 [WARN] PackLoader:240 - Cannot read IP mode file for STMicroelectronics.FP-SNS-MOTENVWB1.1.3.1
2025-01-27 19:18:43,195 [WARN] PackLoader:240 - Cannot read IP mode file for STMicroelectronics.X-CUBE-ISPU.2.0.0
2025-01-27 19:18:43,197 [ERROR] Engine:466 - C:\Users\georg\.stm32cubemx\thirdparties\pdsc\STMicroelectronics.X-CUBE-IPS.3.1.0.pdsc: PDSC version is not supported
2025-01-27 19:18:43,209 [WARN] PackLoader:240 - Cannot read IP mode file for STMicroelectronics.X-CUBE-ALS.1.0.2
2025-01-27 19:18:43,245 [WARN] PackLoader:240 - Cannot read IP mode file for STMicroelectronics.X-CUBE-MEMS1.10.0.0
2025-01-27 19:18:43,306 [WARN] PackLoader:240 - Cannot read IP mode file for STMicroelectronics.X-CUBE-FREERTOS.1.1.0
2025-01-27 19:18:43,321 [WARN] PackLoader:240 - Cannot read IP mode file for STMicroelectronics.X-CUBE-TOUCHGFX.4.24.0
2025-01-27 19:18:43,323 [WARN] PackLoader:240 - Cannot read IP mode file for STMicroelectronics.X-CUBE-TOUCHGFX.4.24.2
2025-01-27 19:18:43,336 [WARN] PackLoader:240 - Cannot read IP mode file for STMicroelectronics.X-CUBE-TOUCHGFX.4.24.1
2025-01-27 19:18:43,349 [WARN] PackLoader:240 - Cannot read IP mode file for portGmbH.I-Cube-SoM-uGOAL.1.1.0
2025-01-27 19:18:43,360 [WARN] PackLoader:240 - Cannot read IP mode file for STMicroelectronics.X-CUBE-ALS.1.0.1
2025-01-27 19:18:43,382 [WARN] PackLoader:240 - Cannot read IP mode file for STMicroelectronics.X-CUBE-AZRTOS-H7RS.1.0.0
2025-01-27 19:18:43,395 [WARN] PackLoader:240 - Cannot read IP mode file for STMicroelectronics.FP-ATR-ASTRA1.2.0.0
2025-01-27 19:18:43,411 [WARN] PackLoader:240 - Cannot read IP mode file for STMicroelectronics.X-CUBE-TOF1.3.4.2
2025-01-27 19:18:43,430 [WARN] PackLoader:240 - Cannot read IP mode file for STMicroelectronics.X-CUBE-TOF1.3.4.0
2025-01-27 19:18:43,449 [WARN] PackLoader:240 - Cannot read IP mode file for STMicroelectronics.X-CUBE-TOF1.3.4.1
2025-01-27 19:18:43,473 [WARN] PackLoader:240 - Cannot read IP mode file for STMicroelectronics.X-CUBE-AZRTOS-H7.3.2.0
2025-01-27 19:18:43,478 [WARN] PackLoader:240 - Cannot read IP mode file for wolfSSL.I-CUBE-wolfSSH.1.4.17
2025-01-27 19:18:43,478 [INFO] ThirdParty:978 - Integrity check success = true
2025-01-27 19:18:43,478 [INFO] IntegrityCheckThread:100 - exiting critical section [integrity check]
2025-01-27 19:18:43,478 [INFO] IntegrityCheckThread:103 - End integrity checks thread
2025-01-27 19:18:48,904 [ERROR] LogOutputStream:75 - [STDERR_REDIRECT] SLF4J: Failed to load class "org.slf4j.impl.StaticLoggerBinder".
2025-01-27 19:18:48,905 [ERROR] LogOutputStream:75 - [STDERR_REDIRECT] SLF4J: Defaulting to no-operation (NOP) logger implementation
2025-01-27 19:18:48,905 [ERROR] LogOutputStream:75 - [STDERR_REDIRECT] SLF4J: See http://www.slf4j.org/codes.html#StaticLoggerBinder for further details.
2025-01-27 20:05:40,802 [ERROR] LogOutputStream:75 - [STDERR_REDIRECT] 
2025-01-27 20:05:40,802 [ERROR] LogOutputStream:75 - [STDERR_REDIRECT] 
