2024-08-01 02:08:29,088 [ERROR] LogOutputStream:75 - [STDERR_REDIRECT] 
2024-08-01 02:08:46,765 [INFO] Activator:176 - 


2024-08-01 02:08:46,765 [INFO] Activator:177 - !SESSION log4j initialized
2024-08-01 02:08:54,287 [INFO] LogOutputStream:77 - [STDOUT_REDIRECT] 
2024-08-01 02:08:55,187 [INFO] ApplicationProperties:184 - Using Application install path: C:\ST\STM32CubeIDE_1.14.0\STM32CubeIDE\plugins\com.st.stm32cube.common.mx_6.10.0.202311202037
2024-08-01 02:08:55,199 [INFO] DbMcusXml:78 - Set database path to: C:\ST\STM32CubeIDE_1.14.0\STM32CubeIDE\plugins\com.st.stm32cube.common.mx_6.10.0.202311202037\\db\/mcu/
2024-08-01 02:08:55,200 [INFO] ApiDb:274 - Set plugin database path to: C:\ST\STM32CubeIDE_1.14.0\STM32CubeIDE\plugins\com.st.stm32cube.common.mx_6.10.0.202311202037\\db\/plugins/boardmanager/
2024-08-01 02:08:55,200 [WARN] ApiDb:259 - Overriding images path with different value:  => C:\ST\STM32CubeIDE_1.14.0\STM32CubeIDE\plugins\com.st.stm32cube.common.mx_6.10.0.202311202037\\db\/plugins/mcufinder/images/
2024-08-01 02:08:55,211 [INFO] ApiDb:250 - Set database path to: C:\Users\georg\.stmcufinder\plugins\mcufinder//mcu/
2024-08-01 02:08:55,212 [INFO] DbMcusAds:125 - Set database path to: C:\Users\georg\.stmcufinder\plugins\mcufinder//mcu/
2024-08-01 02:08:55,213 [INFO] CrossReferenceDbSqlite:203 - Set database path to: C:\Users\georg\.stmcufinder\plugins\mcufinder//mcu/cs/
2024-08-01 02:08:55,293 [INFO] RulesReader:64 - Compatibility file has been processed (297 Rules)
2024-08-01 02:08:55,350 [INFO] DbMcusXml:78 - Set database path to: C:\ST\STM32CubeIDE_1.14.0\STM32CubeIDE\plugins\com.st.stm32cube.common.mx_6.10.0.202311202037\\db\/mcu/
2024-08-01 02:08:55,350 [INFO] ApiDb:274 - Set plugin database path to: C:\ST\STM32CubeIDE_1.14.0\STM32CubeIDE\plugins\com.st.stm32cube.common.mx_6.10.0.202311202037\\db\/plugins/boardmanager/
2024-08-01 02:08:55,351 [INFO] ApiDb:261 - Set plugin images path to: C:\ST\STM32CubeIDE_1.14.0\STM32CubeIDE\plugins\com.st.stm32cube.common.mx_6.10.0.202311202037\\db\/plugins/mcufinder/images/
2024-08-01 02:08:55,351 [WARN] DbFile:41 - Overriding database path with different value: C:\Users\georg\.stmcufinder\plugins\mcufinder/ => C:\Users\georg\.stmcufinder\plugins\mcufinder
2024-08-01 02:08:55,351 [INFO] ApiDb:250 - Set database path to: C:\Users\georg\.stmcufinder\plugins\mcufinder//mcu/
2024-08-01 02:08:55,351 [WARN] DbFile:41 - Overriding database path with different value: C:\Users\georg\.stmcufinder\plugins\mcufinder/ => C:\Users\georg\.stmcufinder\plugins\mcufinder
2024-08-01 02:08:55,351 [INFO] DbMcusAds:125 - Set database path to: C:\Users\georg\.stmcufinder\plugins\mcufinder//mcu/
2024-08-01 02:08:55,351 [WARN] DbFile:41 - Overriding database path with different value: C:\Users\georg\.stmcufinder\plugins\mcufinder/ => C:\Users\georg\.stmcufinder\plugins\mcufinder
2024-08-01 02:08:55,351 [WARN] DbFile:41 - Overriding database path with different value: C:\Users\georg\.stmcufinder\plugins\mcufinder/ => C:\Users\georg\.stmcufinder\plugins\mcufinder
2024-08-01 02:08:55,351 [INFO] CrossReferenceDbSqlite:203 - Set database path to: C:\Users\georg\.stmcufinder\plugins\mcufinder//mcu/cs/
2024-08-01 02:08:55,402 [INFO] MainPanel:264 - HeapMemory: 268435456
2024-08-01 02:08:55,454 [INFO] DbMcusXml:78 - Set database path to: C:\ST\STM32CubeIDE_1.14.0\STM32CubeIDE\plugins\com.st.stm32cube.common.mx_6.10.0.202311202037\\db\/mcu/
2024-08-01 02:08:55,454 [INFO] ApiDb:274 - Set plugin database path to: C:\ST\STM32CubeIDE_1.14.0\STM32CubeIDE\plugins\com.st.stm32cube.common.mx_6.10.0.202311202037\\db\/plugins/boardmanager/
2024-08-01 02:08:55,455 [INFO] ApiDb:261 - Set plugin images path to: C:\ST\STM32CubeIDE_1.14.0\STM32CubeIDE\plugins\com.st.stm32cube.common.mx_6.10.0.202311202037\\db\/plugins/mcufinder/images/
2024-08-01 02:08:55,455 [WARN] DbFile:41 - Overriding database path with different value: C:\Users\georg\.stmcufinder\plugins\mcufinder/ => C:\Users\georg\.stmcufinder\plugins\mcufinder
2024-08-01 02:08:55,455 [INFO] ApiDb:250 - Set database path to: C:\Users\georg\.stmcufinder\plugins\mcufinder//mcu/
2024-08-01 02:08:55,455 [WARN] DbFile:41 - Overriding database path with different value: C:\Users\georg\.stmcufinder\plugins\mcufinder/ => C:\Users\georg\.stmcufinder\plugins\mcufinder
2024-08-01 02:08:55,455 [INFO] DbMcusAds:125 - Set database path to: C:\Users\georg\.stmcufinder\plugins\mcufinder//mcu/
2024-08-01 02:08:55,455 [WARN] DbFile:41 - Overriding database path with different value: C:\Users\georg\.stmcufinder\plugins\mcufinder/ => C:\Users\georg\.stmcufinder\plugins\mcufinder
2024-08-01 02:08:55,455 [WARN] DbFile:41 - Overriding database path with different value: C:\Users\georg\.stmcufinder\plugins\mcufinder/ => C:\Users\georg\.stmcufinder\plugins\mcufinder
2024-08-01 02:08:55,455 [INFO] CrossReferenceDbSqlite:203 - Set database path to: C:\Users\georg\.stmcufinder\plugins\mcufinder//mcu/cs/
2024-08-01 02:08:55,469 [INFO] ApplicationProperties:184 - Using Application install path: C:\ST\STM32CubeIDE_1.14.0\STM32CubeIDE\plugins\com.st.stm32cube.common.mx_6.10.0.202311202037
2024-08-01 02:08:55,470 [INFO] PluginManage:196 - Search for loadable plugins [exclusion list=, ]
2024-08-01 02:08:55,471 [INFO] PluginManage:310 - Check plugin analytics
2024-08-01 02:08:55,574 [INFO] AnalyticsPlugin:253 - Accepted Software Licenses: STM32CubeMX.6.12.0
2024-08-01 02:08:55,574 [INFO] AnalyticsPlugin:255 - Accepted CMSIS Pack Licenses: 
2024-08-01 02:08:55,574 [INFO] AnalyticsPlugin:257 - Accepted Firmware Licenses: FW.F4.1.28.0,FW.H7.1.11.0,FW.F4.1.27.0
2024-08-01 02:08:55,575 [INFO] PluginManage:359 - Loaded plugin analytics (category:tool,tabindex:-1)
2024-08-01 02:08:55,576 [INFO] PluginManage:310 - Check plugin cadmodel
2024-08-01 02:08:55,587 [INFO] CADModel:105 - Init CAD model plugin
2024-08-01 02:08:55,587 [INFO] PluginManage:359 - Loaded plugin cadmodel (category:power,tabindex:5)
2024-08-01 02:08:55,587 [INFO] PluginManage:310 - Check plugin clock
2024-08-01 02:08:55,603 [INFO] PluginManage:359 - Loaded plugin clock (category:base,tabindex:2)
2024-08-01 02:08:55,603 [INFO] PluginManage:310 - Check plugin ddr
2024-08-01 02:08:55,604 [INFO] PluginManage:359 - Loaded plugin ddr (category:tool,tabindex:6)
2024-08-01 02:08:55,604 [INFO] PluginManage:310 - Check plugin filemanager
2024-08-01 02:08:55,711 [INFO] PluginManage:359 - Loaded plugin filemanager (category:base,tabindex:10)
2024-08-01 02:08:55,711 [INFO] PluginManage:310 - Check plugin ipmanager
2024-08-01 02:08:55,716 [INFO] PluginManage:359 - Loaded plugin ipmanager (category:base,tabindex:5)
2024-08-01 02:08:55,716 [INFO] PluginManage:310 - Check plugin lpbam
2024-08-01 02:08:55,731 [INFO] PluginManage:359 - Loaded plugin lpbam (category:base,tabindex:0)
2024-08-01 02:08:55,731 [INFO] PluginManage:310 - Check plugin memorymap
2024-08-01 02:08:55,749 [INFO] PluginManage:359 - Loaded plugin memorymap (category:base,tabindex:4)
2024-08-01 02:08:55,749 [INFO] PluginManage:310 - Check plugin pinoutandconfiguration
2024-08-01 02:08:55,763 [INFO] PluginManage:359 - Loaded plugin pinoutandconfiguration (category:base,tabindex:1)
2024-08-01 02:08:55,763 [INFO] PluginManage:310 - Check plugin pinoutconfig
2024-08-01 02:08:55,835 [WARN] SupportedApi:132 - Cannot load RTOS API schema: s4s-elt-must-match.1: The content of 'definitions' must match (annotation?, (simpleType | complexType)?, (unique | key | keyref)*)). A problem was found starting at: attribute.
2024-08-01 02:08:55,925 [INFO] PluginManage:359 - Loaded plugin pinoutconfig (category:base,tabindex:0)
2024-08-01 02:08:55,925 [INFO] PluginManage:310 - Check plugin power
2024-08-01 02:08:55,939 [INFO] PluginManage:359 - Loaded plugin power (category:power,tabindex:4)
2024-08-01 02:08:55,939 [INFO] PluginManage:310 - Check plugin projectmanager
2024-08-01 02:08:55,951 [INFO] PluginManage:359 - Loaded plugin projectmanager (category:projectmanager,tabindex:3)
2024-08-01 02:08:55,951 [INFO] PluginManage:310 - Check plugin thirdparty
2024-08-01 02:08:56,182 [INFO] PluginManage:359 - Loaded plugin thirdparty (category:base,tabindex:-1)
2024-08-01 02:08:56,182 [INFO] PluginManage:310 - Check plugin tools
2024-08-01 02:08:56,182 [WARN] IntegrityCheckThread:84 - waiting for thirdparty lock release [integrity check]
2024-08-01 02:08:56,182 [INFO] IntegrityCheckThread:86 - entering critical section [integrity check]
2024-08-01 02:08:56,183 [INFO] ThirdPartyUpdaterWithRetryManager:70 - Updater plugin not ready yet. [1/15]
2024-08-01 02:08:56,215 [INFO] PluginManage:359 - Loaded plugin tools (category:base,tabindex:7)
2024-08-01 02:08:56,215 [INFO] PluginManage:310 - Check plugin tutovideos
2024-08-01 02:08:56,347 [INFO] PluginManage:359 - Loaded plugin tutovideos (category:base,tabindex:-1)
2024-08-01 02:08:56,347 [INFO] PluginManage:310 - Check plugin updater
2024-08-01 02:08:56,355 [INFO] PluginManage:359 - Loaded plugin updater (category:base,tabindex:12)
2024-08-01 02:08:56,355 [INFO] PluginManage:310 - Check plugin userauth
2024-08-01 02:08:56,359 [INFO] UserAuth:114 - Init User Auth plugin
2024-08-01 02:08:56,359 [INFO] PluginManage:359 - Loaded plugin userauth (category:base,tabindex:14)
2024-08-01 02:08:56,359 [INFO] PluginManage:283 - PluginManage : Loaded plugins [17]
2024-08-01 02:08:56,502 [INFO] PinOutPanel:1499 - setPackage(No Configuration,No Configuration)
2024-08-01 02:08:56,554 [INFO] CADModel:165 - CPN selected for project level
2024-08-01 02:08:56,554 [INFO] CADModel:114 - Register for checkConnection events
2024-08-01 02:08:56,577 [INFO] IPUIPlugin:80 - create IPUIPlugin
2024-08-01 02:08:56,578 [INFO] PluginManager:220 - loadIPPluginJar : add adc
2024-08-01 02:08:56,609 [INFO] IPUIPlugin:80 - create IPUIPlugin
2024-08-01 02:08:56,609 [INFO] PluginManager:220 - loadIPPluginJar : add aes
2024-08-01 02:08:56,643 [INFO] IPUIPlugin:80 - create IPUIPlugin
2024-08-01 02:08:56,644 [INFO] PluginManager:220 - loadIPPluginJar : add can
2024-08-01 02:08:56,663 [INFO] IPUIPlugin:80 - create IPUIPlugin
2024-08-01 02:08:56,664 [INFO] PluginManager:220 - loadIPPluginJar : add comp
2024-08-01 02:08:56,692 [INFO] IPUIPlugin:80 - create IPUIPlugin
2024-08-01 02:08:56,692 [INFO] PluginManager:220 - loadIPPluginJar : add cryp
2024-08-01 02:08:56,695 [INFO] IPUIPlugin:80 - create IPUIPlugin
2024-08-01 02:08:56,695 [INFO] PluginManager:220 - loadIPPluginJar : add dfsdm
2024-08-01 02:08:56,707 [INFO] IPUIPlugin:80 - create IPUIPlugin
2024-08-01 02:08:56,708 [INFO] PluginManager:220 - loadIPPluginJar : add dma
2024-08-01 02:08:56,745 [INFO] IPUIPlugin:80 - create IPUIPlugin
2024-08-01 02:08:56,745 [INFO] PluginManager:220 - loadIPPluginJar : add dma3
2024-08-01 02:08:56,766 [INFO] IPUIPlugin:80 - create IPUIPlugin
2024-08-01 02:08:56,766 [INFO] PluginManager:220 - loadIPPluginJar : add fatfs
2024-08-01 02:08:56,804 [INFO] IPUIPlugin:80 - create IPUIPlugin
2024-08-01 02:08:56,805 [INFO] PluginManager:220 - loadIPPluginJar : add fmc
2024-08-01 02:08:56,818 [INFO] IPUIPlugin:80 - create IPUIPlugin
2024-08-01 02:08:56,818 [INFO] PluginManager:220 - loadIPPluginJar : add freertos
2024-08-01 02:08:56,838 [INFO] IPUIPlugin:80 - create IPUIPlugin
2024-08-01 02:08:56,838 [INFO] PluginManager:220 - loadIPPluginJar : add genericplugin
2024-08-01 02:08:56,917 [INFO] IPUIPlugin:80 - create IPUIPlugin
2024-08-01 02:08:56,917 [INFO] PluginManager:220 - loadIPPluginJar : add gfxmmu
2024-08-01 02:08:57,024 [INFO] IPUIPlugin:80 - create IPUIPlugin
2024-08-01 02:08:57,024 [INFO] PluginManager:220 - loadIPPluginJar : add gic
2024-08-01 02:08:57,036 [INFO] IPUIPlugin:80 - create IPUIPlugin
2024-08-01 02:08:57,036 [INFO] PluginManager:220 - loadIPPluginJar : add gpio
2024-08-01 02:08:57,110 [INFO] IPUIPlugin:80 - create IPUIPlugin
2024-08-01 02:08:57,110 [INFO] PluginManager:220 - loadIPPluginJar : add gtzc
2024-08-01 02:08:57,137 [INFO] IPUIPlugin:80 - create IPUIPlugin
2024-08-01 02:08:57,137 [INFO] PluginManager:220 - loadIPPluginJar : add hash
2024-08-01 02:08:57,180 [INFO] IPUIPlugin:80 - create IPUIPlugin
2024-08-01 02:08:57,180 [INFO] PluginManager:220 - loadIPPluginJar : add i2c
2024-08-01 02:08:57,214 [INFO] IPUIPlugin:80 - create IPUIPlugin
2024-08-01 02:08:57,214 [INFO] PluginManager:220 - loadIPPluginJar : add i2s
2024-08-01 02:08:57,249 [INFO] IPUIPlugin:80 - create IPUIPlugin
2024-08-01 02:08:57,249 [INFO] PluginManager:220 - loadIPPluginJar : add i3c
2024-08-01 02:08:57,333 [INFO] IPUIPlugin:80 - create IPUIPlugin
2024-08-01 02:08:57,334 [INFO] PluginManager:220 - loadIPPluginJar : add ipddr
2024-08-01 02:08:57,410 [INFO] IPUIPlugin:80 - create IPUIPlugin
2024-08-01 02:08:57,411 [INFO] PluginManager:220 - loadIPPluginJar : add linkedlist
2024-08-01 02:08:57,441 [INFO] IPUIPlugin:80 - create IPUIPlugin
2024-08-01 02:08:57,442 [INFO] PluginManager:220 - loadIPPluginJar : add lorawan
2024-08-01 02:08:57,473 [INFO] IPUIPlugin:80 - create IPUIPlugin
2024-08-01 02:08:57,473 [INFO] PluginManager:220 - loadIPPluginJar : add ltdc
2024-08-01 02:08:57,485 [INFO] IPUIPlugin:80 - create IPUIPlugin
2024-08-01 02:08:57,485 [INFO] PluginManager:220 - loadIPPluginJar : add mdma
2024-08-01 02:08:57,497 [INFO] IPUIPlugin:80 - create IPUIPlugin
2024-08-01 02:08:57,497 [INFO] PluginManager:220 - loadIPPluginJar : add nvic
2024-08-01 02:08:57,528 [INFO] IPUIPlugin:80 - create IPUIPlugin
2024-08-01 02:08:57,528 [INFO] PluginManager:220 - loadIPPluginJar : add opamp
2024-08-01 02:08:57,578 [INFO] IPUIPlugin:80 - create IPUIPlugin
2024-08-01 02:08:57,579 [INFO] PluginManager:220 - loadIPPluginJar : add openamp
2024-08-01 02:08:57,614 [INFO] IPUIPlugin:80 - create IPUIPlugin
2024-08-01 02:08:57,614 [INFO] PluginManager:220 - loadIPPluginJar : add pdm2pcm
2024-08-01 02:08:57,627 [INFO] IPUIPlugin:80 - create IPUIPlugin
2024-08-01 02:08:57,629 [INFO] PluginManager:220 - loadIPPluginJar : add plateformsettings
2024-08-01 02:08:57,649 [INFO] IPUIPlugin:80 - create IPUIPlugin
2024-08-01 02:08:57,650 [INFO] PluginManager:220 - loadIPPluginJar : add quadspi
2024-08-01 02:08:57,660 [INFO] IPUIPlugin:80 - create IPUIPlugin
2024-08-01 02:08:57,660 [INFO] PluginManager:220 - loadIPPluginJar : add resmgrutility
2024-08-01 02:08:57,702 [INFO] IPUIPlugin:80 - create IPUIPlugin
2024-08-01 02:08:57,702 [INFO] PluginManager:220 - loadIPPluginJar : add sai
2024-08-01 02:08:57,732 [INFO] IPUIPlugin:80 - create IPUIPlugin
2024-08-01 02:08:57,732 [INFO] PluginManager:220 - loadIPPluginJar : add spi
2024-08-01 02:08:57,787 [INFO] IPUIPlugin:80 - create IPUIPlugin
2024-08-01 02:08:57,788 [INFO] PluginManager:220 - loadIPPluginJar : add stm32_wpan
2024-08-01 02:08:57,809 [INFO] IPUIPlugin:80 - create IPUIPlugin
2024-08-01 02:08:57,809 [INFO] PluginManager:220 - loadIPPluginJar : add tim
2024-08-01 02:08:57,855 [INFO] IPUIPlugin:80 - create IPUIPlugin
2024-08-01 02:08:57,855 [INFO] PluginManager:220 - loadIPPluginJar : add touchsensing
2024-08-01 02:08:57,876 [INFO] IPUIPlugin:80 - create IPUIPlugin
2024-08-01 02:08:57,876 [INFO] PluginManager:220 - loadIPPluginJar : add tracer_emb
2024-08-01 02:08:57,897 [INFO] IPUIPlugin:80 - create IPUIPlugin
2024-08-01 02:08:57,897 [INFO] PluginManager:220 - loadIPPluginJar : add ts
2024-08-01 02:08:57,916 [INFO] IPUIPlugin:80 - create IPUIPlugin
2024-08-01 02:08:57,916 [INFO] PluginManager:220 - loadIPPluginJar : add tsc
2024-08-01 02:08:57,938 [INFO] IPUIPlugin:80 - create IPUIPlugin
2024-08-01 02:08:57,938 [INFO] PluginManager:220 - loadIPPluginJar : add ucpd
2024-08-01 02:08:57,976 [INFO] IPUIPlugin:80 - create IPUIPlugin
2024-08-01 02:08:57,976 [INFO] PluginManager:220 - loadIPPluginJar : add usart
2024-08-01 02:08:58,013 [INFO] IPUIPlugin:80 - create IPUIPlugin
2024-08-01 02:08:58,013 [INFO] PluginManager:220 - loadIPPluginJar : add usbx
2024-08-01 02:08:58,125 [INFO] CADModel:165 - CPN selected for project level
2024-08-01 02:08:58,126 [INFO] CADModel:114 - Register for checkConnection events
2024-08-01 02:08:58,126 [FATAL] Updater:308 - Updater called before beeing initialized
2024-08-01 02:08:58,126 [ERROR] CADModel:125 - Updater not yet initialized, retry later 
2024-08-01 02:08:58,209 [INFO] CADModel:165 - CPN selected for project level
2024-08-01 02:08:58,209 [INFO] CADModel:114 - Register for checkConnection events
2024-08-01 02:08:58,209 [FATAL] Updater:308 - Updater called before beeing initialized
2024-08-01 02:08:58,209 [ERROR] CADModel:125 - Updater not yet initialized, retry later 
2024-08-01 02:08:58,212 [FATAL] Updater:308 - Updater called before beeing initialized
2024-08-01 02:08:58,286 [FATAL] Updater:308 - Updater called before beeing initialized
2024-08-01 02:08:58,295 [INFO] DbMcusAds:53 - JSON generation date=Thu May 16 12:22:01 EEST 2024 (1715851321109)
2024-08-01 02:08:58,296 [FATAL] Updater:308 - Updater called before beeing initialized
2024-08-01 02:08:58,365 [WARN] DetailPanel:346 - Failed to get advertising image, set to default
2024-08-01 02:08:58,443 [FATAL] Updater:308 - Updater called before beeing initialized
2024-08-01 02:08:58,445 [FATAL] Updater:308 - Updater called before beeing initialized
2024-08-01 02:08:58,445 [FATAL] Updater:308 - Updater called before beeing initialized
2024-08-01 02:08:58,445 [WARN] DetailPanel:346 - Failed to get advertising image, set to default
2024-08-01 02:08:58,445 [FATAL] Updater:308 - Updater called before beeing initialized
2024-08-01 02:08:58,494 [ERROR] Updater:1120 - MainUpdater not yet initialized. External WinMGr cannot be set.
2024-08-01 02:08:58,505 [INFO] Updater:1056 - Updater Version found : 6.10.0
2024-08-01 02:08:58,521 [INFO] ApplicationProperties:184 - Using Application install path: C:\ST\STM32CubeIDE_1.14.0\STM32CubeIDE\plugins\com.st.stm32cube.common.mx_6.10.0.202311202037
2024-08-01 02:08:59,184 [INFO] ThirdPartyUpdaterWithRetryManager:70 - Updater plugin not ready yet. [2/15]
2024-08-01 02:09:00,099 [ERROR] LogOutputStream:75 - [STDERR_REDIRECT] Aug 01, 2024 2:09:00 AM java.util.prefs.WindowsPreferences <init>
2024-08-01 02:09:00,100 [ERROR] LogOutputStream:75 - [STDERR_REDIRECT] WARNING: Could not open/create prefs root node Software\JavaSoft\Prefs at root 0xffffffff80000002. Windows RegCreateKeyEx(...) returned error code 5.
2024-08-01 02:09:00,100 [ERROR] LogOutputStream:75 - [STDERR_REDIRECT] 
2024-08-01 02:09:00,540 [INFO] MainUpdater:2873 - connection check result : 10
2024-08-01 02:09:00,540 [INFO] MainUpdater:290 - Updater Check For Update Now.
2024-08-01 02:09:00,541 [INFO] MicroXplorer:498 - Change Database Version : DB.6.0.100
2024-08-01 02:09:00,554 [INFO] McuFinderGlobals:63 - Set McuFinder mode to 2 (CubeIDE integrated)
2024-08-01 02:09:00,721 [INFO] CheckServerUpdateThread:120 - End of CheckServer Thread
2024-08-01 02:09:00,963 [INFO] UserAuth:404 - Internet connection configuration mode: 1
2024-08-01 02:09:00,978 [INFO] JxBrowserEngine:152 - Initiate JxBrowser Engine with user profile folder
2024-08-01 02:09:02,333 [WARN] PackLoader:240 - Cannot read IP mode file for STMicroelectronics.FP-SNS-MOTENVWB1.1.4.0
2024-08-01 02:09:02,347 [WARN] PackLoader:240 - Cannot read IP mode file for STMicroelectronics.X-CUBE-SMBUS.2.1.0
2024-08-01 02:09:02,358 [WARN] PackLoader:240 - Cannot read IP mode file for STMicroelectronics.X-CUBE-TOUCHGFX.4.23.0
2024-08-01 02:09:02,387 [WARN] PackLoader:240 - Cannot read IP mode file for STMicroelectronics.X-CUBE-AZRTOS-F7.1.1.0
2024-08-01 02:09:02,405 [WARN] PackLoader:240 - Cannot read IP mode file for STMicroelectronics.FP-SNS-MOTENV1.4.3.2
2024-08-01 02:09:02,420 [WARN] PackLoader:240 - Cannot read IP mode file for STMicroelectronics.FP-SNS-FLIGHT1.5.0.2
2024-08-01 02:09:02,435 [WARN] PackLoader:240 - Cannot read IP mode file for STMicroelectronics.X-CUBE-DISPLAY.3.0.0
2024-08-01 02:09:02,452 [WARN] PackLoader:240 - Cannot read IP mode file for STMicroelectronics.X-CUBE-BLE1.7.0.0
2024-08-01 02:09:02,465 [WARN] PackLoader:240 - Cannot read IP mode file for emotas.I-CUBE-CANOPEN.1.3.0
2024-08-01 02:09:02,477 [WARN] PackLoader:240 - Cannot read IP mode file for STMicroelectronics.X-CUBE-TOUCHGFX.4.22.1
2024-08-01 02:09:02,492 [WARN] PackLoader:240 - Cannot read IP mode file for STMicroelectronics.X-CUBE-BLEMGR.3.1.0
2024-08-01 02:09:02,507 [WARN] PackLoader:240 - Cannot read IP mode file for STMicroelectronics.FP-SNS-SMARTAG2.1.2.0
2024-08-01 02:09:02,528 [INFO] LogOutputStream:77 - [STDOUT_REDIRECT] 1 : Invalid condition id : UX_CORESTACK_Condition cause : null
2024-08-01 02:09:02,528 [INFO] LogOutputStream:77 - [STDOUT_REDIRECT] 1 : Invalid condition id : UX_CORESTACK_Condition cause : null
2024-08-01 02:09:02,529 [INFO] LogOutputStream:77 - [STDOUT_REDIRECT] 1 : Invalid condition id : UX_CORESTACK_Condition cause : null
2024-08-01 02:09:02,530 [INFO] LogOutputStream:77 - [STDOUT_REDIRECT] 1 : Invalid condition id : UX_CORESTACK_Condition cause : null
2024-08-01 02:09:02,530 [INFO] LogOutputStream:77 - [STDOUT_REDIRECT] 1 : Invalid condition id : UX_CORESTACK_Condition cause : null
2024-08-01 02:09:02,533 [WARN] PackLoader:240 - Cannot read IP mode file for STMicroelectronics.X-CUBE-AZRTOS-WL.2.0.0
2024-08-01 02:09:02,544 [WARN] PackLoader:240 - Cannot read IP mode file for STMicroelectronics.FP-SNS-MOTENV1.5.0.0
2024-08-01 02:09:02,556 [WARN] PackLoader:240 - Cannot read IP mode file for wolfSSL.I-CUBE-wolfMQTT.1.19.0
2024-08-01 02:09:02,570 [WARN] PackLoader:240 - Cannot read IP mode file for WES.I-CUBE-Cesium.1.3.0
2024-08-01 02:09:02,581 [WARN] PackLoader:240 - Cannot read IP mode file for STMicroelectronics.X-CUBE-BLE2.3.3.0
2024-08-01 02:09:02,592 [WARN] PackLoader:240 - Cannot read IP mode file for STMicroelectronics.X-CUBE-TCPP.4.1.0
2024-08-01 02:09:02,606 [WARN] PackLoader:240 - Cannot read IP mode file for STMicroelectronics.X-CUBE-ALGOBUILD.1.3.0
2024-08-01 02:09:02,626 [WARN] PackLoader:240 - Cannot read IP mode file for STMicroelectronics.X-CUBE-AZRTOS-G0.1.1.0
2024-08-01 02:09:02,641 [WARN] PackLoader:240 - Cannot read IP mode file for STMicroelectronics.X-CUBE-SAFEA1.1.2.2
2024-08-01 02:09:02,653 [WARN] PackLoader:240 - Cannot read IP mode file for STMicroelectronics.X-CUBE-NFC4.3.0.0
2024-08-01 02:09:02,669 [WARN] PackLoader:240 - Cannot read IP mode file for EmbeddedOffice.I-CUBE-FS-RTOS.1.0.1
2024-08-01 02:09:02,670 [ERROR] ConditionMgr:805 - Attr not supported : Dmpu
2024-08-01 02:09:02,670 [ERROR] ConditionMgr:805 - Attr not supported : Dmpu
2024-08-01 02:09:02,670 [ERROR] ConditionMgr:805 - Attr not supported : Dmpu
2024-08-01 02:09:02,670 [ERROR] ConditionMgr:805 - Attr not supported : Dmpu
2024-08-01 02:09:02,670 [ERROR] ConditionMgr:805 - Attr not supported : Dmpu
2024-08-01 02:09:02,670 [ERROR] ConditionMgr:805 - Attr not supported : Dmpu
2024-08-01 02:09:02,670 [ERROR] ConditionMgr:805 - Attr not supported : Dmpu
2024-08-01 02:09:02,670 [ERROR] ConditionMgr:805 - Attr not supported : Dmpu
2024-08-01 02:09:02,670 [ERROR] ConditionMgr:805 - Attr not supported : Dmpu
2024-08-01 02:09:02,670 [ERROR] ConditionMgr:805 - Attr not supported : Dmpu
2024-08-01 02:09:02,670 [ERROR] ConditionMgr:805 - Attr not supported : Dmpu
2024-08-01 02:09:02,670 [ERROR] ConditionMgr:805 - Attr not supported : Dmpu
2024-08-01 02:09:02,671 [ERROR] ConditionMgr:805 - Attr not supported : Dmpu
2024-08-01 02:09:02,671 [ERROR] ConditionMgr:805 - Attr not supported : Dmpu
2024-08-01 02:09:02,671 [ERROR] ConditionMgr:805 - Attr not supported : Dmpu
2024-08-01 02:09:02,671 [ERROR] ConditionMgr:805 - Attr not supported : Dmpu
2024-08-01 02:09:02,671 [ERROR] ConditionMgr:805 - Attr not supported : Dmpu
2024-08-01 02:09:02,671 [ERROR] ConditionMgr:805 - Attr not supported : Dmpu
2024-08-01 02:09:02,671 [ERROR] ConditionMgr:805 - Attr not supported : Dmpu
2024-08-01 02:09:02,671 [ERROR] ConditionMgr:805 - Attr not supported : Dmpu
2024-08-01 02:09:02,671 [ERROR] ConditionMgr:805 - Attr not supported : Dmpu
2024-08-01 02:09:02,671 [ERROR] ConditionMgr:805 - Attr not supported : Dmpu
2024-08-01 02:09:02,671 [ERROR] ConditionMgr:805 - Attr not supported : Dmpu
2024-08-01 02:09:02,671 [ERROR] ConditionMgr:805 - Attr not supported : Dmpu
2024-08-01 02:09:02,671 [ERROR] ConditionMgr:805 - Attr not supported : Dmpu
2024-08-01 02:09:02,671 [ERROR] ConditionMgr:805 - Attr not supported : Dmpu
2024-08-01 02:09:02,671 [ERROR] ConditionMgr:805 - Attr not supported : Dmpu
2024-08-01 02:09:02,672 [ERROR] ConditionMgr:805 - Attr not supported : Dmpu
2024-08-01 02:09:02,672 [ERROR] ConditionMgr:805 - Attr not supported : Dmpu
2024-08-01 02:09:02,672 [ERROR] ConditionMgr:805 - Attr not supported : Dmpu
2024-08-01 02:09:02,672 [ERROR] ConditionMgr:805 - Attr not supported : Dmpu
2024-08-01 02:09:02,672 [ERROR] ConditionMgr:805 - Attr not supported : Dmpu
2024-08-01 02:09:02,672 [ERROR] ConditionMgr:805 - Attr not supported : Dmpu
2024-08-01 02:09:02,672 [ERROR] ConditionMgr:805 - Attr not supported : Dmpu
2024-08-01 02:09:02,672 [ERROR] ConditionMgr:805 - Attr not supported : Dmpu
2024-08-01 02:09:02,672 [ERROR] ConditionMgr:805 - Attr not supported : Dmpu
2024-08-01 02:09:02,672 [ERROR] ConditionMgr:805 - Attr not supported : Dmpu
2024-08-01 02:09:02,672 [ERROR] ConditionMgr:805 - Attr not supported : Dmpu
2024-08-01 02:09:02,672 [ERROR] ConditionMgr:805 - Attr not supported : Dmpu
2024-08-01 02:09:02,672 [ERROR] ConditionMgr:805 - Attr not supported : Dmpu
2024-08-01 02:09:02,672 [ERROR] ConditionMgr:805 - Attr not supported : Dmpu
2024-08-01 02:09:02,672 [ERROR] ConditionMgr:805 - Attr not supported : Dmpu
2024-08-01 02:09:02,672 [ERROR] ConditionMgr:805 - Attr not supported : Dmpu
2024-08-01 02:09:02,673 [ERROR] ConditionMgr:805 - Attr not supported : Dmpu
2024-08-01 02:09:02,673 [ERROR] ConditionMgr:805 - Attr not supported : Dmpu
2024-08-01 02:09:02,673 [ERROR] ConditionMgr:805 - Attr not supported : Dmpu
2024-08-01 02:09:02,673 [ERROR] ConditionMgr:805 - Attr not supported : Dmpu
2024-08-01 02:09:02,673 [ERROR] ConditionMgr:805 - Attr not supported : Dmpu
2024-08-01 02:09:02,673 [ERROR] ConditionMgr:805 - Attr not supported : Dmpu
2024-08-01 02:09:02,673 [ERROR] ConditionMgr:805 - Attr not supported : Dmpu
2024-08-01 02:09:02,673 [ERROR] ConditionMgr:805 - Attr not supported : Dmpu
2024-08-01 02:09:02,673 [ERROR] ConditionMgr:805 - Attr not supported : Dmpu
2024-08-01 02:09:02,673 [ERROR] ConditionMgr:805 - Attr not supported : Dmpu
2024-08-01 02:09:02,673 [ERROR] ConditionMgr:805 - Attr not supported : Dmpu
2024-08-01 02:09:02,673 [ERROR] ConditionMgr:805 - Attr not supported : Dmpu
2024-08-01 02:09:02,673 [ERROR] ConditionMgr:805 - Attr not supported : Dmpu
2024-08-01 02:09:02,673 [ERROR] ConditionMgr:805 - Attr not supported : Dmpu
2024-08-01 02:09:02,673 [ERROR] ConditionMgr:805 - Attr not supported : Dmpu
2024-08-01 02:09:02,673 [ERROR] ConditionMgr:805 - Attr not supported : Dmpu
2024-08-01 02:09:02,673 [ERROR] ConditionMgr:805 - Attr not supported : Dmpu
2024-08-01 02:09:02,673 [ERROR] ConditionMgr:805 - Attr not supported : Dmpu
2024-08-01 02:09:02,673 [ERROR] ConditionMgr:805 - Attr not supported : Dmpu
2024-08-01 02:09:02,673 [ERROR] ConditionMgr:805 - Attr not supported : Dmpu
2024-08-01 02:09:02,673 [ERROR] ConditionMgr:805 - Attr not supported : Dmpu
2024-08-01 02:09:02,688 [WARN] PackLoader:240 - Cannot read IP mode file for STMicroelectronics.X-CUBE-BLEMGR.3.0.0
2024-08-01 02:09:02,703 [WARN] PackLoader:240 - Cannot read IP mode file for RealThread.X-CUBE-RT-Thread_Nano.4.1.1
2024-08-01 02:09:02,715 [WARN] PackLoader:240 - Cannot read IP mode file for STMicroelectronics.FP-ATR-SIGFOX1.3.2.0
2024-08-01 02:09:02,729 [WARN] PackLoader:240 - Cannot read IP mode file for STMicroelectronics.X-CUBE-EEPRMA1.5.1.0
2024-08-01 02:09:02,756 [WARN] PackLoader:240 - Cannot read IP mode file for SEGGER.I-CUBE-embOS.1.3.1
2024-08-01 02:09:02,798 [WARN] PackLoader:240 - Cannot read IP mode file for STMicroelectronics.X-CUBE-ALGOBUILD.1.4.0
2024-08-01 02:09:02,817 [WARN] PackLoader:240 - Cannot read IP mode file for STMicroelectronics.X-CUBE-GNSS1.6.0.0
2024-08-01 02:09:02,848 [WARN] PackLoader:240 - Cannot read IP mode file for STMicroelectronics.X-CUBE-AZRTOS-F4.1.1.0
2024-08-01 02:09:02,864 [WARN] PackLoader:240 - Cannot read IP mode file for wolfSSL.I-CUBE-wolfSSL.5.6.4
2024-08-01 02:09:02,886 [WARN] PackLoader:240 - Cannot read IP mode file for STMicroelectronics.X-CUBE-FREERTOS.1.2.0
2024-08-01 02:09:02,914 [WARN] PackLoader:240 - Cannot read IP mode file for STMicroelectronics.X-CUBE-AZRTOS-L5.2.0.0
2024-08-01 02:09:02,930 [WARN] PackLoader:240 - Cannot read IP mode file for STMicroelectronics.X-CUBE-EEPRMA1.4.2.0
2024-08-01 02:09:02,948 [WARN] PackLoader:240 - Cannot read IP mode file for STMicroelectronics.X-CUBE-NFC6.3.1.0
2024-08-01 02:09:02,963 [WARN] PackLoader:240 - Cannot read IP mode file for ITTIA_DB.I-CUBE-ITTIADB.8.8.0
2024-08-01 02:09:02,978 [WARN] PackLoader:240 - Cannot read IP mode file for STMicroelectronics.X-CUBE-DPower.1.2.0
2024-08-01 02:09:02,992 [WARN] PackLoader:240 - Cannot read IP mode file for STMicroelectronics.X-CUBE-AI.9.0.0
2024-08-01 02:09:03,020 [WARN] ConditionMgr:438 - getConditionDescription Invalid condition id : UX DEVICE CLASS RTOS Condition cause : null
2024-08-01 02:09:03,020 [WARN] ConditionMgr:438 - getConditionDescription Invalid condition id : UX DEVICE CLASS RTOS Condition cause : null
2024-08-01 02:09:03,022 [WARN] PackLoader:240 - Cannot read IP mode file for STMicroelectronics.X-CUBE-AZRTOS-H7.3.1.0
2024-08-01 02:09:03,024 [WARN] ConditionMgr:1039 - genDependencies : Invalid condition id : UX DEVICE CLASS RTOS Condition cause : null
2024-08-01 02:09:03,024 [WARN] ConditionMgr:1039 - genDependencies : Invalid condition id : UX DEVICE CLASS RTOS Condition cause : null
2024-08-01 02:09:03,024 [WARN] ConditionMgr:1039 - genDependencies : Invalid condition id : UX DEVICE CLASS RTOS Condition cause : null
2024-08-01 02:09:03,024 [WARN] ConditionMgr:1039 - genDependencies : Invalid condition id : UX DEVICE CLASS RTOS Condition cause : null
2024-08-01 02:09:03,024 [WARN] ConditionMgr:1039 - genDependencies : Invalid condition id : UX DEVICE CLASS RTOS Condition cause : null
2024-08-01 02:09:03,039 [WARN] PackLoader:240 - Cannot read IP mode file for STMicroelectronics.X-CUBE-NFC7.1.0.1
2024-08-01 02:09:03,052 [WARN] PackLoader:240 - Cannot read IP mode file for wolfSSL.I-CUBE-wolfTPM.3.2.0
2024-08-01 02:09:03,068 [WARN] PackLoader:240 - Cannot read IP mode file for STMicroelectronics.X-CUBE-NFC6.3.0.0
2024-08-01 02:09:03,083 [WARN] PackLoader:240 - Cannot read IP mode file for STMicroelectronics.X-CUBE-AI.8.1.0
2024-08-01 02:09:03,110 [WARN] ConditionMgr:438 - getConditionDescription Invalid condition id : LAN8742 Phy interface Condition cause : null
2024-08-01 02:09:03,111 [WARN] PackLoader:240 - Cannot read IP mode file for STMicroelectronics.X-CUBE-AZRTOS-L4.2.0.0
2024-08-01 02:09:03,112 [WARN] ConditionMgr:1039 - genDependencies : Invalid condition id : LAN8742 Phy interface Condition cause : null
2024-08-01 02:09:03,112 [WARN] ConditionMgr:1039 - genDependencies : Invalid condition id : LAN8742 Phy interface Condition cause : null
2024-08-01 02:09:03,112 [WARN] ConditionMgr:1039 - genDependencies : Invalid condition id : LAN8742 Phy interface Condition cause : null
2024-08-01 02:09:03,127 [WARN] PackLoader:240 - Cannot read IP mode file for STMicroelectronics.X-CUBE-SFXS2LP1.4.0.0
2024-08-01 02:09:03,142 [WARN] PackLoader:240 - Cannot read IP mode file for STMicroelectronics.X-CUBE-ISPU.1.1.0
2024-08-01 02:09:03,161 [WARN] ConditionMgr:438 - getConditionDescription Invalid condition id : UX DEVICE CLASS RTOS Condition cause : null
2024-08-01 02:09:03,161 [WARN] ConditionMgr:438 - getConditionDescription Invalid condition id : UX DEVICE CLASS RTOS Condition cause : null
2024-08-01 02:09:03,163 [WARN] PackLoader:240 - Cannot read IP mode file for STMicroelectronics.X-CUBE-AZRTOS-WB.2.0.0
2024-08-01 02:09:03,163 [WARN] ConditionMgr:1039 - genDependencies : Invalid condition id : UX DEVICE CLASS RTOS Condition cause : null
2024-08-01 02:09:03,164 [WARN] ConditionMgr:1039 - genDependencies : Invalid condition id : UX DEVICE CLASS RTOS Condition cause : null
2024-08-01 02:09:03,164 [WARN] ConditionMgr:1039 - genDependencies : Invalid condition id : UX DEVICE CLASS RTOS Condition cause : null
2024-08-01 02:09:03,164 [WARN] ConditionMgr:1039 - genDependencies : Invalid condition id : UX DEVICE CLASS RTOS Condition cause : null
2024-08-01 02:09:03,164 [WARN] ConditionMgr:1039 - genDependencies : Invalid condition id : UX DEVICE CLASS RTOS Condition cause : null
2024-08-01 02:09:03,177 [WARN] PackLoader:240 - Cannot read IP mode file for STMicroelectronics.FP-SNS-STBOX1.2.0.0
2024-08-01 02:09:03,194 [WARN] PackLoader:240 - Cannot read IP mode file for STMicroelectronics.X-CUBE-SUBG2.5.0.0
2024-08-01 02:09:03,209 [WARN] PackLoader:240 - Cannot read IP mode file for Cesanta.I-CUBE-Mongoose.7.13.0
2024-08-01 02:09:03,232 [WARN] PackLoader:240 - Cannot read IP mode file for STMicroelectronics.X-CUBE-AZRTOS-G4.2.0.0
2024-08-01 02:09:03,261 [WARN] PackLoader:240 - Cannot read IP mode file for Infineon.AIROC-Wi-Fi-Bluetooth-STM32.1.5.1
2024-08-01 02:09:03,279 [WARN] PackLoader:240 - Cannot read IP mode file for STMicroelectronics.FP-SNS-MOTENVWB1.1.3.0
2024-08-01 02:09:03,312 [WARN] PackLoader:240 - Cannot read IP mode file for STMicroelectronics.FP-SNS-MOTENVWB1.1.3.1
2024-08-01 02:09:03,327 [WARN] PackLoader:240 - Cannot read IP mode file for STMicroelectronics.X-CUBE-ISPU.2.0.0
2024-08-01 02:09:03,343 [WARN] PackLoader:240 - Cannot read IP mode file for STMicroelectronics.X-CUBE-ALS.1.0.2
2024-08-01 02:09:03,394 [WARN] PackLoader:240 - Cannot read IP mode file for STMicroelectronics.X-CUBE-MEMS1.10.0.0
2024-08-01 02:09:03,486 [WARN] PackLoader:240 - Cannot read IP mode file for STMicroelectronics.X-CUBE-FREERTOS.1.1.0
2024-08-01 02:09:03,504 [WARN] PackLoader:240 - Cannot read IP mode file for STMicroelectronics.X-CUBE-TOUCHGFX.4.24.0
2024-08-01 02:09:03,533 [WARN] PackLoader:240 - Cannot read IP mode file for portGmbH.I-Cube-SoM-uGOAL.1.1.0
2024-08-01 02:09:03,557 [WARN] PackLoader:240 - Cannot read IP mode file for STMicroelectronics.X-CUBE-ALS.1.0.1
2024-08-01 02:09:03,606 [WARN] PackLoader:240 - Cannot read IP mode file for STMicroelectronics.X-CUBE-AZRTOS-H7RS.1.0.0
2024-08-01 02:09:03,627 [WARN] PackLoader:240 - Cannot read IP mode file for STMicroelectronics.FP-ATR-ASTRA1.2.0.0
2024-08-01 02:09:03,650 [WARN] PackLoader:240 - Cannot read IP mode file for STMicroelectronics.X-CUBE-TOF1.3.4.2
2024-08-01 02:09:03,681 [WARN] PackLoader:240 - Cannot read IP mode file for STMicroelectronics.X-CUBE-TOF1.3.4.0
2024-08-01 02:09:03,709 [WARN] PackLoader:240 - Cannot read IP mode file for STMicroelectronics.X-CUBE-TOF1.3.4.1
2024-08-01 02:09:03,724 [INFO] WebApp:161 - Instantiating new browser for Auth
2024-08-01 02:09:03,757 [WARN] PackLoader:240 - Cannot read IP mode file for STMicroelectronics.X-CUBE-AZRTOS-H7.3.2.0
2024-08-01 02:09:03,786 [WARN] PackLoader:240 - Cannot read IP mode file for wolfSSL.I-CUBE-wolfSSH.1.4.17
2024-08-01 02:09:03,788 [INFO] ThirdParty:978 - Integrity check success = true
2024-08-01 02:09:03,788 [INFO] IntegrityCheckThread:100 - exiting critical section [integrity check]
2024-08-01 02:09:03,788 [INFO] IntegrityCheckThread:103 - End integrity checks thread
2024-08-01 02:09:04,218 [INFO] WebApp:780 - Register for checkConnection events
2024-08-01 02:09:04,218 [INFO] WebApp:414 - Apply proxy settings
2024-08-01 02:09:04,218 [INFO] WebApp:499 - Chromium requires no authentication
2024-08-01 02:09:04,224 [INFO] WebApp:442 - Direct internet connection detected
2024-08-01 02:09:04,336 [INFO] WebApp:192 - Starting web application
2024-08-01 02:09:04,337 [INFO] WebApp:544 - Web application path used C:\ST\STM32CubeIDE_1.14.0\STM32CubeIDE\plugins\com.st.stm32cube.common.mx_6.10.0.202311202037\db\plugins\mcufinder\reactClient1\index.html
2024-08-01 02:09:25,259 [ERROR] LogOutputStream:75 - [STDERR_REDIRECT] SLF4J: Failed to load class "org.slf4j.impl.StaticLoggerBinder".
2024-08-01 02:09:25,260 [ERROR] LogOutputStream:75 - [STDERR_REDIRECT] SLF4J: Defaulting to no-operation (NOP) logger implementation
2024-08-01 02:09:25,261 [ERROR] LogOutputStream:75 - [STDERR_REDIRECT] SLF4J: See http://www.slf4j.org/codes.html#StaticLoggerBinder for further details.
2024-08-01 02:44:15,223 [ERROR] LogOutputStream:75 - [STDERR_REDIRECT] 
2024-08-01 02:44:15,224 [ERROR] LogOutputStream:75 - [STDERR_REDIRECT] 
2024-08-01 10:40:21,238 [INFO] Activator:176 - 


2024-08-01 10:40:21,253 [INFO] Activator:177 - !SESSION log4j initialized
2024-08-01 10:40:28,313 [INFO] LogOutputStream:77 - [STDOUT_REDIRECT] 
2024-08-01 10:40:31,009 [INFO] ApplicationProperties:184 - Using Application install path: C:\ST\STM32CubeIDE_1.14.0\STM32CubeIDE\plugins\com.st.stm32cube.common.mx_6.10.0.202311202037
2024-08-01 10:40:31,029 [INFO] DbMcusXml:78 - Set database path to: C:\ST\STM32CubeIDE_1.14.0\STM32CubeIDE\plugins\com.st.stm32cube.common.mx_6.10.0.202311202037\\db\/mcu/
2024-08-01 10:40:31,030 [INFO] ApiDb:274 - Set plugin database path to: C:\ST\STM32CubeIDE_1.14.0\STM32CubeIDE\plugins\com.st.stm32cube.common.mx_6.10.0.202311202037\\db\/plugins/boardmanager/
2024-08-01 10:40:31,030 [WARN] ApiDb:259 - Overriding images path with different value:  => C:\ST\STM32CubeIDE_1.14.0\STM32CubeIDE\plugins\com.st.stm32cube.common.mx_6.10.0.202311202037\\db\/plugins/mcufinder/images/
2024-08-01 10:40:31,040 [INFO] ApiDb:250 - Set database path to: C:\Users\georg\.stmcufinder\plugins\mcufinder//mcu/
2024-08-01 10:40:31,041 [INFO] DbMcusAds:125 - Set database path to: C:\Users\georg\.stmcufinder\plugins\mcufinder//mcu/
2024-08-01 10:40:31,043 [INFO] CrossReferenceDbSqlite:203 - Set database path to: C:\Users\georg\.stmcufinder\plugins\mcufinder//mcu/cs/
2024-08-01 10:40:31,181 [INFO] RulesReader:64 - Compatibility file has been processed (297 Rules)
2024-08-01 10:40:31,280 [INFO] DbMcusXml:78 - Set database path to: C:\ST\STM32CubeIDE_1.14.0\STM32CubeIDE\plugins\com.st.stm32cube.common.mx_6.10.0.202311202037\\db\/mcu/
2024-08-01 10:40:31,280 [INFO] ApiDb:274 - Set plugin database path to: C:\ST\STM32CubeIDE_1.14.0\STM32CubeIDE\plugins\com.st.stm32cube.common.mx_6.10.0.202311202037\\db\/plugins/boardmanager/
2024-08-01 10:40:31,280 [INFO] ApiDb:261 - Set plugin images path to: C:\ST\STM32CubeIDE_1.14.0\STM32CubeIDE\plugins\com.st.stm32cube.common.mx_6.10.0.202311202037\\db\/plugins/mcufinder/images/
2024-08-01 10:40:31,280 [WARN] DbFile:41 - Overriding database path with different value: C:\Users\georg\.stmcufinder\plugins\mcufinder/ => C:\Users\georg\.stmcufinder\plugins\mcufinder
2024-08-01 10:40:31,280 [INFO] ApiDb:250 - Set database path to: C:\Users\georg\.stmcufinder\plugins\mcufinder//mcu/
2024-08-01 10:40:31,280 [WARN] DbFile:41 - Overriding database path with different value: C:\Users\georg\.stmcufinder\plugins\mcufinder/ => C:\Users\georg\.stmcufinder\plugins\mcufinder
2024-08-01 10:40:31,280 [INFO] DbMcusAds:125 - Set database path to: C:\Users\georg\.stmcufinder\plugins\mcufinder//mcu/
2024-08-01 10:40:31,280 [WARN] DbFile:41 - Overriding database path with different value: C:\Users\georg\.stmcufinder\plugins\mcufinder/ => C:\Users\georg\.stmcufinder\plugins\mcufinder
2024-08-01 10:40:31,280 [WARN] DbFile:41 - Overriding database path with different value: C:\Users\georg\.stmcufinder\plugins\mcufinder/ => C:\Users\georg\.stmcufinder\plugins\mcufinder
2024-08-01 10:40:31,280 [INFO] CrossReferenceDbSqlite:203 - Set database path to: C:\Users\georg\.stmcufinder\plugins\mcufinder//mcu/cs/
2024-08-01 10:40:31,379 [INFO] MainPanel:264 - HeapMemory: 269484032
2024-08-01 10:40:31,507 [INFO] DbMcusXml:78 - Set database path to: C:\ST\STM32CubeIDE_1.14.0\STM32CubeIDE\plugins\com.st.stm32cube.common.mx_6.10.0.202311202037\\db\/mcu/
2024-08-01 10:40:31,507 [INFO] ApiDb:274 - Set plugin database path to: C:\ST\STM32CubeIDE_1.14.0\STM32CubeIDE\plugins\com.st.stm32cube.common.mx_6.10.0.202311202037\\db\/plugins/boardmanager/
2024-08-01 10:40:31,507 [INFO] ApiDb:261 - Set plugin images path to: C:\ST\STM32CubeIDE_1.14.0\STM32CubeIDE\plugins\com.st.stm32cube.common.mx_6.10.0.202311202037\\db\/plugins/mcufinder/images/
2024-08-01 10:40:31,508 [WARN] DbFile:41 - Overriding database path with different value: C:\Users\georg\.stmcufinder\plugins\mcufinder/ => C:\Users\georg\.stmcufinder\plugins\mcufinder
2024-08-01 10:40:31,508 [INFO] ApiDb:250 - Set database path to: C:\Users\georg\.stmcufinder\plugins\mcufinder//mcu/
2024-08-01 10:40:31,508 [WARN] DbFile:41 - Overriding database path with different value: C:\Users\georg\.stmcufinder\plugins\mcufinder/ => C:\Users\georg\.stmcufinder\plugins\mcufinder
2024-08-01 10:40:31,508 [INFO] DbMcusAds:125 - Set database path to: C:\Users\georg\.stmcufinder\plugins\mcufinder//mcu/
2024-08-01 10:40:31,508 [WARN] DbFile:41 - Overriding database path with different value: C:\Users\georg\.stmcufinder\plugins\mcufinder/ => C:\Users\georg\.stmcufinder\plugins\mcufinder
2024-08-01 10:40:31,508 [WARN] DbFile:41 - Overriding database path with different value: C:\Users\georg\.stmcufinder\plugins\mcufinder/ => C:\Users\georg\.stmcufinder\plugins\mcufinder
2024-08-01 10:40:31,508 [INFO] CrossReferenceDbSqlite:203 - Set database path to: C:\Users\georg\.stmcufinder\plugins\mcufinder//mcu/cs/
2024-08-01 10:40:31,530 [INFO] ApplicationProperties:184 - Using Application install path: C:\ST\STM32CubeIDE_1.14.0\STM32CubeIDE\plugins\com.st.stm32cube.common.mx_6.10.0.202311202037
2024-08-01 10:40:31,534 [INFO] PluginManage:196 - Search for loadable plugins [exclusion list=, ]
2024-08-01 10:40:31,536 [INFO] PluginManage:310 - Check plugin analytics
2024-08-01 10:40:31,679 [INFO] AnalyticsPlugin:253 - Accepted Software Licenses: STM32CubeMX.6.12.0
2024-08-01 10:40:31,679 [INFO] AnalyticsPlugin:255 - Accepted CMSIS Pack Licenses: 
2024-08-01 10:40:31,679 [INFO] AnalyticsPlugin:257 - Accepted Firmware Licenses: FW.F4.1.28.0,FW.H7.1.11.0,FW.F4.1.27.0
2024-08-01 10:40:31,680 [INFO] PluginManage:359 - Loaded plugin analytics (category:tool,tabindex:-1)
2024-08-01 10:40:31,681 [INFO] PluginManage:310 - Check plugin cadmodel
2024-08-01 10:40:31,688 [INFO] CADModel:105 - Init CAD model plugin
2024-08-01 10:40:31,688 [INFO] PluginManage:359 - Loaded plugin cadmodel (category:power,tabindex:5)
2024-08-01 10:40:31,688 [INFO] PluginManage:310 - Check plugin clock
2024-08-01 10:40:31,703 [INFO] PluginManage:359 - Loaded plugin clock (category:base,tabindex:2)
2024-08-01 10:40:31,703 [INFO] PluginManage:310 - Check plugin ddr
2024-08-01 10:40:31,706 [INFO] PluginManage:359 - Loaded plugin ddr (category:tool,tabindex:6)
2024-08-01 10:40:31,707 [INFO] PluginManage:310 - Check plugin filemanager
2024-08-01 10:40:31,899 [INFO] PluginManage:359 - Loaded plugin filemanager (category:base,tabindex:10)
2024-08-01 10:40:31,899 [INFO] PluginManage:310 - Check plugin ipmanager
2024-08-01 10:40:31,908 [INFO] PluginManage:359 - Loaded plugin ipmanager (category:base,tabindex:5)
2024-08-01 10:40:31,908 [INFO] PluginManage:310 - Check plugin lpbam
2024-08-01 10:40:31,916 [INFO] PluginManage:359 - Loaded plugin lpbam (category:base,tabindex:0)
2024-08-01 10:40:31,916 [INFO] PluginManage:310 - Check plugin memorymap
2024-08-01 10:40:31,931 [INFO] PluginManage:359 - Loaded plugin memorymap (category:base,tabindex:4)
2024-08-01 10:40:31,931 [INFO] PluginManage:310 - Check plugin pinoutandconfiguration
2024-08-01 10:40:31,940 [INFO] PluginManage:359 - Loaded plugin pinoutandconfiguration (category:base,tabindex:1)
2024-08-01 10:40:31,941 [INFO] PluginManage:310 - Check plugin pinoutconfig
2024-08-01 10:40:32,083 [WARN] SupportedApi:132 - Cannot load RTOS API schema: s4s-elt-must-match.1: The content of 'definitions' must match (annotation?, (simpleType | complexType)?, (unique | key | keyref)*)). A problem was found starting at: attribute.
2024-08-01 10:40:32,290 [INFO] PluginManage:359 - Loaded plugin pinoutconfig (category:base,tabindex:0)
2024-08-01 10:40:32,291 [INFO] PluginManage:310 - Check plugin power
2024-08-01 10:40:32,302 [INFO] PluginManage:359 - Loaded plugin power (category:power,tabindex:4)
2024-08-01 10:40:32,303 [INFO] PluginManage:310 - Check plugin projectmanager
2024-08-01 10:40:32,321 [INFO] PluginManage:359 - Loaded plugin projectmanager (category:projectmanager,tabindex:3)
2024-08-01 10:40:32,322 [INFO] PluginManage:310 - Check plugin thirdparty
2024-08-01 10:40:32,486 [INFO] PluginManage:359 - Loaded plugin thirdparty (category:base,tabindex:-1)
2024-08-01 10:40:32,486 [WARN] IntegrityCheckThread:84 - waiting for thirdparty lock release [integrity check]
2024-08-01 10:40:32,486 [INFO] IntegrityCheckThread:86 - entering critical section [integrity check]
2024-08-01 10:40:32,486 [INFO] PluginManage:310 - Check plugin tools
2024-08-01 10:40:32,487 [INFO] ThirdPartyUpdaterWithRetryManager:70 - Updater plugin not ready yet. [1/15]
2024-08-01 10:40:32,490 [INFO] PluginManage:359 - Loaded plugin tools (category:base,tabindex:7)
2024-08-01 10:40:32,491 [INFO] PluginManage:310 - Check plugin tutovideos
2024-08-01 10:40:32,671 [INFO] PluginManage:359 - Loaded plugin tutovideos (category:base,tabindex:-1)
2024-08-01 10:40:32,671 [INFO] PluginManage:310 - Check plugin updater
2024-08-01 10:40:32,686 [INFO] PluginManage:359 - Loaded plugin updater (category:base,tabindex:12)
2024-08-01 10:40:32,686 [INFO] PluginManage:310 - Check plugin userauth
2024-08-01 10:40:32,692 [INFO] UserAuth:114 - Init User Auth plugin
2024-08-01 10:40:32,693 [INFO] PluginManage:359 - Loaded plugin userauth (category:base,tabindex:14)
2024-08-01 10:40:32,693 [INFO] PluginManage:283 - PluginManage : Loaded plugins [17]
2024-08-01 10:40:33,035 [INFO] PinOutPanel:1499 - setPackage(No Configuration,No Configuration)
2024-08-01 10:40:33,161 [INFO] CADModel:165 - CPN selected for project level
2024-08-01 10:40:33,161 [INFO] CADModel:114 - Register for checkConnection events
2024-08-01 10:40:33,212 [INFO] IPUIPlugin:80 - create IPUIPlugin
2024-08-01 10:40:33,212 [INFO] PluginManager:220 - loadIPPluginJar : add adc
2024-08-01 10:40:33,217 [INFO] IPUIPlugin:80 - create IPUIPlugin
2024-08-01 10:40:33,217 [INFO] PluginManager:220 - loadIPPluginJar : add aes
2024-08-01 10:40:33,221 [INFO] IPUIPlugin:80 - create IPUIPlugin
2024-08-01 10:40:33,222 [INFO] PluginManager:220 - loadIPPluginJar : add can
2024-08-01 10:40:33,225 [INFO] IPUIPlugin:80 - create IPUIPlugin
2024-08-01 10:40:33,225 [INFO] PluginManager:220 - loadIPPluginJar : add comp
2024-08-01 10:40:33,229 [INFO] IPUIPlugin:80 - create IPUIPlugin
2024-08-01 10:40:33,230 [INFO] PluginManager:220 - loadIPPluginJar : add cryp
2024-08-01 10:40:33,234 [INFO] IPUIPlugin:80 - create IPUIPlugin
2024-08-01 10:40:33,234 [INFO] PluginManager:220 - loadIPPluginJar : add dfsdm
2024-08-01 10:40:33,242 [INFO] IPUIPlugin:80 - create IPUIPlugin
2024-08-01 10:40:33,242 [INFO] PluginManager:220 - loadIPPluginJar : add dma
2024-08-01 10:40:33,247 [INFO] IPUIPlugin:80 - create IPUIPlugin
2024-08-01 10:40:33,247 [INFO] PluginManager:220 - loadIPPluginJar : add dma3
2024-08-01 10:40:33,249 [INFO] IPUIPlugin:80 - create IPUIPlugin
2024-08-01 10:40:33,250 [INFO] PluginManager:220 - loadIPPluginJar : add fatfs
2024-08-01 10:40:33,255 [INFO] IPUIPlugin:80 - create IPUIPlugin
2024-08-01 10:40:33,255 [INFO] PluginManager:220 - loadIPPluginJar : add fmc
2024-08-01 10:40:33,263 [INFO] IPUIPlugin:80 - create IPUIPlugin
2024-08-01 10:40:33,264 [INFO] PluginManager:220 - loadIPPluginJar : add freertos
2024-08-01 10:40:33,265 [INFO] IPUIPlugin:80 - create IPUIPlugin
2024-08-01 10:40:33,266 [INFO] PluginManager:220 - loadIPPluginJar : add genericplugin
2024-08-01 10:40:33,268 [INFO] IPUIPlugin:80 - create IPUIPlugin
2024-08-01 10:40:33,269 [INFO] PluginManager:220 - loadIPPluginJar : add gfxmmu
2024-08-01 10:40:33,277 [INFO] IPUIPlugin:80 - create IPUIPlugin
2024-08-01 10:40:33,277 [INFO] PluginManager:220 - loadIPPluginJar : add gic
2024-08-01 10:40:33,281 [INFO] IPUIPlugin:80 - create IPUIPlugin
2024-08-01 10:40:33,281 [INFO] PluginManager:220 - loadIPPluginJar : add gpio
2024-08-01 10:40:33,284 [INFO] IPUIPlugin:80 - create IPUIPlugin
2024-08-01 10:40:33,285 [INFO] PluginManager:220 - loadIPPluginJar : add gtzc
2024-08-01 10:40:33,287 [INFO] IPUIPlugin:80 - create IPUIPlugin
2024-08-01 10:40:33,288 [INFO] PluginManager:220 - loadIPPluginJar : add hash
2024-08-01 10:40:33,291 [INFO] IPUIPlugin:80 - create IPUIPlugin
2024-08-01 10:40:33,292 [INFO] PluginManager:220 - loadIPPluginJar : add i2c
2024-08-01 10:40:33,294 [INFO] IPUIPlugin:80 - create IPUIPlugin
2024-08-01 10:40:33,294 [INFO] PluginManager:220 - loadIPPluginJar : add i2s
2024-08-01 10:40:33,297 [INFO] IPUIPlugin:80 - create IPUIPlugin
2024-08-01 10:40:33,297 [INFO] PluginManager:220 - loadIPPluginJar : add i3c
2024-08-01 10:40:33,301 [INFO] IPUIPlugin:80 - create IPUIPlugin
2024-08-01 10:40:33,301 [INFO] PluginManager:220 - loadIPPluginJar : add ipddr
2024-08-01 10:40:33,312 [INFO] IPUIPlugin:80 - create IPUIPlugin
2024-08-01 10:40:33,312 [INFO] PluginManager:220 - loadIPPluginJar : add linkedlist
2024-08-01 10:40:33,316 [INFO] IPUIPlugin:80 - create IPUIPlugin
2024-08-01 10:40:33,316 [INFO] PluginManager:220 - loadIPPluginJar : add lorawan
2024-08-01 10:40:33,318 [INFO] IPUIPlugin:80 - create IPUIPlugin
2024-08-01 10:40:33,318 [INFO] PluginManager:220 - loadIPPluginJar : add ltdc
2024-08-01 10:40:33,325 [INFO] IPUIPlugin:80 - create IPUIPlugin
2024-08-01 10:40:33,325 [INFO] PluginManager:220 - loadIPPluginJar : add mdma
2024-08-01 10:40:33,330 [INFO] IPUIPlugin:80 - create IPUIPlugin
2024-08-01 10:40:33,331 [INFO] PluginManager:220 - loadIPPluginJar : add nvic
2024-08-01 10:40:33,334 [INFO] IPUIPlugin:80 - create IPUIPlugin
2024-08-01 10:40:33,335 [INFO] PluginManager:220 - loadIPPluginJar : add opamp
2024-08-01 10:40:33,339 [INFO] IPUIPlugin:80 - create IPUIPlugin
2024-08-01 10:40:33,340 [INFO] PluginManager:220 - loadIPPluginJar : add openamp
2024-08-01 10:40:33,344 [INFO] IPUIPlugin:80 - create IPUIPlugin
2024-08-01 10:40:33,344 [INFO] PluginManager:220 - loadIPPluginJar : add pdm2pcm
2024-08-01 10:40:33,350 [INFO] IPUIPlugin:80 - create IPUIPlugin
2024-08-01 10:40:33,352 [INFO] PluginManager:220 - loadIPPluginJar : add plateformsettings
2024-08-01 10:40:33,354 [INFO] IPUIPlugin:80 - create IPUIPlugin
2024-08-01 10:40:33,354 [INFO] PluginManager:220 - loadIPPluginJar : add quadspi
2024-08-01 10:40:33,360 [INFO] IPUIPlugin:80 - create IPUIPlugin
2024-08-01 10:40:33,360 [INFO] PluginManager:220 - loadIPPluginJar : add resmgrutility
2024-08-01 10:40:33,364 [INFO] IPUIPlugin:80 - create IPUIPlugin
2024-08-01 10:40:33,364 [INFO] PluginManager:220 - loadIPPluginJar : add sai
2024-08-01 10:40:33,366 [INFO] IPUIPlugin:80 - create IPUIPlugin
2024-08-01 10:40:33,366 [INFO] PluginManager:220 - loadIPPluginJar : add spi
2024-08-01 10:40:33,372 [INFO] IPUIPlugin:80 - create IPUIPlugin
2024-08-01 10:40:33,372 [INFO] PluginManager:220 - loadIPPluginJar : add stm32_wpan
2024-08-01 10:40:33,375 [INFO] IPUIPlugin:80 - create IPUIPlugin
2024-08-01 10:40:33,375 [INFO] PluginManager:220 - loadIPPluginJar : add tim
2024-08-01 10:40:33,378 [INFO] IPUIPlugin:80 - create IPUIPlugin
2024-08-01 10:40:33,378 [INFO] PluginManager:220 - loadIPPluginJar : add touchsensing
2024-08-01 10:40:33,381 [INFO] IPUIPlugin:80 - create IPUIPlugin
2024-08-01 10:40:33,381 [INFO] PluginManager:220 - loadIPPluginJar : add tracer_emb
2024-08-01 10:40:33,383 [INFO] IPUIPlugin:80 - create IPUIPlugin
2024-08-01 10:40:33,383 [INFO] PluginManager:220 - loadIPPluginJar : add ts
2024-08-01 10:40:33,386 [INFO] IPUIPlugin:80 - create IPUIPlugin
2024-08-01 10:40:33,386 [INFO] PluginManager:220 - loadIPPluginJar : add tsc
2024-08-01 10:40:33,388 [INFO] IPUIPlugin:80 - create IPUIPlugin
2024-08-01 10:40:33,388 [INFO] PluginManager:220 - loadIPPluginJar : add ucpd
2024-08-01 10:40:33,391 [INFO] IPUIPlugin:80 - create IPUIPlugin
2024-08-01 10:40:33,391 [INFO] PluginManager:220 - loadIPPluginJar : add usart
2024-08-01 10:40:33,394 [INFO] IPUIPlugin:80 - create IPUIPlugin
2024-08-01 10:40:33,394 [INFO] PluginManager:220 - loadIPPluginJar : add usbx
2024-08-01 10:40:33,525 [INFO] CADModel:165 - CPN selected for project level
2024-08-01 10:40:33,525 [INFO] CADModel:114 - Register for checkConnection events
2024-08-01 10:40:33,525 [FATAL] Updater:308 - Updater called before beeing initialized
2024-08-01 10:40:33,525 [ERROR] CADModel:125 - Updater not yet initialized, retry later 
2024-08-01 10:40:33,674 [INFO] CADModel:165 - CPN selected for project level
2024-08-01 10:40:33,674 [INFO] CADModel:114 - Register for checkConnection events
2024-08-01 10:40:33,674 [FATAL] Updater:308 - Updater called before beeing initialized
2024-08-01 10:40:33,674 [ERROR] CADModel:125 - Updater not yet initialized, retry later 
2024-08-01 10:40:33,678 [FATAL] Updater:308 - Updater called before beeing initialized
2024-08-01 10:40:33,782 [FATAL] Updater:308 - Updater called before beeing initialized
2024-08-01 10:40:33,787 [INFO] DbMcusAds:53 - JSON generation date=Thu May 16 12:22:01 EEST 2024 (1715851321109)
2024-08-01 10:40:33,787 [FATAL] Updater:308 - Updater called before beeing initialized
2024-08-01 10:40:33,826 [WARN] DetailPanel:346 - Failed to get advertising image, set to default
2024-08-01 10:40:33,902 [FATAL] Updater:308 - Updater called before beeing initialized
2024-08-01 10:40:33,905 [FATAL] Updater:308 - Updater called before beeing initialized
2024-08-01 10:40:33,906 [FATAL] Updater:308 - Updater called before beeing initialized
2024-08-01 10:40:33,906 [WARN] DetailPanel:346 - Failed to get advertising image, set to default
2024-08-01 10:40:33,906 [FATAL] Updater:308 - Updater called before beeing initialized
2024-08-01 10:40:33,953 [ERROR] Updater:1120 - MainUpdater not yet initialized. External WinMGr cannot be set.
2024-08-01 10:40:33,955 [INFO] Updater:1056 - Updater Version found : 6.10.0
2024-08-01 10:40:33,980 [INFO] ApplicationProperties:184 - Using Application install path: C:\ST\STM32CubeIDE_1.14.0\STM32CubeIDE\plugins\com.st.stm32cube.common.mx_6.10.0.202311202037
2024-08-01 10:40:35,488 [INFO] ThirdPartyUpdaterWithRetryManager:70 - Updater plugin not ready yet. [2/15]
2024-08-01 10:40:35,553 [ERROR] LogOutputStream:75 - [STDERR_REDIRECT] Aug 01, 2024 10:40:35 AM java.util.prefs.WindowsPreferences <init>
2024-08-01 10:40:35,554 [ERROR] LogOutputStream:75 - [STDERR_REDIRECT] WARNING: Could not open/create prefs root node Software\JavaSoft\Prefs at root 0xffffffff80000002. Windows RegCreateKeyEx(...) returned error code 5.
2024-08-01 10:40:35,554 [ERROR] LogOutputStream:75 - [STDERR_REDIRECT] 
2024-08-01 10:40:35,858 [INFO] MainUpdater:2873 - connection check result : 10
2024-08-01 10:40:35,859 [INFO] MainUpdater:290 - Updater Check For Update Now.
2024-08-01 10:40:35,859 [INFO] MicroXplorer:498 - Change Database Version : DB.6.0.100
2024-08-01 10:40:35,864 [INFO] McuFinderGlobals:63 - Set McuFinder mode to 2 (CubeIDE integrated)
2024-08-01 10:40:36,024 [INFO] CheckServerUpdateThread:120 - End of CheckServer Thread
2024-08-01 10:40:36,214 [INFO] UserAuth:404 - Internet connection configuration mode: 1
2024-08-01 10:40:36,230 [INFO] JxBrowserEngine:152 - Initiate JxBrowser Engine with user profile folder
2024-08-01 10:40:37,884 [INFO] WebApp:161 - Instantiating new browser for Auth
2024-08-01 10:40:38,576 [INFO] WebApp:780 - Register for checkConnection events
2024-08-01 10:40:38,577 [INFO] WebApp:414 - Apply proxy settings
2024-08-01 10:40:38,577 [INFO] WebApp:499 - Chromium requires no authentication
2024-08-01 10:40:38,585 [INFO] WebApp:442 - Direct internet connection detected
2024-08-01 10:40:38,682 [WARN] PackLoader:240 - Cannot read IP mode file for STMicroelectronics.FP-SNS-MOTENVWB1.1.4.0
2024-08-01 10:40:38,695 [WARN] PackLoader:240 - Cannot read IP mode file for STMicroelectronics.X-CUBE-SMBUS.2.1.0
2024-08-01 10:40:38,701 [WARN] PackLoader:240 - Cannot read IP mode file for STMicroelectronics.X-CUBE-TOUCHGFX.4.23.0
2024-08-01 10:40:38,726 [WARN] PackLoader:240 - Cannot read IP mode file for STMicroelectronics.X-CUBE-AZRTOS-F7.1.1.0
2024-08-01 10:40:38,737 [WARN] PackLoader:240 - Cannot read IP mode file for STMicroelectronics.FP-SNS-MOTENV1.4.3.2
2024-08-01 10:40:38,744 [WARN] PackLoader:240 - Cannot read IP mode file for STMicroelectronics.FP-SNS-FLIGHT1.5.0.2
2024-08-01 10:40:38,753 [WARN] PackLoader:240 - Cannot read IP mode file for STMicroelectronics.X-CUBE-DISPLAY.3.0.0
2024-08-01 10:40:38,766 [WARN] PackLoader:240 - Cannot read IP mode file for STMicroelectronics.X-CUBE-BLE1.7.0.0
2024-08-01 10:40:38,774 [WARN] PackLoader:240 - Cannot read IP mode file for emotas.I-CUBE-CANOPEN.1.3.0
2024-08-01 10:40:38,780 [WARN] PackLoader:240 - Cannot read IP mode file for STMicroelectronics.X-CUBE-TOUCHGFX.4.22.1
2024-08-01 10:40:38,791 [WARN] PackLoader:240 - Cannot read IP mode file for STMicroelectronics.X-CUBE-BLEMGR.3.1.0
2024-08-01 10:40:38,797 [WARN] PackLoader:240 - Cannot read IP mode file for STMicroelectronics.FP-SNS-SMARTAG2.1.2.0
2024-08-01 10:40:38,809 [INFO] LogOutputStream:77 - [STDOUT_REDIRECT] 1 : Invalid condition id : UX_CORESTACK_Condition cause : null
2024-08-01 10:40:38,809 [INFO] LogOutputStream:77 - [STDOUT_REDIRECT] 1 : Invalid condition id : UX_CORESTACK_Condition cause : null
2024-08-01 10:40:38,810 [INFO] LogOutputStream:77 - [STDOUT_REDIRECT] 1 : Invalid condition id : UX_CORESTACK_Condition cause : null
2024-08-01 10:40:38,811 [INFO] LogOutputStream:77 - [STDOUT_REDIRECT] 1 : Invalid condition id : UX_CORESTACK_Condition cause : null
2024-08-01 10:40:38,811 [INFO] LogOutputStream:77 - [STDOUT_REDIRECT] 1 : Invalid condition id : UX_CORESTACK_Condition cause : null
2024-08-01 10:40:38,814 [WARN] PackLoader:240 - Cannot read IP mode file for STMicroelectronics.X-CUBE-AZRTOS-WL.2.0.0
2024-08-01 10:40:38,819 [WARN] PackLoader:240 - Cannot read IP mode file for STMicroelectronics.FP-SNS-MOTENV1.5.0.0
2024-08-01 10:40:38,825 [WARN] PackLoader:240 - Cannot read IP mode file for wolfSSL.I-CUBE-wolfMQTT.1.19.0
2024-08-01 10:40:38,832 [WARN] PackLoader:240 - Cannot read IP mode file for WES.I-CUBE-Cesium.1.3.0
2024-08-01 10:40:38,839 [WARN] PackLoader:240 - Cannot read IP mode file for STMicroelectronics.X-CUBE-BLE2.3.3.0
2024-08-01 10:40:38,847 [WARN] PackLoader:240 - Cannot read IP mode file for STMicroelectronics.X-CUBE-TCPP.4.1.0
2024-08-01 10:40:38,853 [WARN] PackLoader:240 - Cannot read IP mode file for STMicroelectronics.X-CUBE-ALGOBUILD.1.3.0
2024-08-01 10:40:38,867 [WARN] PackLoader:240 - Cannot read IP mode file for STMicroelectronics.X-CUBE-AZRTOS-G0.1.1.0
2024-08-01 10:40:38,876 [WARN] PackLoader:240 - Cannot read IP mode file for STMicroelectronics.X-CUBE-SAFEA1.1.2.2
2024-08-01 10:40:38,879 [INFO] WebApp:192 - Starting web application
2024-08-01 10:40:38,880 [INFO] WebApp:544 - Web application path used C:\ST\STM32CubeIDE_1.14.0\STM32CubeIDE\plugins\com.st.stm32cube.common.mx_6.10.0.202311202037\db\plugins\mcufinder\reactClient1\index.html
2024-08-01 10:40:38,882 [WARN] PackLoader:240 - Cannot read IP mode file for STMicroelectronics.X-CUBE-NFC4.3.0.0
2024-08-01 10:40:38,891 [WARN] PackLoader:240 - Cannot read IP mode file for EmbeddedOffice.I-CUBE-FS-RTOS.1.0.1
2024-08-01 10:40:38,891 [ERROR] ConditionMgr:805 - Attr not supported : Dmpu
2024-08-01 10:40:38,892 [ERROR] ConditionMgr:805 - Attr not supported : Dmpu
2024-08-01 10:40:38,892 [ERROR] ConditionMgr:805 - Attr not supported : Dmpu
2024-08-01 10:40:38,892 [ERROR] ConditionMgr:805 - Attr not supported : Dmpu
2024-08-01 10:40:38,892 [ERROR] ConditionMgr:805 - Attr not supported : Dmpu
2024-08-01 10:40:38,892 [ERROR] ConditionMgr:805 - Attr not supported : Dmpu
2024-08-01 10:40:38,892 [ERROR] ConditionMgr:805 - Attr not supported : Dmpu
2024-08-01 10:40:38,892 [ERROR] ConditionMgr:805 - Attr not supported : Dmpu
2024-08-01 10:40:38,892 [ERROR] ConditionMgr:805 - Attr not supported : Dmpu
2024-08-01 10:40:38,892 [ERROR] ConditionMgr:805 - Attr not supported : Dmpu
2024-08-01 10:40:38,892 [ERROR] ConditionMgr:805 - Attr not supported : Dmpu
2024-08-01 10:40:38,892 [ERROR] ConditionMgr:805 - Attr not supported : Dmpu
2024-08-01 10:40:38,893 [ERROR] ConditionMgr:805 - Attr not supported : Dmpu
2024-08-01 10:40:38,893 [ERROR] ConditionMgr:805 - Attr not supported : Dmpu
2024-08-01 10:40:38,893 [ERROR] ConditionMgr:805 - Attr not supported : Dmpu
2024-08-01 10:40:38,893 [ERROR] ConditionMgr:805 - Attr not supported : Dmpu
2024-08-01 10:40:38,893 [ERROR] ConditionMgr:805 - Attr not supported : Dmpu
2024-08-01 10:40:38,893 [ERROR] ConditionMgr:805 - Attr not supported : Dmpu
2024-08-01 10:40:38,893 [ERROR] ConditionMgr:805 - Attr not supported : Dmpu
2024-08-01 10:40:38,893 [ERROR] ConditionMgr:805 - Attr not supported : Dmpu
2024-08-01 10:40:38,893 [ERROR] ConditionMgr:805 - Attr not supported : Dmpu
2024-08-01 10:40:38,893 [ERROR] ConditionMgr:805 - Attr not supported : Dmpu
2024-08-01 10:40:38,894 [ERROR] ConditionMgr:805 - Attr not supported : Dmpu
2024-08-01 10:40:38,894 [ERROR] ConditionMgr:805 - Attr not supported : Dmpu
2024-08-01 10:40:38,894 [ERROR] ConditionMgr:805 - Attr not supported : Dmpu
2024-08-01 10:40:38,894 [ERROR] ConditionMgr:805 - Attr not supported : Dmpu
2024-08-01 10:40:38,894 [ERROR] ConditionMgr:805 - Attr not supported : Dmpu
2024-08-01 10:40:38,894 [ERROR] ConditionMgr:805 - Attr not supported : Dmpu
2024-08-01 10:40:38,894 [ERROR] ConditionMgr:805 - Attr not supported : Dmpu
2024-08-01 10:40:38,894 [ERROR] ConditionMgr:805 - Attr not supported : Dmpu
2024-08-01 10:40:38,894 [ERROR] ConditionMgr:805 - Attr not supported : Dmpu
2024-08-01 10:40:38,894 [ERROR] ConditionMgr:805 - Attr not supported : Dmpu
2024-08-01 10:40:38,894 [ERROR] ConditionMgr:805 - Attr not supported : Dmpu
2024-08-01 10:40:38,894 [ERROR] ConditionMgr:805 - Attr not supported : Dmpu
2024-08-01 10:40:38,895 [ERROR] ConditionMgr:805 - Attr not supported : Dmpu
2024-08-01 10:40:38,895 [ERROR] ConditionMgr:805 - Attr not supported : Dmpu
2024-08-01 10:40:38,895 [ERROR] ConditionMgr:805 - Attr not supported : Dmpu
2024-08-01 10:40:38,895 [ERROR] ConditionMgr:805 - Attr not supported : Dmpu
2024-08-01 10:40:38,895 [ERROR] ConditionMgr:805 - Attr not supported : Dmpu
2024-08-01 10:40:38,895 [ERROR] ConditionMgr:805 - Attr not supported : Dmpu
2024-08-01 10:40:38,895 [ERROR] ConditionMgr:805 - Attr not supported : Dmpu
2024-08-01 10:40:38,895 [ERROR] ConditionMgr:805 - Attr not supported : Dmpu
2024-08-01 10:40:38,895 [ERROR] ConditionMgr:805 - Attr not supported : Dmpu
2024-08-01 10:40:38,895 [ERROR] ConditionMgr:805 - Attr not supported : Dmpu
2024-08-01 10:40:38,895 [ERROR] ConditionMgr:805 - Attr not supported : Dmpu
2024-08-01 10:40:38,896 [ERROR] ConditionMgr:805 - Attr not supported : Dmpu
2024-08-01 10:40:38,896 [ERROR] ConditionMgr:805 - Attr not supported : Dmpu
2024-08-01 10:40:38,896 [ERROR] ConditionMgr:805 - Attr not supported : Dmpu
2024-08-01 10:40:38,896 [ERROR] ConditionMgr:805 - Attr not supported : Dmpu
2024-08-01 10:40:38,896 [ERROR] ConditionMgr:805 - Attr not supported : Dmpu
2024-08-01 10:40:38,896 [ERROR] ConditionMgr:805 - Attr not supported : Dmpu
2024-08-01 10:40:38,896 [ERROR] ConditionMgr:805 - Attr not supported : Dmpu
2024-08-01 10:40:38,896 [ERROR] ConditionMgr:805 - Attr not supported : Dmpu
2024-08-01 10:40:38,896 [ERROR] ConditionMgr:805 - Attr not supported : Dmpu
2024-08-01 10:40:38,896 [ERROR] ConditionMgr:805 - Attr not supported : Dmpu
2024-08-01 10:40:38,896 [ERROR] ConditionMgr:805 - Attr not supported : Dmpu
2024-08-01 10:40:38,896 [ERROR] ConditionMgr:805 - Attr not supported : Dmpu
2024-08-01 10:40:38,896 [ERROR] ConditionMgr:805 - Attr not supported : Dmpu
2024-08-01 10:40:38,896 [ERROR] ConditionMgr:805 - Attr not supported : Dmpu
2024-08-01 10:40:38,897 [ERROR] ConditionMgr:805 - Attr not supported : Dmpu
2024-08-01 10:40:38,897 [ERROR] ConditionMgr:805 - Attr not supported : Dmpu
2024-08-01 10:40:38,897 [ERROR] ConditionMgr:805 - Attr not supported : Dmpu
2024-08-01 10:40:38,897 [ERROR] ConditionMgr:805 - Attr not supported : Dmpu
2024-08-01 10:40:38,897 [ERROR] ConditionMgr:805 - Attr not supported : Dmpu
2024-08-01 10:40:38,904 [WARN] PackLoader:240 - Cannot read IP mode file for STMicroelectronics.X-CUBE-BLEMGR.3.0.0
2024-08-01 10:40:38,919 [WARN] PackLoader:240 - Cannot read IP mode file for RealThread.X-CUBE-RT-Thread_Nano.4.1.1
2024-08-01 10:40:38,923 [WARN] PackLoader:240 - Cannot read IP mode file for STMicroelectronics.FP-ATR-SIGFOX1.3.2.0
2024-08-01 10:40:38,930 [WARN] PackLoader:240 - Cannot read IP mode file for STMicroelectronics.X-CUBE-EEPRMA1.5.1.0
2024-08-01 10:40:38,955 [WARN] PackLoader:240 - Cannot read IP mode file for SEGGER.I-CUBE-embOS.1.3.1
2024-08-01 10:40:38,990 [WARN] PackLoader:240 - Cannot read IP mode file for STMicroelectronics.X-CUBE-ALGOBUILD.1.4.0
2024-08-01 10:40:38,996 [WARN] PackLoader:240 - Cannot read IP mode file for STMicroelectronics.X-CUBE-GNSS1.6.0.0
2024-08-01 10:40:39,017 [WARN] PackLoader:240 - Cannot read IP mode file for STMicroelectronics.X-CUBE-AZRTOS-F4.1.1.0
2024-08-01 10:40:39,026 [WARN] PackLoader:240 - Cannot read IP mode file for wolfSSL.I-CUBE-wolfSSL.5.6.4
2024-08-01 10:40:39,033 [WARN] PackLoader:240 - Cannot read IP mode file for STMicroelectronics.X-CUBE-FREERTOS.1.2.0
2024-08-01 10:40:39,049 [WARN] PackLoader:240 - Cannot read IP mode file for STMicroelectronics.X-CUBE-AZRTOS-L5.2.0.0
2024-08-01 10:40:39,057 [WARN] PackLoader:240 - Cannot read IP mode file for STMicroelectronics.X-CUBE-EEPRMA1.4.2.0
2024-08-01 10:40:39,067 [WARN] PackLoader:240 - Cannot read IP mode file for STMicroelectronics.X-CUBE-NFC6.3.1.0
2024-08-01 10:40:39,078 [WARN] PackLoader:240 - Cannot read IP mode file for ITTIA_DB.I-CUBE-ITTIADB.8.8.0
2024-08-01 10:40:39,086 [WARN] PackLoader:240 - Cannot read IP mode file for STMicroelectronics.X-CUBE-DPower.1.2.0
2024-08-01 10:40:39,094 [WARN] PackLoader:240 - Cannot read IP mode file for STMicroelectronics.X-CUBE-AI.9.0.0
2024-08-01 10:40:39,109 [WARN] ConditionMgr:438 - getConditionDescription Invalid condition id : UX DEVICE CLASS RTOS Condition cause : null
2024-08-01 10:40:39,109 [WARN] ConditionMgr:438 - getConditionDescription Invalid condition id : UX DEVICE CLASS RTOS Condition cause : null
2024-08-01 10:40:39,111 [WARN] PackLoader:240 - Cannot read IP mode file for STMicroelectronics.X-CUBE-AZRTOS-H7.3.1.0
2024-08-01 10:40:39,113 [WARN] ConditionMgr:1039 - genDependencies : Invalid condition id : UX DEVICE CLASS RTOS Condition cause : null
2024-08-01 10:40:39,113 [WARN] ConditionMgr:1039 - genDependencies : Invalid condition id : UX DEVICE CLASS RTOS Condition cause : null
2024-08-01 10:40:39,114 [WARN] ConditionMgr:1039 - genDependencies : Invalid condition id : UX DEVICE CLASS RTOS Condition cause : null
2024-08-01 10:40:39,114 [WARN] ConditionMgr:1039 - genDependencies : Invalid condition id : UX DEVICE CLASS RTOS Condition cause : null
2024-08-01 10:40:39,114 [WARN] ConditionMgr:1039 - genDependencies : Invalid condition id : UX DEVICE CLASS RTOS Condition cause : null
2024-08-01 10:40:39,122 [WARN] PackLoader:240 - Cannot read IP mode file for STMicroelectronics.X-CUBE-NFC7.1.0.1
2024-08-01 10:40:39,128 [WARN] PackLoader:240 - Cannot read IP mode file for wolfSSL.I-CUBE-wolfTPM.3.2.0
2024-08-01 10:40:39,136 [WARN] PackLoader:240 - Cannot read IP mode file for STMicroelectronics.X-CUBE-NFC6.3.0.0
2024-08-01 10:40:39,146 [WARN] PackLoader:240 - Cannot read IP mode file for STMicroelectronics.X-CUBE-AI.8.1.0
2024-08-01 10:40:39,169 [WARN] ConditionMgr:438 - getConditionDescription Invalid condition id : LAN8742 Phy interface Condition cause : null
2024-08-01 10:40:39,170 [WARN] PackLoader:240 - Cannot read IP mode file for STMicroelectronics.X-CUBE-AZRTOS-L4.2.0.0
2024-08-01 10:40:39,172 [WARN] ConditionMgr:1039 - genDependencies : Invalid condition id : LAN8742 Phy interface Condition cause : null
2024-08-01 10:40:39,173 [WARN] ConditionMgr:1039 - genDependencies : Invalid condition id : LAN8742 Phy interface Condition cause : null
2024-08-01 10:40:39,174 [WARN] ConditionMgr:1039 - genDependencies : Invalid condition id : LAN8742 Phy interface Condition cause : null
2024-08-01 10:40:39,185 [WARN] PackLoader:240 - Cannot read IP mode file for STMicroelectronics.X-CUBE-SFXS2LP1.4.0.0
2024-08-01 10:40:39,193 [WARN] PackLoader:240 - Cannot read IP mode file for STMicroelectronics.X-CUBE-ISPU.1.1.0
2024-08-01 10:40:39,208 [WARN] ConditionMgr:438 - getConditionDescription Invalid condition id : UX DEVICE CLASS RTOS Condition cause : null
2024-08-01 10:40:39,208 [WARN] ConditionMgr:438 - getConditionDescription Invalid condition id : UX DEVICE CLASS RTOS Condition cause : null
2024-08-01 10:40:39,212 [WARN] PackLoader:240 - Cannot read IP mode file for STMicroelectronics.X-CUBE-AZRTOS-WB.2.0.0
2024-08-01 10:40:39,214 [WARN] ConditionMgr:1039 - genDependencies : Invalid condition id : UX DEVICE CLASS RTOS Condition cause : null
2024-08-01 10:40:39,214 [WARN] ConditionMgr:1039 - genDependencies : Invalid condition id : UX DEVICE CLASS RTOS Condition cause : null
2024-08-01 10:40:39,215 [WARN] ConditionMgr:1039 - genDependencies : Invalid condition id : UX DEVICE CLASS RTOS Condition cause : null
2024-08-01 10:40:39,215 [WARN] ConditionMgr:1039 - genDependencies : Invalid condition id : UX DEVICE CLASS RTOS Condition cause : null
2024-08-01 10:40:39,215 [WARN] ConditionMgr:1039 - genDependencies : Invalid condition id : UX DEVICE CLASS RTOS Condition cause : null
2024-08-01 10:40:39,225 [WARN] PackLoader:240 - Cannot read IP mode file for STMicroelectronics.FP-SNS-STBOX1.2.0.0
2024-08-01 10:40:39,265 [WARN] PackLoader:240 - Cannot read IP mode file for STMicroelectronics.X-CUBE-SUBG2.5.0.0
2024-08-01 10:40:39,285 [WARN] PackLoader:240 - Cannot read IP mode file for Cesanta.I-CUBE-Mongoose.7.13.0
2024-08-01 10:40:39,308 [WARN] PackLoader:240 - Cannot read IP mode file for STMicroelectronics.X-CUBE-AZRTOS-G4.2.0.0
2024-08-01 10:40:39,328 [WARN] PackLoader:240 - Cannot read IP mode file for Infineon.AIROC-Wi-Fi-Bluetooth-STM32.1.5.1
2024-08-01 10:40:39,339 [WARN] PackLoader:240 - Cannot read IP mode file for STMicroelectronics.FP-SNS-MOTENVWB1.1.3.0
2024-08-01 10:40:39,348 [WARN] PackLoader:240 - Cannot read IP mode file for STMicroelectronics.FP-SNS-MOTENVWB1.1.3.1
2024-08-01 10:40:39,353 [WARN] PackLoader:240 - Cannot read IP mode file for STMicroelectronics.X-CUBE-ISPU.2.0.0
2024-08-01 10:40:39,361 [WARN] PackLoader:240 - Cannot read IP mode file for STMicroelectronics.X-CUBE-ALS.1.0.2
2024-08-01 10:40:39,400 [WARN] PackLoader:240 - Cannot read IP mode file for STMicroelectronics.X-CUBE-MEMS1.10.0.0
2024-08-01 10:40:39,503 [WARN] PackLoader:240 - Cannot read IP mode file for STMicroelectronics.X-CUBE-FREERTOS.1.1.0
2024-08-01 10:40:39,509 [WARN] PackLoader:240 - Cannot read IP mode file for STMicroelectronics.X-CUBE-TOUCHGFX.4.24.0
2024-08-01 10:40:39,515 [WARN] PackLoader:240 - Cannot read IP mode file for portGmbH.I-Cube-SoM-uGOAL.1.1.0
2024-08-01 10:40:39,520 [WARN] PackLoader:240 - Cannot read IP mode file for STMicroelectronics.X-CUBE-ALS.1.0.1
2024-08-01 10:40:39,534 [WARN] PackLoader:240 - Cannot read IP mode file for STMicroelectronics.X-CUBE-AZRTOS-H7RS.1.0.0
2024-08-01 10:40:39,546 [WARN] PackLoader:240 - Cannot read IP mode file for STMicroelectronics.FP-ATR-ASTRA1.2.0.0
2024-08-01 10:40:39,564 [WARN] PackLoader:240 - Cannot read IP mode file for STMicroelectronics.X-CUBE-TOF1.3.4.2
2024-08-01 10:40:39,580 [WARN] PackLoader:240 - Cannot read IP mode file for STMicroelectronics.X-CUBE-TOF1.3.4.0
2024-08-01 10:40:39,597 [WARN] PackLoader:240 - Cannot read IP mode file for STMicroelectronics.X-CUBE-TOF1.3.4.1
2024-08-01 10:40:39,626 [WARN] PackLoader:240 - Cannot read IP mode file for STMicroelectronics.X-CUBE-AZRTOS-H7.3.2.0
2024-08-01 10:40:39,634 [WARN] PackLoader:240 - Cannot read IP mode file for wolfSSL.I-CUBE-wolfSSH.1.4.17
2024-08-01 10:40:39,635 [INFO] ThirdParty:978 - Integrity check success = true
2024-08-01 10:40:39,635 [INFO] IntegrityCheckThread:100 - exiting critical section [integrity check]
2024-08-01 10:40:39,635 [INFO] IntegrityCheckThread:103 - End integrity checks thread
2024-08-01 10:41:33,291 [ERROR] LogOutputStream:75 - [STDERR_REDIRECT] SLF4J: Failed to load class "org.slf4j.impl.StaticLoggerBinder".
2024-08-01 10:41:33,292 [ERROR] LogOutputStream:75 - [STDERR_REDIRECT] SLF4J: Defaulting to no-operation (NOP) logger implementation
2024-08-01 10:41:33,292 [ERROR] LogOutputStream:75 - [STDERR_REDIRECT] SLF4J: See http://www.slf4j.org/codes.html#StaticLoggerBinder for further details.
2024-08-01 21:22:45,315 [ERROR] LogOutputStream:75 - [STDERR_REDIRECT] 
