2024-07-25 01:44:07,088 [ERROR] LogOutputStream:75 - [STDERR_REDIRECT] 
2024-07-25 10:50:43,532 [INFO] Activator:176 - 


2024-07-25 10:50:43,534 [INFO] Activator:177 - !SESSION log4j initialized
2024-07-25 10:50:50,106 [INFO] LogOutputStream:77 - [STDOUT_REDIRECT] 
2024-07-25 10:51:09,027 [INFO] ApplicationProperties:184 - Using Application install path: C:\ST\STM32CubeIDE_1.14.0\STM32CubeIDE\plugins\com.st.stm32cube.common.mx_6.10.0.202311202037
2024-07-25 10:51:09,044 [INFO] DbMcusXml:78 - Set database path to: C:\ST\STM32CubeIDE_1.14.0\STM32CubeIDE\plugins\com.st.stm32cube.common.mx_6.10.0.202311202037\\db\/mcu/
2024-07-25 10:51:09,045 [INFO] ApiDb:274 - Set plugin database path to: C:\ST\STM32CubeIDE_1.14.0\STM32CubeIDE\plugins\com.st.stm32cube.common.mx_6.10.0.202311202037\\db\/plugins/boardmanager/
2024-07-25 10:51:09,045 [WARN] ApiDb:259 - Overriding images path with different value:  => C:\ST\STM32CubeIDE_1.14.0\STM32CubeIDE\plugins\com.st.stm32cube.common.mx_6.10.0.202311202037\\db\/plugins/mcufinder/images/
2024-07-25 10:51:09,061 [INFO] ApiDb:250 - Set database path to: C:\Users\georg\.stmcufinder\plugins\mcufinder//mcu/
2024-07-25 10:51:09,062 [INFO] DbMcusAds:125 - Set database path to: C:\Users\georg\.stmcufinder\plugins\mcufinder//mcu/
2024-07-25 10:51:09,115 [INFO] CrossReferenceDbSqlite:203 - Set database path to: C:\Users\georg\.stmcufinder\plugins\mcufinder//mcu/cs/
2024-07-25 10:51:09,206 [INFO] RulesReader:64 - Compatibility file has been processed (297 Rules)
2024-07-25 10:51:09,288 [INFO] DbMcusXml:78 - Set database path to: C:\ST\STM32CubeIDE_1.14.0\STM32CubeIDE\plugins\com.st.stm32cube.common.mx_6.10.0.202311202037\\db\/mcu/
2024-07-25 10:51:09,288 [INFO] ApiDb:274 - Set plugin database path to: C:\ST\STM32CubeIDE_1.14.0\STM32CubeIDE\plugins\com.st.stm32cube.common.mx_6.10.0.202311202037\\db\/plugins/boardmanager/
2024-07-25 10:51:09,288 [INFO] ApiDb:261 - Set plugin images path to: C:\ST\STM32CubeIDE_1.14.0\STM32CubeIDE\plugins\com.st.stm32cube.common.mx_6.10.0.202311202037\\db\/plugins/mcufinder/images/
2024-07-25 10:51:09,288 [WARN] DbFile:41 - Overriding database path with different value: C:\Users\georg\.stmcufinder\plugins\mcufinder/ => C:\Users\georg\.stmcufinder\plugins\mcufinder
2024-07-25 10:51:09,288 [INFO] ApiDb:250 - Set database path to: C:\Users\georg\.stmcufinder\plugins\mcufinder//mcu/
2024-07-25 10:51:09,288 [WARN] DbFile:41 - Overriding database path with different value: C:\Users\georg\.stmcufinder\plugins\mcufinder/ => C:\Users\georg\.stmcufinder\plugins\mcufinder
2024-07-25 10:51:09,288 [INFO] DbMcusAds:125 - Set database path to: C:\Users\georg\.stmcufinder\plugins\mcufinder//mcu/
2024-07-25 10:51:09,289 [WARN] DbFile:41 - Overriding database path with different value: C:\Users\georg\.stmcufinder\plugins\mcufinder/ => C:\Users\georg\.stmcufinder\plugins\mcufinder
2024-07-25 10:51:09,289 [WARN] DbFile:41 - Overriding database path with different value: C:\Users\georg\.stmcufinder\plugins\mcufinder/ => C:\Users\georg\.stmcufinder\plugins\mcufinder
2024-07-25 10:51:09,289 [INFO] CrossReferenceDbSqlite:203 - Set database path to: C:\Users\georg\.stmcufinder\plugins\mcufinder//mcu/cs/
2024-07-25 10:51:09,358 [INFO] MainPanel:264 - HeapMemory: 268435456
2024-07-25 10:51:09,456 [INFO] DbMcusXml:78 - Set database path to: C:\ST\STM32CubeIDE_1.14.0\STM32CubeIDE\plugins\com.st.stm32cube.common.mx_6.10.0.202311202037\\db\/mcu/
2024-07-25 10:51:09,456 [INFO] ApiDb:274 - Set plugin database path to: C:\ST\STM32CubeIDE_1.14.0\STM32CubeIDE\plugins\com.st.stm32cube.common.mx_6.10.0.202311202037\\db\/plugins/boardmanager/
2024-07-25 10:51:09,456 [INFO] ApiDb:261 - Set plugin images path to: C:\ST\STM32CubeIDE_1.14.0\STM32CubeIDE\plugins\com.st.stm32cube.common.mx_6.10.0.202311202037\\db\/plugins/mcufinder/images/
2024-07-25 10:51:09,456 [WARN] DbFile:41 - Overriding database path with different value: C:\Users\georg\.stmcufinder\plugins\mcufinder/ => C:\Users\georg\.stmcufinder\plugins\mcufinder
2024-07-25 10:51:09,456 [INFO] ApiDb:250 - Set database path to: C:\Users\georg\.stmcufinder\plugins\mcufinder//mcu/
2024-07-25 10:51:09,457 [WARN] DbFile:41 - Overriding database path with different value: C:\Users\georg\.stmcufinder\plugins\mcufinder/ => C:\Users\georg\.stmcufinder\plugins\mcufinder
2024-07-25 10:51:09,457 [INFO] DbMcusAds:125 - Set database path to: C:\Users\georg\.stmcufinder\plugins\mcufinder//mcu/
2024-07-25 10:51:09,457 [WARN] DbFile:41 - Overriding database path with different value: C:\Users\georg\.stmcufinder\plugins\mcufinder/ => C:\Users\georg\.stmcufinder\plugins\mcufinder
2024-07-25 10:51:09,457 [WARN] DbFile:41 - Overriding database path with different value: C:\Users\georg\.stmcufinder\plugins\mcufinder/ => C:\Users\georg\.stmcufinder\plugins\mcufinder
2024-07-25 10:51:09,457 [INFO] CrossReferenceDbSqlite:203 - Set database path to: C:\Users\georg\.stmcufinder\plugins\mcufinder//mcu/cs/
2024-07-25 10:51:09,474 [INFO] ApplicationProperties:184 - Using Application install path: C:\ST\STM32CubeIDE_1.14.0\STM32CubeIDE\plugins\com.st.stm32cube.common.mx_6.10.0.202311202037
2024-07-25 10:51:09,476 [INFO] PluginManage:196 - Search for loadable plugins [exclusion list=, ]
2024-07-25 10:51:09,477 [INFO] PluginManage:310 - Check plugin analytics
2024-07-25 10:51:25,189 [INFO] AnalyticsPlugin:253 - Accepted Software Licenses: STM32CubeMX.6.12.0
2024-07-25 10:51:25,189 [INFO] AnalyticsPlugin:255 - Accepted CMSIS Pack Licenses: 
2024-07-25 10:51:25,189 [INFO] AnalyticsPlugin:257 - Accepted Firmware Licenses: FW.F4.1.28.0,FW.H7.1.11.0,FW.F4.1.27.0
2024-07-25 10:51:25,192 [INFO] PluginManage:359 - Loaded plugin analytics (category:tool,tabindex:-1)
2024-07-25 10:51:25,192 [INFO] PluginManage:310 - Check plugin cadmodel
2024-07-25 10:51:25,208 [INFO] CADModel:105 - Init CAD model plugin
2024-07-25 10:51:25,208 [INFO] PluginManage:359 - Loaded plugin cadmodel (category:power,tabindex:5)
2024-07-25 10:51:25,208 [INFO] PluginManage:310 - Check plugin clock
2024-07-25 10:51:25,229 [INFO] PluginManage:359 - Loaded plugin clock (category:base,tabindex:2)
2024-07-25 10:51:25,229 [INFO] PluginManage:310 - Check plugin ddr
2024-07-25 10:51:25,231 [INFO] PluginManage:359 - Loaded plugin ddr (category:tool,tabindex:6)
2024-07-25 10:51:25,231 [INFO] PluginManage:310 - Check plugin filemanager
2024-07-25 10:51:25,523 [INFO] PluginManage:359 - Loaded plugin filemanager (category:base,tabindex:10)
2024-07-25 10:51:25,523 [INFO] PluginManage:310 - Check plugin ipmanager
2024-07-25 10:51:25,530 [INFO] PluginManage:359 - Loaded plugin ipmanager (category:base,tabindex:5)
2024-07-25 10:51:25,530 [INFO] PluginManage:310 - Check plugin lpbam
2024-07-25 10:51:25,547 [INFO] PluginManage:359 - Loaded plugin lpbam (category:base,tabindex:0)
2024-07-25 10:51:25,547 [INFO] PluginManage:310 - Check plugin memorymap
2024-07-25 10:51:25,570 [INFO] PluginManage:359 - Loaded plugin memorymap (category:base,tabindex:4)
2024-07-25 10:51:25,570 [INFO] PluginManage:310 - Check plugin pinoutandconfiguration
2024-07-25 10:51:25,589 [INFO] PluginManage:359 - Loaded plugin pinoutandconfiguration (category:base,tabindex:1)
2024-07-25 10:51:25,589 [INFO] PluginManage:310 - Check plugin pinoutconfig
2024-07-25 10:51:25,692 [WARN] SupportedApi:132 - Cannot load RTOS API schema: s4s-elt-must-match.1: The content of 'definitions' must match (annotation?, (simpleType | complexType)?, (unique | key | keyref)*)). A problem was found starting at: attribute.
2024-07-25 10:51:25,807 [INFO] PluginManage:359 - Loaded plugin pinoutconfig (category:base,tabindex:0)
2024-07-25 10:51:25,808 [INFO] PluginManage:310 - Check plugin power
2024-07-25 10:51:25,826 [INFO] PluginManage:359 - Loaded plugin power (category:power,tabindex:4)
2024-07-25 10:51:25,827 [INFO] PluginManage:310 - Check plugin projectmanager
2024-07-25 10:51:25,841 [INFO] PluginManage:359 - Loaded plugin projectmanager (category:projectmanager,tabindex:3)
2024-07-25 10:51:25,841 [INFO] PluginManage:310 - Check plugin thirdparty
2024-07-25 10:51:26,105 [INFO] PluginManage:359 - Loaded plugin thirdparty (category:base,tabindex:-1)
2024-07-25 10:51:26,106 [INFO] PluginManage:310 - Check plugin tools
2024-07-25 10:51:26,106 [WARN] IntegrityCheckThread:84 - waiting for thirdparty lock release [integrity check]
2024-07-25 10:51:26,106 [INFO] IntegrityCheckThread:86 - entering critical section [integrity check]
2024-07-25 10:51:26,106 [INFO] ThirdPartyUpdaterWithRetryManager:70 - Updater plugin not ready yet. [1/15]
2024-07-25 10:51:26,137 [INFO] PluginManage:359 - Loaded plugin tools (category:base,tabindex:7)
2024-07-25 10:51:26,137 [INFO] PluginManage:310 - Check plugin tutovideos
2024-07-25 10:51:26,327 [INFO] PluginManage:359 - Loaded plugin tutovideos (category:base,tabindex:-1)
2024-07-25 10:51:26,328 [INFO] PluginManage:310 - Check plugin updater
2024-07-25 10:51:26,341 [INFO] PluginManage:359 - Loaded plugin updater (category:base,tabindex:12)
2024-07-25 10:51:26,341 [INFO] PluginManage:310 - Check plugin userauth
2024-07-25 10:51:26,347 [INFO] UserAuth:114 - Init User Auth plugin
2024-07-25 10:51:26,347 [INFO] PluginManage:359 - Loaded plugin userauth (category:base,tabindex:14)
2024-07-25 10:51:26,348 [INFO] PluginManage:283 - PluginManage : Loaded plugins [17]
2024-07-25 10:51:26,548 [INFO] PinOutPanel:1499 - setPackage(No Configuration,No Configuration)
2024-07-25 10:51:26,619 [INFO] CADModel:165 - CPN selected for project level
2024-07-25 10:51:26,619 [INFO] CADModel:114 - Register for checkConnection events
2024-07-25 10:51:26,650 [INFO] IPUIPlugin:80 - create IPUIPlugin
2024-07-25 10:51:26,650 [INFO] PluginManager:220 - loadIPPluginJar : add adc
2024-07-25 10:51:26,685 [INFO] IPUIPlugin:80 - create IPUIPlugin
2024-07-25 10:51:26,685 [INFO] PluginManager:220 - loadIPPluginJar : add aes
2024-07-25 10:51:26,724 [INFO] IPUIPlugin:80 - create IPUIPlugin
2024-07-25 10:51:26,724 [INFO] PluginManager:220 - loadIPPluginJar : add can
2024-07-25 10:51:26,748 [INFO] IPUIPlugin:80 - create IPUIPlugin
2024-07-25 10:51:26,748 [INFO] PluginManager:220 - loadIPPluginJar : add comp
2024-07-25 10:51:26,781 [INFO] IPUIPlugin:80 - create IPUIPlugin
2024-07-25 10:51:26,781 [INFO] PluginManager:220 - loadIPPluginJar : add cryp
2024-07-25 10:51:26,818 [INFO] IPUIPlugin:80 - create IPUIPlugin
2024-07-25 10:51:26,818 [INFO] PluginManager:220 - loadIPPluginJar : add dfsdm
2024-07-25 10:51:26,834 [INFO] IPUIPlugin:80 - create IPUIPlugin
2024-07-25 10:51:26,834 [INFO] PluginManager:220 - loadIPPluginJar : add dma
2024-07-25 10:51:26,881 [INFO] IPUIPlugin:80 - create IPUIPlugin
2024-07-25 10:51:26,881 [INFO] PluginManager:220 - loadIPPluginJar : add dma3
2024-07-25 10:51:26,902 [INFO] IPUIPlugin:80 - create IPUIPlugin
2024-07-25 10:51:26,902 [INFO] PluginManager:220 - loadIPPluginJar : add fatfs
2024-07-25 10:51:26,951 [INFO] IPUIPlugin:80 - create IPUIPlugin
2024-07-25 10:51:26,951 [INFO] PluginManager:220 - loadIPPluginJar : add fmc
2024-07-25 10:51:26,967 [INFO] IPUIPlugin:80 - create IPUIPlugin
2024-07-25 10:51:26,968 [INFO] PluginManager:220 - loadIPPluginJar : add freertos
2024-07-25 10:51:26,989 [INFO] IPUIPlugin:80 - create IPUIPlugin
2024-07-25 10:51:26,989 [INFO] PluginManager:220 - loadIPPluginJar : add genericplugin
2024-07-25 10:51:27,071 [INFO] IPUIPlugin:80 - create IPUIPlugin
2024-07-25 10:51:27,071 [INFO] PluginManager:220 - loadIPPluginJar : add gfxmmu
2024-07-25 10:51:27,193 [INFO] IPUIPlugin:80 - create IPUIPlugin
2024-07-25 10:51:27,193 [INFO] PluginManager:220 - loadIPPluginJar : add gic
2024-07-25 10:51:27,207 [INFO] IPUIPlugin:80 - create IPUIPlugin
2024-07-25 10:51:27,207 [INFO] PluginManager:220 - loadIPPluginJar : add gpio
2024-07-25 10:51:27,306 [INFO] IPUIPlugin:80 - create IPUIPlugin
2024-07-25 10:51:27,306 [INFO] PluginManager:220 - loadIPPluginJar : add gtzc
2024-07-25 10:51:27,344 [INFO] IPUIPlugin:80 - create IPUIPlugin
2024-07-25 10:51:27,344 [INFO] PluginManager:220 - loadIPPluginJar : add hash
2024-07-25 10:51:27,389 [INFO] IPUIPlugin:80 - create IPUIPlugin
2024-07-25 10:51:27,389 [INFO] PluginManager:220 - loadIPPluginJar : add i2c
2024-07-25 10:51:27,427 [INFO] IPUIPlugin:80 - create IPUIPlugin
2024-07-25 10:51:27,427 [INFO] PluginManager:220 - loadIPPluginJar : add i2s
2024-07-25 10:51:27,465 [INFO] IPUIPlugin:80 - create IPUIPlugin
2024-07-25 10:51:27,465 [INFO] PluginManager:220 - loadIPPluginJar : add i3c
2024-07-25 10:51:27,558 [INFO] IPUIPlugin:80 - create IPUIPlugin
2024-07-25 10:51:27,559 [INFO] PluginManager:220 - loadIPPluginJar : add ipddr
2024-07-25 10:51:27,645 [INFO] IPUIPlugin:80 - create IPUIPlugin
2024-07-25 10:51:27,645 [INFO] PluginManager:220 - loadIPPluginJar : add linkedlist
2024-07-25 10:51:27,683 [INFO] IPUIPlugin:80 - create IPUIPlugin
2024-07-25 10:51:27,683 [INFO] PluginManager:220 - loadIPPluginJar : add lorawan
2024-07-25 10:51:27,717 [INFO] IPUIPlugin:80 - create IPUIPlugin
2024-07-25 10:51:27,717 [INFO] PluginManager:220 - loadIPPluginJar : add ltdc
2024-07-25 10:51:27,730 [INFO] IPUIPlugin:80 - create IPUIPlugin
2024-07-25 10:51:27,730 [INFO] PluginManager:220 - loadIPPluginJar : add mdma
2024-07-25 10:51:27,743 [INFO] IPUIPlugin:80 - create IPUIPlugin
2024-07-25 10:51:27,743 [INFO] PluginManager:220 - loadIPPluginJar : add nvic
2024-07-25 10:51:27,775 [INFO] IPUIPlugin:80 - create IPUIPlugin
2024-07-25 10:51:27,775 [INFO] PluginManager:220 - loadIPPluginJar : add opamp
2024-07-25 10:51:27,835 [INFO] IPUIPlugin:80 - create IPUIPlugin
2024-07-25 10:51:27,835 [INFO] PluginManager:220 - loadIPPluginJar : add openamp
2024-07-25 10:51:27,876 [INFO] IPUIPlugin:80 - create IPUIPlugin
2024-07-25 10:51:27,876 [INFO] PluginManager:220 - loadIPPluginJar : add pdm2pcm
2024-07-25 10:51:27,891 [INFO] IPUIPlugin:80 - create IPUIPlugin
2024-07-25 10:51:27,892 [INFO] PluginManager:220 - loadIPPluginJar : add plateformsettings
2024-07-25 10:51:27,913 [INFO] IPUIPlugin:80 - create IPUIPlugin
2024-07-25 10:51:27,913 [INFO] PluginManager:220 - loadIPPluginJar : add quadspi
2024-07-25 10:51:27,927 [INFO] IPUIPlugin:80 - create IPUIPlugin
2024-07-25 10:51:27,927 [INFO] PluginManager:220 - loadIPPluginJar : add resmgrutility
2024-07-25 10:51:27,972 [INFO] IPUIPlugin:80 - create IPUIPlugin
2024-07-25 10:51:27,972 [INFO] PluginManager:220 - loadIPPluginJar : add sai
2024-07-25 10:51:28,008 [INFO] IPUIPlugin:80 - create IPUIPlugin
2024-07-25 10:51:28,008 [INFO] PluginManager:220 - loadIPPluginJar : add spi
2024-07-25 10:51:28,068 [INFO] IPUIPlugin:80 - create IPUIPlugin
2024-07-25 10:51:28,068 [INFO] PluginManager:220 - loadIPPluginJar : add stm32_wpan
2024-07-25 10:51:28,093 [INFO] IPUIPlugin:80 - create IPUIPlugin
2024-07-25 10:51:28,093 [INFO] PluginManager:220 - loadIPPluginJar : add tim
2024-07-25 10:51:28,148 [INFO] IPUIPlugin:80 - create IPUIPlugin
2024-07-25 10:51:28,148 [INFO] PluginManager:220 - loadIPPluginJar : add touchsensing
2024-07-25 10:51:28,170 [INFO] IPUIPlugin:80 - create IPUIPlugin
2024-07-25 10:51:28,170 [INFO] PluginManager:220 - loadIPPluginJar : add tracer_emb
2024-07-25 10:51:28,190 [INFO] IPUIPlugin:80 - create IPUIPlugin
2024-07-25 10:51:28,191 [INFO] PluginManager:220 - loadIPPluginJar : add ts
2024-07-25 10:51:28,216 [INFO] IPUIPlugin:80 - create IPUIPlugin
2024-07-25 10:51:28,216 [INFO] PluginManager:220 - loadIPPluginJar : add tsc
2024-07-25 10:51:28,236 [INFO] IPUIPlugin:80 - create IPUIPlugin
2024-07-25 10:51:28,236 [INFO] PluginManager:220 - loadIPPluginJar : add ucpd
2024-07-25 10:51:28,279 [INFO] IPUIPlugin:80 - create IPUIPlugin
2024-07-25 10:51:28,279 [INFO] PluginManager:220 - loadIPPluginJar : add usart
2024-07-25 10:51:28,318 [INFO] IPUIPlugin:80 - create IPUIPlugin
2024-07-25 10:51:28,318 [INFO] PluginManager:220 - loadIPPluginJar : add usbx
2024-07-25 10:51:28,438 [INFO] CADModel:165 - CPN selected for project level
2024-07-25 10:51:28,438 [INFO] CADModel:114 - Register for checkConnection events
2024-07-25 10:51:28,438 [FATAL] Updater:308 - Updater called before beeing initialized
2024-07-25 10:51:28,438 [ERROR] CADModel:125 - Updater not yet initialized, retry later 
2024-07-25 10:51:28,560 [INFO] CADModel:165 - CPN selected for project level
2024-07-25 10:51:28,560 [INFO] CADModel:114 - Register for checkConnection events
2024-07-25 10:51:28,561 [FATAL] Updater:308 - Updater called before beeing initialized
2024-07-25 10:51:28,561 [ERROR] CADModel:125 - Updater not yet initialized, retry later 
2024-07-25 10:51:28,563 [FATAL] Updater:308 - Updater called before beeing initialized
2024-07-25 10:51:28,651 [FATAL] Updater:308 - Updater called before beeing initialized
2024-07-25 10:51:28,660 [INFO] DbMcusAds:53 - JSON generation date=Thu May 16 12:22:01 EEST 2024 (1715851321109)
2024-07-25 10:51:28,660 [FATAL] Updater:308 - Updater called before beeing initialized
2024-07-25 10:51:28,736 [WARN] DetailPanel:346 - Failed to get advertising image, set to default
2024-07-25 10:51:28,811 [FATAL] Updater:308 - Updater called before beeing initialized
2024-07-25 10:51:28,812 [FATAL] Updater:308 - Updater called before beeing initialized
2024-07-25 10:51:28,814 [FATAL] Updater:308 - Updater called before beeing initialized
2024-07-25 10:51:28,814 [WARN] DetailPanel:346 - Failed to get advertising image, set to default
2024-07-25 10:51:28,815 [FATAL] Updater:308 - Updater called before beeing initialized
2024-07-25 10:51:28,866 [ERROR] Updater:1120 - MainUpdater not yet initialized. External WinMGr cannot be set.
2024-07-25 10:51:28,878 [INFO] Updater:1056 - Updater Version found : 6.10.0
2024-07-25 10:51:28,899 [INFO] ApplicationProperties:184 - Using Application install path: C:\ST\STM32CubeIDE_1.14.0\STM32CubeIDE\plugins\com.st.stm32cube.common.mx_6.10.0.202311202037
2024-07-25 10:51:29,107 [INFO] ThirdPartyUpdaterWithRetryManager:70 - Updater plugin not ready yet. [2/15]
2024-07-25 10:51:30,481 [ERROR] LogOutputStream:75 - [STDERR_REDIRECT] Jul 25, 2024 10:51:30 AM java.util.prefs.WindowsPreferences <init>
2024-07-25 10:51:30,482 [ERROR] LogOutputStream:75 - [STDERR_REDIRECT] WARNING: Could not open/create prefs root node Software\JavaSoft\Prefs at root 0xffffffff80000002. Windows RegCreateKeyEx(...) returned error code 5.
2024-07-25 10:51:30,483 [ERROR] LogOutputStream:75 - [STDERR_REDIRECT] 
2024-07-25 10:51:30,877 [INFO] MainUpdater:2873 - connection check result : 10
2024-07-25 10:51:30,878 [INFO] MainUpdater:290 - Updater Check For Update Now.
2024-07-25 10:51:30,878 [INFO] MicroXplorer:498 - Change Database Version : DB.6.0.100
2024-07-25 10:51:30,894 [INFO] McuFinderGlobals:63 - Set McuFinder mode to 2 (CubeIDE integrated)
2024-07-25 10:51:31,068 [INFO] CheckServerUpdateThread:120 - End of CheckServer Thread
2024-07-25 10:51:31,281 [INFO] UserAuth:404 - Internet connection configuration mode: 1
2024-07-25 10:51:31,306 [INFO] JxBrowserEngine:152 - Initiate JxBrowser Engine with user profile folder
2024-07-25 10:51:32,318 [WARN] PackLoader:240 - Cannot read IP mode file for STMicroelectronics.FP-SNS-MOTENVWB1.1.4.0
2024-07-25 10:51:32,335 [WARN] PackLoader:240 - Cannot read IP mode file for STMicroelectronics.X-CUBE-SMBUS.2.1.0
2024-07-25 10:51:32,348 [WARN] PackLoader:240 - Cannot read IP mode file for STMicroelectronics.X-CUBE-TOUCHGFX.4.23.0
2024-07-25 10:51:32,381 [WARN] PackLoader:240 - Cannot read IP mode file for STMicroelectronics.X-CUBE-AZRTOS-F7.1.1.0
2024-07-25 10:51:32,397 [WARN] PackLoader:240 - Cannot read IP mode file for STMicroelectronics.FP-SNS-MOTENV1.4.3.2
2024-07-25 10:51:32,412 [WARN] PackLoader:240 - Cannot read IP mode file for STMicroelectronics.FP-SNS-FLIGHT1.5.0.2
2024-07-25 10:51:32,427 [WARN] PackLoader:240 - Cannot read IP mode file for STMicroelectronics.X-CUBE-DISPLAY.3.0.0
2024-07-25 10:51:32,445 [WARN] PackLoader:240 - Cannot read IP mode file for STMicroelectronics.X-CUBE-BLE1.7.0.0
2024-07-25 10:51:32,459 [WARN] PackLoader:240 - Cannot read IP mode file for emotas.I-CUBE-CANOPEN.1.3.0
2024-07-25 10:51:32,469 [WARN] PackLoader:240 - Cannot read IP mode file for STMicroelectronics.X-CUBE-TOUCHGFX.4.22.1
2024-07-25 10:51:32,484 [WARN] PackLoader:240 - Cannot read IP mode file for STMicroelectronics.X-CUBE-BLEMGR.3.1.0
2024-07-25 10:51:32,498 [WARN] PackLoader:240 - Cannot read IP mode file for STMicroelectronics.FP-SNS-SMARTAG2.1.2.0
2024-07-25 10:51:32,515 [INFO] LogOutputStream:77 - [STDOUT_REDIRECT] 1 : Invalid condition id : UX_CORESTACK_Condition cause : null
2024-07-25 10:51:32,516 [INFO] LogOutputStream:77 - [STDOUT_REDIRECT] 1 : Invalid condition id : UX_CORESTACK_Condition cause : null
2024-07-25 10:51:32,516 [INFO] LogOutputStream:77 - [STDOUT_REDIRECT] 1 : Invalid condition id : UX_CORESTACK_Condition cause : null
2024-07-25 10:51:32,517 [INFO] LogOutputStream:77 - [STDOUT_REDIRECT] 1 : Invalid condition id : UX_CORESTACK_Condition cause : null
2024-07-25 10:51:32,518 [INFO] LogOutputStream:77 - [STDOUT_REDIRECT] 1 : Invalid condition id : UX_CORESTACK_Condition cause : null
2024-07-25 10:51:32,519 [WARN] PackLoader:240 - Cannot read IP mode file for STMicroelectronics.X-CUBE-AZRTOS-WL.2.0.0
2024-07-25 10:51:32,531 [WARN] PackLoader:240 - Cannot read IP mode file for STMicroelectronics.FP-SNS-MOTENV1.5.0.0
2024-07-25 10:51:32,541 [WARN] PackLoader:240 - Cannot read IP mode file for wolfSSL.I-CUBE-wolfMQTT.1.19.0
2024-07-25 10:51:32,552 [WARN] PackLoader:240 - Cannot read IP mode file for WES.I-CUBE-Cesium.1.3.0
2024-07-25 10:51:32,563 [WARN] PackLoader:240 - Cannot read IP mode file for STMicroelectronics.X-CUBE-BLE2.3.3.0
2024-07-25 10:51:32,575 [WARN] PackLoader:240 - Cannot read IP mode file for STMicroelectronics.X-CUBE-TCPP.4.1.0
2024-07-25 10:51:32,588 [WARN] PackLoader:240 - Cannot read IP mode file for STMicroelectronics.X-CUBE-ALGOBUILD.1.3.0
2024-07-25 10:51:32,610 [WARN] PackLoader:240 - Cannot read IP mode file for STMicroelectronics.X-CUBE-AZRTOS-G0.1.1.0
2024-07-25 10:51:32,626 [WARN] PackLoader:240 - Cannot read IP mode file for STMicroelectronics.X-CUBE-SAFEA1.1.2.2
2024-07-25 10:51:32,638 [WARN] PackLoader:240 - Cannot read IP mode file for STMicroelectronics.X-CUBE-NFC4.3.0.0
2024-07-25 10:51:32,654 [WARN] PackLoader:240 - Cannot read IP mode file for EmbeddedOffice.I-CUBE-FS-RTOS.1.0.1
2024-07-25 10:51:32,654 [ERROR] ConditionMgr:805 - Attr not supported : Dmpu
2024-07-25 10:51:32,654 [ERROR] ConditionMgr:805 - Attr not supported : Dmpu
2024-07-25 10:51:32,654 [ERROR] ConditionMgr:805 - Attr not supported : Dmpu
2024-07-25 10:51:32,654 [ERROR] ConditionMgr:805 - Attr not supported : Dmpu
2024-07-25 10:51:32,654 [ERROR] ConditionMgr:805 - Attr not supported : Dmpu
2024-07-25 10:51:32,654 [ERROR] ConditionMgr:805 - Attr not supported : Dmpu
2024-07-25 10:51:32,654 [ERROR] ConditionMgr:805 - Attr not supported : Dmpu
2024-07-25 10:51:32,654 [ERROR] ConditionMgr:805 - Attr not supported : Dmpu
2024-07-25 10:51:32,655 [ERROR] ConditionMgr:805 - Attr not supported : Dmpu
2024-07-25 10:51:32,655 [ERROR] ConditionMgr:805 - Attr not supported : Dmpu
2024-07-25 10:51:32,655 [ERROR] ConditionMgr:805 - Attr not supported : Dmpu
2024-07-25 10:51:32,655 [ERROR] ConditionMgr:805 - Attr not supported : Dmpu
2024-07-25 10:51:32,655 [ERROR] ConditionMgr:805 - Attr not supported : Dmpu
2024-07-25 10:51:32,655 [ERROR] ConditionMgr:805 - Attr not supported : Dmpu
2024-07-25 10:51:32,655 [ERROR] ConditionMgr:805 - Attr not supported : Dmpu
2024-07-25 10:51:32,655 [ERROR] ConditionMgr:805 - Attr not supported : Dmpu
2024-07-25 10:51:32,655 [ERROR] ConditionMgr:805 - Attr not supported : Dmpu
2024-07-25 10:51:32,655 [ERROR] ConditionMgr:805 - Attr not supported : Dmpu
2024-07-25 10:51:32,655 [ERROR] ConditionMgr:805 - Attr not supported : Dmpu
2024-07-25 10:51:32,655 [ERROR] ConditionMgr:805 - Attr not supported : Dmpu
2024-07-25 10:51:32,655 [ERROR] ConditionMgr:805 - Attr not supported : Dmpu
2024-07-25 10:51:32,655 [ERROR] ConditionMgr:805 - Attr not supported : Dmpu
2024-07-25 10:51:32,655 [ERROR] ConditionMgr:805 - Attr not supported : Dmpu
2024-07-25 10:51:32,655 [ERROR] ConditionMgr:805 - Attr not supported : Dmpu
2024-07-25 10:51:32,655 [ERROR] ConditionMgr:805 - Attr not supported : Dmpu
2024-07-25 10:51:32,655 [ERROR] ConditionMgr:805 - Attr not supported : Dmpu
2024-07-25 10:51:32,655 [ERROR] ConditionMgr:805 - Attr not supported : Dmpu
2024-07-25 10:51:32,655 [ERROR] ConditionMgr:805 - Attr not supported : Dmpu
2024-07-25 10:51:32,656 [ERROR] ConditionMgr:805 - Attr not supported : Dmpu
2024-07-25 10:51:32,656 [ERROR] ConditionMgr:805 - Attr not supported : Dmpu
2024-07-25 10:51:32,656 [ERROR] ConditionMgr:805 - Attr not supported : Dmpu
2024-07-25 10:51:32,656 [ERROR] ConditionMgr:805 - Attr not supported : Dmpu
2024-07-25 10:51:32,656 [ERROR] ConditionMgr:805 - Attr not supported : Dmpu
2024-07-25 10:51:32,656 [ERROR] ConditionMgr:805 - Attr not supported : Dmpu
2024-07-25 10:51:32,656 [ERROR] ConditionMgr:805 - Attr not supported : Dmpu
2024-07-25 10:51:32,656 [ERROR] ConditionMgr:805 - Attr not supported : Dmpu
2024-07-25 10:51:32,656 [ERROR] ConditionMgr:805 - Attr not supported : Dmpu
2024-07-25 10:51:32,656 [ERROR] ConditionMgr:805 - Attr not supported : Dmpu
2024-07-25 10:51:32,656 [ERROR] ConditionMgr:805 - Attr not supported : Dmpu
2024-07-25 10:51:32,656 [ERROR] ConditionMgr:805 - Attr not supported : Dmpu
2024-07-25 10:51:32,656 [ERROR] ConditionMgr:805 - Attr not supported : Dmpu
2024-07-25 10:51:32,656 [ERROR] ConditionMgr:805 - Attr not supported : Dmpu
2024-07-25 10:51:32,656 [ERROR] ConditionMgr:805 - Attr not supported : Dmpu
2024-07-25 10:51:32,656 [ERROR] ConditionMgr:805 - Attr not supported : Dmpu
2024-07-25 10:51:32,656 [ERROR] ConditionMgr:805 - Attr not supported : Dmpu
2024-07-25 10:51:32,656 [ERROR] ConditionMgr:805 - Attr not supported : Dmpu
2024-07-25 10:51:32,656 [ERROR] ConditionMgr:805 - Attr not supported : Dmpu
2024-07-25 10:51:32,657 [ERROR] ConditionMgr:805 - Attr not supported : Dmpu
2024-07-25 10:51:32,657 [ERROR] ConditionMgr:805 - Attr not supported : Dmpu
2024-07-25 10:51:32,657 [ERROR] ConditionMgr:805 - Attr not supported : Dmpu
2024-07-25 10:51:32,657 [ERROR] ConditionMgr:805 - Attr not supported : Dmpu
2024-07-25 10:51:32,657 [ERROR] ConditionMgr:805 - Attr not supported : Dmpu
2024-07-25 10:51:32,657 [ERROR] ConditionMgr:805 - Attr not supported : Dmpu
2024-07-25 10:51:32,657 [ERROR] ConditionMgr:805 - Attr not supported : Dmpu
2024-07-25 10:51:32,657 [ERROR] ConditionMgr:805 - Attr not supported : Dmpu
2024-07-25 10:51:32,657 [ERROR] ConditionMgr:805 - Attr not supported : Dmpu
2024-07-25 10:51:32,657 [ERROR] ConditionMgr:805 - Attr not supported : Dmpu
2024-07-25 10:51:32,657 [ERROR] ConditionMgr:805 - Attr not supported : Dmpu
2024-07-25 10:51:32,657 [ERROR] ConditionMgr:805 - Attr not supported : Dmpu
2024-07-25 10:51:32,657 [ERROR] ConditionMgr:805 - Attr not supported : Dmpu
2024-07-25 10:51:32,657 [ERROR] ConditionMgr:805 - Attr not supported : Dmpu
2024-07-25 10:51:32,657 [ERROR] ConditionMgr:805 - Attr not supported : Dmpu
2024-07-25 10:51:32,657 [ERROR] ConditionMgr:805 - Attr not supported : Dmpu
2024-07-25 10:51:32,657 [ERROR] ConditionMgr:805 - Attr not supported : Dmpu
2024-07-25 10:51:32,675 [WARN] PackLoader:240 - Cannot read IP mode file for STMicroelectronics.X-CUBE-BLEMGR.3.0.0
2024-07-25 10:51:32,689 [WARN] PackLoader:240 - Cannot read IP mode file for RealThread.X-CUBE-RT-Thread_Nano.4.1.1
2024-07-25 10:51:32,699 [WARN] PackLoader:240 - Cannot read IP mode file for STMicroelectronics.FP-ATR-SIGFOX1.3.2.0
2024-07-25 10:51:32,714 [WARN] PackLoader:240 - Cannot read IP mode file for STMicroelectronics.X-CUBE-EEPRMA1.5.1.0
2024-07-25 10:51:32,748 [WARN] PackLoader:240 - Cannot read IP mode file for SEGGER.I-CUBE-embOS.1.3.1
2024-07-25 10:51:32,782 [WARN] PackLoader:240 - Cannot read IP mode file for STMicroelectronics.X-CUBE-ALGOBUILD.1.4.0
2024-07-25 10:51:32,796 [WARN] PackLoader:240 - Cannot read IP mode file for STMicroelectronics.X-CUBE-GNSS1.6.0.0
2024-07-25 10:51:32,821 [WARN] PackLoader:240 - Cannot read IP mode file for STMicroelectronics.X-CUBE-AZRTOS-F4.1.1.0
2024-07-25 10:51:32,837 [WARN] PackLoader:240 - Cannot read IP mode file for wolfSSL.I-CUBE-wolfSSL.5.6.4
2024-07-25 10:51:32,850 [WARN] PackLoader:240 - Cannot read IP mode file for STMicroelectronics.X-CUBE-FREERTOS.1.2.0
2024-07-25 10:51:32,873 [WARN] PackLoader:240 - Cannot read IP mode file for STMicroelectronics.X-CUBE-AZRTOS-L5.2.0.0
2024-07-25 10:51:32,887 [WARN] PackLoader:240 - Cannot read IP mode file for STMicroelectronics.X-CUBE-EEPRMA1.4.2.0
2024-07-25 10:51:32,901 [WARN] PackLoader:240 - Cannot read IP mode file for STMicroelectronics.X-CUBE-NFC6.3.1.0
2024-07-25 10:51:32,917 [WARN] PackLoader:240 - Cannot read IP mode file for ITTIA_DB.I-CUBE-ITTIADB.8.8.0
2024-07-25 10:51:32,930 [WARN] PackLoader:240 - Cannot read IP mode file for STMicroelectronics.X-CUBE-DPower.1.2.0
2024-07-25 10:51:32,944 [WARN] PackLoader:240 - Cannot read IP mode file for STMicroelectronics.X-CUBE-AI.9.0.0
2024-07-25 10:51:32,972 [WARN] ConditionMgr:438 - getConditionDescription Invalid condition id : UX DEVICE CLASS RTOS Condition cause : null
2024-07-25 10:51:32,972 [WARN] ConditionMgr:438 - getConditionDescription Invalid condition id : UX DEVICE CLASS RTOS Condition cause : null
2024-07-25 10:51:32,974 [WARN] PackLoader:240 - Cannot read IP mode file for STMicroelectronics.X-CUBE-AZRTOS-H7.3.1.0
2024-07-25 10:51:32,975 [WARN] ConditionMgr:1039 - genDependencies : Invalid condition id : UX DEVICE CLASS RTOS Condition cause : null
2024-07-25 10:51:32,975 [WARN] ConditionMgr:1039 - genDependencies : Invalid condition id : UX DEVICE CLASS RTOS Condition cause : null
2024-07-25 10:51:32,976 [WARN] ConditionMgr:1039 - genDependencies : Invalid condition id : UX DEVICE CLASS RTOS Condition cause : null
2024-07-25 10:51:32,976 [WARN] ConditionMgr:1039 - genDependencies : Invalid condition id : UX DEVICE CLASS RTOS Condition cause : null
2024-07-25 10:51:32,976 [WARN] ConditionMgr:1039 - genDependencies : Invalid condition id : UX DEVICE CLASS RTOS Condition cause : null
2024-07-25 10:51:32,992 [WARN] PackLoader:240 - Cannot read IP mode file for STMicroelectronics.X-CUBE-NFC7.1.0.1
2024-07-25 10:51:33,010 [WARN] PackLoader:240 - Cannot read IP mode file for wolfSSL.I-CUBE-wolfTPM.3.2.0
2024-07-25 10:51:33,024 [WARN] PackLoader:240 - Cannot read IP mode file for STMicroelectronics.X-CUBE-NFC6.3.0.0
2024-07-25 10:51:33,038 [WARN] PackLoader:240 - Cannot read IP mode file for STMicroelectronics.X-CUBE-AI.8.1.0
2024-07-25 10:51:33,061 [WARN] ConditionMgr:438 - getConditionDescription Invalid condition id : LAN8742 Phy interface Condition cause : null
2024-07-25 10:51:33,062 [WARN] PackLoader:240 - Cannot read IP mode file for STMicroelectronics.X-CUBE-AZRTOS-L4.2.0.0
2024-07-25 10:51:33,063 [WARN] ConditionMgr:1039 - genDependencies : Invalid condition id : LAN8742 Phy interface Condition cause : null
2024-07-25 10:51:33,063 [WARN] ConditionMgr:1039 - genDependencies : Invalid condition id : LAN8742 Phy interface Condition cause : null
2024-07-25 10:51:33,063 [WARN] ConditionMgr:1039 - genDependencies : Invalid condition id : LAN8742 Phy interface Condition cause : null
2024-07-25 10:51:33,079 [WARN] PackLoader:240 - Cannot read IP mode file for STMicroelectronics.X-CUBE-SFXS2LP1.4.0.0
2024-07-25 10:51:33,092 [WARN] PackLoader:240 - Cannot read IP mode file for STMicroelectronics.X-CUBE-ISPU.1.1.0
2024-07-25 10:51:33,117 [WARN] ConditionMgr:438 - getConditionDescription Invalid condition id : UX DEVICE CLASS RTOS Condition cause : null
2024-07-25 10:51:33,118 [WARN] ConditionMgr:438 - getConditionDescription Invalid condition id : UX DEVICE CLASS RTOS Condition cause : null
2024-07-25 10:51:33,119 [WARN] PackLoader:240 - Cannot read IP mode file for STMicroelectronics.X-CUBE-AZRTOS-WB.2.0.0
2024-07-25 10:51:33,119 [WARN] ConditionMgr:1039 - genDependencies : Invalid condition id : UX DEVICE CLASS RTOS Condition cause : null
2024-07-25 10:51:33,120 [WARN] ConditionMgr:1039 - genDependencies : Invalid condition id : UX DEVICE CLASS RTOS Condition cause : null
2024-07-25 10:51:33,120 [WARN] ConditionMgr:1039 - genDependencies : Invalid condition id : UX DEVICE CLASS RTOS Condition cause : null
2024-07-25 10:51:33,120 [WARN] ConditionMgr:1039 - genDependencies : Invalid condition id : UX DEVICE CLASS RTOS Condition cause : null
2024-07-25 10:51:33,120 [WARN] ConditionMgr:1039 - genDependencies : Invalid condition id : UX DEVICE CLASS RTOS Condition cause : null
2024-07-25 10:51:33,138 [WARN] PackLoader:240 - Cannot read IP mode file for STMicroelectronics.FP-SNS-STBOX1.2.0.0
2024-07-25 10:51:33,160 [WARN] PackLoader:240 - Cannot read IP mode file for STMicroelectronics.X-CUBE-SUBG2.5.0.0
2024-07-25 10:51:33,190 [WARN] PackLoader:240 - Cannot read IP mode file for Cesanta.I-CUBE-Mongoose.7.13.0
2024-07-25 10:51:33,213 [WARN] PackLoader:240 - Cannot read IP mode file for STMicroelectronics.X-CUBE-AZRTOS-G4.2.0.0
2024-07-25 10:51:33,234 [WARN] PackLoader:240 - Cannot read IP mode file for Infineon.AIROC-Wi-Fi-Bluetooth-STM32.1.5.1
2024-07-25 10:51:33,248 [WARN] PackLoader:240 - Cannot read IP mode file for STMicroelectronics.FP-SNS-MOTENVWB1.1.3.0
2024-07-25 10:51:33,260 [WARN] PackLoader:240 - Cannot read IP mode file for STMicroelectronics.FP-SNS-MOTENVWB1.1.3.1
2024-07-25 10:51:33,271 [WARN] PackLoader:240 - Cannot read IP mode file for STMicroelectronics.X-CUBE-ISPU.2.0.0
2024-07-25 10:51:33,285 [WARN] PackLoader:240 - Cannot read IP mode file for STMicroelectronics.X-CUBE-ALS.1.0.2
2024-07-25 10:51:33,323 [WARN] PackLoader:240 - Cannot read IP mode file for STMicroelectronics.X-CUBE-MEMS1.10.0.0
2024-07-25 10:51:33,403 [WARN] PackLoader:240 - Cannot read IP mode file for STMicroelectronics.X-CUBE-FREERTOS.1.1.0
2024-07-25 10:51:33,419 [WARN] PackLoader:240 - Cannot read IP mode file for STMicroelectronics.X-CUBE-TOUCHGFX.4.24.0
2024-07-25 10:51:33,435 [WARN] PackLoader:240 - Cannot read IP mode file for portGmbH.I-Cube-SoM-uGOAL.1.1.0
2024-07-25 10:51:33,447 [WARN] PackLoader:240 - Cannot read IP mode file for STMicroelectronics.X-CUBE-ALS.1.0.1
2024-07-25 10:51:33,474 [WARN] PackLoader:240 - Cannot read IP mode file for STMicroelectronics.X-CUBE-AZRTOS-H7RS.1.0.0
2024-07-25 10:51:33,489 [WARN] PackLoader:240 - Cannot read IP mode file for STMicroelectronics.FP-ATR-ASTRA1.2.0.0
2024-07-25 10:51:33,509 [WARN] PackLoader:240 - Cannot read IP mode file for STMicroelectronics.X-CUBE-TOF1.3.4.2
2024-07-25 10:51:33,535 [WARN] PackLoader:240 - Cannot read IP mode file for STMicroelectronics.X-CUBE-TOF1.3.4.0
2024-07-25 10:51:33,559 [WARN] PackLoader:240 - Cannot read IP mode file for STMicroelectronics.X-CUBE-TOF1.3.4.1
2024-07-25 10:51:33,597 [WARN] PackLoader:240 - Cannot read IP mode file for STMicroelectronics.X-CUBE-AZRTOS-H7.3.2.0
2024-07-25 10:51:33,615 [WARN] PackLoader:240 - Cannot read IP mode file for wolfSSL.I-CUBE-wolfSSH.1.4.17
2024-07-25 10:51:33,616 [INFO] ThirdParty:978 - Integrity check success = true
2024-07-25 10:51:33,616 [INFO] IntegrityCheckThread:100 - exiting critical section [integrity check]
2024-07-25 10:51:33,616 [INFO] IntegrityCheckThread:103 - End integrity checks thread
2024-07-25 10:51:35,044 [INFO] WebApp:161 - Instantiating new browser for Auth
2024-07-25 10:51:35,552 [INFO] WebApp:780 - Register for checkConnection events
2024-07-25 10:51:35,552 [INFO] WebApp:414 - Apply proxy settings
2024-07-25 10:51:35,552 [INFO] WebApp:499 - Chromium requires no authentication
2024-07-25 10:51:35,559 [INFO] WebApp:442 - Direct internet connection detected
2024-07-25 10:51:35,724 [INFO] WebApp:192 - Starting web application
2024-07-25 10:51:35,724 [INFO] WebApp:544 - Web application path used C:\ST\STM32CubeIDE_1.14.0\STM32CubeIDE\plugins\com.st.stm32cube.common.mx_6.10.0.202311202037\db\plugins\mcufinder\reactClient1\index.html
2024-07-25 10:51:56,427 [ERROR] LogOutputStream:75 - [STDERR_REDIRECT] SLF4J: Failed to load class "org.slf4j.impl.StaticLoggerBinder".
2024-07-25 10:51:56,428 [ERROR] LogOutputStream:75 - [STDERR_REDIRECT] SLF4J: Defaulting to no-operation (NOP) logger implementation
2024-07-25 10:51:56,428 [ERROR] LogOutputStream:75 - [STDERR_REDIRECT] SLF4J: See http://www.slf4j.org/codes.html#StaticLoggerBinder for further details.
2024-07-25 13:27:38,600 [INFO] WebApp:354 - JxBrowser engine has been closed 
